<?xml version="1.0" encoding="UTF-8" ?>
<testsuite tests="7" failures="0" name="com.niit.testcases.SupplierDAOTestCase" time="11.468" errors="1" skipped="6">
  <properties>
    <property name="java.runtime.name" value="Java(TM) SE Runtime Environment"/>
    <property name="sun.boot.library.path" value="C:\Program Files\Java\jdk1.8.0_171\jre\bin"/>
    <property name="java.vm.version" value="25.171-b11"/>
    <property name="java.vm.vendor" value="Oracle Corporation"/>
    <property name="maven.multiModuleProjectDirectory" value="D:\project1\onlineshoppingbackend"/>
    <property name="java.vendor.url" value="http://java.oracle.com/"/>
    <property name="path.separator" value=";"/>
    <property name="guice.disable.misplaced.annotation.check" value="true"/>
    <property name="java.vm.name" value="Java HotSpot(TM) 64-Bit Server VM"/>
    <property name="file.encoding.pkg" value="sun.io"/>
    <property name="user.script" value=""/>
    <property name="user.country" value="IN"/>
    <property name="sun.java.launcher" value="SUN_STANDARD"/>
    <property name="sun.os.patch.level" value="Service Pack 1"/>
    <property name="java.vm.specification.name" value="Java Virtual Machine Specification"/>
    <property name="user.dir" value="D:\project1\onlineshoppingbackend"/>
    <property name="java.runtime.version" value="1.8.0_171-b11"/>
    <property name="java.awt.graphicsenv" value="sun.awt.Win32GraphicsEnvironment"/>
    <property name="java.endorsed.dirs" value="C:\Program Files\Java\jdk1.8.0_171\jre\lib\endorsed"/>
    <property name="os.arch" value="amd64"/>
    <property name="java.io.tmpdir" value="C:\Users\Admin\AppData\Local\Temp\"/>
    <property name="line.separator" value="
"/>
    <property name="java.vm.specification.vendor" value="Oracle Corporation"/>
    <property name="user.variant" value=""/>
    <property name="os.name" value="Windows 7"/>
    <property name="classworlds.conf" value="D:\project1\.metadata\.plugins\org.eclipse.m2e.launching\launches\m2conf5349099126652053254.tmp"/>
    <property name="sun.jnu.encoding" value="Cp1252"/>
    <property name="java.library.path" value="C:\Program Files\Java\jdk1.8.0_171\bin;C:\Windows\Sun\Java\bin;C:\Windows\system32;C:\Windows;C:/Program Files/Java/jre1.8.0_171/bin/server;C:/Program Files/Java/jre1.8.0_171/bin;C:/Program Files/Java/jre1.8.0_171/lib/amd64;C:\Program Files (x86)\Common Files\Oracle\Java\javapath;C:\Program Files\Java\jdk1.8.0_171\bin;D:\apache-maven-3.5.4\bin;D:\apache-maven-3.5.4\bin;;C:\Users\Admin\Desktop;;."/>
    <property name="java.specification.name" value="Java Platform API Specification"/>
    <property name="java.class.version" value="52.0"/>
    <property name="sun.management.compiler" value="HotSpot 64-Bit Tiered Compilers"/>
    <property name="os.version" value="6.1"/>
    <property name="user.home" value="C:\Users\Admin"/>
    <property name="user.timezone" value="Asia/Calcutta"/>
    <property name="java.awt.printerjob" value="sun.awt.windows.WPrinterJob"/>
    <property name="java.specification.version" value="1.8"/>
    <property name="file.encoding" value="Cp1252"/>
    <property name="user.name" value="Admin"/>
    <property name="java.class.path" value="C:\Users\Admin\.p2\pool\plugins\org.eclipse.m2e.maven.runtime_1.9.0.20180606-2035\jars\plexus-classworlds-2.5.2.jar"/>
    <property name="java.vm.specification.version" value="1.8"/>
    <property name="sun.arch.data.model" value="64"/>
    <property name="java.home" value="C:\Program Files\Java\jdk1.8.0_171\jre"/>
    <property name="sun.java.command" value="org.codehaus.plexus.classworlds.launcher.Launcher -B install"/>
    <property name="java.specification.vendor" value="Oracle Corporation"/>
    <property name="user.language" value="en"/>
    <property name="awt.toolkit" value="sun.awt.windows.WToolkit"/>
    <property name="java.vm.info" value="mixed mode"/>
    <property name="java.version" value="1.8.0_171"/>
    <property name="java.ext.dirs" value="C:\Program Files\Java\jdk1.8.0_171\jre\lib\ext;C:\Windows\Sun\Java\lib\ext"/>
    <property name="sun.boot.class.path" value="C:\Program Files\Java\jdk1.8.0_171\jre\lib\resources.jar;C:\Program Files\Java\jdk1.8.0_171\jre\lib\rt.jar;C:\Program Files\Java\jdk1.8.0_171\jre\lib\sunrsasign.jar;C:\Program Files\Java\jdk1.8.0_171\jre\lib\jsse.jar;C:\Program Files\Java\jdk1.8.0_171\jre\lib\jce.jar;C:\Program Files\Java\jdk1.8.0_171\jre\lib\charsets.jar;C:\Program Files\Java\jdk1.8.0_171\jre\lib\jfr.jar;C:\Program Files\Java\jdk1.8.0_171\jre\classes"/>
    <property name="java.vendor" value="Oracle Corporation"/>
    <property name="maven.home" value="D:\project1\onlineshoppingbackend\EMBEDDED"/>
    <property name="file.separator" value="\"/>
    <property name="java.vendor.url.bug" value="http://bugreport.sun.com/bugreport/"/>
    <property name="sun.cpu.endian" value="little"/>
    <property name="sun.io.unicode.encoding" value="UnicodeLittle"/>
    <property name="sun.desktop" value="windows"/>
    <property name="sun.cpu.isalist" value="amd64"/>
  </properties>
  <testcase classname="com.niit.testcases.SupplierDAOTestCase" name="getSupplierSuccessTestCase" time="2.22">
    <skipped/>
    <system-out>15:27:38.304 [main] DEBUG org.springframework.core.env.StandardEnvironment - Adding PropertySource &apos;systemProperties&apos; with lowest search precedence
15:27:38.309 [main] DEBUG org.springframework.core.env.StandardEnvironment - Adding PropertySource &apos;systemEnvironment&apos; with lowest search precedence
15:27:38.315 [main] DEBUG org.springframework.core.env.StandardEnvironment - Initialized StandardEnvironment with PropertySources [MapPropertySource@1875308878 {name=&apos;systemProperties&apos;, properties={java.runtime.name=Java(TM) SE Runtime Environment, sun.boot.library.path=C:\Program Files\Java\jdk1.8.0_171\jre\bin, java.vm.version=25.171-b11, java.vm.vendor=Oracle Corporation, java.vendor.url=http://java.oracle.com/, path.separator=;, java.vm.name=Java HotSpot(TM) 64-Bit Server VM, file.encoding.pkg=sun.io, user.country=IN, user.script=, sun.java.launcher=SUN_STANDARD, sun.os.patch.level=Service Pack 1, java.vm.specification.name=Java Virtual Machine Specification, user.dir=D:\project1\onlineshoppingbackend, java.runtime.version=1.8.0_171-b11, basedir=D:\project1\onlineshoppingbackend, java.awt.graphicsenv=sun.awt.Win32GraphicsEnvironment, java.endorsed.dirs=C:\Program Files\Java\jdk1.8.0_171\jre\lib\endorsed, os.arch=amd64, surefire.real.class.path=D:\project1\onlineshoppingbackend\target\surefire\surefirebooter5598452703563112580.jar, java.io.tmpdir=C:\Users\Admin\AppData\Local\Temp\, line.separator=
, java.vm.specification.vendor=Oracle Corporation, user.variant=, os.name=Windows 7, sun.jnu.encoding=Cp1252, java.library.path=C:\Program Files\Java\jdk1.8.0_171\jre\bin;C:\Windows\Sun\Java\bin;C:\Windows\system32;C:\Windows;C:/Program Files/Java/jre1.8.0_171/bin/server;C:/Program Files/Java/jre1.8.0_171/bin;C:/Program Files/Java/jre1.8.0_171/lib/amd64;C:\Program Files (x86)\Common Files\Oracle\Java\javapath;C:\Program Files\Java\jdk1.8.0_171\bin;D:\apache-maven-3.5.4\bin;D:\apache-maven-3.5.4\bin;;C:\Users\Admin\Desktop;;., surefire.test.class.path=D:\project1\onlineshoppingbackend\target\test-classes;D:\project1\onlineshoppingbackend\target\classes;C:\Users\Admin\.m2\repository\org\springframework\spring-core\5.0.4.RELEASE\spring-core-5.0.4.RELEASE.jar;C:\Users\Admin\.m2\repository\org\springframework\spring-jcl\5.0.4.RELEASE\spring-jcl-5.0.4.RELEASE.jar;C:\Users\Admin\.m2\repository\org\springframework\spring-context\5.0.4.RELEASE\spring-context-5.0.4.RELEASE.jar;C:\Users\Admin\.m2\repository\org\springframework\spring-aop\5.0.4.RELEASE\spring-aop-5.0.4.RELEASE.jar;C:\Users\Admin\.m2\repository\org\springframework\spring-beans\5.0.4.RELEASE\spring-beans-5.0.4.RELEASE.jar;C:\Users\Admin\.m2\repository\org\springframework\spring-expression\5.0.4.RELEASE\spring-expression-5.0.4.RELEASE.jar;C:\Users\Admin\.m2\repository\org\hibernate\hibernate-core\5.2.12.Final\hibernate-core-5.2.12.Final.jar;C:\Users\Admin\.m2\repository\org\jboss\logging\jboss-logging\3.3.0.Final\jboss-logging-3.3.0.Final.jar;C:\Users\Admin\.m2\repository\org\hibernate\javax\persistence\hibernate-jpa-2.1-api\1.0.0.Final\hibernate-jpa-2.1-api-1.0.0.Final.jar;C:\Users\Admin\.m2\repository\org\javassist\javassist\3.20.0-GA\javassist-3.20.0-GA.jar;C:\Users\Admin\.m2\repository\antlr\antlr\2.7.7\antlr-2.7.7.jar;C:\Users\Admin\.m2\repository\org\jboss\spec\javax\transaction\jboss-transaction-api_1.2_spec\1.0.1.Final\jboss-transaction-api_1.2_spec-1.0.1.Final.jar;C:\Users\Admin\.m2\repository\org\jboss\jandex\2.0.3.Final\jandex-2.0.3.Final.jar;C:\Users\Admin\.m2\repository\com\fasterxml\classmate\1.3.0\classmate-1.3.0.jar;C:\Users\Admin\.m2\repository\dom4j\dom4j\1.6.1\dom4j-1.6.1.jar;C:\Users\Admin\.m2\repository\org\hibernate\common\hibernate-commons-annotations\5.0.1.Final\hibernate-commons-annotations-5.0.1.Final.jar;C:\Users\Admin\.m2\repository\org\springframework\spring-orm\5.0.4.RELEASE\spring-orm-5.0.4.RELEASE.jar;C:\Users\Admin\.m2\repository\org\springframework\spring-jdbc\5.0.4.RELEASE\spring-jdbc-5.0.4.RELEASE.jar;C:\Users\Admin\.m2\repository\org\springframework\spring-tx\5.0.4.RELEASE\spring-tx-5.0.4.RELEASE.jar;C:\Users\Admin\.m2\repository\junit\junit\4.12\junit-4.12.jar;C:\Users\Admin\.m2\repository\org\hamcrest\hamcrest-core\1.3\hamcrest-core-1.3.jar;C:\Users\Admin\.m2\repository\com\h2database\h2\1.4.197\h2-1.4.197.jar;C:\Users\Admin\.m2\repository\org\slf4j\slf4j-api\1.7.25\slf4j-api-1.7.25.jar;C:\Users\Admin\.m2\repository\ch\qos\logback\logback-classic\1.2.3\logback-classic-1.2.3.jar;C:\Users\Admin\.m2\repository\ch\qos\logback\logback-core\1.2.3\logback-core-1.2.3.jar;, java.specification.name=Java Platform API Specification, java.class.version=52.0, sun.management.compiler=HotSpot 64-Bit Tiered Compilers, os.version=6.1, user.home=C:\Users\Admin, user.timezone=Asia/Calcutta, java.awt.printerjob=sun.awt.windows.WPrinterJob, file.encoding=Cp1252, java.specification.version=1.8, java.class.path=D:\project1\onlineshoppingbackend\target\test-classes;D:\project1\onlineshoppingbackend\target\classes;C:\Users\Admin\.m2\repository\org\springframework\spring-core\5.0.4.RELEASE\spring-core-5.0.4.RELEASE.jar;C:\Users\Admin\.m2\repository\org\springframework\spring-jcl\5.0.4.RELEASE\spring-jcl-5.0.4.RELEASE.jar;C:\Users\Admin\.m2\repository\org\springframework\spring-context\5.0.4.RELEASE\spring-context-5.0.4.RELEASE.jar;C:\Users\Admin\.m2\repository\org\springframework\spring-aop\5.0.4.RELEASE\spring-aop-5.0.4.RELEASE.jar;C:\Users\Admin\.m2\repository\org\springframework\spring-beans\5.0.4.RELEASE\spring-beans-5.0.4.RELEASE.jar;C:\Users\Admin\.m2\repository\org\springframework\spring-expression\5.0.4.RELEASE\spring-expression-5.0.4.RELEASE.jar;C:\Users\Admin\.m2\repository\org\hibernate\hibernate-core\5.2.12.Final\hibernate-core-5.2.12.Final.jar;C:\Users\Admin\.m2\repository\org\jboss\logging\jboss-logging\3.3.0.Final\jboss-logging-3.3.0.Final.jar;C:\Users\Admin\.m2\repository\org\hibernate\javax\persistence\hibernate-jpa-2.1-api\1.0.0.Final\hibernate-jpa-2.1-api-1.0.0.Final.jar;C:\Users\Admin\.m2\repository\org\javassist\javassist\3.20.0-GA\javassist-3.20.0-GA.jar;C:\Users\Admin\.m2\repository\antlr\antlr\2.7.7\antlr-2.7.7.jar;C:\Users\Admin\.m2\repository\org\jboss\spec\javax\transaction\jboss-transaction-api_1.2_spec\1.0.1.Final\jboss-transaction-api_1.2_spec-1.0.1.Final.jar;C:\Users\Admin\.m2\repository\org\jboss\jandex\2.0.3.Final\jandex-2.0.3.Final.jar;C:\Users\Admin\.m2\repository\com\fasterxml\classmate\1.3.0\classmate-1.3.0.jar;C:\Users\Admin\.m2\repository\dom4j\dom4j\1.6.1\dom4j-1.6.1.jar;C:\Users\Admin\.m2\repository\org\hibernate\common\hibernate-commons-annotations\5.0.1.Final\hibernate-commons-annotations-5.0.1.Final.jar;C:\Users\Admin\.m2\repository\org\springframework\spring-orm\5.0.4.RELEASE\spring-orm-5.0.4.RELEASE.jar;C:\Users\Admin\.m2\repository\org\springframework\spring-jdbc\5.0.4.RELEASE\spring-jdbc-5.0.4.RELEASE.jar;C:\Users\Admin\.m2\repository\org\springframework\spring-tx\5.0.4.RELEASE\spring-tx-5.0.4.RELEASE.jar;C:\Users\Admin\.m2\repository\junit\junit\4.12\junit-4.12.jar;C:\Users\Admin\.m2\repository\org\hamcrest\hamcrest-core\1.3\hamcrest-core-1.3.jar;C:\Users\Admin\.m2\repository\com\h2database\h2\1.4.197\h2-1.4.197.jar;C:\Users\Admin\.m2\repository\org\slf4j\slf4j-api\1.7.25\slf4j-api-1.7.25.jar;C:\Users\Admin\.m2\repository\ch\qos\logback\logback-classic\1.2.3\logback-classic-1.2.3.jar;C:\Users\Admin\.m2\repository\ch\qos\logback\logback-core\1.2.3\logback-core-1.2.3.jar;, user.name=Admin, java.vm.specification.version=1.8, sun.java.command=D:\project1\onlineshoppingbackend\target\surefire\surefirebooter5598452703563112580.jar D:\project1\onlineshoppingbackend\target\surefire\surefire7088197682561322975tmp D:\project1\onlineshoppingbackend\target\surefire\surefire_08430895747457915282tmp, java.home=C:\Program Files\Java\jdk1.8.0_171\jre, sun.arch.data.model=64, user.language=en, java.specification.vendor=Oracle Corporation, awt.toolkit=sun.awt.windows.WToolkit, java.vm.info=mixed mode, java.version=1.8.0_171, java.ext.dirs=C:\Program Files\Java\jdk1.8.0_171\jre\lib\ext;C:\Windows\Sun\Java\lib\ext, sun.boot.class.path=C:\Program Files\Java\jdk1.8.0_171\jre\lib\resources.jar;C:\Program Files\Java\jdk1.8.0_171\jre\lib\rt.jar;C:\Program Files\Java\jdk1.8.0_171\jre\lib\sunrsasign.jar;C:\Program Files\Java\jdk1.8.0_171\jre\lib\jsse.jar;C:\Program Files\Java\jdk1.8.0_171\jre\lib\jce.jar;C:\Program Files\Java\jdk1.8.0_171\jre\lib\charsets.jar;C:\Program Files\Java\jdk1.8.0_171\jre\lib\jfr.jar;C:\Program Files\Java\jdk1.8.0_171\jre\classes, java.vendor=Oracle Corporation, localRepository=C:\Users\Admin\.m2\repository, file.separator=\, java.vendor.url.bug=http://bugreport.sun.com/bugreport/, sun.io.unicode.encoding=UnicodeLittle, sun.cpu.endian=little, sun.desktop=windows, sun.cpu.isalist=amd64}}, SystemEnvironmentPropertySource@1445157774 {name=&apos;systemEnvironment&apos;, properties={PATH=C:/Program Files/Java/jre1.8.0_171/bin/server;C:/Program Files/Java/jre1.8.0_171/bin;C:/Program Files/Java/jre1.8.0_171/lib/amd64;C:\Program Files (x86)\Common Files\Oracle\Java\javapath;C:\Program Files\Java\jdk1.8.0_171\bin;D:\apache-maven-3.5.4\bin;D:\apache-maven-3.5.4\bin;;C:\Users\Admin\Desktop;, LOCALAPPDATA=C:\Users\Admin\AppData\Local, PROCESSOR_LEVEL=6, SYSTEMDRIVE=C:, COMMONPROGRAMFILES(X86)=C:\Program Files (x86)\Common Files, FP_NO_HOST_CHECK=NO, USERDOMAIN=MR-06, LOGONSERVER=\\MR-06, JAVA_HOME=C:\Program Files\Java\jdk1.8.0_171, PROMPT=$P$G, SESSIONNAME=Console, ALLUSERSPROFILE=C:\ProgramData, PROGRAMFILES(X86)=C:\Program Files (x86), PROCESSOR_ARCHITECTURE=AMD64, MAVEN_HOME=D:\apache-maven-3.5.4, PROGRAMFILES=C:\Program Files, WINDOWS_TRACING_FLAGS=3, APPDATA=C:\Users\Admin\AppData\Roaming, PSMODULEPATH=C:\Windows\system32\WindowsPowerShell\v1.0\Modules\, PROGRAMW6432=C:\Program Files, PROGRAMDATA=C:\ProgramData, SYSTEMROOT=C:\Windows, USERNAME=Admin, PATHEXT=.COM;.EXE;.BAT;.CMD;.VBS;.VBE;.JS;.JSE;.WSF;.WSH;.MSC, OS=Windows_NT, COMMONPROGRAMW6432=C:\Program Files\Common Files, COMPUTERNAME=MR-06, COMMONPROGRAMFILES=C:\Program Files\Common Files, COMSPEC=C:\Windows\system32\cmd.exe, PROCESSOR_REVISION=1e05, WINDIR=C:\Windows, =D:=D:\project1\onlineshoppingbackend, HOMEPATH=\Users\Admin, TEMP=C:\Users\Admin\AppData\Local\Temp, HOMEDRIVE=C:, PROCESSOR_IDENTIFIER=Intel64 Family 6 Model 30 Stepping 5, GenuineIntel, USERPROFILE=C:\Users\Admin, TMP=C:\Users\Admin\AppData\Local\Temp, WINDOWS_TRACING_LOGFILE=C:\BVTBin\Tests\installpackage\csilogfile.log, M2_HOME=D:\apache-maven-3.5.4, PUBLIC=C:\Users\Public, NUMBER_OF_PROCESSORS=8}}]
15:27:38.357 [main] DEBUG org.springframework.core.io.support.PathMatchingResourcePatternResolver - Resolved classpath location [com/niit/] to resources [URL [file:/D:/project1/onlineshoppingbackend/target/test-classes/com/niit/], URL [file:/D:/project1/onlineshoppingbackend/target/classes/com/niit/]]
15:27:38.358 [main] DEBUG org.springframework.core.io.support.PathMatchingResourcePatternResolver - Looking for matching resources in directory tree [D:\project1\onlineshoppingbackend\target\test-classes\com\niit]
15:27:38.359 [main] DEBUG org.springframework.core.io.support.PathMatchingResourcePatternResolver - Searching directory [D:\project1\onlineshoppingbackend\target\test-classes\com\niit] for files matching pattern [D:/project1/onlineshoppingbackend/target/test-classes/com/niit/**/*.class]
15:27:38.360 [main] DEBUG org.springframework.core.io.support.PathMatchingResourcePatternResolver - Searching directory [D:\project1\onlineshoppingbackend\target\test-classes\com\niit\onlineshoppingbackend] for files matching pattern [D:/project1/onlineshoppingbackend/target/test-classes/com/niit/**/*.class]
15:27:38.361 [main] DEBUG org.springframework.core.io.support.PathMatchingResourcePatternResolver - Searching directory [D:\project1\onlineshoppingbackend\target\test-classes\com\niit\testcases] for files matching pattern [D:/project1/onlineshoppingbackend/target/test-classes/com/niit/**/*.class]
15:27:38.363 [main] DEBUG org.springframework.core.io.support.PathMatchingResourcePatternResolver - Looking for matching resources in directory tree [D:\project1\onlineshoppingbackend\target\classes\com\niit]
15:27:38.363 [main] DEBUG org.springframework.core.io.support.PathMatchingResourcePatternResolver - Searching directory [D:\project1\onlineshoppingbackend\target\classes\com\niit] for files matching pattern [D:/project1/onlineshoppingbackend/target/classes/com/niit/**/*.class]
15:27:38.363 [main] DEBUG org.springframework.core.io.support.PathMatchingResourcePatternResolver - Searching directory [D:\project1\onlineshoppingbackend\target\classes\com\niit\configuration] for files matching pattern [D:/project1/onlineshoppingbackend/target/classes/com/niit/**/*.class]
15:27:38.364 [main] DEBUG org.springframework.core.io.support.PathMatchingResourcePatternResolver - Searching directory [D:\project1\onlineshoppingbackend\target\classes\com\niit\dao] for files matching pattern [D:/project1/onlineshoppingbackend/target/classes/com/niit/**/*.class]
15:27:38.364 [main] DEBUG org.springframework.core.io.support.PathMatchingResourcePatternResolver - Searching directory [D:\project1\onlineshoppingbackend\target\classes\com\niit\daoimpl] for files matching pattern [D:/project1/onlineshoppingbackend/target/classes/com/niit/**/*.class]
15:27:38.365 [main] DEBUG org.springframework.core.io.support.PathMatchingResourcePatternResolver - Searching directory [D:\project1\onlineshoppingbackend\target\classes\com\niit\model] for files matching pattern [D:/project1/onlineshoppingbackend/target/classes/com/niit/**/*.class]
15:27:38.366 [main] DEBUG org.springframework.core.io.support.PathMatchingResourcePatternResolver - Searching directory [D:\project1\onlineshoppingbackend\target\classes\com\niit\onlineshoppingbackend] for files matching pattern [D:/project1/onlineshoppingbackend/target/classes/com/niit/**/*.class]
15:27:38.367 [main] DEBUG org.springframework.core.io.support.PathMatchingResourcePatternResolver - Resolved location pattern [classpath*:com/niit/**/*.class] to resources [file [D:\project1\onlineshoppingbackend\target\test-classes\com\niit\onlineshoppingbackend\AppTest.class], file [D:\project1\onlineshoppingbackend\target\test-classes\com\niit\testcases\CategoryTestCase.class], file [D:\project1\onlineshoppingbackend\target\test-classes\com\niit\testcases\ProductDAOTestCase.class], file [D:\project1\onlineshoppingbackend\target\test-classes\com\niit\testcases\SupplierDAOTestCase.class], file [D:\project1\onlineshoppingbackend\target\test-classes\com\niit\testcases\TestConfiguration.class], file [D:\project1\onlineshoppingbackend\target\test-classes\com\niit\testcases\UserDAOTestCase.class], file [D:\project1\onlineshoppingbackend\target\classes\com\niit\configuration\ApplicationContextConfig.class], file [D:\project1\onlineshoppingbackend\target\classes\com\niit\dao\CartDAO.class], file [D:\project1\onlineshoppingbackend\target\classes\com\niit\dao\CategoryDAO.class], file [D:\project1\onlineshoppingbackend\target\classes\com\niit\dao\ProductDAO.class], file [D:\project1\onlineshoppingbackend\target\classes\com\niit\dao\SupplierDAO.class], file [D:\project1\onlineshoppingbackend\target\classes\com\niit\dao\UserDAO.class], file [D:\project1\onlineshoppingbackend\target\classes\com\niit\daoimpl\CartDAOImpl.class], file [D:\project1\onlineshoppingbackend\target\classes\com\niit\daoimpl\CategoryDAOImpl.class], file [D:\project1\onlineshoppingbackend\target\classes\com\niit\daoimpl\ProductDAOImpl.class], file [D:\project1\onlineshoppingbackend\target\classes\com\niit\daoimpl\SupplierDAOImpl.class], file [D:\project1\onlineshoppingbackend\target\classes\com\niit\daoimpl\UserDAOImpl.class], file [D:\project1\onlineshoppingbackend\target\classes\com\niit\model\Cart.class], file [D:\project1\onlineshoppingbackend\target\classes\com\niit\model\Category.class], file [D:\project1\onlineshoppingbackend\target\classes\com\niit\model\Product.class], file [D:\project1\onlineshoppingbackend\target\classes\com\niit\model\Supplier.class], file [D:\project1\onlineshoppingbackend\target\classes\com\niit\model\User.class], file [D:\project1\onlineshoppingbackend\target\classes\com\niit\onlineshoppingbackend\App.class]]
15:27:38.414 [main] DEBUG org.springframework.context.annotation.ClassPathBeanDefinitionScanner - Identified candidate component class: file [D:\project1\onlineshoppingbackend\target\classes\com\niit\configuration\ApplicationContextConfig.class]
15:27:38.419 [main] DEBUG org.springframework.context.annotation.ClassPathBeanDefinitionScanner - Identified candidate component class: file [D:\project1\onlineshoppingbackend\target\classes\com\niit\daoimpl\CartDAOImpl.class]
15:27:38.419 [main] DEBUG org.springframework.context.annotation.ClassPathBeanDefinitionScanner - Identified candidate component class: file [D:\project1\onlineshoppingbackend\target\classes\com\niit\daoimpl\CategoryDAOImpl.class]
15:27:38.420 [main] DEBUG org.springframework.context.annotation.ClassPathBeanDefinitionScanner - Identified candidate component class: file [D:\project1\onlineshoppingbackend\target\classes\com\niit\daoimpl\ProductDAOImpl.class]
15:27:38.420 [main] DEBUG org.springframework.context.annotation.ClassPathBeanDefinitionScanner - Identified candidate component class: file [D:\project1\onlineshoppingbackend\target\classes\com\niit\daoimpl\SupplierDAOImpl.class]
15:27:38.421 [main] DEBUG org.springframework.context.annotation.ClassPathBeanDefinitionScanner - Identified candidate component class: file [D:\project1\onlineshoppingbackend\target\classes\com\niit\daoimpl\UserDAOImpl.class]
15:27:38.423 [main] DEBUG org.springframework.context.annotation.ClassPathBeanDefinitionScanner - Identified candidate component class: file [D:\project1\onlineshoppingbackend\target\classes\com\niit\model\Cart.class]
15:27:38.424 [main] DEBUG org.springframework.context.annotation.ClassPathBeanDefinitionScanner - Identified candidate component class: file [D:\project1\onlineshoppingbackend\target\classes\com\niit\model\Category.class]
15:27:38.424 [main] DEBUG org.springframework.context.annotation.ClassPathBeanDefinitionScanner - Identified candidate component class: file [D:\project1\onlineshoppingbackend\target\classes\com\niit\model\Product.class]
15:27:38.425 [main] DEBUG org.springframework.context.annotation.ClassPathBeanDefinitionScanner - Identified candidate component class: file [D:\project1\onlineshoppingbackend\target\classes\com\niit\model\Supplier.class]
15:27:38.425 [main] DEBUG org.springframework.context.annotation.ClassPathBeanDefinitionScanner - Identified candidate component class: file [D:\project1\onlineshoppingbackend\target\classes\com\niit\model\User.class]
15:27:38.435 [main] INFO org.springframework.context.annotation.AnnotationConfigApplicationContext - Refreshing org.springframework.context.annotation.AnnotationConfigApplicationContext@51081592: startup date [Thu Dec 13 15:27:38 IST 2018]; root of context hierarchy
15:27:38.436 [main] DEBUG org.springframework.context.annotation.AnnotationConfigApplicationContext - Bean factory for org.springframework.context.annotation.AnnotationConfigApplicationContext@51081592: org.springframework.beans.factory.support.DefaultListableBeanFactory@281e3708: defining beans [org.springframework.context.annotation.internalConfigurationAnnotationProcessor,org.springframework.context.annotation.internalAutowiredAnnotationProcessor,org.springframework.context.annotation.internalRequiredAnnotationProcessor,org.springframework.context.annotation.internalCommonAnnotationProcessor,org.springframework.context.annotation.internalPersistenceAnnotationProcessor,org.springframework.context.event.internalEventListenerProcessor,org.springframework.context.event.internalEventListenerFactory,applicationContextConfig,cartDAO,categoryDAO,productDAO,supplierDAO,userDAO,cart,category,product,supplier,user]; root of factory hierarchy
15:27:38.460 [main] DEBUG org.springframework.beans.factory.support.DefaultListableBeanFactory - Creating shared instance of singleton bean &apos;org.springframework.context.annotation.internalConfigurationAnnotationProcessor&apos;
15:27:38.460 [main] DEBUG org.springframework.beans.factory.support.DefaultListableBeanFactory - Creating instance of bean &apos;org.springframework.context.annotation.internalConfigurationAnnotationProcessor&apos;
15:27:38.476 [main] DEBUG org.springframework.beans.factory.support.DefaultListableBeanFactory - Eagerly caching bean &apos;org.springframework.context.annotation.internalConfigurationAnnotationProcessor&apos; to allow for resolving potential circular references
15:27:38.478 [main] DEBUG org.springframework.beans.factory.support.DefaultListableBeanFactory - Finished creating instance of bean &apos;org.springframework.context.annotation.internalConfigurationAnnotationProcessor&apos;
15:27:38.506 [main] DEBUG org.springframework.core.io.support.PathMatchingResourcePatternResolver - Resolved classpath location [com/niit/] to resources [URL [file:/D:/project1/onlineshoppingbackend/target/test-classes/com/niit/], URL [file:/D:/project1/onlineshoppingbackend/target/classes/com/niit/]]
15:27:38.506 [main] DEBUG org.springframework.core.io.support.PathMatchingResourcePatternResolver - Looking for matching resources in directory tree [D:\project1\onlineshoppingbackend\target\test-classes\com\niit]
15:27:38.506 [main] DEBUG org.springframework.core.io.support.PathMatchingResourcePatternResolver - Searching directory [D:\project1\onlineshoppingbackend\target\test-classes\com\niit] for files matching pattern [D:/project1/onlineshoppingbackend/target/test-classes/com/niit/**/*.class]
15:27:38.506 [main] DEBUG org.springframework.core.io.support.PathMatchingResourcePatternResolver - Searching directory [D:\project1\onlineshoppingbackend\target\test-classes\com\niit\onlineshoppingbackend] for files matching pattern [D:/project1/onlineshoppingbackend/target/test-classes/com/niit/**/*.class]
15:27:38.507 [main] DEBUG org.springframework.core.io.support.PathMatchingResourcePatternResolver - Searching directory [D:\project1\onlineshoppingbackend\target\test-classes\com\niit\testcases] for files matching pattern [D:/project1/onlineshoppingbackend/target/test-classes/com/niit/**/*.class]
15:27:38.507 [main] DEBUG org.springframework.core.io.support.PathMatchingResourcePatternResolver - Looking for matching resources in directory tree [D:\project1\onlineshoppingbackend\target\classes\com\niit]
15:27:38.507 [main] DEBUG org.springframework.core.io.support.PathMatchingResourcePatternResolver - Searching directory [D:\project1\onlineshoppingbackend\target\classes\com\niit] for files matching pattern [D:/project1/onlineshoppingbackend/target/classes/com/niit/**/*.class]
15:27:38.508 [main] DEBUG org.springframework.core.io.support.PathMatchingResourcePatternResolver - Searching directory [D:\project1\onlineshoppingbackend\target\classes\com\niit\configuration] for files matching pattern [D:/project1/onlineshoppingbackend/target/classes/com/niit/**/*.class]
15:27:38.508 [main] DEBUG org.springframework.core.io.support.PathMatchingResourcePatternResolver - Searching directory [D:\project1\onlineshoppingbackend\target\classes\com\niit\dao] for files matching pattern [D:/project1/onlineshoppingbackend/target/classes/com/niit/**/*.class]
15:27:38.508 [main] DEBUG org.springframework.core.io.support.PathMatchingResourcePatternResolver - Searching directory [D:\project1\onlineshoppingbackend\target\classes\com\niit\daoimpl] for files matching pattern [D:/project1/onlineshoppingbackend/target/classes/com/niit/**/*.class]
15:27:38.509 [main] DEBUG org.springframework.core.io.support.PathMatchingResourcePatternResolver - Searching directory [D:\project1\onlineshoppingbackend\target\classes\com\niit\model] for files matching pattern [D:/project1/onlineshoppingbackend/target/classes/com/niit/**/*.class]
15:27:38.509 [main] DEBUG org.springframework.core.io.support.PathMatchingResourcePatternResolver - Searching directory [D:\project1\onlineshoppingbackend\target\classes\com\niit\onlineshoppingbackend] for files matching pattern [D:/project1/onlineshoppingbackend/target/classes/com/niit/**/*.class]
15:27:38.510 [main] DEBUG org.springframework.core.io.support.PathMatchingResourcePatternResolver - Resolved location pattern [classpath*:com/niit/**/*.class] to resources [file [D:\project1\onlineshoppingbackend\target\test-classes\com\niit\onlineshoppingbackend\AppTest.class], file [D:\project1\onlineshoppingbackend\target\test-classes\com\niit\testcases\CategoryTestCase.class], file [D:\project1\onlineshoppingbackend\target\test-classes\com\niit\testcases\ProductDAOTestCase.class], file [D:\project1\onlineshoppingbackend\target\test-classes\com\niit\testcases\SupplierDAOTestCase.class], file [D:\project1\onlineshoppingbackend\target\test-classes\com\niit\testcases\TestConfiguration.class], file [D:\project1\onlineshoppingbackend\target\test-classes\com\niit\testcases\UserDAOTestCase.class], file [D:\project1\onlineshoppingbackend\target\classes\com\niit\configuration\ApplicationContextConfig.class], file [D:\project1\onlineshoppingbackend\target\classes\com\niit\dao\CartDAO.class], file [D:\project1\onlineshoppingbackend\target\classes\com\niit\dao\CategoryDAO.class], file [D:\project1\onlineshoppingbackend\target\classes\com\niit\dao\ProductDAO.class], file [D:\project1\onlineshoppingbackend\target\classes\com\niit\dao\SupplierDAO.class], file [D:\project1\onlineshoppingbackend\target\classes\com\niit\dao\UserDAO.class], file [D:\project1\onlineshoppingbackend\target\classes\com\niit\daoimpl\CartDAOImpl.class], file [D:\project1\onlineshoppingbackend\target\classes\com\niit\daoimpl\CategoryDAOImpl.class], file [D:\project1\onlineshoppingbackend\target\classes\com\niit\daoimpl\ProductDAOImpl.class], file [D:\project1\onlineshoppingbackend\target\classes\com\niit\daoimpl\SupplierDAOImpl.class], file [D:\project1\onlineshoppingbackend\target\classes\com\niit\daoimpl\UserDAOImpl.class], file [D:\project1\onlineshoppingbackend\target\classes\com\niit\model\Cart.class], file [D:\project1\onlineshoppingbackend\target\classes\com\niit\model\Category.class], file [D:\project1\onlineshoppingbackend\target\classes\com\niit\model\Product.class], file [D:\project1\onlineshoppingbackend\target\classes\com\niit\model\Supplier.class], file [D:\project1\onlineshoppingbackend\target\classes\com\niit\model\User.class], file [D:\project1\onlineshoppingbackend\target\classes\com\niit\onlineshoppingbackend\App.class]]
15:27:38.511 [main] DEBUG org.springframework.context.annotation.ClassPathBeanDefinitionScanner - Identified candidate component class: file [D:\project1\onlineshoppingbackend\target\classes\com\niit\daoimpl\CartDAOImpl.class]
15:27:38.511 [main] DEBUG org.springframework.context.annotation.ClassPathBeanDefinitionScanner - Identified candidate component class: file [D:\project1\onlineshoppingbackend\target\classes\com\niit\daoimpl\CategoryDAOImpl.class]
15:27:38.511 [main] DEBUG org.springframework.context.annotation.ClassPathBeanDefinitionScanner - Identified candidate component class: file [D:\project1\onlineshoppingbackend\target\classes\com\niit\daoimpl\ProductDAOImpl.class]
15:27:38.511 [main] DEBUG org.springframework.context.annotation.ClassPathBeanDefinitionScanner - Identified candidate component class: file [D:\project1\onlineshoppingbackend\target\classes\com\niit\daoimpl\SupplierDAOImpl.class]
15:27:38.511 [main] DEBUG org.springframework.context.annotation.ClassPathBeanDefinitionScanner - Identified candidate component class: file [D:\project1\onlineshoppingbackend\target\classes\com\niit\daoimpl\UserDAOImpl.class]
15:27:38.511 [main] DEBUG org.springframework.context.annotation.ClassPathBeanDefinitionScanner - Identified candidate component class: file [D:\project1\onlineshoppingbackend\target\classes\com\niit\model\Cart.class]
15:27:38.511 [main] DEBUG org.springframework.context.annotation.ClassPathBeanDefinitionScanner - Identified candidate component class: file [D:\project1\onlineshoppingbackend\target\classes\com\niit\model\Category.class]
15:27:38.511 [main] DEBUG org.springframework.context.annotation.ClassPathBeanDefinitionScanner - Identified candidate component class: file [D:\project1\onlineshoppingbackend\target\classes\com\niit\model\Product.class]
15:27:38.512 [main] DEBUG org.springframework.context.annotation.ClassPathBeanDefinitionScanner - Identified candidate component class: file [D:\project1\onlineshoppingbackend\target\classes\com\niit\model\Supplier.class]
15:27:38.512 [main] DEBUG org.springframework.context.annotation.ClassPathBeanDefinitionScanner - Identified candidate component class: file [D:\project1\onlineshoppingbackend\target\classes\com\niit\model\User.class]
15:27:38.547 [main] DEBUG org.springframework.context.annotation.ConfigurationClassBeanDefinitionReader - Registered bean definition for imported class &apos;org.springframework.transaction.annotation.ProxyTransactionManagementConfiguration&apos;
15:27:38.549 [main] DEBUG org.springframework.context.annotation.ConfigurationClassBeanDefinitionReader - Registering bean definition for @Bean method org.springframework.transaction.annotation.ProxyTransactionManagementConfiguration.org.springframework.transaction.config.internalTransactionAdvisor()
15:27:38.549 [main] DEBUG org.springframework.context.annotation.ConfigurationClassBeanDefinitionReader - Registering bean definition for @Bean method org.springframework.transaction.annotation.ProxyTransactionManagementConfiguration.transactionAttributeSource()
15:27:38.549 [main] DEBUG org.springframework.context.annotation.ConfigurationClassBeanDefinitionReader - Registering bean definition for @Bean method org.springframework.transaction.annotation.ProxyTransactionManagementConfiguration.transactionInterceptor()
15:27:38.550 [main] DEBUG org.springframework.context.annotation.ConfigurationClassBeanDefinitionReader - Registering bean definition for @Bean method org.springframework.transaction.annotation.ProxyTransactionManagementConfiguration.org.springframework.transaction.config.internalTransactionalEventListenerFactory()
15:27:38.551 [main] DEBUG org.springframework.context.annotation.ConfigurationClassBeanDefinitionReader - Registering bean definition for @Bean method com.niit.configuration.ApplicationContextConfig.dataSource()
15:27:38.551 [main] DEBUG org.springframework.context.annotation.ConfigurationClassBeanDefinitionReader - Registering bean definition for @Bean method com.niit.configuration.ApplicationContextConfig.sessionFactory()
15:27:38.551 [main] DEBUG org.springframework.context.annotation.ConfigurationClassBeanDefinitionReader - Registering bean definition for @Bean method com.niit.configuration.ApplicationContextConfig.transactionManager()
15:27:38.720 [main] DEBUG org.springframework.context.annotation.ConfigurationClassEnhancer - Successfully enhanced com.niit.configuration.ApplicationContextConfig; enhanced class name is: com.niit.configuration.ApplicationContextConfig$$EnhancerBySpringCGLIB$$f6199ae0
15:27:38.720 [main] DEBUG org.springframework.context.annotation.ConfigurationClassPostProcessor - Replacing bean definition &apos;applicationContextConfig&apos; existing class &apos;com.niit.configuration.ApplicationContextConfig&apos; with enhanced class &apos;com.niit.configuration.ApplicationContextConfig$$EnhancerBySpringCGLIB$$f6199ae0&apos;
15:27:38.725 [main] DEBUG org.springframework.context.annotation.ConfigurationClassEnhancer - Successfully enhanced org.springframework.transaction.annotation.ProxyTransactionManagementConfiguration; enhanced class name is: org.springframework.transaction.annotation.ProxyTransactionManagementConfiguration$$EnhancerBySpringCGLIB$$e815a2a7
15:27:38.725 [main] DEBUG org.springframework.context.annotation.ConfigurationClassPostProcessor - Replacing bean definition &apos;org.springframework.transaction.annotation.ProxyTransactionManagementConfiguration&apos; existing class &apos;org.springframework.transaction.annotation.ProxyTransactionManagementConfiguration&apos; with enhanced class &apos;org.springframework.transaction.annotation.ProxyTransactionManagementConfiguration$$EnhancerBySpringCGLIB$$e815a2a7&apos;
15:27:38.729 [main] DEBUG org.springframework.beans.factory.support.DefaultListableBeanFactory - Creating shared instance of singleton bean &apos;org.springframework.context.annotation.internalAutowiredAnnotationProcessor&apos;
15:27:38.729 [main] DEBUG org.springframework.beans.factory.support.DefaultListableBeanFactory - Creating instance of bean &apos;org.springframework.context.annotation.internalAutowiredAnnotationProcessor&apos;
15:27:38.729 [main] DEBUG org.springframework.beans.factory.support.DefaultListableBeanFactory - Eagerly caching bean &apos;org.springframework.context.annotation.internalAutowiredAnnotationProcessor&apos; to allow for resolving potential circular references
15:27:38.747 [main] DEBUG org.springframework.beans.factory.support.DefaultListableBeanFactory - Finished creating instance of bean &apos;org.springframework.context.annotation.internalAutowiredAnnotationProcessor&apos;
15:27:38.748 [main] DEBUG org.springframework.beans.factory.support.DefaultListableBeanFactory - Creating shared instance of singleton bean &apos;org.springframework.context.annotation.internalRequiredAnnotationProcessor&apos;
15:27:38.748 [main] DEBUG org.springframework.beans.factory.support.DefaultListableBeanFactory - Creating instance of bean &apos;org.springframework.context.annotation.internalRequiredAnnotationProcessor&apos;
15:27:38.748 [main] DEBUG org.springframework.beans.factory.support.DefaultListableBeanFactory - Eagerly caching bean &apos;org.springframework.context.annotation.internalRequiredAnnotationProcessor&apos; to allow for resolving potential circular references
15:27:38.751 [main] DEBUG org.springframework.beans.factory.support.DefaultListableBeanFactory - Finished creating instance of bean &apos;org.springframework.context.annotation.internalRequiredAnnotationProcessor&apos;
15:27:38.751 [main] DEBUG org.springframework.beans.factory.support.DefaultListableBeanFactory - Creating shared instance of singleton bean &apos;org.springframework.context.annotation.internalCommonAnnotationProcessor&apos;
15:27:38.751 [main] DEBUG org.springframework.beans.factory.support.DefaultListableBeanFactory - Creating instance of bean &apos;org.springframework.context.annotation.internalCommonAnnotationProcessor&apos;
15:27:38.754 [main] DEBUG org.springframework.beans.factory.support.DefaultListableBeanFactory - Eagerly caching bean &apos;org.springframework.context.annotation.internalCommonAnnotationProcessor&apos; to allow for resolving potential circular references
15:27:38.760 [main] DEBUG org.springframework.beans.factory.support.DefaultListableBeanFactory - Finished creating instance of bean &apos;org.springframework.context.annotation.internalCommonAnnotationProcessor&apos;
15:27:38.760 [main] DEBUG org.springframework.beans.factory.support.DefaultListableBeanFactory - Creating shared instance of singleton bean &apos;org.springframework.context.annotation.internalPersistenceAnnotationProcessor&apos;
15:27:38.760 [main] DEBUG org.springframework.beans.factory.support.DefaultListableBeanFactory - Creating instance of bean &apos;org.springframework.context.annotation.internalPersistenceAnnotationProcessor&apos;
15:27:38.760 [main] DEBUG org.springframework.beans.factory.support.DefaultListableBeanFactory - Eagerly caching bean &apos;org.springframework.context.annotation.internalPersistenceAnnotationProcessor&apos; to allow for resolving potential circular references
15:27:38.765 [main] DEBUG org.springframework.beans.factory.support.DefaultListableBeanFactory - Finished creating instance of bean &apos;org.springframework.context.annotation.internalPersistenceAnnotationProcessor&apos;
15:27:38.765 [main] DEBUG org.springframework.beans.factory.support.DefaultListableBeanFactory - Creating shared instance of singleton bean &apos;org.springframework.aop.config.internalAutoProxyCreator&apos;
15:27:38.765 [main] DEBUG org.springframework.beans.factory.support.DefaultListableBeanFactory - Creating instance of bean &apos;org.springframework.aop.config.internalAutoProxyCreator&apos;
15:27:38.781 [main] DEBUG org.springframework.beans.factory.support.DefaultListableBeanFactory - Eagerly caching bean &apos;org.springframework.aop.config.internalAutoProxyCreator&apos; to allow for resolving potential circular references
15:27:38.798 [main] DEBUG org.springframework.beans.factory.support.DefaultListableBeanFactory - Finished creating instance of bean &apos;org.springframework.aop.config.internalAutoProxyCreator&apos;
15:27:38.799 [main] DEBUG org.springframework.context.annotation.AnnotationConfigApplicationContext - Unable to locate MessageSource with name &apos;messageSource&apos;: using default [org.springframework.context.support.DelegatingMessageSource@6ed3ccb2]
15:27:38.801 [main] DEBUG org.springframework.context.annotation.AnnotationConfigApplicationContext - Unable to locate ApplicationEventMulticaster with name &apos;applicationEventMulticaster&apos;: using default [org.springframework.context.event.SimpleApplicationEventMulticaster@79079097]
15:27:38.803 [main] DEBUG org.springframework.beans.factory.support.DefaultListableBeanFactory - Pre-instantiating singletons in org.springframework.beans.factory.support.DefaultListableBeanFactory@281e3708: defining beans [org.springframework.context.annotation.internalConfigurationAnnotationProcessor,org.springframework.context.annotation.internalAutowiredAnnotationProcessor,org.springframework.context.annotation.internalRequiredAnnotationProcessor,org.springframework.context.annotation.internalCommonAnnotationProcessor,org.springframework.context.annotation.internalPersistenceAnnotationProcessor,org.springframework.context.event.internalEventListenerProcessor,org.springframework.context.event.internalEventListenerFactory,applicationContextConfig,cartDAO,categoryDAO,productDAO,supplierDAO,userDAO,cart,category,product,supplier,user,org.springframework.transaction.annotation.ProxyTransactionManagementConfiguration,org.springframework.transaction.config.internalTransactionAdvisor,transactionAttributeSource,transactionInterceptor,org.springframework.transaction.config.internalTransactionalEventListenerFactory,dataSource,sessionFactory,transactionManager,org.springframework.aop.config.internalAutoProxyCreator]; root of factory hierarchy
15:27:38.803 [main] DEBUG org.springframework.beans.factory.support.DefaultListableBeanFactory - Returning cached instance of singleton bean &apos;org.springframework.context.annotation.internalConfigurationAnnotationProcessor&apos;
15:27:38.803 [main] DEBUG org.springframework.beans.factory.support.DefaultListableBeanFactory - Returning cached instance of singleton bean &apos;org.springframework.context.annotation.internalAutowiredAnnotationProcessor&apos;
15:27:38.803 [main] DEBUG org.springframework.beans.factory.support.DefaultListableBeanFactory - Returning cached instance of singleton bean &apos;org.springframework.context.annotation.internalRequiredAnnotationProcessor&apos;
15:27:38.803 [main] DEBUG org.springframework.beans.factory.support.DefaultListableBeanFactory - Returning cached instance of singleton bean &apos;org.springframework.context.annotation.internalCommonAnnotationProcessor&apos;
15:27:38.803 [main] DEBUG org.springframework.beans.factory.support.DefaultListableBeanFactory - Returning cached instance of singleton bean &apos;org.springframework.context.annotation.internalPersistenceAnnotationProcessor&apos;
15:27:38.803 [main] DEBUG org.springframework.beans.factory.support.DefaultListableBeanFactory - Creating shared instance of singleton bean &apos;org.springframework.context.event.internalEventListenerProcessor&apos;
15:27:38.803 [main] DEBUG org.springframework.beans.factory.support.DefaultListableBeanFactory - Creating instance of bean &apos;org.springframework.context.event.internalEventListenerProcessor&apos;
15:27:38.805 [main] DEBUG org.springframework.beans.factory.support.DefaultListableBeanFactory - Eagerly caching bean &apos;org.springframework.context.event.internalEventListenerProcessor&apos; to allow for resolving potential circular references
15:27:38.807 [main] DEBUG org.springframework.beans.factory.support.DefaultListableBeanFactory - Creating shared instance of singleton bean &apos;org.springframework.transaction.config.internalTransactionAdvisor&apos;
15:27:38.807 [main] DEBUG org.springframework.beans.factory.support.DefaultListableBeanFactory - Creating instance of bean &apos;org.springframework.transaction.config.internalTransactionAdvisor&apos;
15:27:38.809 [main] DEBUG org.springframework.beans.factory.support.DefaultListableBeanFactory - Creating shared instance of singleton bean &apos;org.springframework.transaction.annotation.ProxyTransactionManagementConfiguration&apos;
15:27:38.809 [main] DEBUG org.springframework.beans.factory.support.DefaultListableBeanFactory - Creating instance of bean &apos;org.springframework.transaction.annotation.ProxyTransactionManagementConfiguration&apos;
15:27:38.817 [main] DEBUG org.springframework.beans.factory.annotation.InjectionMetadata - Registered injected element on class [org.springframework.transaction.annotation.ProxyTransactionManagementConfiguration$$EnhancerBySpringCGLIB$$e815a2a7]: AutowiredMethodElement for void org.springframework.transaction.annotation.AbstractTransactionManagementConfiguration.setConfigurers(java.util.Collection)
15:27:38.817 [main] DEBUG org.springframework.beans.factory.support.DefaultListableBeanFactory - Eagerly caching bean &apos;org.springframework.transaction.annotation.ProxyTransactionManagementConfiguration&apos; to allow for resolving potential circular references
15:27:38.817 [main] DEBUG org.springframework.beans.factory.annotation.InjectionMetadata - Processing injected element of bean &apos;org.springframework.transaction.annotation.ProxyTransactionManagementConfiguration&apos;: AutowiredMethodElement for void org.springframework.transaction.annotation.AbstractTransactionManagementConfiguration.setConfigurers(java.util.Collection)
15:27:38.826 [main] DEBUG org.springframework.beans.factory.support.DefaultListableBeanFactory - Returning cached instance of singleton bean &apos;org.springframework.context.annotation.ConfigurationClassPostProcessor.importRegistry&apos;
15:27:38.826 [main] DEBUG org.springframework.aop.framework.autoproxy.BeanFactoryAdvisorRetrievalHelper - Skipping currently created advisor &apos;org.springframework.transaction.config.internalTransactionAdvisor&apos;
15:27:38.827 [main] DEBUG org.springframework.beans.factory.support.DefaultListableBeanFactory - Finished creating instance of bean &apos;org.springframework.transaction.annotation.ProxyTransactionManagementConfiguration&apos;
15:27:38.848 [main] DEBUG org.springframework.beans.factory.support.DefaultListableBeanFactory - Creating shared instance of singleton bean &apos;transactionAttributeSource&apos;
15:27:38.848 [main] DEBUG org.springframework.beans.factory.support.DefaultListableBeanFactory - Creating instance of bean &apos;transactionAttributeSource&apos;
15:27:38.848 [main] DEBUG org.springframework.beans.factory.support.DefaultListableBeanFactory - Returning cached instance of singleton bean &apos;org.springframework.transaction.annotation.ProxyTransactionManagementConfiguration&apos;
15:27:38.854 [main] DEBUG org.springframework.beans.factory.support.DefaultListableBeanFactory - Eagerly caching bean &apos;transactionAttributeSource&apos; to allow for resolving potential circular references
15:27:38.857 [main] DEBUG org.springframework.aop.framework.autoproxy.BeanFactoryAdvisorRetrievalHelper - Skipping currently created advisor &apos;org.springframework.transaction.config.internalTransactionAdvisor&apos;
15:27:38.857 [main] DEBUG org.springframework.beans.factory.support.DefaultListableBeanFactory - Finished creating instance of bean &apos;transactionAttributeSource&apos;
15:27:38.857 [main] DEBUG org.springframework.beans.factory.support.DefaultListableBeanFactory - Creating shared instance of singleton bean &apos;transactionInterceptor&apos;
15:27:38.857 [main] DEBUG org.springframework.beans.factory.support.DefaultListableBeanFactory - Creating instance of bean &apos;transactionInterceptor&apos;
15:27:38.858 [main] DEBUG org.springframework.beans.factory.support.DefaultListableBeanFactory - Returning cached instance of singleton bean &apos;org.springframework.transaction.annotation.ProxyTransactionManagementConfiguration&apos;
15:27:38.860 [main] DEBUG org.springframework.beans.factory.support.DefaultListableBeanFactory - Returning cached instance of singleton bean &apos;transactionAttributeSource&apos;
15:27:38.864 [main] DEBUG org.springframework.beans.factory.support.DefaultListableBeanFactory - Eagerly caching bean &apos;transactionInterceptor&apos; to allow for resolving potential circular references
15:27:38.867 [main] DEBUG org.springframework.beans.factory.support.DefaultListableBeanFactory - Invoking afterPropertiesSet() on bean with name &apos;transactionInterceptor&apos;
15:27:38.868 [main] DEBUG org.springframework.beans.factory.support.DefaultListableBeanFactory - Finished creating instance of bean &apos;transactionInterceptor&apos;
15:27:38.869 [main] DEBUG org.springframework.beans.factory.support.DefaultListableBeanFactory - Eagerly caching bean &apos;org.springframework.transaction.config.internalTransactionAdvisor&apos; to allow for resolving potential circular references
15:27:38.874 [main] DEBUG org.springframework.beans.factory.support.DefaultListableBeanFactory - Finished creating instance of bean &apos;org.springframework.transaction.config.internalTransactionAdvisor&apos;
15:27:38.877 [main] DEBUG org.springframework.beans.factory.support.DefaultListableBeanFactory - Finished creating instance of bean &apos;org.springframework.context.event.internalEventListenerProcessor&apos;
15:27:38.877 [main] DEBUG org.springframework.beans.factory.support.DefaultListableBeanFactory - Creating shared instance of singleton bean &apos;org.springframework.context.event.internalEventListenerFactory&apos;
15:27:38.877 [main] DEBUG org.springframework.beans.factory.support.DefaultListableBeanFactory - Creating instance of bean &apos;org.springframework.context.event.internalEventListenerFactory&apos;
15:27:38.877 [main] DEBUG org.springframework.beans.factory.support.DefaultListableBeanFactory - Eagerly caching bean &apos;org.springframework.context.event.internalEventListenerFactory&apos; to allow for resolving potential circular references
15:27:38.879 [main] DEBUG org.springframework.beans.factory.support.DefaultListableBeanFactory - Returning cached instance of singleton bean &apos;org.springframework.transaction.config.internalTransactionAdvisor&apos;
15:27:38.880 [main] DEBUG org.springframework.beans.factory.support.DefaultListableBeanFactory - Finished creating instance of bean &apos;org.springframework.context.event.internalEventListenerFactory&apos;
15:27:38.880 [main] DEBUG org.springframework.beans.factory.support.DefaultListableBeanFactory - Creating shared instance of singleton bean &apos;applicationContextConfig&apos;
15:27:38.880 [main] DEBUG org.springframework.beans.factory.support.DefaultListableBeanFactory - Creating instance of bean &apos;applicationContextConfig&apos;
15:27:38.881 [main] DEBUG org.springframework.beans.factory.support.DefaultListableBeanFactory - Eagerly caching bean &apos;applicationContextConfig&apos; to allow for resolving potential circular references
15:27:38.883 [main] DEBUG org.springframework.beans.factory.support.DefaultListableBeanFactory - Returning cached instance of singleton bean &apos;org.springframework.transaction.config.internalTransactionAdvisor&apos;
15:27:38.889 [main] DEBUG org.springframework.beans.factory.support.DefaultListableBeanFactory - Finished creating instance of bean &apos;applicationContextConfig&apos;
15:27:38.889 [main] DEBUG org.springframework.beans.factory.support.DefaultListableBeanFactory - Creating shared instance of singleton bean &apos;cartDAO&apos;
15:27:38.889 [main] DEBUG org.springframework.beans.factory.support.DefaultListableBeanFactory - Creating instance of bean &apos;cartDAO&apos;
15:27:38.892 [main] DEBUG org.springframework.beans.factory.annotation.InjectionMetadata - Registered injected element on class [com.niit.daoimpl.CartDAOImpl]: AutowiredFieldElement for private org.hibernate.SessionFactory com.niit.daoimpl.CartDAOImpl.sessionFactory
15:27:38.892 [main] DEBUG org.springframework.beans.factory.annotation.InjectionMetadata - Registered injected element on class [com.niit.daoimpl.CartDAOImpl]: AutowiredFieldElement for private com.niit.model.Cart com.niit.daoimpl.CartDAOImpl.cart
15:27:38.892 [main] DEBUG org.springframework.beans.factory.support.DefaultListableBeanFactory - Eagerly caching bean &apos;cartDAO&apos; to allow for resolving potential circular references
15:27:38.893 [main] DEBUG org.springframework.beans.factory.annotation.InjectionMetadata - Processing injected element of bean &apos;cartDAO&apos;: AutowiredFieldElement for private org.hibernate.SessionFactory com.niit.daoimpl.CartDAOImpl.sessionFactory
15:27:38.893 [main] DEBUG org.springframework.core.annotation.AnnotationUtils - Failed to meta-introspect annotation [interface org.springframework.beans.factory.annotation.Autowired]: java.lang.NullPointerException
15:27:38.894 [main] DEBUG org.springframework.beans.factory.support.DefaultListableBeanFactory - Creating shared instance of singleton bean &apos;sessionFactory&apos;
15:27:38.894 [main] DEBUG org.springframework.beans.factory.support.DefaultListableBeanFactory - Creating instance of bean &apos;sessionFactory&apos;
15:27:38.894 [main] DEBUG org.springframework.beans.factory.support.DefaultListableBeanFactory - Returning cached instance of singleton bean &apos;applicationContextConfig&apos;
15:27:38.896 [main] DEBUG org.springframework.beans.factory.support.DefaultListableBeanFactory - Creating shared instance of singleton bean &apos;dataSource&apos;
15:27:38.896 [main] DEBUG org.springframework.beans.factory.support.DefaultListableBeanFactory - Creating instance of bean &apos;dataSource&apos;
15:27:38.896 [main] DEBUG org.springframework.beans.factory.support.DefaultListableBeanFactory - Returning cached instance of singleton bean &apos;applicationContextConfig&apos;
15:27:38.906 [main] INFO org.springframework.jdbc.datasource.DriverManagerDataSource - Loaded JDBC driver: org.h2.Driver
15:27:38.908 [main] DEBUG org.springframework.beans.factory.support.DefaultListableBeanFactory - Eagerly caching bean &apos;dataSource&apos; to allow for resolving potential circular references
15:27:38.912 [main] DEBUG org.springframework.beans.factory.support.DefaultListableBeanFactory - Returning cached instance of singleton bean &apos;org.springframework.transaction.config.internalTransactionAdvisor&apos;
15:27:38.915 [main] DEBUG org.springframework.beans.factory.support.DefaultListableBeanFactory - Finished creating instance of bean &apos;dataSource&apos;
15:27:38.916 [main] DEBUG org.springframework.beans.factory.support.DefaultListableBeanFactory - Autowiring by type from bean name &apos;sessionFactory&apos; via factory method to bean named &apos;dataSource&apos;
15:27:38.944 [main] DEBUG org.jboss.logging - Logging Provider: org.jboss.logging.Slf4jLoggerProvider
15:27:38.956 [main] DEBUG org.hibernate.integrator.internal.IntegratorServiceImpl - Adding Integrator [org.hibernate.cfg.beanvalidation.BeanValidationIntegrator].
15:27:38.958 [main] DEBUG org.hibernate.integrator.internal.IntegratorServiceImpl - Adding Integrator [org.hibernate.secure.spi.JaccIntegrator].
15:27:38.961 [main] DEBUG org.hibernate.integrator.internal.IntegratorServiceImpl - Adding Integrator [org.hibernate.cache.internal.CollectionCacheInvalidator].
15:27:39.043 [main] INFO org.hibernate.Version - HHH000412: Hibernate Core {5.2.12.Final}
15:27:39.044 [main] INFO org.hibernate.cfg.Environment - HHH000206: hibernate.properties not found
15:27:39.058 [main] DEBUG org.springframework.core.io.support.PathMatchingResourcePatternResolver - Resolved classpath location [com/niit/] to resources [URL [file:/D:/project1/onlineshoppingbackend/target/test-classes/com/niit/], URL [file:/D:/project1/onlineshoppingbackend/target/classes/com/niit/]]
15:27:39.058 [main] DEBUG org.springframework.core.io.support.PathMatchingResourcePatternResolver - Looking for matching resources in directory tree [D:\project1\onlineshoppingbackend\target\test-classes\com\niit]
15:27:39.058 [main] DEBUG org.springframework.core.io.support.PathMatchingResourcePatternResolver - Searching directory [D:\project1\onlineshoppingbackend\target\test-classes\com\niit] for files matching pattern [D:/project1/onlineshoppingbackend/target/test-classes/com/niit/**/*.class]
15:27:39.059 [main] DEBUG org.springframework.core.io.support.PathMatchingResourcePatternResolver - Searching directory [D:\project1\onlineshoppingbackend\target\test-classes\com\niit\onlineshoppingbackend] for files matching pattern [D:/project1/onlineshoppingbackend/target/test-classes/com/niit/**/*.class]
15:27:39.059 [main] DEBUG org.springframework.core.io.support.PathMatchingResourcePatternResolver - Searching directory [D:\project1\onlineshoppingbackend\target\test-classes\com\niit\testcases] for files matching pattern [D:/project1/onlineshoppingbackend/target/test-classes/com/niit/**/*.class]
15:27:39.060 [main] DEBUG org.springframework.core.io.support.PathMatchingResourcePatternResolver - Looking for matching resources in directory tree [D:\project1\onlineshoppingbackend\target\classes\com\niit]
15:27:39.060 [main] DEBUG org.springframework.core.io.support.PathMatchingResourcePatternResolver - Searching directory [D:\project1\onlineshoppingbackend\target\classes\com\niit] for files matching pattern [D:/project1/onlineshoppingbackend/target/classes/com/niit/**/*.class]
15:27:39.060 [main] DEBUG org.springframework.core.io.support.PathMatchingResourcePatternResolver - Searching directory [D:\project1\onlineshoppingbackend\target\classes\com\niit\configuration] for files matching pattern [D:/project1/onlineshoppingbackend/target/classes/com/niit/**/*.class]
15:27:39.060 [main] DEBUG org.springframework.core.io.support.PathMatchingResourcePatternResolver - Searching directory [D:\project1\onlineshoppingbackend\target\classes\com\niit\dao] for files matching pattern [D:/project1/onlineshoppingbackend/target/classes/com/niit/**/*.class]
15:27:39.061 [main] DEBUG org.springframework.core.io.support.PathMatchingResourcePatternResolver - Searching directory [D:\project1\onlineshoppingbackend\target\classes\com\niit\daoimpl] for files matching pattern [D:/project1/onlineshoppingbackend/target/classes/com/niit/**/*.class]
15:27:39.061 [main] DEBUG org.springframework.core.io.support.PathMatchingResourcePatternResolver - Searching directory [D:\project1\onlineshoppingbackend\target\classes\com\niit\model] for files matching pattern [D:/project1/onlineshoppingbackend/target/classes/com/niit/**/*.class]
15:27:39.062 [main] DEBUG org.springframework.core.io.support.PathMatchingResourcePatternResolver - Searching directory [D:\project1\onlineshoppingbackend\target\classes\com\niit\onlineshoppingbackend] for files matching pattern [D:/project1/onlineshoppingbackend/target/classes/com/niit/**/*.class]
15:27:39.063 [main] DEBUG org.springframework.core.io.support.PathMatchingResourcePatternResolver - Resolved location pattern [classpath*:com/niit/**/*.class] to resources [file [D:\project1\onlineshoppingbackend\target\test-classes\com\niit\onlineshoppingbackend\AppTest.class], file [D:\project1\onlineshoppingbackend\target\test-classes\com\niit\testcases\CategoryTestCase.class], file [D:\project1\onlineshoppingbackend\target\test-classes\com\niit\testcases\ProductDAOTestCase.class], file [D:\project1\onlineshoppingbackend\target\test-classes\com\niit\testcases\SupplierDAOTestCase.class], file [D:\project1\onlineshoppingbackend\target\test-classes\com\niit\testcases\TestConfiguration.class], file [D:\project1\onlineshoppingbackend\target\test-classes\com\niit\testcases\UserDAOTestCase.class], file [D:\project1\onlineshoppingbackend\target\classes\com\niit\configuration\ApplicationContextConfig.class], file [D:\project1\onlineshoppingbackend\target\classes\com\niit\dao\CartDAO.class], file [D:\project1\onlineshoppingbackend\target\classes\com\niit\dao\CategoryDAO.class], file [D:\project1\onlineshoppingbackend\target\classes\com\niit\dao\ProductDAO.class], file [D:\project1\onlineshoppingbackend\target\classes\com\niit\dao\SupplierDAO.class], file [D:\project1\onlineshoppingbackend\target\classes\com\niit\dao\UserDAO.class], file [D:\project1\onlineshoppingbackend\target\classes\com\niit\daoimpl\CartDAOImpl.class], file [D:\project1\onlineshoppingbackend\target\classes\com\niit\daoimpl\CategoryDAOImpl.class], file [D:\project1\onlineshoppingbackend\target\classes\com\niit\daoimpl\ProductDAOImpl.class], file [D:\project1\onlineshoppingbackend\target\classes\com\niit\daoimpl\SupplierDAOImpl.class], file [D:\project1\onlineshoppingbackend\target\classes\com\niit\daoimpl\UserDAOImpl.class], file [D:\project1\onlineshoppingbackend\target\classes\com\niit\model\Cart.class], file [D:\project1\onlineshoppingbackend\target\classes\com\niit\model\Category.class], file [D:\project1\onlineshoppingbackend\target\classes\com\niit\model\Product.class], file [D:\project1\onlineshoppingbackend\target\classes\com\niit\model\Supplier.class], file [D:\project1\onlineshoppingbackend\target\classes\com\niit\model\User.class], file [D:\project1\onlineshoppingbackend\target\classes\com\niit\onlineshoppingbackend\App.class]]
15:27:39.072 [main] DEBUG org.hibernate.cfg.Configuration - Building session factory using internal StandardServiceRegistryBuilder
15:27:39.077 [main] DEBUG org.hibernate.service.spi.ServiceBinding - Overriding existing service binding [org.hibernate.secure.spi.JaccService]
15:27:39.078 [main] DEBUG org.hibernate.cfg.Configuration - Building session factory using provided StandardServiceRegistry
15:27:39.092 [main] DEBUG org.hibernate.cache.internal.RegionFactoryInitiator - Cache region factory : org.hibernate.cache.internal.NoCachingRegionFactory
15:27:39.103 [main] INFO org.hibernate.annotations.common.Version - HCANN000001: Hibernate Commons Annotations {5.0.1.Final}
15:27:39.124 [main] DEBUG org.hibernate.type.BasicTypeRegistry - Adding type registration boolean -&gt; org.hibernate.type.BooleanType@4c2bb6e0
15:27:39.124 [main] DEBUG org.hibernate.type.BasicTypeRegistry - Adding type registration boolean -&gt; org.hibernate.type.BooleanType@4c2bb6e0
15:27:39.124 [main] DEBUG org.hibernate.type.BasicTypeRegistry - Adding type registration java.lang.Boolean -&gt; org.hibernate.type.BooleanType@4c2bb6e0
15:27:39.125 [main] DEBUG org.hibernate.type.BasicTypeRegistry - Adding type registration numeric_boolean -&gt; org.hibernate.type.NumericBooleanType@4bff7da0
15:27:39.127 [main] DEBUG org.hibernate.type.BasicTypeRegistry - Adding type registration true_false -&gt; org.hibernate.type.TrueFalseType@18ece7f4
15:27:39.127 [main] DEBUG org.hibernate.type.BasicTypeRegistry - Adding type registration yes_no -&gt; org.hibernate.type.YesNoType@4c5ae43b
15:27:39.128 [main] DEBUG org.hibernate.type.BasicTypeRegistry - Adding type registration byte -&gt; org.hibernate.type.ByteType@747f281
15:27:39.129 [main] DEBUG org.hibernate.type.BasicTypeRegistry - Adding type registration byte -&gt; org.hibernate.type.ByteType@747f281
15:27:39.129 [main] DEBUG org.hibernate.type.BasicTypeRegistry - Adding type registration java.lang.Byte -&gt; org.hibernate.type.ByteType@747f281
15:27:39.130 [main] DEBUG org.hibernate.type.BasicTypeRegistry - Adding type registration character -&gt; org.hibernate.type.CharacterType@2ca923bb
15:27:39.130 [main] DEBUG org.hibernate.type.BasicTypeRegistry - Adding type registration char -&gt; org.hibernate.type.CharacterType@2ca923bb
15:27:39.130 [main] DEBUG org.hibernate.type.BasicTypeRegistry - Adding type registration java.lang.Character -&gt; org.hibernate.type.CharacterType@2ca923bb
15:27:39.132 [main] DEBUG org.hibernate.type.BasicTypeRegistry - Adding type registration short -&gt; org.hibernate.type.ShortType@51bf5add
15:27:39.132 [main] DEBUG org.hibernate.type.BasicTypeRegistry - Adding type registration short -&gt; org.hibernate.type.ShortType@51bf5add
15:27:39.132 [main] DEBUG org.hibernate.type.BasicTypeRegistry - Adding type registration java.lang.Short -&gt; org.hibernate.type.ShortType@51bf5add
15:27:39.133 [main] DEBUG org.hibernate.type.BasicTypeRegistry - Adding type registration integer -&gt; org.hibernate.type.IntegerType@478db956
15:27:39.133 [main] DEBUG org.hibernate.type.BasicTypeRegistry - Adding type registration int -&gt; org.hibernate.type.IntegerType@478db956
15:27:39.133 [main] DEBUG org.hibernate.type.BasicTypeRegistry - Adding type registration java.lang.Integer -&gt; org.hibernate.type.IntegerType@478db956
15:27:39.135 [main] DEBUG org.hibernate.type.BasicTypeRegistry - Adding type registration long -&gt; org.hibernate.type.LongType@19b843ba
15:27:39.135 [main] DEBUG org.hibernate.type.BasicTypeRegistry - Adding type registration long -&gt; org.hibernate.type.LongType@19b843ba
15:27:39.135 [main] DEBUG org.hibernate.type.BasicTypeRegistry - Adding type registration java.lang.Long -&gt; org.hibernate.type.LongType@19b843ba
15:27:39.136 [main] DEBUG org.hibernate.type.BasicTypeRegistry - Adding type registration float -&gt; org.hibernate.type.FloatType@3cfdd820
15:27:39.136 [main] DEBUG org.hibernate.type.BasicTypeRegistry - Adding type registration float -&gt; org.hibernate.type.FloatType@3cfdd820
15:27:39.137 [main] DEBUG org.hibernate.type.BasicTypeRegistry - Adding type registration java.lang.Float -&gt; org.hibernate.type.FloatType@3cfdd820
15:27:39.138 [main] DEBUG org.hibernate.type.BasicTypeRegistry - Adding type registration double -&gt; org.hibernate.type.DoubleType@19976a65
15:27:39.138 [main] DEBUG org.hibernate.type.BasicTypeRegistry - Adding type registration double -&gt; org.hibernate.type.DoubleType@19976a65
15:27:39.138 [main] DEBUG org.hibernate.type.BasicTypeRegistry - Adding type registration java.lang.Double -&gt; org.hibernate.type.DoubleType@19976a65
15:27:39.140 [main] DEBUG org.hibernate.type.BasicTypeRegistry - Adding type registration big_decimal -&gt; org.hibernate.type.BigDecimalType@5e17553a
15:27:39.140 [main] DEBUG org.hibernate.type.BasicTypeRegistry - Adding type registration java.math.BigDecimal -&gt; org.hibernate.type.BigDecimalType@5e17553a
15:27:39.141 [main] DEBUG org.hibernate.type.BasicTypeRegistry - Adding type registration big_integer -&gt; org.hibernate.type.BigIntegerType@27912e3
15:27:39.141 [main] DEBUG org.hibernate.type.BasicTypeRegistry - Adding type registration java.math.BigInteger -&gt; org.hibernate.type.BigIntegerType@27912e3
15:27:39.142 [main] DEBUG org.hibernate.type.BasicTypeRegistry - Adding type registration string -&gt; org.hibernate.type.StringType@30b6ffe0
15:27:39.142 [main] DEBUG org.hibernate.type.BasicTypeRegistry - Adding type registration java.lang.String -&gt; org.hibernate.type.StringType@30b6ffe0
15:27:39.143 [main] DEBUG org.hibernate.type.BasicTypeRegistry - Adding type registration nstring -&gt; org.hibernate.type.StringNVarcharType@24c22fe
15:27:39.144 [main] DEBUG org.hibernate.type.BasicTypeRegistry - Adding type registration ncharacter -&gt; org.hibernate.type.CharacterNCharType@15a04efb
15:27:39.145 [main] DEBUG org.hibernate.type.BasicTypeRegistry - Adding type registration url -&gt; org.hibernate.type.UrlType@3336e6b6
15:27:39.145 [main] DEBUG org.hibernate.type.BasicTypeRegistry - Adding type registration java.net.URL -&gt; org.hibernate.type.UrlType@3336e6b6
15:27:39.146 [main] DEBUG org.hibernate.type.BasicTypeRegistry - Adding type registration Duration -&gt; org.hibernate.type.DurationType@6f3187b0
15:27:39.146 [main] DEBUG org.hibernate.type.BasicTypeRegistry - Adding type registration java.time.Duration -&gt; org.hibernate.type.DurationType@6f3187b0
15:27:39.158 [main] DEBUG org.hibernate.type.BasicTypeRegistry - Adding type registration Instant -&gt; org.hibernate.type.InstantType@6f1c29b7
15:27:39.158 [main] DEBUG org.hibernate.type.BasicTypeRegistry - Adding type registration java.time.Instant -&gt; org.hibernate.type.InstantType@6f1c29b7
15:27:39.159 [main] DEBUG org.hibernate.type.BasicTypeRegistry - Adding type registration LocalDateTime -&gt; org.hibernate.type.LocalDateTimeType@2a7ed1f
15:27:39.159 [main] DEBUG org.hibernate.type.BasicTypeRegistry - Adding type registration java.time.LocalDateTime -&gt; org.hibernate.type.LocalDateTimeType@2a7ed1f
15:27:39.161 [main] DEBUG org.hibernate.type.BasicTypeRegistry - Adding type registration LocalDate -&gt; org.hibernate.type.LocalDateType@495ee280
15:27:39.161 [main] DEBUG org.hibernate.type.BasicTypeRegistry - Adding type registration java.time.LocalDate -&gt; org.hibernate.type.LocalDateType@495ee280
15:27:39.162 [main] DEBUG org.hibernate.type.BasicTypeRegistry - Adding type registration LocalTime -&gt; org.hibernate.type.LocalTimeType@3224a577
15:27:39.162 [main] DEBUG org.hibernate.type.BasicTypeRegistry - Adding type registration java.time.LocalTime -&gt; org.hibernate.type.LocalTimeType@3224a577
15:27:39.164 [main] DEBUG org.hibernate.type.BasicTypeRegistry - Adding type registration OffsetDateTime -&gt; org.hibernate.type.OffsetDateTimeType@1130520d
15:27:39.164 [main] DEBUG org.hibernate.type.BasicTypeRegistry - Adding type registration java.time.OffsetDateTime -&gt; org.hibernate.type.OffsetDateTimeType@1130520d
15:27:39.165 [main] DEBUG org.hibernate.type.BasicTypeRegistry - Adding type registration OffsetTime -&gt; org.hibernate.type.OffsetTimeType@7a3793c7
15:27:39.165 [main] DEBUG org.hibernate.type.BasicTypeRegistry - Adding type registration java.time.OffsetTime -&gt; org.hibernate.type.OffsetTimeType@7a3793c7
15:27:39.168 [main] DEBUG org.hibernate.type.BasicTypeRegistry - Adding type registration ZonedDateTime -&gt; org.hibernate.type.ZonedDateTimeType@4bd31064
15:27:39.168 [main] DEBUG org.hibernate.type.BasicTypeRegistry - Adding type registration java.time.ZonedDateTime -&gt; org.hibernate.type.ZonedDateTimeType@4bd31064
15:27:39.170 [main] DEBUG org.hibernate.type.BasicTypeRegistry - Adding type registration date -&gt; org.hibernate.type.DateType@479cbee5
15:27:39.170 [main] DEBUG org.hibernate.type.BasicTypeRegistry - Adding type registration java.sql.Date -&gt; org.hibernate.type.DateType@479cbee5
15:27:39.179 [main] DEBUG org.hibernate.type.BasicTypeRegistry - Adding type registration time -&gt; org.hibernate.type.TimeType@12299890
15:27:39.179 [main] DEBUG org.hibernate.type.BasicTypeRegistry - Adding type registration java.sql.Time -&gt; org.hibernate.type.TimeType@12299890
15:27:39.180 [main] DEBUG org.hibernate.type.BasicTypeRegistry - Adding type registration timestamp -&gt; org.hibernate.type.TimestampType@62833051
15:27:39.180 [main] DEBUG org.hibernate.type.BasicTypeRegistry - Adding type registration java.sql.Timestamp -&gt; org.hibernate.type.TimestampType@62833051
15:27:39.180 [main] DEBUG org.hibernate.type.BasicTypeRegistry - Adding type registration java.util.Date -&gt; org.hibernate.type.TimestampType@62833051
15:27:39.182 [main] DEBUG org.hibernate.type.BasicTypeRegistry - Adding type registration dbtimestamp -&gt; org.hibernate.type.DbTimestampType@5d99c6b5
15:27:39.183 [main] DEBUG org.hibernate.type.BasicTypeRegistry - Adding type registration calendar -&gt; org.hibernate.type.CalendarType@a82c5f1
15:27:39.183 [main] DEBUG org.hibernate.type.BasicTypeRegistry - Adding type registration java.util.Calendar -&gt; org.hibernate.type.CalendarType@a82c5f1
15:27:39.183 [main] DEBUG org.hibernate.type.BasicTypeRegistry - Adding type registration java.util.GregorianCalendar -&gt; org.hibernate.type.CalendarType@a82c5f1
15:27:39.184 [main] DEBUG org.hibernate.type.BasicTypeRegistry - Adding type registration calendar_date -&gt; org.hibernate.type.CalendarDateType@6a57ae10
15:27:39.185 [main] DEBUG org.hibernate.type.BasicTypeRegistry - Adding type registration locale -&gt; org.hibernate.type.LocaleType@3b79fd76
15:27:39.186 [main] DEBUG org.hibernate.type.BasicTypeRegistry - Adding type registration java.util.Locale -&gt; org.hibernate.type.LocaleType@3b79fd76
15:27:39.187 [main] DEBUG org.hibernate.type.BasicTypeRegistry - Adding type registration currency -&gt; org.hibernate.type.CurrencyType@1863d2fe
15:27:39.187 [main] DEBUG org.hibernate.type.BasicTypeRegistry - Adding type registration java.util.Currency -&gt; org.hibernate.type.CurrencyType@1863d2fe
15:27:39.188 [main] DEBUG org.hibernate.type.BasicTypeRegistry - Adding type registration timezone -&gt; org.hibernate.type.TimeZoneType@797b0699
15:27:39.188 [main] DEBUG org.hibernate.type.BasicTypeRegistry - Adding type registration java.util.TimeZone -&gt; org.hibernate.type.TimeZoneType@797b0699
15:27:39.189 [main] DEBUG org.hibernate.type.BasicTypeRegistry - Adding type registration class -&gt; org.hibernate.type.ClassType@f14a7d4
15:27:39.189 [main] DEBUG org.hibernate.type.BasicTypeRegistry - Adding type registration java.lang.Class -&gt; org.hibernate.type.ClassType@f14a7d4
15:27:39.190 [main] DEBUG org.hibernate.type.BasicTypeRegistry - Adding type registration uuid-binary -&gt; org.hibernate.type.UUIDBinaryType@27508c5d
15:27:39.190 [main] DEBUG org.hibernate.type.BasicTypeRegistry - Adding type registration java.util.UUID -&gt; org.hibernate.type.UUIDBinaryType@27508c5d
15:27:39.191 [main] DEBUG org.hibernate.type.BasicTypeRegistry - Adding type registration uuid-char -&gt; org.hibernate.type.UUIDCharType@1e4d3ce5
15:27:39.192 [main] DEBUG org.hibernate.type.BasicTypeRegistry - Adding type registration binary -&gt; org.hibernate.type.BinaryType@1e81f160
15:27:39.192 [main] DEBUG org.hibernate.type.BasicTypeRegistry - Adding type registration byte[] -&gt; org.hibernate.type.BinaryType@1e81f160
15:27:39.192 [main] DEBUG org.hibernate.type.BasicTypeRegistry - Adding type registration [B -&gt; org.hibernate.type.BinaryType@1e81f160
15:27:39.193 [main] DEBUG org.hibernate.type.BasicTypeRegistry - Adding type registration wrapper-binary -&gt; org.hibernate.type.WrapperBinaryType@6e01f9b0
15:27:39.193 [main] DEBUG org.hibernate.type.BasicTypeRegistry - Adding type registration Byte[] -&gt; org.hibernate.type.WrapperBinaryType@6e01f9b0
15:27:39.193 [main] DEBUG org.hibernate.type.BasicTypeRegistry - Adding type registration [Ljava.lang.Byte; -&gt; org.hibernate.type.WrapperBinaryType@6e01f9b0
15:27:39.194 [main] DEBUG org.hibernate.type.BasicTypeRegistry - Adding type registration row_version -&gt; org.hibernate.type.RowVersionType@59d4cd39
15:27:39.195 [main] DEBUG org.hibernate.type.BasicTypeRegistry - Adding type registration image -&gt; org.hibernate.type.ImageType@1187c9e8
15:27:39.196 [main] DEBUG org.hibernate.type.BasicTypeRegistry - Adding type registration characters -&gt; org.hibernate.type.CharArrayType@16aa8654
15:27:39.196 [main] DEBUG org.hibernate.type.BasicTypeRegistry - Adding type registration char[] -&gt; org.hibernate.type.CharArrayType@16aa8654
15:27:39.196 [main] DEBUG org.hibernate.type.BasicTypeRegistry - Adding type registration [C -&gt; org.hibernate.type.CharArrayType@16aa8654
15:27:39.197 [main] DEBUG org.hibernate.type.BasicTypeRegistry - Adding type registration wrapper-characters -&gt; org.hibernate.type.CharacterArrayType@68034211
15:27:39.197 [main] DEBUG org.hibernate.type.BasicTypeRegistry - Adding type registration [Ljava.lang.Character; -&gt; org.hibernate.type.CharacterArrayType@68034211
15:27:39.197 [main] DEBUG org.hibernate.type.BasicTypeRegistry - Adding type registration Character[] -&gt; org.hibernate.type.CharacterArrayType@68034211
15:27:39.198 [main] DEBUG org.hibernate.type.BasicTypeRegistry - Adding type registration text -&gt; org.hibernate.type.TextType@4167d97b
15:27:39.198 [main] DEBUG org.hibernate.type.BasicTypeRegistry - Adding type registration ntext -&gt; org.hibernate.type.NTextType@57ad2aa7
15:27:39.202 [main] DEBUG org.hibernate.type.BasicTypeRegistry - Adding type registration blob -&gt; org.hibernate.type.BlobType@5c669da8
15:27:39.202 [main] DEBUG org.hibernate.type.BasicTypeRegistry - Adding type registration java.sql.Blob -&gt; org.hibernate.type.BlobType@5c669da8
15:27:39.203 [main] DEBUG org.hibernate.type.BasicTypeRegistry - Adding type registration materialized_blob -&gt; org.hibernate.type.MaterializedBlobType@4032d386
15:27:39.206 [main] DEBUG org.hibernate.type.BasicTypeRegistry - Adding type registration clob -&gt; org.hibernate.type.ClobType@2812b107
15:27:39.206 [main] DEBUG org.hibernate.type.BasicTypeRegistry - Adding type registration java.sql.Clob -&gt; org.hibernate.type.ClobType@2812b107
15:27:39.209 [main] DEBUG org.hibernate.type.BasicTypeRegistry - Adding type registration nclob -&gt; org.hibernate.type.NClobType@3e6f3f28
15:27:39.209 [main] DEBUG org.hibernate.type.BasicTypeRegistry - Adding type registration java.sql.NClob -&gt; org.hibernate.type.NClobType@3e6f3f28
15:27:39.209 [main] DEBUG org.hibernate.type.BasicTypeRegistry - Adding type registration materialized_clob -&gt; org.hibernate.type.MaterializedClobType@7357a011
15:27:39.210 [main] DEBUG org.hibernate.type.BasicTypeRegistry - Adding type registration materialized_nclob -&gt; org.hibernate.type.MaterializedNClobType@68f4865
15:27:39.211 [main] DEBUG org.hibernate.type.BasicTypeRegistry - Adding type registration serializable -&gt; org.hibernate.type.SerializableType@39d9314d
15:27:39.214 [main] DEBUG org.hibernate.type.BasicTypeRegistry - Adding type registration object -&gt; org.hibernate.type.ObjectType@50dfbc58
15:27:39.214 [main] DEBUG org.hibernate.type.BasicTypeRegistry - Adding type registration java.lang.Object -&gt; org.hibernate.type.ObjectType@50dfbc58
15:27:39.214 [main] DEBUG org.hibernate.type.BasicTypeRegistry - Adding type registration imm_date -&gt; org.hibernate.type.AdaptedImmutableType@5e3d57c7
15:27:39.214 [main] DEBUG org.hibernate.type.BasicTypeRegistry - Adding type registration imm_time -&gt; org.hibernate.type.AdaptedImmutableType@732d0d24
15:27:39.214 [main] DEBUG org.hibernate.type.BasicTypeRegistry - Adding type registration imm_timestamp -&gt; org.hibernate.type.AdaptedImmutableType@1fb19a0
15:27:39.214 [main] DEBUG org.hibernate.type.BasicTypeRegistry - Adding type registration imm_dbtimestamp -&gt; org.hibernate.type.AdaptedImmutableType@6ee4d9ab
15:27:39.215 [main] DEBUG org.hibernate.type.BasicTypeRegistry - Adding type registration imm_calendar -&gt; org.hibernate.type.AdaptedImmutableType@5a5338df
15:27:39.215 [main] DEBUG org.hibernate.type.BasicTypeRegistry - Adding type registration imm_calendar_date -&gt; org.hibernate.type.AdaptedImmutableType@418c5a9c
15:27:39.215 [main] DEBUG org.hibernate.type.BasicTypeRegistry - Adding type registration imm_binary -&gt; org.hibernate.type.AdaptedImmutableType@18e36d14
15:27:39.215 [main] DEBUG org.hibernate.type.BasicTypeRegistry - Adding type registration imm_serializable -&gt; org.hibernate.type.AdaptedImmutableType@5082d622
15:27:39.226 [main] DEBUG org.springframework.jdbc.datasource.DriverManagerDataSource - Creating new JDBC DriverManager Connection to [jdbc:h2:tcp://localhost/~/s190127]
15:27:39.283 [main] DEBUG org.hibernate.engine.jdbc.env.internal.JdbcEnvironmentInitiator - Database -&gt;
       name : H2
    version : 1.4.197 (2018-03-18)
      major : 1
      minor : 4
15:27:39.283 [main] DEBUG org.hibernate.engine.jdbc.env.internal.JdbcEnvironmentInitiator - Driver -&gt;
       name : H2 JDBC Driver
    version : 1.4.197 (2018-03-18)
      major : 1
      minor : 4
15:27:39.283 [main] DEBUG org.hibernate.engine.jdbc.env.internal.JdbcEnvironmentInitiator - JDBC version : 4.0
15:27:39.295 [main] INFO org.hibernate.dialect.Dialect - HHH000400: Using dialect: org.hibernate.dialect.H2Dialect
15:27:39.435 [main] DEBUG org.hibernate.id.factory.internal.DefaultIdentifierGeneratorFactory - Registering IdentifierGenerator strategy [uuid2] -&gt; [org.hibernate.id.UUIDGenerator]
15:27:39.435 [main] DEBUG org.hibernate.id.factory.internal.DefaultIdentifierGeneratorFactory - Registering IdentifierGenerator strategy [guid] -&gt; [org.hibernate.id.GUIDGenerator]
15:27:39.436 [main] DEBUG org.hibernate.id.factory.internal.DefaultIdentifierGeneratorFactory - Registering IdentifierGenerator strategy [uuid] -&gt; [org.hibernate.id.UUIDHexGenerator]
15:27:39.436 [main] DEBUG org.hibernate.id.factory.internal.DefaultIdentifierGeneratorFactory - Registering IdentifierGenerator strategy [uuid.hex] -&gt; [org.hibernate.id.UUIDHexGenerator]
15:27:39.436 [main] DEBUG org.hibernate.id.factory.internal.DefaultIdentifierGeneratorFactory - Registering IdentifierGenerator strategy [assigned] -&gt; [org.hibernate.id.Assigned]
15:27:39.437 [main] DEBUG org.hibernate.id.factory.internal.DefaultIdentifierGeneratorFactory - Registering IdentifierGenerator strategy [identity] -&gt; [org.hibernate.id.IdentityGenerator]
15:27:39.438 [main] DEBUG org.hibernate.id.factory.internal.DefaultIdentifierGeneratorFactory - Registering IdentifierGenerator strategy [select] -&gt; [org.hibernate.id.SelectGenerator]
15:27:39.439 [main] DEBUG org.hibernate.id.factory.internal.DefaultIdentifierGeneratorFactory - Registering IdentifierGenerator strategy [sequence] -&gt; [org.hibernate.id.enhanced.SequenceStyleGenerator]
15:27:39.439 [main] DEBUG org.hibernate.id.factory.internal.DefaultIdentifierGeneratorFactory - Registering IdentifierGenerator strategy [seqhilo] -&gt; [org.hibernate.id.SequenceHiLoGenerator]
15:27:39.440 [main] DEBUG org.hibernate.id.factory.internal.DefaultIdentifierGeneratorFactory - Registering IdentifierGenerator strategy [increment] -&gt; [org.hibernate.id.IncrementGenerator]
15:27:39.440 [main] DEBUG org.hibernate.id.factory.internal.DefaultIdentifierGeneratorFactory - Registering IdentifierGenerator strategy [foreign] -&gt; [org.hibernate.id.ForeignGenerator]
15:27:39.441 [main] DEBUG org.hibernate.id.factory.internal.DefaultIdentifierGeneratorFactory - Registering IdentifierGenerator strategy [sequence-identity] -&gt; [org.hibernate.id.SequenceIdentityGenerator]
15:27:39.441 [main] DEBUG org.hibernate.id.factory.internal.DefaultIdentifierGeneratorFactory - Registering IdentifierGenerator strategy [enhanced-sequence] -&gt; [org.hibernate.id.enhanced.SequenceStyleGenerator]
15:27:39.442 [main] DEBUG org.hibernate.id.factory.internal.DefaultIdentifierGeneratorFactory - Registering IdentifierGenerator strategy [enhanced-table] -&gt; [org.hibernate.id.enhanced.TableGenerator]
15:27:39.469 [main] DEBUG org.hibernate.boot.model.relational.Namespace - Created database namespace [logicalName=Name{catalog=null, schema=null}, physicalName=Name{catalog=null, schema=null}]
15:27:39.491 [main] DEBUG org.hibernate.cfg.AnnotationBinder - Binding entity from annotated class: com.niit.model.Cart
15:27:39.511 [main] DEBUG org.hibernate.cfg.Ejb3Column - Binding column: Ejb3DiscriminatorColumn{logicalColumnName&apos;DTYPE&apos;, discriminatorTypeName=&apos;string&apos;}
15:27:39.516 [main] DEBUG org.hibernate.cfg.annotations.EntityBinder - Import with entity name Cart
15:27:39.520 [main] DEBUG org.hibernate.cfg.annotations.EntityBinder - Bind entity com.niit.model.Cart on table Cart
15:27:39.539 [main] DEBUG org.hibernate.cfg.Ejb3Column - Binding column: Ejb3Column{table=org.hibernate.mapping.Table(Cart), mappingColumn=id, insertable=true, updatable=true, unique=false}
15:27:39.542 [main] DEBUG org.hibernate.cfg.annotations.PropertyBinder - MetadataSourceProcessor property id with lazy=false
15:27:39.543 [main] DEBUG org.hibernate.cfg.AbstractPropertyHolder - Attempting to locate auto-apply AttributeConverter for property [com.niit.model.Cart:id]
15:27:39.544 [main] DEBUG org.hibernate.cfg.annotations.SimpleValueBinder - building SimpleValue for id
15:27:39.546 [main] DEBUG org.hibernate.cfg.annotations.PropertyBinder - Building property id
15:27:39.548 [main] DEBUG org.hibernate.cfg.Ejb3Column - Binding column: Ejb3Column{table=org.hibernate.mapping.Table(Cart), mappingColumn=emailID, insertable=true, updatable=true, unique=false}
15:27:39.548 [main] DEBUG org.hibernate.cfg.annotations.PropertyBinder - MetadataSourceProcessor property emailID with lazy=false
15:27:39.549 [main] DEBUG org.hibernate.cfg.AbstractPropertyHolder - Attempting to locate auto-apply AttributeConverter for property [com.niit.model.Cart:emailID]
15:27:39.549 [main] DEBUG org.hibernate.cfg.annotations.SimpleValueBinder - building SimpleValue for emailID
15:27:39.549 [main] DEBUG org.hibernate.cfg.annotations.PropertyBinder - Building property emailID
15:27:39.549 [main] DEBUG org.hibernate.cfg.Ejb3Column - Binding column: Ejb3Column{table=org.hibernate.mapping.Table(Cart), mappingColumn=price, insertable=true, updatable=true, unique=false}
15:27:39.549 [main] DEBUG org.hibernate.cfg.annotations.PropertyBinder - MetadataSourceProcessor property price with lazy=false
15:27:39.549 [main] DEBUG org.hibernate.cfg.AbstractPropertyHolder - Attempting to locate auto-apply AttributeConverter for property [com.niit.model.Cart:price]
15:27:39.549 [main] DEBUG org.hibernate.cfg.annotations.SimpleValueBinder - building SimpleValue for price
15:27:39.549 [main] DEBUG org.hibernate.cfg.annotations.PropertyBinder - Building property price
15:27:39.549 [main] DEBUG org.hibernate.cfg.Ejb3Column - Binding column: Ejb3Column{table=org.hibernate.mapping.Table(Cart), mappingColumn=productID, insertable=true, updatable=true, unique=false}
15:27:39.549 [main] DEBUG org.hibernate.cfg.annotations.PropertyBinder - MetadataSourceProcessor property productID with lazy=false
15:27:39.549 [main] DEBUG org.hibernate.cfg.AbstractPropertyHolder - Attempting to locate auto-apply AttributeConverter for property [com.niit.model.Cart:productID]
15:27:39.550 [main] DEBUG org.hibernate.cfg.annotations.SimpleValueBinder - building SimpleValue for productID
15:27:39.550 [main] DEBUG org.hibernate.cfg.annotations.PropertyBinder - Building property productID
15:27:39.550 [main] DEBUG org.hibernate.cfg.Ejb3Column - Binding column: Ejb3Column{table=org.hibernate.mapping.Table(Cart), mappingColumn=productName, insertable=true, updatable=true, unique=false}
15:27:39.550 [main] DEBUG org.hibernate.cfg.annotations.PropertyBinder - MetadataSourceProcessor property productName with lazy=false
15:27:39.550 [main] DEBUG org.hibernate.cfg.AbstractPropertyHolder - Attempting to locate auto-apply AttributeConverter for property [com.niit.model.Cart:productName]
15:27:39.550 [main] DEBUG org.hibernate.cfg.annotations.SimpleValueBinder - building SimpleValue for productName
15:27:39.550 [main] DEBUG org.hibernate.cfg.annotations.PropertyBinder - Building property productName
15:27:39.550 [main] DEBUG org.hibernate.cfg.Ejb3Column - Binding column: Ejb3Column{table=org.hibernate.mapping.Table(Cart), mappingColumn=quantity, insertable=true, updatable=true, unique=false}
15:27:39.550 [main] DEBUG org.hibernate.cfg.annotations.PropertyBinder - MetadataSourceProcessor property quantity with lazy=false
15:27:39.550 [main] DEBUG org.hibernate.cfg.AbstractPropertyHolder - Attempting to locate auto-apply AttributeConverter for property [com.niit.model.Cart:quantity]
15:27:39.551 [main] DEBUG org.hibernate.cfg.annotations.SimpleValueBinder - building SimpleValue for quantity
15:27:39.551 [main] DEBUG org.hibernate.cfg.annotations.PropertyBinder - Building property quantity
15:27:39.551 [main] DEBUG org.hibernate.cfg.AnnotationBinder - Binding entity from annotated class: com.niit.model.Category
15:27:39.552 [main] DEBUG org.hibernate.cfg.Ejb3Column - Binding column: Ejb3DiscriminatorColumn{logicalColumnName&apos;DTYPE&apos;, discriminatorTypeName=&apos;string&apos;}
15:27:39.552 [main] DEBUG org.hibernate.cfg.annotations.EntityBinder - Import with entity name Category
15:27:39.552 [main] DEBUG org.hibernate.cfg.annotations.EntityBinder - Bind entity com.niit.model.Category on table Category
15:27:39.555 [main] DEBUG org.hibernate.cfg.Ejb3Column - Binding column: Ejb3Column{table=org.hibernate.mapping.Table(Category), mappingColumn=id, insertable=true, updatable=true, unique=false}
15:27:39.556 [main] DEBUG org.hibernate.cfg.annotations.PropertyBinder - MetadataSourceProcessor property id with lazy=false
15:27:39.556 [main] DEBUG org.hibernate.cfg.AbstractPropertyHolder - Attempting to locate auto-apply AttributeConverter for property [com.niit.model.Category:id]
15:27:39.556 [main] DEBUG org.hibernate.cfg.annotations.SimpleValueBinder - building SimpleValue for id
15:27:39.556 [main] DEBUG org.hibernate.cfg.annotations.PropertyBinder - Building property id
15:27:39.556 [main] DEBUG org.hibernate.cfg.Ejb3Column - Binding column: Ejb3Column{table=org.hibernate.mapping.Table(Category), mappingColumn=description, insertable=true, updatable=true, unique=false}
15:27:39.556 [main] DEBUG org.hibernate.cfg.annotations.PropertyBinder - MetadataSourceProcessor property description with lazy=false
15:27:39.556 [main] DEBUG org.hibernate.cfg.AbstractPropertyHolder - Attempting to locate auto-apply AttributeConverter for property [com.niit.model.Category:description]
15:27:39.556 [main] DEBUG org.hibernate.cfg.annotations.SimpleValueBinder - building SimpleValue for description
15:27:39.556 [main] DEBUG org.hibernate.cfg.annotations.PropertyBinder - Building property description
15:27:39.556 [main] DEBUG org.hibernate.cfg.Ejb3Column - Binding column: Ejb3Column{table=org.hibernate.mapping.Table(Category), mappingColumn=name, insertable=true, updatable=true, unique=false}
15:27:39.556 [main] DEBUG org.hibernate.cfg.annotations.PropertyBinder - MetadataSourceProcessor property name with lazy=false
15:27:39.556 [main] DEBUG org.hibernate.cfg.AbstractPropertyHolder - Attempting to locate auto-apply AttributeConverter for property [com.niit.model.Category:name]
15:27:39.557 [main] DEBUG org.hibernate.cfg.annotations.SimpleValueBinder - building SimpleValue for name
15:27:39.557 [main] DEBUG org.hibernate.cfg.annotations.PropertyBinder - Building property name
15:27:39.558 [main] DEBUG org.hibernate.cfg.Ejb3Column - Binding column: Ejb3JoinColumn{logicalColumnName=&apos;null&apos;, referencedColumn=&apos;null&apos;, mappedBy=&apos;category&apos;}
15:27:39.558 [main] DEBUG org.hibernate.cfg.Ejb3Column - Binding column: Ejb3Column{table=org.hibernate.mapping.Table(Category), mappingColumn=products, insertable=true, updatable=true, unique=false}
15:27:39.559 [main] DEBUG org.hibernate.cfg.Ejb3Column - Binding column: Ejb3Column{table=org.hibernate.mapping.Table(Category), mappingColumn=null, insertable=true, updatable=true, unique=false}
15:27:39.568 [main] DEBUG org.hibernate.cfg.Ejb3Column - Binding column: Ejb3Column{table=org.hibernate.mapping.Table(Category), mappingColumn=element, insertable=true, updatable=true, unique=false}
15:27:39.568 [main] DEBUG org.hibernate.cfg.Ejb3Column - Binding column: Ejb3Column{table=org.hibernate.mapping.Table(Category), mappingColumn=products_KEY, insertable=true, updatable=true, unique=false}
15:27:39.569 [main] DEBUG org.hibernate.cfg.Ejb3Column - Binding column: Ejb3JoinColumn{logicalColumnName=&apos;products_KEY&apos;, referencedColumn=&apos;null&apos;, mappedBy=&apos;null&apos;}
15:27:39.570 [main] DEBUG org.hibernate.cfg.Ejb3Column - Binding column: Ejb3JoinColumn{logicalColumnName=&apos;null&apos;, referencedColumn=&apos;null&apos;, mappedBy=&apos;category&apos;}
15:27:39.570 [main] DEBUG org.hibernate.cfg.Ejb3Column - Binding column: Ejb3JoinColumn{logicalColumnName=&apos;null&apos;, referencedColumn=&apos;null&apos;, mappedBy=&apos;category&apos;}
15:27:39.570 [main] DEBUG org.hibernate.cfg.annotations.CollectionBinder - Collection role: com.niit.model.Category.products
15:27:39.573 [main] DEBUG org.hibernate.cfg.annotations.PropertyBinder - Building property products
15:27:39.573 [main] DEBUG org.hibernate.cfg.AnnotationBinder - Binding entity from annotated class: com.niit.model.Product
15:27:39.573 [main] DEBUG org.hibernate.cfg.Ejb3Column - Binding column: Ejb3DiscriminatorColumn{logicalColumnName&apos;DTYPE&apos;, discriminatorTypeName=&apos;string&apos;}
15:27:39.573 [main] DEBUG org.hibernate.cfg.annotations.EntityBinder - Import with entity name Product
15:27:39.573 [main] DEBUG org.hibernate.cfg.annotations.EntityBinder - Bind entity com.niit.model.Product on table Product
15:27:39.578 [main] DEBUG org.hibernate.cfg.Ejb3Column - Binding column: Ejb3Column{table=org.hibernate.mapping.Table(Product), mappingColumn=id, insertable=true, updatable=true, unique=false}
15:27:39.578 [main] DEBUG org.hibernate.cfg.annotations.PropertyBinder - MetadataSourceProcessor property id with lazy=false
15:27:39.578 [main] DEBUG org.hibernate.cfg.AbstractPropertyHolder - Attempting to locate auto-apply AttributeConverter for property [com.niit.model.Product:id]
15:27:39.578 [main] DEBUG org.hibernate.cfg.annotations.SimpleValueBinder - building SimpleValue for id
15:27:39.578 [main] DEBUG org.hibernate.cfg.annotations.PropertyBinder - Building property id
15:27:39.579 [main] DEBUG org.hibernate.cfg.Ejb3Column - Binding column: Ejb3JoinColumn{logicalColumnName=&apos;categoryId&apos;, referencedColumn=&apos;&apos;, mappedBy=&apos;&apos;}
15:27:39.579 [main] DEBUG org.hibernate.cfg.Ejb3Column - Binding column: Ejb3Column{table=org.hibernate.mapping.Table(Product), mappingColumn=category, insertable=true, updatable=true, unique=false}
15:27:39.580 [main] DEBUG org.hibernate.cfg.annotations.PropertyBinder - Building property category
15:27:39.581 [main] DEBUG org.hibernate.cfg.Ejb3Column - Binding column: Ejb3Column{table=org.hibernate.mapping.Table(Product), mappingColumn=categoryId, insertable=true, updatable=true, unique=false}
15:27:39.581 [main] DEBUG org.hibernate.cfg.annotations.PropertyBinder - MetadataSourceProcessor property categoryId with lazy=false
15:27:39.581 [main] DEBUG org.hibernate.cfg.AbstractPropertyHolder - Attempting to locate auto-apply AttributeConverter for property [com.niit.model.Product:categoryId]
15:27:39.581 [main] DEBUG org.hibernate.cfg.annotations.SimpleValueBinder - building SimpleValue for categoryId
15:27:39.581 [main] DEBUG org.hibernate.cfg.annotations.PropertyBinder - Building property categoryId
15:27:39.581 [main] DEBUG org.hibernate.cfg.Ejb3Column - Binding column: Ejb3Column{table=org.hibernate.mapping.Table(Product), mappingColumn=description, insertable=true, updatable=true, unique=false}
15:27:39.581 [main] DEBUG org.hibernate.cfg.annotations.PropertyBinder - MetadataSourceProcessor property description with lazy=false
15:27:39.581 [main] DEBUG org.hibernate.cfg.AbstractPropertyHolder - Attempting to locate auto-apply AttributeConverter for property [com.niit.model.Product:description]
15:27:39.581 [main] DEBUG org.hibernate.cfg.annotations.SimpleValueBinder - building SimpleValue for description
15:27:39.581 [main] DEBUG org.hibernate.cfg.annotations.PropertyBinder - Building property description
15:27:39.581 [main] DEBUG org.hibernate.cfg.Ejb3Column - Binding column: Ejb3Column{table=org.hibernate.mapping.Table(Product), mappingColumn=name, insertable=true, updatable=true, unique=false}
15:27:39.581 [main] DEBUG org.hibernate.cfg.annotations.PropertyBinder - MetadataSourceProcessor property name with lazy=false
15:27:39.581 [main] DEBUG org.hibernate.cfg.AbstractPropertyHolder - Attempting to locate auto-apply AttributeConverter for property [com.niit.model.Product:name]
15:27:39.582 [main] DEBUG org.hibernate.cfg.annotations.SimpleValueBinder - building SimpleValue for name
15:27:39.582 [main] DEBUG org.hibernate.cfg.annotations.PropertyBinder - Building property name
15:27:39.582 [main] DEBUG org.hibernate.cfg.Ejb3Column - Binding column: Ejb3Column{table=org.hibernate.mapping.Table(Product), mappingColumn=price, insertable=true, updatable=true, unique=false}
15:27:39.582 [main] DEBUG org.hibernate.cfg.annotations.PropertyBinder - MetadataSourceProcessor property price with lazy=false
15:27:39.582 [main] DEBUG org.hibernate.cfg.AbstractPropertyHolder - Attempting to locate auto-apply AttributeConverter for property [com.niit.model.Product:price]
15:27:39.582 [main] DEBUG org.hibernate.cfg.annotations.SimpleValueBinder - building SimpleValue for price
15:27:39.582 [main] DEBUG org.hibernate.cfg.annotations.PropertyBinder - Building property price
15:27:39.582 [main] DEBUG org.hibernate.cfg.Ejb3Column - Binding column: Ejb3JoinColumn{logicalColumnName=&apos;supplierid&apos;, referencedColumn=&apos;&apos;, mappedBy=&apos;&apos;}
15:27:39.582 [main] DEBUG org.hibernate.cfg.Ejb3Column - Binding column: Ejb3Column{table=org.hibernate.mapping.Table(Product), mappingColumn=supplier, insertable=true, updatable=true, unique=false}
15:27:39.582 [main] DEBUG org.hibernate.cfg.annotations.PropertyBinder - Building property supplier
15:27:39.582 [main] DEBUG org.hibernate.cfg.Ejb3Column - Binding column: Ejb3Column{table=org.hibernate.mapping.Table(Product), mappingColumn=supplierId, insertable=true, updatable=true, unique=false}
15:27:39.583 [main] DEBUG org.hibernate.cfg.annotations.PropertyBinder - MetadataSourceProcessor property supplierId with lazy=false
15:27:39.583 [main] DEBUG org.hibernate.cfg.AbstractPropertyHolder - Attempting to locate auto-apply AttributeConverter for property [com.niit.model.Product:supplierId]
15:27:39.583 [main] DEBUG org.hibernate.cfg.annotations.SimpleValueBinder - building SimpleValue for supplierId
15:27:39.583 [main] DEBUG org.hibernate.cfg.annotations.PropertyBinder - Building property supplierId
15:27:39.583 [main] DEBUG org.hibernate.cfg.AnnotationBinder - Binding entity from annotated class: com.niit.model.Supplier
15:27:39.583 [main] DEBUG org.hibernate.cfg.Ejb3Column - Binding column: Ejb3DiscriminatorColumn{logicalColumnName&apos;DTYPE&apos;, discriminatorTypeName=&apos;string&apos;}
15:27:39.583 [main] DEBUG org.hibernate.cfg.annotations.EntityBinder - Import with entity name Supplier
15:27:39.583 [main] DEBUG org.hibernate.cfg.annotations.EntityBinder - Bind entity com.niit.model.Supplier on table Supplier
15:27:39.584 [main] DEBUG org.hibernate.cfg.Ejb3Column - Binding column: Ejb3Column{table=org.hibernate.mapping.Table(Supplier), mappingColumn=id, insertable=true, updatable=true, unique=false}
15:27:39.584 [main] DEBUG org.hibernate.cfg.annotations.PropertyBinder - MetadataSourceProcessor property id with lazy=false
15:27:39.584 [main] DEBUG org.hibernate.cfg.AbstractPropertyHolder - Attempting to locate auto-apply AttributeConverter for property [com.niit.model.Supplier:id]
15:27:39.584 [main] DEBUG org.hibernate.cfg.annotations.SimpleValueBinder - building SimpleValue for id
15:27:39.585 [main] DEBUG org.hibernate.cfg.annotations.PropertyBinder - Building property id
15:27:39.585 [main] DEBUG org.hibernate.cfg.Ejb3Column - Binding column: Ejb3Column{table=org.hibernate.mapping.Table(Supplier), mappingColumn=address, insertable=true, updatable=true, unique=false}
15:27:39.585 [main] DEBUG org.hibernate.cfg.annotations.PropertyBinder - MetadataSourceProcessor property address with lazy=false
15:27:39.585 [main] DEBUG org.hibernate.cfg.AbstractPropertyHolder - Attempting to locate auto-apply AttributeConverter for property [com.niit.model.Supplier:address]
15:27:39.585 [main] DEBUG org.hibernate.cfg.annotations.SimpleValueBinder - building SimpleValue for address
15:27:39.585 [main] DEBUG org.hibernate.cfg.annotations.PropertyBinder - Building property address
15:27:39.585 [main] DEBUG org.hibernate.cfg.Ejb3Column - Binding column: Ejb3Column{table=org.hibernate.mapping.Table(Supplier), mappingColumn=name, insertable=true, updatable=true, unique=false}
15:27:39.585 [main] DEBUG org.hibernate.cfg.annotations.PropertyBinder - MetadataSourceProcessor property name with lazy=false
15:27:39.585 [main] DEBUG org.hibernate.cfg.AbstractPropertyHolder - Attempting to locate auto-apply AttributeConverter for property [com.niit.model.Supplier:name]
15:27:39.585 [main] DEBUG org.hibernate.cfg.annotations.SimpleValueBinder - building SimpleValue for name
15:27:39.585 [main] DEBUG org.hibernate.cfg.annotations.PropertyBinder - Building property name
15:27:39.586 [main] DEBUG org.hibernate.cfg.Ejb3Column - Binding column: Ejb3JoinColumn{logicalColumnName=&apos;null&apos;, referencedColumn=&apos;null&apos;, mappedBy=&apos;supplier&apos;}
15:27:39.586 [main] DEBUG org.hibernate.cfg.Ejb3Column - Binding column: Ejb3Column{table=org.hibernate.mapping.Table(Supplier), mappingColumn=products, insertable=true, updatable=true, unique=false}
15:27:39.586 [main] DEBUG org.hibernate.cfg.Ejb3Column - Binding column: Ejb3Column{table=org.hibernate.mapping.Table(Supplier), mappingColumn=null, insertable=true, updatable=true, unique=false}
15:27:39.586 [main] DEBUG org.hibernate.cfg.Ejb3Column - Binding column: Ejb3Column{table=org.hibernate.mapping.Table(Supplier), mappingColumn=element, insertable=true, updatable=true, unique=false}
15:27:39.586 [main] DEBUG org.hibernate.cfg.Ejb3Column - Binding column: Ejb3Column{table=org.hibernate.mapping.Table(Supplier), mappingColumn=products_KEY, insertable=true, updatable=true, unique=false}
15:27:39.586 [main] DEBUG org.hibernate.cfg.Ejb3Column - Binding column: Ejb3JoinColumn{logicalColumnName=&apos;products_KEY&apos;, referencedColumn=&apos;null&apos;, mappedBy=&apos;null&apos;}
15:27:39.586 [main] DEBUG org.hibernate.cfg.Ejb3Column - Binding column: Ejb3JoinColumn{logicalColumnName=&apos;null&apos;, referencedColumn=&apos;null&apos;, mappedBy=&apos;supplier&apos;}
15:27:39.586 [main] DEBUG org.hibernate.cfg.Ejb3Column - Binding column: Ejb3JoinColumn{logicalColumnName=&apos;null&apos;, referencedColumn=&apos;null&apos;, mappedBy=&apos;supplier&apos;}
15:27:39.586 [main] DEBUG org.hibernate.cfg.annotations.CollectionBinder - Collection role: com.niit.model.Supplier.products
15:27:39.586 [main] DEBUG org.hibernate.cfg.annotations.PropertyBinder - Building property products
15:27:39.586 [main] DEBUG org.hibernate.cfg.AnnotationBinder - Binding entity from annotated class: com.niit.model.User
15:27:39.587 [main] DEBUG org.hibernate.cfg.Ejb3Column - Binding column: Ejb3DiscriminatorColumn{logicalColumnName&apos;DTYPE&apos;, discriminatorTypeName=&apos;string&apos;}
15:27:39.587 [main] DEBUG org.hibernate.cfg.annotations.EntityBinder - Import with entity name User
15:27:39.587 [main] DEBUG org.hibernate.cfg.annotations.EntityBinder - Bind entity com.niit.model.User on table User
15:27:39.589 [main] DEBUG org.hibernate.cfg.Ejb3Column - Binding column: Ejb3Column{table=org.hibernate.mapping.Table(User), mappingColumn=emailID, insertable=true, updatable=true, unique=false}
15:27:39.589 [main] DEBUG org.hibernate.cfg.annotations.PropertyBinder - MetadataSourceProcessor property emailID with lazy=false
15:27:39.589 [main] DEBUG org.hibernate.cfg.AbstractPropertyHolder - Attempting to locate auto-apply AttributeConverter for property [com.niit.model.User:emailID]
15:27:39.589 [main] DEBUG org.hibernate.cfg.annotations.SimpleValueBinder - building SimpleValue for emailID
15:27:39.589 [main] DEBUG org.hibernate.cfg.annotations.PropertyBinder - Building property emailID
15:27:39.590 [main] DEBUG org.hibernate.cfg.Ejb3Column - Binding column: Ejb3Column{table=org.hibernate.mapping.Table(User), mappingColumn=mobile, insertable=true, updatable=true, unique=false}
15:27:39.590 [main] DEBUG org.hibernate.cfg.annotations.PropertyBinder - MetadataSourceProcessor property mobile with lazy=false
15:27:39.590 [main] DEBUG org.hibernate.cfg.AbstractPropertyHolder - Attempting to locate auto-apply AttributeConverter for property [com.niit.model.User:mobile]
15:27:39.590 [main] DEBUG org.hibernate.cfg.annotations.SimpleValueBinder - building SimpleValue for mobile
15:27:39.590 [main] DEBUG org.hibernate.cfg.annotations.PropertyBinder - Building property mobile
15:27:39.590 [main] DEBUG org.hibernate.cfg.Ejb3Column - Binding column: Ejb3Column{table=org.hibernate.mapping.Table(User), mappingColumn=name, insertable=true, updatable=true, unique=false}
15:27:39.590 [main] DEBUG org.hibernate.cfg.annotations.PropertyBinder - MetadataSourceProcessor property name with lazy=false
15:27:39.590 [main] DEBUG org.hibernate.cfg.AbstractPropertyHolder - Attempting to locate auto-apply AttributeConverter for property [com.niit.model.User:name]
15:27:39.590 [main] DEBUG org.hibernate.cfg.annotations.SimpleValueBinder - building SimpleValue for name
15:27:39.590 [main] DEBUG org.hibernate.cfg.annotations.PropertyBinder - Building property name
15:27:39.591 [main] DEBUG org.hibernate.cfg.Ejb3Column - Binding column: Ejb3Column{table=org.hibernate.mapping.Table(User), mappingColumn=password, insertable=true, updatable=true, unique=false}
15:27:39.592 [main] DEBUG org.hibernate.cfg.annotations.PropertyBinder - MetadataSourceProcessor property pwd with lazy=false
15:27:39.593 [main] DEBUG org.hibernate.cfg.AbstractPropertyHolder - Attempting to locate auto-apply AttributeConverter for property [com.niit.model.User:pwd]
15:27:39.593 [main] DEBUG org.hibernate.cfg.annotations.SimpleValueBinder - building SimpleValue for pwd
15:27:39.593 [main] DEBUG org.hibernate.cfg.annotations.PropertyBinder - Building property pwd
15:27:39.593 [main] DEBUG org.hibernate.cfg.Ejb3Column - Binding column: Ejb3Column{table=org.hibernate.mapping.Table(User), mappingColumn=registeredDate, insertable=true, updatable=true, unique=false}
15:27:39.593 [main] DEBUG org.hibernate.cfg.annotations.PropertyBinder - MetadataSourceProcessor property registeredDate with lazy=false
15:27:39.593 [main] DEBUG org.hibernate.cfg.AbstractPropertyHolder - Attempting to locate auto-apply AttributeConverter for property [com.niit.model.User:registeredDate]
15:27:39.593 [main] DEBUG org.hibernate.cfg.annotations.SimpleValueBinder - building SimpleValue for registeredDate
15:27:39.593 [main] DEBUG org.hibernate.cfg.annotations.PropertyBinder - Building property registeredDate
15:27:39.593 [main] DEBUG org.hibernate.cfg.Ejb3Column - Binding column: Ejb3Column{table=org.hibernate.mapping.Table(User), mappingColumn=role, insertable=true, updatable=true, unique=false}
15:27:39.594 [main] DEBUG org.hibernate.cfg.annotations.PropertyBinder - MetadataSourceProcessor property role with lazy=false
15:27:39.594 [main] DEBUG org.hibernate.cfg.AbstractPropertyHolder - Attempting to locate auto-apply AttributeConverter for property [com.niit.model.User:role]
15:27:39.594 [main] DEBUG org.hibernate.cfg.annotations.SimpleValueBinder - building SimpleValue for role
15:27:39.594 [main] DEBUG org.hibernate.cfg.annotations.PropertyBinder - Building property role
15:27:39.595 [main] DEBUG org.hibernate.cfg.annotations.SimpleValueBinder - Starting fillSimpleValue for id
15:27:39.595 [main] DEBUG org.hibernate.cfg.annotations.SimpleValueBinder - Starting fillSimpleValue for emailID
15:27:39.595 [main] DEBUG org.hibernate.cfg.annotations.SimpleValueBinder - Starting fillSimpleValue for price
15:27:39.595 [main] DEBUG org.hibernate.cfg.annotations.SimpleValueBinder - Starting fillSimpleValue for productID
15:27:39.595 [main] DEBUG org.hibernate.cfg.annotations.SimpleValueBinder - Starting fillSimpleValue for productName
15:27:39.595 [main] DEBUG org.hibernate.cfg.annotations.SimpleValueBinder - Starting fillSimpleValue for quantity
15:27:39.595 [main] DEBUG org.hibernate.cfg.annotations.SimpleValueBinder - Starting fillSimpleValue for id
15:27:39.595 [main] DEBUG org.hibernate.cfg.annotations.SimpleValueBinder - Starting fillSimpleValue for description
15:27:39.595 [main] DEBUG org.hibernate.cfg.annotations.SimpleValueBinder - Starting fillSimpleValue for name
15:27:39.595 [main] DEBUG org.hibernate.cfg.annotations.SimpleValueBinder - Starting fillSimpleValue for id
15:27:39.595 [main] DEBUG org.hibernate.cfg.annotations.SimpleValueBinder - Starting fillSimpleValue for categoryId
15:27:39.595 [main] DEBUG org.hibernate.cfg.annotations.SimpleValueBinder - Starting fillSimpleValue for description
15:27:39.595 [main] DEBUG org.hibernate.cfg.annotations.SimpleValueBinder - Starting fillSimpleValue for name
15:27:39.595 [main] DEBUG org.hibernate.cfg.annotations.SimpleValueBinder - Starting fillSimpleValue for price
15:27:39.595 [main] DEBUG org.hibernate.cfg.annotations.SimpleValueBinder - Starting fillSimpleValue for supplierId
15:27:39.595 [main] DEBUG org.hibernate.cfg.annotations.SimpleValueBinder - Starting fillSimpleValue for id
15:27:39.595 [main] DEBUG org.hibernate.cfg.annotations.SimpleValueBinder - Starting fillSimpleValue for address
15:27:39.596 [main] DEBUG org.hibernate.cfg.annotations.SimpleValueBinder - Starting fillSimpleValue for name
15:27:39.596 [main] DEBUG org.hibernate.cfg.annotations.SimpleValueBinder - Starting fillSimpleValue for emailID
15:27:39.596 [main] DEBUG org.hibernate.cfg.annotations.SimpleValueBinder - Starting fillSimpleValue for mobile
15:27:39.597 [main] DEBUG org.hibernate.cfg.annotations.SimpleValueBinder - Starting fillSimpleValue for name
15:27:39.597 [main] DEBUG org.hibernate.cfg.annotations.SimpleValueBinder - Starting fillSimpleValue for pwd
15:27:39.597 [main] DEBUG org.hibernate.cfg.annotations.SimpleValueBinder - Starting fillSimpleValue for registeredDate
15:27:39.597 [main] DEBUG org.hibernate.cfg.annotations.SimpleValueBinder - Starting fillSimpleValue for role
15:27:39.602 [main] DEBUG org.hibernate.mapping.PrimaryKey - Forcing column [id] to be non-null as it is part of the primary key for table [cart]
15:27:39.602 [main] DEBUG org.hibernate.mapping.PrimaryKey - Forcing column [id] to be non-null as it is part of the primary key for table [category]
15:27:39.602 [main] DEBUG org.hibernate.mapping.PrimaryKey - Forcing column [id] to be non-null as it is part of the primary key for table [product]
15:27:39.603 [main] DEBUG org.hibernate.mapping.PrimaryKey - Forcing column [id] to be non-null as it is part of the primary key for table [supplier]
15:27:39.603 [main] DEBUG org.hibernate.mapping.PrimaryKey - Forcing column [emailid] to be non-null as it is part of the primary key for table [user]
15:27:39.603 [main] DEBUG org.hibernate.cfg.CollectionSecondPass - Second pass for collection: com.niit.model.Category.products
15:27:39.604 [main] DEBUG org.hibernate.cfg.annotations.CollectionBinder - Binding a OneToMany: com.niit.model.Category.products through a foreign key
15:27:39.604 [main] DEBUG org.hibernate.cfg.annotations.CollectionBinder - Mapping collection: com.niit.model.Category.products -&gt; Product
15:27:39.605 [main] DEBUG org.hibernate.cfg.annotations.TableBinder - Retrieving property com.niit.model.Product.category
15:27:39.606 [main] DEBUG org.hibernate.cfg.CollectionSecondPass - Mapped collection key: categoryId, one-to-many: com.niit.model.Product
15:27:39.607 [main] DEBUG org.hibernate.cfg.CollectionSecondPass - Second pass for collection: com.niit.model.Supplier.products
15:27:39.607 [main] DEBUG org.hibernate.cfg.annotations.CollectionBinder - Binding a OneToMany: com.niit.model.Supplier.products through a foreign key
15:27:39.607 [main] DEBUG org.hibernate.cfg.annotations.CollectionBinder - Mapping collection: com.niit.model.Supplier.products -&gt; Product
15:27:39.607 [main] DEBUG org.hibernate.cfg.annotations.TableBinder - Retrieving property com.niit.model.Product.supplier
15:27:39.607 [main] DEBUG org.hibernate.cfg.CollectionSecondPass - Mapped collection key: supplierid, one-to-many: com.niit.model.Product
15:27:39.607 [main] DEBUG org.hibernate.boot.internal.InFlightMetadataCollectorImpl - Resolving reference to class: com.niit.model.Category
15:27:39.610 [main] DEBUG org.hibernate.boot.internal.InFlightMetadataCollectorImpl - Resolving reference to class: com.niit.model.Supplier
15:27:39.611 [main] DEBUG org.hibernate.boot.internal.InFlightMetadataCollectorImpl - Resolving reference to class: com.niit.model.Category
15:27:39.611 [main] DEBUG org.hibernate.boot.internal.InFlightMetadataCollectorImpl - Resolving reference to class: com.niit.model.Supplier
15:27:39.695 [main] DEBUG org.hibernate.internal.SessionFactoryImpl - Building session factory
15:27:39.696 [main] DEBUG org.hibernate.cfg.Settings - SessionFactory name : null
15:27:39.696 [main] DEBUG org.hibernate.cfg.Settings - Automatic flush during beforeCompletion(): enabled
15:27:39.696 [main] DEBUG org.hibernate.cfg.Settings - Automatic session close at end of transaction: disabled
15:27:39.696 [main] DEBUG org.hibernate.cfg.Settings - Statistics: disabled
15:27:39.696 [main] DEBUG org.hibernate.cfg.Settings - Deleted entity synthetic identifier rollback: disabled
15:27:39.696 [main] DEBUG org.hibernate.cfg.Settings - Default entity-mode: pojo
15:27:39.696 [main] DEBUG org.hibernate.cfg.Settings - Check Nullability in Core (should be disabled when Bean Validation is on): enabled
15:27:39.696 [main] DEBUG org.hibernate.cfg.Settings - Allow initialization of lazy state outside session : disabled
15:27:39.696 [main] DEBUG org.hibernate.cfg.Settings - Using BatchFetchStyle : LEGACY
15:27:39.697 [main] DEBUG org.hibernate.cfg.Settings - Default batch fetch size: -1
15:27:39.697 [main] DEBUG org.hibernate.cfg.Settings - Maximum outer join fetch depth: null
15:27:39.697 [main] DEBUG org.hibernate.cfg.Settings - Default null ordering: NONE
15:27:39.697 [main] DEBUG org.hibernate.cfg.Settings - Order SQL updates by primary key: disabled
15:27:39.697 [main] DEBUG org.hibernate.cfg.Settings - Order SQL inserts for batching: disabled
15:27:39.697 [main] DEBUG org.hibernate.cfg.Settings - multi-tenancy strategy : NONE
15:27:39.697 [main] DEBUG org.hibernate.cfg.Settings - JTA Track by Thread: enabled
15:27:39.697 [main] DEBUG org.hibernate.cfg.Settings - Query language substitutions: {}
15:27:39.697 [main] DEBUG org.hibernate.cfg.Settings - JPA query language strict compliance: disabled
15:27:39.697 [main] DEBUG org.hibernate.cfg.Settings - Named query checking : enabled
15:27:39.697 [main] DEBUG org.hibernate.cfg.Settings - Second-level cache: enabled
15:27:39.697 [main] DEBUG org.hibernate.cfg.Settings - Second-level query cache: disabled
15:27:39.697 [main] DEBUG org.hibernate.cfg.Settings - Second-level query cache factory: org.hibernate.cache.internal.StandardQueryCacheFactory@24fb6a80
15:27:39.697 [main] DEBUG org.hibernate.cfg.Settings - Second-level cache region prefix: null
15:27:39.697 [main] DEBUG org.hibernate.cfg.Settings - Optimize second-level cache for minimal puts: disabled
15:27:39.698 [main] DEBUG org.hibernate.cfg.Settings - Structured second-level cache entries: disabled
15:27:39.698 [main] DEBUG org.hibernate.cfg.Settings - Second-level cache direct-reference entries: disabled
15:27:39.698 [main] DEBUG org.hibernate.cfg.Settings - Automatic eviction of collection cache: disabled
15:27:39.698 [main] DEBUG org.hibernate.cfg.Settings - JDBC batch size: 15
15:27:39.698 [main] DEBUG org.hibernate.cfg.Settings - JDBC batch updates for versioned data: enabled
15:27:39.698 [main] DEBUG org.hibernate.cfg.Settings - Scrollable result sets: enabled
15:27:39.698 [main] DEBUG org.hibernate.cfg.Settings - Wrap result sets: disabled
15:27:39.698 [main] DEBUG org.hibernate.cfg.Settings - JDBC3 getGeneratedKeys(): enabled
15:27:39.698 [main] DEBUG org.hibernate.cfg.Settings - JDBC result set fetch size: null
15:27:39.698 [main] DEBUG org.hibernate.cfg.Settings - Connection release mode: ON_CLOSE
15:27:39.698 [main] DEBUG org.hibernate.cfg.Settings - Generate SQL with comments: disabled
15:27:39.754 [main] DEBUG org.hibernate.internal.SessionFactoryImpl - Session factory constructed with filter configurations : {}
15:27:39.754 [main] DEBUG org.hibernate.internal.SessionFactoryImpl - Instantiating session factory with properties: {sun.desktop=windows, awt.toolkit=sun.awt.windows.WToolkit, file.encoding.pkg=sun.io, java.specification.version=1.8, hibernate.connection.handling_mode=DELAYED_ACQUISITION_AND_HOLD, sun.cpu.isalist=amd64, sun.jnu.encoding=Cp1252, hibernate.dialect=org.hibernate.dialect.H2Dialect, java.class.path=D:\project1\onlineshoppingbackend\target\test-classes;D:\project1\onlineshoppingbackend\target\classes;C:\Users\Admin\.m2\repository\org\springframework\spring-core\5.0.4.RELEASE\spring-core-5.0.4.RELEASE.jar;C:\Users\Admin\.m2\repository\org\springframework\spring-jcl\5.0.4.RELEASE\spring-jcl-5.0.4.RELEASE.jar;C:\Users\Admin\.m2\repository\org\springframework\spring-context\5.0.4.RELEASE\spring-context-5.0.4.RELEASE.jar;C:\Users\Admin\.m2\repository\org\springframework\spring-aop\5.0.4.RELEASE\spring-aop-5.0.4.RELEASE.jar;C:\Users\Admin\.m2\repository\org\springframework\spring-beans\5.0.4.RELEASE\spring-beans-5.0.4.RELEASE.jar;C:\Users\Admin\.m2\repository\org\springframework\spring-expression\5.0.4.RELEASE\spring-expression-5.0.4.RELEASE.jar;C:\Users\Admin\.m2\repository\org\hibernate\hibernate-core\5.2.12.Final\hibernate-core-5.2.12.Final.jar;C:\Users\Admin\.m2\repository\org\jboss\logging\jboss-logging\3.3.0.Final\jboss-logging-3.3.0.Final.jar;C:\Users\Admin\.m2\repository\org\hibernate\javax\persistence\hibernate-jpa-2.1-api\1.0.0.Final\hibernate-jpa-2.1-api-1.0.0.Final.jar;C:\Users\Admin\.m2\repository\org\javassist\javassist\3.20.0-GA\javassist-3.20.0-GA.jar;C:\Users\Admin\.m2\repository\antlr\antlr\2.7.7\antlr-2.7.7.jar;C:\Users\Admin\.m2\repository\org\jboss\spec\javax\transaction\jboss-transaction-api_1.2_spec\1.0.1.Final\jboss-transaction-api_1.2_spec-1.0.1.Final.jar;C:\Users\Admin\.m2\repository\org\jboss\jandex\2.0.3.Final\jandex-2.0.3.Final.jar;C:\Users\Admin\.m2\repository\com\fasterxml\classmate\1.3.0\classmate-1.3.0.jar;C:\Users\Admin\.m2\repository\dom4j\dom4j\1.6.1\dom4j-1.6.1.jar;C:\Users\Admin\.m2\repository\org\hibernate\common\hibernate-commons-annotations\5.0.1.Final\hibernate-commons-annotations-5.0.1.Final.jar;C:\Users\Admin\.m2\repository\org\springframework\spring-orm\5.0.4.RELEASE\spring-orm-5.0.4.RELEASE.jar;C:\Users\Admin\.m2\repository\org\springframework\spring-jdbc\5.0.4.RELEASE\spring-jdbc-5.0.4.RELEASE.jar;C:\Users\Admin\.m2\repository\org\springframework\spring-tx\5.0.4.RELEASE\spring-tx-5.0.4.RELEASE.jar;C:\Users\Admin\.m2\repository\junit\junit\4.12\junit-4.12.jar;C:\Users\Admin\.m2\repository\org\hamcrest\hamcrest-core\1.3\hamcrest-core-1.3.jar;C:\Users\Admin\.m2\repository\com\h2database\h2\1.4.197\h2-1.4.197.jar;C:\Users\Admin\.m2\repository\org\slf4j\slf4j-api\1.7.25\slf4j-api-1.7.25.jar;C:\Users\Admin\.m2\repository\ch\qos\logback\logback-classic\1.2.3\logback-classic-1.2.3.jar;C:\Users\Admin\.m2\repository\ch\qos\logback\logback-core\1.2.3\logback-core-1.2.3.jar;, java.vm.vendor=Oracle Corporation, sun.arch.data.model=64, user.variant=, java.vendor.url=http://java.oracle.com/, user.timezone=Asia/Calcutta, os.name=Windows 7, java.vm.specification.version=1.8, user.country=IN, sun.java.launcher=SUN_STANDARD, sun.boot.library.path=C:\Program Files\Java\jdk1.8.0_171\jre\bin, sun.java.command=D:\project1\onlineshoppingbackend\target\surefire\surefirebooter5598452703563112580.jar D:\project1\onlineshoppingbackend\target\surefire\surefire7088197682561322975tmp D:\project1\onlineshoppingbackend\target\surefire\surefire_08430895747457915282tmp, surefire.test.class.path=D:\project1\onlineshoppingbackend\target\test-classes;D:\project1\onlineshoppingbackend\target\classes;C:\Users\Admin\.m2\repository\org\springframework\spring-core\5.0.4.RELEASE\spring-core-5.0.4.RELEASE.jar;C:\Users\Admin\.m2\repository\org\springframework\spring-jcl\5.0.4.RELEASE\spring-jcl-5.0.4.RELEASE.jar;C:\Users\Admin\.m2\repository\org\springframework\spring-context\5.0.4.RELEASE\spring-context-5.0.4.RELEASE.jar;C:\Users\Admin\.m2\repository\org\springframework\spring-aop\5.0.4.RELEASE\spring-aop-5.0.4.RELEASE.jar;C:\Users\Admin\.m2\repository\org\springframework\spring-beans\5.0.4.RELEASE\spring-beans-5.0.4.RELEASE.jar;C:\Users\Admin\.m2\repository\org\springframework\spring-expression\5.0.4.RELEASE\spring-expression-5.0.4.RELEASE.jar;C:\Users\Admin\.m2\repository\org\hibernate\hibernate-core\5.2.12.Final\hibernate-core-5.2.12.Final.jar;C:\Users\Admin\.m2\repository\org\jboss\logging\jboss-logging\3.3.0.Final\jboss-logging-3.3.0.Final.jar;C:\Users\Admin\.m2\repository\org\hibernate\javax\persistence\hibernate-jpa-2.1-api\1.0.0.Final\hibernate-jpa-2.1-api-1.0.0.Final.jar;C:\Users\Admin\.m2\repository\org\javassist\javassist\3.20.0-GA\javassist-3.20.0-GA.jar;C:\Users\Admin\.m2\repository\antlr\antlr\2.7.7\antlr-2.7.7.jar;C:\Users\Admin\.m2\repository\org\jboss\spec\javax\transaction\jboss-transaction-api_1.2_spec\1.0.1.Final\jboss-transaction-api_1.2_spec-1.0.1.Final.jar;C:\Users\Admin\.m2\repository\org\jboss\jandex\2.0.3.Final\jandex-2.0.3.Final.jar;C:\Users\Admin\.m2\repository\com\fasterxml\classmate\1.3.0\classmate-1.3.0.jar;C:\Users\Admin\.m2\repository\dom4j\dom4j\1.6.1\dom4j-1.6.1.jar;C:\Users\Admin\.m2\repository\org\hibernate\common\hibernate-commons-annotations\5.0.1.Final\hibernate-commons-annotations-5.0.1.Final.jar;C:\Users\Admin\.m2\repository\org\springframework\spring-orm\5.0.4.RELEASE\spring-orm-5.0.4.RELEASE.jar;C:\Users\Admin\.m2\repository\org\springframework\spring-jdbc\5.0.4.RELEASE\spring-jdbc-5.0.4.RELEASE.jar;C:\Users\Admin\.m2\repository\org\springframework\spring-tx\5.0.4.RELEASE\spring-tx-5.0.4.RELEASE.jar;C:\Users\Admin\.m2\repository\junit\junit\4.12\junit-4.12.jar;C:\Users\Admin\.m2\repository\org\hamcrest\hamcrest-core\1.3\hamcrest-core-1.3.jar;C:\Users\Admin\.m2\repository\com\h2database\h2\1.4.197\h2-1.4.197.jar;C:\Users\Admin\.m2\repository\org\slf4j\slf4j-api\1.7.25\slf4j-api-1.7.25.jar;C:\Users\Admin\.m2\repository\ch\qos\logback\logback-classic\1.2.3\logback-classic-1.2.3.jar;C:\Users\Admin\.m2\repository\ch\qos\logback\logback-core\1.2.3\logback-core-1.2.3.jar;, sun.cpu.endian=little, user.home=C:\Users\Admin, user.language=en, java.specification.vendor=Oracle Corporation, java.home=C:\Program Files\Java\jdk1.8.0_171\jre, basedir=D:\project1\onlineshoppingbackend, file.separator=\, line.separator=
, java.vm.specification.vendor=Oracle Corporation, java.specification.name=Java Platform API Specification, java.awt.graphicsenv=sun.awt.Win32GraphicsEnvironment, surefire.real.class.path=D:\project1\onlineshoppingbackend\target\surefire\surefirebooter5598452703563112580.jar, sun.boot.class.path=C:\Program Files\Java\jdk1.8.0_171\jre\lib\resources.jar;C:\Program Files\Java\jdk1.8.0_171\jre\lib\rt.jar;C:\Program Files\Java\jdk1.8.0_171\jre\lib\sunrsasign.jar;C:\Program Files\Java\jdk1.8.0_171\jre\lib\jsse.jar;C:\Program Files\Java\jdk1.8.0_171\jre\lib\jce.jar;C:\Program Files\Java\jdk1.8.0_171\jre\lib\charsets.jar;C:\Program Files\Java\jdk1.8.0_171\jre\lib\jfr.jar;C:\Program Files\Java\jdk1.8.0_171\jre\classes, user.script=, sun.management.compiler=HotSpot 64-Bit Tiered Compilers, java.runtime.version=1.8.0_171-b11, user.name=Admin, path.separator=;, os.version=6.1, java.endorsed.dirs=C:\Program Files\Java\jdk1.8.0_171\jre\lib\endorsed, java.runtime.name=Java(TM) SE Runtime Environment, file.encoding=Cp1252, java.vm.name=Java HotSpot(TM) 64-Bit Server VM, hibernate.show_sql=true, hibernate.classLoaders=[sun.misc.Launcher$AppClassLoader@6bc7c054], hibernate.current_session_context_class=org.springframework.orm.hibernate5.SpringSessionContext, localRepository=C:\Users\Admin\.m2\repository, java.vendor.url.bug=http://bugreport.sun.com/bugreport/, java.io.tmpdir=C:\Users\Admin\AppData\Local\Temp\, java.version=1.8.0_171, user.dir=D:\project1\onlineshoppingbackend, os.arch=amd64, java.vm.specification.name=Java Virtual Machine Specification, java.awt.printerjob=sun.awt.windows.WPrinterJob, sun.os.patch.level=Service Pack 1, hibernate.boot.CfgXmlAccessService.key=org.hibernate.boot.cfgxml.spi.LoadedConfig@21c64522, java.library.path=C:\Program Files\Java\jdk1.8.0_171\jre\bin;C:\Windows\Sun\Java\bin;C:\Windows\system32;C:\Windows;C:/Program Files/Java/jre1.8.0_171/bin/server;C:/Program Files/Java/jre1.8.0_171/bin;C:/Program Files/Java/jre1.8.0_171/lib/amd64;C:\Program Files (x86)\Common Files\Oracle\Java\javapath;C:\Program Files\Java\jdk1.8.0_171\bin;D:\apache-maven-3.5.4\bin;D:\apache-maven-3.5.4\bin;;C:\Users\Admin\Desktop;;., java.vm.info=mixed mode, java.vendor=Oracle Corporation, java.vm.version=25.171-b11, hibernate.bytecode.use_reflection_optimizer=false, hibernate.connection.datasource=org.springframework.jdbc.datasource.DriverManagerDataSource@2cdd0d4b, java.ext.dirs=C:\Program Files\Java\jdk1.8.0_171\jre\lib\ext;C:\Windows\Sun\Java\lib\ext, sun.io.unicode.encoding=UnicodeLittle, java.class.version=52.0}
15:27:39.767 [main] DEBUG org.hibernate.secure.spi.JaccIntegrator - Skipping JACC integration as it was not enabled
15:27:39.772 [main] DEBUG org.hibernate.internal.SessionFactoryImpl - Instantiated session factory
15:27:39.817 [main] DEBUG org.hibernate.boot.internal.ClassLoaderAccessImpl - Not known whether passed class name [com.niit.model.Category] is safe
15:27:39.818 [main] DEBUG org.hibernate.boot.internal.ClassLoaderAccessImpl - No temp ClassLoader provided; using live ClassLoader for loading potentially unsafe class : com.niit.model.Category
15:27:39.834 [main] DEBUG org.hibernate.boot.internal.ClassLoaderAccessImpl - Not known whether passed class name [com.niit.model.Category] is safe
15:27:39.834 [main] DEBUG org.hibernate.boot.internal.ClassLoaderAccessImpl - No temp ClassLoader provided; using live ClassLoader for loading potentially unsafe class : com.niit.model.Category
15:27:39.887 [main] DEBUG org.hibernate.boot.internal.ClassLoaderAccessImpl - Not known whether passed class name [com.niit.model.User] is safe
15:27:39.887 [main] DEBUG org.hibernate.boot.internal.ClassLoaderAccessImpl - No temp ClassLoader provided; using live ClassLoader for loading potentially unsafe class : com.niit.model.User
15:27:39.887 [main] DEBUG org.hibernate.boot.internal.ClassLoaderAccessImpl - Not known whether passed class name [com.niit.model.User] is safe
15:27:39.887 [main] DEBUG org.hibernate.boot.internal.ClassLoaderAccessImpl - No temp ClassLoader provided; using live ClassLoader for loading potentially unsafe class : com.niit.model.User
15:27:39.891 [main] DEBUG org.hibernate.boot.internal.ClassLoaderAccessImpl - Not known whether passed class name [com.niit.model.Cart] is safe
15:27:39.891 [main] DEBUG org.hibernate.boot.internal.ClassLoaderAccessImpl - No temp ClassLoader provided; using live ClassLoader for loading potentially unsafe class : com.niit.model.Cart
15:27:39.892 [main] DEBUG org.hibernate.boot.internal.ClassLoaderAccessImpl - Not known whether passed class name [com.niit.model.Cart] is safe
15:27:39.892 [main] DEBUG org.hibernate.boot.internal.ClassLoaderAccessImpl - No temp ClassLoader provided; using live ClassLoader for loading potentially unsafe class : com.niit.model.Cart
15:27:39.896 [main] DEBUG org.hibernate.boot.internal.ClassLoaderAccessImpl - Not known whether passed class name [com.niit.model.Supplier] is safe
15:27:39.897 [main] DEBUG org.hibernate.boot.internal.ClassLoaderAccessImpl - No temp ClassLoader provided; using live ClassLoader for loading potentially unsafe class : com.niit.model.Supplier
15:27:39.897 [main] DEBUG org.hibernate.boot.internal.ClassLoaderAccessImpl - Not known whether passed class name [com.niit.model.Supplier] is safe
15:27:39.897 [main] DEBUG org.hibernate.boot.internal.ClassLoaderAccessImpl - No temp ClassLoader provided; using live ClassLoader for loading potentially unsafe class : com.niit.model.Supplier
15:27:39.900 [main] DEBUG org.hibernate.boot.internal.ClassLoaderAccessImpl - Not known whether passed class name [com.niit.model.Product] is safe
15:27:39.900 [main] DEBUG org.hibernate.boot.internal.ClassLoaderAccessImpl - No temp ClassLoader provided; using live ClassLoader for loading potentially unsafe class : com.niit.model.Product
15:27:39.900 [main] DEBUG org.hibernate.boot.internal.ClassLoaderAccessImpl - Not known whether passed class name [com.niit.model.Product] is safe
15:27:39.900 [main] DEBUG org.hibernate.boot.internal.ClassLoaderAccessImpl - No temp ClassLoader provided; using live ClassLoader for loading potentially unsafe class : com.niit.model.Product
15:27:39.914 [main] DEBUG org.hibernate.persister.collection.AbstractCollectionPersister - Static SQL for collection: com.niit.model.Supplier.products
15:27:39.914 [main] DEBUG org.hibernate.persister.collection.AbstractCollectionPersister -  Row insert: update Product set supplierid=? where id=?
15:27:39.914 [main] DEBUG org.hibernate.persister.collection.AbstractCollectionPersister -  Row update: update Product set  where id=?
15:27:39.914 [main] DEBUG org.hibernate.persister.collection.AbstractCollectionPersister -  Row delete: update Product set supplierid=null where supplierid=? and id=?
15:27:39.914 [main] DEBUG org.hibernate.persister.collection.AbstractCollectionPersister -  One-shot delete: update Product set supplierid=null where supplierid=?
15:27:39.914 [main] DEBUG org.hibernate.persister.collection.AbstractCollectionPersister - Static SQL for collection: com.niit.model.Category.products
15:27:39.914 [main] DEBUG org.hibernate.persister.collection.AbstractCollectionPersister -  Row insert: update Product set categoryId=? where id=?
15:27:39.914 [main] DEBUG org.hibernate.persister.collection.AbstractCollectionPersister -  Row update: update Product set  where id=?
15:27:39.914 [main] DEBUG org.hibernate.persister.collection.AbstractCollectionPersister -  Row delete: update Product set categoryId=null where categoryId=? and id=?
15:27:39.914 [main] DEBUG org.hibernate.persister.collection.AbstractCollectionPersister -  One-shot delete: update Product set categoryId=null where categoryId=?
15:27:39.918 [main] DEBUG org.hibernate.persister.entity.AbstractEntityPersister - Static SQL for entity: com.niit.model.Category
15:27:39.918 [main] DEBUG org.hibernate.persister.entity.AbstractEntityPersister -  Version select: select id from Category where id =?
15:27:39.918 [main] DEBUG org.hibernate.persister.entity.AbstractEntityPersister -  Snapshot select: select category_.id, category_.description as descript2_1_, category_.name as name3_1_ from Category category_ where category_.id=?
15:27:39.918 [main] DEBUG org.hibernate.persister.entity.AbstractEntityPersister -  Insert 0: insert into Category (description, name, id) values (?, ?, ?)
15:27:39.918 [main] DEBUG org.hibernate.persister.entity.AbstractEntityPersister -  Update 0: update Category set description=?, name=? where id=?
15:27:39.918 [main] DEBUG org.hibernate.persister.entity.AbstractEntityPersister -  Delete 0: delete from Category where id=?
15:27:39.938 [main] DEBUG org.hibernate.loader.plan.build.internal.spaces.QuerySpacesImpl - Adding QuerySpace : uid = &lt;gen:0&gt; -&gt; org.hibernate.loader.plan.build.internal.spaces.EntityQuerySpaceImpl@79ab3a71]
15:27:39.939 [main] DEBUG org.hibernate.persister.walking.spi.MetamodelGraphWalker - Visiting attribute path : description
15:27:39.939 [main] DEBUG org.hibernate.persister.walking.spi.MetamodelGraphWalker - Visiting attribute path : name
15:27:39.939 [main] DEBUG org.hibernate.persister.walking.spi.MetamodelGraphWalker - Visiting attribute path : products
15:27:39.944 [main] DEBUG org.hibernate.loader.plan.build.internal.spaces.QuerySpacesImpl - Adding QuerySpace : uid = &lt;gen:1&gt; -&gt; org.hibernate.loader.plan.build.internal.spaces.CollectionQuerySpaceImpl@46292372]
15:27:39.946 [main] DEBUG org.hibernate.loader.plan.build.internal.spaces.QuerySpacesImpl - Adding QuerySpace : uid = &lt;gen:2&gt; -&gt; org.hibernate.loader.plan.build.internal.spaces.EntityQuerySpaceImpl@1db0ec27]
15:27:39.948 [main] DEBUG org.hibernate.persister.walking.spi.MetamodelGraphWalker - Visiting attribute path : products.category
15:27:39.948 [main] DEBUG org.hibernate.persister.walking.spi.MetamodelGraphWalker - Property path deemed to be circular : products.category
15:27:39.948 [main] DEBUG org.hibernate.persister.walking.spi.MetamodelGraphWalker - Visiting attribute path : products.categoryId
15:27:39.948 [main] DEBUG org.hibernate.persister.walking.spi.MetamodelGraphWalker - Visiting attribute path : products.description
15:27:39.948 [main] DEBUG org.hibernate.persister.walking.spi.MetamodelGraphWalker - Visiting attribute path : products.name
15:27:39.948 [main] DEBUG org.hibernate.persister.walking.spi.MetamodelGraphWalker - Visiting attribute path : products.price
15:27:39.948 [main] DEBUG org.hibernate.persister.walking.spi.MetamodelGraphWalker - Visiting attribute path : products.supplier
15:27:39.949 [main] DEBUG org.hibernate.loader.plan.build.internal.spaces.QuerySpacesImpl - Adding QuerySpace : uid = &lt;gen:3&gt; -&gt; org.hibernate.loader.plan.build.internal.spaces.EntityQuerySpaceImpl@4a8b5227]
15:27:39.949 [main] DEBUG org.hibernate.persister.walking.spi.MetamodelGraphWalker - Visiting attribute path : products.supplier.address
15:27:39.949 [main] DEBUG org.hibernate.persister.walking.spi.MetamodelGraphWalker - Visiting attribute path : products.supplier.name
15:27:39.949 [main] DEBUG org.hibernate.persister.walking.spi.MetamodelGraphWalker - Visiting attribute path : products.supplier.products
15:27:39.949 [main] DEBUG org.hibernate.persister.walking.spi.MetamodelGraphWalker - Property path deemed to be circular : products.supplier.products
15:27:39.949 [main] DEBUG org.hibernate.persister.walking.spi.MetamodelGraphWalker - Visiting attribute path : products.supplierId
15:27:39.949 [main] DEBUG org.hibernate.loader.plan.build.internal.FetchStyleLoadPlanBuildingAssociationVisitationStrategy - Building LoadPlan...
15:27:39.962 [main] DEBUG org.hibernate.loader.plan.exec.internal.LoadQueryJoinAndFetchProcessor - processing queryspace &lt;gen:0&gt;
15:27:39.969 [main] DEBUG org.hibernate.loader.plan.build.spi.LoadPlanTreePrinter - LoadPlan(entity=com.niit.model.Category)
    - Returns
       - EntityReturnImpl(entity=com.niit.model.Category, querySpaceUid=&lt;gen:0&gt;, path=com.niit.model.Category)
          - CollectionAttributeFetchImpl(collection=com.niit.model.Category.products, querySpaceUid=&lt;gen:1&gt;, path=com.niit.model.Category.products)
             - (collection element) CollectionFetchableElementEntityGraph(entity=com.niit.model.Product, querySpaceUid=&lt;gen:2&gt;, path=com.niit.model.Category.products.&lt;elements&gt;)
                - EntityAttributeFetchImpl(entity=com.niit.model.Supplier, querySpaceUid=&lt;gen:3&gt;, path=com.niit.model.Category.products.&lt;elements&gt;.supplier)
    - QuerySpaces
       - EntityQuerySpaceImpl(uid=&lt;gen:0&gt;, entity=com.niit.model.Category)
          - SQL table alias mapping - category0_
          - alias suffix - 0_
          - suffixed key columns - {id1_1_0_}
          - JOIN (JoinDefinedByMetadata(products)) : &lt;gen:0&gt; -&gt; &lt;gen:1&gt;
             - CollectionQuerySpaceImpl(uid=&lt;gen:1&gt;, collection=com.niit.model.Category.products)
                - SQL table alias mapping - products1_
                - alias suffix - 1_
                - suffixed key columns - {category2_2_1_}
                - entity-element alias suffix - 2_
                - 2_entity-element suffixed key columns - id1_2_2_
                - JOIN (JoinDefinedByMetadata(elements)) : &lt;gen:1&gt; -&gt; &lt;gen:2&gt;
                   - EntityQuerySpaceImpl(uid=&lt;gen:2&gt;, entity=com.niit.model.Product)
                      - SQL table alias mapping - products1_
                      - alias suffix - 2_
                      - suffixed key columns - {id1_2_2_}
                      - JOIN (JoinDefinedByMetadata(supplier)) : &lt;gen:2&gt; -&gt; &lt;gen:3&gt;
                         - EntityQuerySpaceImpl(uid=&lt;gen:3&gt;, entity=com.niit.model.Supplier)
                            - SQL table alias mapping - supplier2_
                            - alias suffix - 3_
                            - suffixed key columns - {id1_3_3_}

15:27:39.970 [main] DEBUG org.hibernate.loader.entity.plan.EntityLoader - Static select for entity com.niit.model.Category [NONE]: select category0_.id as id1_1_0_, category0_.description as descript2_1_0_, category0_.name as name3_1_0_, products1_.categoryId as category2_2_1_, products1_.id as id1_2_1_, products1_.id as id1_2_2_, products1_.categoryId as category2_2_2_, products1_.description as descript3_2_2_, products1_.name as name4_2_2_, products1_.price as price5_2_2_, products1_.supplierid as supplier6_2_2_, supplier2_.id as id1_3_3_, supplier2_.address as address2_3_3_, supplier2_.name as name3_3_3_ from Category category0_ left outer join Product products1_ on category0_.id=products1_.categoryId left outer join Supplier supplier2_ on products1_.supplierid=supplier2_.id where category0_.id=?
15:27:39.970 [main] DEBUG org.hibernate.loader.plan.build.internal.spaces.QuerySpacesImpl - Adding QuerySpace : uid = &lt;gen:0&gt; -&gt; org.hibernate.loader.plan.build.internal.spaces.EntityQuerySpaceImpl@5298dead]
15:27:39.971 [main] DEBUG org.hibernate.persister.walking.spi.MetamodelGraphWalker - Visiting attribute path : description
15:27:39.971 [main] DEBUG org.hibernate.persister.walking.spi.MetamodelGraphWalker - Visiting attribute path : name
15:27:39.971 [main] DEBUG org.hibernate.persister.walking.spi.MetamodelGraphWalker - Visiting attribute path : products
15:27:39.971 [main] DEBUG org.hibernate.loader.plan.build.internal.spaces.QuerySpacesImpl - Adding QuerySpace : uid = &lt;gen:1&gt; -&gt; org.hibernate.loader.plan.build.internal.spaces.CollectionQuerySpaceImpl@4c7a078]
15:27:39.971 [main] DEBUG org.hibernate.loader.plan.build.internal.spaces.QuerySpacesImpl - Adding QuerySpace : uid = &lt;gen:2&gt; -&gt; org.hibernate.loader.plan.build.internal.spaces.EntityQuerySpaceImpl@4e406694]
15:27:39.971 [main] DEBUG org.hibernate.persister.walking.spi.MetamodelGraphWalker - Visiting attribute path : products.category
15:27:39.971 [main] DEBUG org.hibernate.persister.walking.spi.MetamodelGraphWalker - Property path deemed to be circular : products.category
15:27:39.971 [main] DEBUG org.hibernate.persister.walking.spi.MetamodelGraphWalker - Visiting attribute path : products.categoryId
15:27:39.971 [main] DEBUG org.hibernate.persister.walking.spi.MetamodelGraphWalker - Visiting attribute path : products.description
15:27:39.971 [main] DEBUG org.hibernate.persister.walking.spi.MetamodelGraphWalker - Visiting attribute path : products.name
15:27:39.971 [main] DEBUG org.hibernate.persister.walking.spi.MetamodelGraphWalker - Visiting attribute path : products.price
15:27:39.971 [main] DEBUG org.hibernate.persister.walking.spi.MetamodelGraphWalker - Visiting attribute path : products.supplier
15:27:39.971 [main] DEBUG org.hibernate.loader.plan.build.internal.spaces.QuerySpacesImpl - Adding QuerySpace : uid = &lt;gen:3&gt; -&gt; org.hibernate.loader.plan.build.internal.spaces.EntityQuerySpaceImpl@4f8caaf3]
15:27:39.971 [main] DEBUG org.hibernate.persister.walking.spi.MetamodelGraphWalker - Visiting attribute path : products.supplier.address
15:27:39.971 [main] DEBUG org.hibernate.persister.walking.spi.MetamodelGraphWalker - Visiting attribute path : products.supplier.name
15:27:39.971 [main] DEBUG org.hibernate.persister.walking.spi.MetamodelGraphWalker - Visiting attribute path : products.supplier.products
15:27:39.971 [main] DEBUG org.hibernate.persister.walking.spi.MetamodelGraphWalker - Property path deemed to be circular : products.supplier.products
15:27:39.971 [main] DEBUG org.hibernate.persister.walking.spi.MetamodelGraphWalker - Visiting attribute path : products.supplierId
15:27:39.972 [main] DEBUG org.hibernate.loader.plan.build.internal.FetchStyleLoadPlanBuildingAssociationVisitationStrategy - Building LoadPlan...
15:27:39.972 [main] DEBUG org.hibernate.loader.plan.exec.internal.LoadQueryJoinAndFetchProcessor - processing queryspace &lt;gen:0&gt;
15:27:39.973 [main] DEBUG org.hibernate.loader.plan.build.spi.LoadPlanTreePrinter - LoadPlan(entity=com.niit.model.Category)
    - Returns
       - EntityReturnImpl(entity=com.niit.model.Category, querySpaceUid=&lt;gen:0&gt;, path=com.niit.model.Category)
          - CollectionAttributeFetchImpl(collection=com.niit.model.Category.products, querySpaceUid=&lt;gen:1&gt;, path=com.niit.model.Category.products)
             - (collection element) CollectionFetchableElementEntityGraph(entity=com.niit.model.Product, querySpaceUid=&lt;gen:2&gt;, path=com.niit.model.Category.products.&lt;elements&gt;)
                - EntityAttributeFetchImpl(entity=com.niit.model.Supplier, querySpaceUid=&lt;gen:3&gt;, path=com.niit.model.Category.products.&lt;elements&gt;.supplier)
    - QuerySpaces
       - EntityQuerySpaceImpl(uid=&lt;gen:0&gt;, entity=com.niit.model.Category)
          - SQL table alias mapping - category0_
          - alias suffix - 0_
          - suffixed key columns - {id1_1_0_}
          - JOIN (JoinDefinedByMetadata(products)) : &lt;gen:0&gt; -&gt; &lt;gen:1&gt;
             - CollectionQuerySpaceImpl(uid=&lt;gen:1&gt;, collection=com.niit.model.Category.products)
                - SQL table alias mapping - products1_
                - alias suffix - 1_
                - suffixed key columns - {category2_2_1_}
                - entity-element alias suffix - 2_
                - 2_entity-element suffixed key columns - id1_2_2_
                - JOIN (JoinDefinedByMetadata(elements)) : &lt;gen:1&gt; -&gt; &lt;gen:2&gt;
                   - EntityQuerySpaceImpl(uid=&lt;gen:2&gt;, entity=com.niit.model.Product)
                      - SQL table alias mapping - products1_
                      - alias suffix - 2_
                      - suffixed key columns - {id1_2_2_}
                      - JOIN (JoinDefinedByMetadata(supplier)) : &lt;gen:2&gt; -&gt; &lt;gen:3&gt;
                         - EntityQuerySpaceImpl(uid=&lt;gen:3&gt;, entity=com.niit.model.Supplier)
                            - SQL table alias mapping - supplier2_
                            - alias suffix - 3_
                            - suffixed key columns - {id1_3_3_}

15:27:39.973 [main] DEBUG org.hibernate.loader.entity.plan.EntityLoader - Static select for entity com.niit.model.Category [READ]: select category0_.id as id1_1_0_, category0_.description as descript2_1_0_, category0_.name as name3_1_0_, products1_.categoryId as category2_2_1_, products1_.id as id1_2_1_, products1_.id as id1_2_2_, products1_.categoryId as category2_2_2_, products1_.description as descript3_2_2_, products1_.name as name4_2_2_, products1_.price as price5_2_2_, products1_.supplierid as supplier6_2_2_, supplier2_.id as id1_3_3_, supplier2_.address as address2_3_3_, supplier2_.name as name3_3_3_ from Category category0_ left outer join Product products1_ on category0_.id=products1_.categoryId left outer join Supplier supplier2_ on products1_.supplierid=supplier2_.id where category0_.id=?
15:27:39.973 [main] DEBUG org.hibernate.loader.plan.build.internal.spaces.QuerySpacesImpl - Adding QuerySpace : uid = &lt;gen:0&gt; -&gt; org.hibernate.loader.plan.build.internal.spaces.EntityQuerySpaceImpl@15b986cd]
15:27:39.973 [main] DEBUG org.hibernate.persister.walking.spi.MetamodelGraphWalker - Visiting attribute path : description
15:27:39.973 [main] DEBUG org.hibernate.persister.walking.spi.MetamodelGraphWalker - Visiting attribute path : name
15:27:39.973 [main] DEBUG org.hibernate.persister.walking.spi.MetamodelGraphWalker - Visiting attribute path : products
15:27:39.973 [main] DEBUG org.hibernate.loader.plan.build.internal.spaces.QuerySpacesImpl - Adding QuerySpace : uid = &lt;gen:1&gt; -&gt; org.hibernate.loader.plan.build.internal.spaces.CollectionQuerySpaceImpl@41c62850]
15:27:39.973 [main] DEBUG org.hibernate.loader.plan.build.internal.spaces.QuerySpacesImpl - Adding QuerySpace : uid = &lt;gen:2&gt; -&gt; org.hibernate.loader.plan.build.internal.spaces.EntityQuerySpaceImpl@6b530eb9]
15:27:39.973 [main] DEBUG org.hibernate.loader.plan.build.internal.FetchStyleLoadPlanBuildingAssociationVisitationStrategy - Building LoadPlan...
15:27:39.973 [main] DEBUG org.hibernate.loader.plan.exec.internal.LoadQueryJoinAndFetchProcessor - processing queryspace &lt;gen:0&gt;
15:27:39.974 [main] DEBUG org.hibernate.loader.plan.build.spi.LoadPlanTreePrinter - LoadPlan(entity=com.niit.model.Category)
    - Returns
       - EntityReturnImpl(entity=com.niit.model.Category, querySpaceUid=&lt;gen:0&gt;, path=com.niit.model.Category)
          - CollectionAttributeFetchImpl(collection=com.niit.model.Category.products, querySpaceUid=&lt;gen:1&gt;, path=com.niit.model.Category.products)
             - (collection element) CollectionFetchableElementEntityGraph(entity=com.niit.model.Product, querySpaceUid=&lt;gen:2&gt;, path=com.niit.model.Category.products.&lt;elements&gt;)
    - QuerySpaces
       - EntityQuerySpaceImpl(uid=&lt;gen:0&gt;, entity=com.niit.model.Category)
          - SQL table alias mapping - category0_
          - alias suffix - 0_
          - suffixed key columns - {id1_1_0_}

15:27:39.974 [main] DEBUG org.hibernate.loader.entity.plan.EntityLoader - Static select for entity com.niit.model.Category [UPGRADE]: select category0_.id as id1_1_0_, category0_.description as descript2_1_0_, category0_.name as name3_1_0_ from Category category0_ where category0_.id=? for update
15:27:39.974 [main] DEBUG org.hibernate.loader.plan.build.internal.spaces.QuerySpacesImpl - Adding QuerySpace : uid = &lt;gen:0&gt; -&gt; org.hibernate.loader.plan.build.internal.spaces.EntityQuerySpaceImpl@328572f0]
15:27:39.974 [main] DEBUG org.hibernate.persister.walking.spi.MetamodelGraphWalker - Visiting attribute path : description
15:27:39.974 [main] DEBUG org.hibernate.persister.walking.spi.MetamodelGraphWalker - Visiting attribute path : name
15:27:39.974 [main] DEBUG org.hibernate.persister.walking.spi.MetamodelGraphWalker - Visiting attribute path : products
15:27:39.974 [main] DEBUG org.hibernate.loader.plan.build.internal.spaces.QuerySpacesImpl - Adding QuerySpace : uid = &lt;gen:1&gt; -&gt; org.hibernate.loader.plan.build.internal.spaces.CollectionQuerySpaceImpl@17f460bb]
15:27:39.974 [main] DEBUG org.hibernate.loader.plan.build.internal.spaces.QuerySpacesImpl - Adding QuerySpace : uid = &lt;gen:2&gt; -&gt; org.hibernate.loader.plan.build.internal.spaces.EntityQuerySpaceImpl@64a1923a]
15:27:39.974 [main] DEBUG org.hibernate.loader.plan.build.internal.FetchStyleLoadPlanBuildingAssociationVisitationStrategy - Building LoadPlan...
15:27:39.974 [main] DEBUG org.hibernate.loader.plan.exec.internal.LoadQueryJoinAndFetchProcessor - processing queryspace &lt;gen:0&gt;
15:27:39.975 [main] DEBUG org.hibernate.loader.plan.build.spi.LoadPlanTreePrinter - LoadPlan(entity=com.niit.model.Category)
    - Returns
       - EntityReturnImpl(entity=com.niit.model.Category, querySpaceUid=&lt;gen:0&gt;, path=com.niit.model.Category)
          - CollectionAttributeFetchImpl(collection=com.niit.model.Category.products, querySpaceUid=&lt;gen:1&gt;, path=com.niit.model.Category.products)
             - (collection element) CollectionFetchableElementEntityGraph(entity=com.niit.model.Product, querySpaceUid=&lt;gen:2&gt;, path=com.niit.model.Category.products.&lt;elements&gt;)
    - QuerySpaces
       - EntityQuerySpaceImpl(uid=&lt;gen:0&gt;, entity=com.niit.model.Category)
          - SQL table alias mapping - category0_
          - alias suffix - 0_
          - suffixed key columns - {id1_1_0_}

15:27:39.975 [main] DEBUG org.hibernate.loader.entity.plan.EntityLoader - Static select for entity com.niit.model.Category [UPGRADE_NOWAIT]: select category0_.id as id1_1_0_, category0_.description as descript2_1_0_, category0_.name as name3_1_0_ from Category category0_ where category0_.id=? for update
15:27:39.975 [main] DEBUG org.hibernate.loader.plan.build.internal.spaces.QuerySpacesImpl - Adding QuerySpace : uid = &lt;gen:0&gt; -&gt; org.hibernate.loader.plan.build.internal.spaces.EntityQuerySpaceImpl@7d2a6eac]
15:27:39.975 [main] DEBUG org.hibernate.persister.walking.spi.MetamodelGraphWalker - Visiting attribute path : description
15:27:39.975 [main] DEBUG org.hibernate.persister.walking.spi.MetamodelGraphWalker - Visiting attribute path : name
15:27:39.975 [main] DEBUG org.hibernate.persister.walking.spi.MetamodelGraphWalker - Visiting attribute path : products
15:27:39.975 [main] DEBUG org.hibernate.loader.plan.build.internal.spaces.QuerySpacesImpl - Adding QuerySpace : uid = &lt;gen:1&gt; -&gt; org.hibernate.loader.plan.build.internal.spaces.CollectionQuerySpaceImpl@2c0f7678]
15:27:39.975 [main] DEBUG org.hibernate.loader.plan.build.internal.spaces.QuerySpacesImpl - Adding QuerySpace : uid = &lt;gen:2&gt; -&gt; org.hibernate.loader.plan.build.internal.spaces.EntityQuerySpaceImpl@44d70181]
15:27:39.975 [main] DEBUG org.hibernate.loader.plan.build.internal.FetchStyleLoadPlanBuildingAssociationVisitationStrategy - Building LoadPlan...
15:27:39.976 [main] DEBUG org.hibernate.loader.plan.exec.internal.LoadQueryJoinAndFetchProcessor - processing queryspace &lt;gen:0&gt;
15:27:39.976 [main] DEBUG org.hibernate.loader.plan.build.spi.LoadPlanTreePrinter - LoadPlan(entity=com.niit.model.Category)
    - Returns
       - EntityReturnImpl(entity=com.niit.model.Category, querySpaceUid=&lt;gen:0&gt;, path=com.niit.model.Category)
          - CollectionAttributeFetchImpl(collection=com.niit.model.Category.products, querySpaceUid=&lt;gen:1&gt;, path=com.niit.model.Category.products)
             - (collection element) CollectionFetchableElementEntityGraph(entity=com.niit.model.Product, querySpaceUid=&lt;gen:2&gt;, path=com.niit.model.Category.products.&lt;elements&gt;)
    - QuerySpaces
       - EntityQuerySpaceImpl(uid=&lt;gen:0&gt;, entity=com.niit.model.Category)
          - SQL table alias mapping - category0_
          - alias suffix - 0_
          - suffixed key columns - {id1_1_0_}

15:27:39.976 [main] DEBUG org.hibernate.loader.entity.plan.EntityLoader - Static select for entity com.niit.model.Category [UPGRADE_SKIPLOCKED]: select category0_.id as id1_1_0_, category0_.description as descript2_1_0_, category0_.name as name3_1_0_ from Category category0_ where category0_.id=? for update
15:27:39.976 [main] DEBUG org.hibernate.loader.plan.build.internal.spaces.QuerySpacesImpl - Adding QuerySpace : uid = &lt;gen:0&gt; -&gt; org.hibernate.loader.plan.build.internal.spaces.EntityQuerySpaceImpl@6aa648b9]
15:27:39.976 [main] DEBUG org.hibernate.persister.walking.spi.MetamodelGraphWalker - Visiting attribute path : description
15:27:39.976 [main] DEBUG org.hibernate.persister.walking.spi.MetamodelGraphWalker - Visiting attribute path : name
15:27:39.976 [main] DEBUG org.hibernate.persister.walking.spi.MetamodelGraphWalker - Visiting attribute path : products
15:27:39.976 [main] DEBUG org.hibernate.loader.plan.build.internal.spaces.QuerySpacesImpl - Adding QuerySpace : uid = &lt;gen:1&gt; -&gt; org.hibernate.loader.plan.build.internal.spaces.CollectionQuerySpaceImpl@742d4e15]
15:27:39.976 [main] DEBUG org.hibernate.loader.plan.build.internal.spaces.QuerySpacesImpl - Adding QuerySpace : uid = &lt;gen:2&gt; -&gt; org.hibernate.loader.plan.build.internal.spaces.EntityQuerySpaceImpl@88a8218]
15:27:39.976 [main] DEBUG org.hibernate.loader.plan.build.internal.FetchStyleLoadPlanBuildingAssociationVisitationStrategy - Building LoadPlan...
15:27:39.976 [main] DEBUG org.hibernate.loader.plan.exec.internal.LoadQueryJoinAndFetchProcessor - processing queryspace &lt;gen:0&gt;
15:27:39.977 [main] DEBUG org.hibernate.loader.plan.build.spi.LoadPlanTreePrinter - LoadPlan(entity=com.niit.model.Category)
    - Returns
       - EntityReturnImpl(entity=com.niit.model.Category, querySpaceUid=&lt;gen:0&gt;, path=com.niit.model.Category)
          - CollectionAttributeFetchImpl(collection=com.niit.model.Category.products, querySpaceUid=&lt;gen:1&gt;, path=com.niit.model.Category.products)
             - (collection element) CollectionFetchableElementEntityGraph(entity=com.niit.model.Product, querySpaceUid=&lt;gen:2&gt;, path=com.niit.model.Category.products.&lt;elements&gt;)
    - QuerySpaces
       - EntityQuerySpaceImpl(uid=&lt;gen:0&gt;, entity=com.niit.model.Category)
          - SQL table alias mapping - category0_
          - alias suffix - 0_
          - suffixed key columns - {id1_1_0_}

15:27:39.977 [main] DEBUG org.hibernate.loader.entity.plan.EntityLoader - Static select for entity com.niit.model.Category [FORCE]: select category0_.id as id1_1_0_, category0_.description as descript2_1_0_, category0_.name as name3_1_0_ from Category category0_ where category0_.id=? for update
15:27:39.977 [main] DEBUG org.hibernate.loader.plan.build.internal.spaces.QuerySpacesImpl - Adding QuerySpace : uid = &lt;gen:0&gt; -&gt; org.hibernate.loader.plan.build.internal.spaces.EntityQuerySpaceImpl@50b1f030]
15:27:39.977 [main] DEBUG org.hibernate.persister.walking.spi.MetamodelGraphWalker - Visiting attribute path : description
15:27:39.977 [main] DEBUG org.hibernate.persister.walking.spi.MetamodelGraphWalker - Visiting attribute path : name
15:27:39.977 [main] DEBUG org.hibernate.persister.walking.spi.MetamodelGraphWalker - Visiting attribute path : products
15:27:39.977 [main] DEBUG org.hibernate.loader.plan.build.internal.spaces.QuerySpacesImpl - Adding QuerySpace : uid = &lt;gen:1&gt; -&gt; org.hibernate.loader.plan.build.internal.spaces.CollectionQuerySpaceImpl@5fa05212]
15:27:39.977 [main] DEBUG org.hibernate.loader.plan.build.internal.spaces.QuerySpacesImpl - Adding QuerySpace : uid = &lt;gen:2&gt; -&gt; org.hibernate.loader.plan.build.internal.spaces.EntityQuerySpaceImpl@3e681bc]
15:27:39.977 [main] DEBUG org.hibernate.loader.plan.build.internal.FetchStyleLoadPlanBuildingAssociationVisitationStrategy - Building LoadPlan...
15:27:39.978 [main] DEBUG org.hibernate.loader.plan.exec.internal.LoadQueryJoinAndFetchProcessor - processing queryspace &lt;gen:0&gt;
15:27:39.978 [main] DEBUG org.hibernate.loader.plan.build.spi.LoadPlanTreePrinter - LoadPlan(entity=com.niit.model.Category)
    - Returns
       - EntityReturnImpl(entity=com.niit.model.Category, querySpaceUid=&lt;gen:0&gt;, path=com.niit.model.Category)
          - CollectionAttributeFetchImpl(collection=com.niit.model.Category.products, querySpaceUid=&lt;gen:1&gt;, path=com.niit.model.Category.products)
             - (collection element) CollectionFetchableElementEntityGraph(entity=com.niit.model.Product, querySpaceUid=&lt;gen:2&gt;, path=com.niit.model.Category.products.&lt;elements&gt;)
    - QuerySpaces
       - EntityQuerySpaceImpl(uid=&lt;gen:0&gt;, entity=com.niit.model.Category)
          - SQL table alias mapping - category0_
          - alias suffix - 0_
          - suffixed key columns - {id1_1_0_}

15:27:39.978 [main] DEBUG org.hibernate.loader.entity.plan.EntityLoader - Static select for entity com.niit.model.Category [PESSIMISTIC_READ]: select category0_.id as id1_1_0_, category0_.description as descript2_1_0_, category0_.name as name3_1_0_ from Category category0_ where category0_.id=? for update
15:27:39.978 [main] DEBUG org.hibernate.loader.plan.build.internal.spaces.QuerySpacesImpl - Adding QuerySpace : uid = &lt;gen:0&gt; -&gt; org.hibernate.loader.plan.build.internal.spaces.EntityQuerySpaceImpl@5c09d180]
15:27:39.978 [main] DEBUG org.hibernate.persister.walking.spi.MetamodelGraphWalker - Visiting attribute path : description
15:27:39.978 [main] DEBUG org.hibernate.persister.walking.spi.MetamodelGraphWalker - Visiting attribute path : name
15:27:39.978 [main] DEBUG org.hibernate.persister.walking.spi.MetamodelGraphWalker - Visiting attribute path : products
15:27:39.978 [main] DEBUG org.hibernate.loader.plan.build.internal.spaces.QuerySpacesImpl - Adding QuerySpace : uid = &lt;gen:1&gt; -&gt; org.hibernate.loader.plan.build.internal.spaces.CollectionQuerySpaceImpl@5f574cc2]
15:27:39.978 [main] DEBUG org.hibernate.loader.plan.build.internal.spaces.QuerySpacesImpl - Adding QuerySpace : uid = &lt;gen:2&gt; -&gt; org.hibernate.loader.plan.build.internal.spaces.EntityQuerySpaceImpl@680bddf5]
15:27:39.978 [main] DEBUG org.hibernate.loader.plan.build.internal.FetchStyleLoadPlanBuildingAssociationVisitationStrategy - Building LoadPlan...
15:27:39.979 [main] DEBUG org.hibernate.loader.plan.exec.internal.LoadQueryJoinAndFetchProcessor - processing queryspace &lt;gen:0&gt;
15:27:39.979 [main] DEBUG org.hibernate.loader.plan.build.spi.LoadPlanTreePrinter - LoadPlan(entity=com.niit.model.Category)
    - Returns
       - EntityReturnImpl(entity=com.niit.model.Category, querySpaceUid=&lt;gen:0&gt;, path=com.niit.model.Category)
          - CollectionAttributeFetchImpl(collection=com.niit.model.Category.products, querySpaceUid=&lt;gen:1&gt;, path=com.niit.model.Category.products)
             - (collection element) CollectionFetchableElementEntityGraph(entity=com.niit.model.Product, querySpaceUid=&lt;gen:2&gt;, path=com.niit.model.Category.products.&lt;elements&gt;)
    - QuerySpaces
       - EntityQuerySpaceImpl(uid=&lt;gen:0&gt;, entity=com.niit.model.Category)
          - SQL table alias mapping - category0_
          - alias suffix - 0_
          - suffixed key columns - {id1_1_0_}

15:27:39.979 [main] DEBUG org.hibernate.loader.entity.plan.EntityLoader - Static select for entity com.niit.model.Category [PESSIMISTIC_WRITE]: select category0_.id as id1_1_0_, category0_.description as descript2_1_0_, category0_.name as name3_1_0_ from Category category0_ where category0_.id=? for update
15:27:39.979 [main] DEBUG org.hibernate.loader.plan.build.internal.spaces.QuerySpacesImpl - Adding QuerySpace : uid = &lt;gen:0&gt; -&gt; org.hibernate.loader.plan.build.internal.spaces.EntityQuerySpaceImpl@7a9c84a5]
15:27:39.979 [main] DEBUG org.hibernate.persister.walking.spi.MetamodelGraphWalker - Visiting attribute path : description
15:27:39.979 [main] DEBUG org.hibernate.persister.walking.spi.MetamodelGraphWalker - Visiting attribute path : name
15:27:39.979 [main] DEBUG org.hibernate.persister.walking.spi.MetamodelGraphWalker - Visiting attribute path : products
15:27:39.979 [main] DEBUG org.hibernate.loader.plan.build.internal.spaces.QuerySpacesImpl - Adding QuerySpace : uid = &lt;gen:1&gt; -&gt; org.hibernate.loader.plan.build.internal.spaces.CollectionQuerySpaceImpl@48d7ad8b]
15:27:39.979 [main] DEBUG org.hibernate.loader.plan.build.internal.spaces.QuerySpacesImpl - Adding QuerySpace : uid = &lt;gen:2&gt; -&gt; org.hibernate.loader.plan.build.internal.spaces.EntityQuerySpaceImpl@7e053511]
15:27:39.980 [main] DEBUG org.hibernate.loader.plan.build.internal.FetchStyleLoadPlanBuildingAssociationVisitationStrategy - Building LoadPlan...
15:27:39.980 [main] DEBUG org.hibernate.loader.plan.exec.internal.LoadQueryJoinAndFetchProcessor - processing queryspace &lt;gen:0&gt;
15:27:39.980 [main] DEBUG org.hibernate.loader.plan.build.spi.LoadPlanTreePrinter - LoadPlan(entity=com.niit.model.Category)
    - Returns
       - EntityReturnImpl(entity=com.niit.model.Category, querySpaceUid=&lt;gen:0&gt;, path=com.niit.model.Category)
          - CollectionAttributeFetchImpl(collection=com.niit.model.Category.products, querySpaceUid=&lt;gen:1&gt;, path=com.niit.model.Category.products)
             - (collection element) CollectionFetchableElementEntityGraph(entity=com.niit.model.Product, querySpaceUid=&lt;gen:2&gt;, path=com.niit.model.Category.products.&lt;elements&gt;)
    - QuerySpaces
       - EntityQuerySpaceImpl(uid=&lt;gen:0&gt;, entity=com.niit.model.Category)
          - SQL table alias mapping - category0_
          - alias suffix - 0_
          - suffixed key columns - {id1_1_0_}

15:27:39.980 [main] DEBUG org.hibernate.loader.entity.plan.EntityLoader - Static select for entity com.niit.model.Category [PESSIMISTIC_FORCE_INCREMENT]: select category0_.id as id1_1_0_, category0_.description as descript2_1_0_, category0_.name as name3_1_0_ from Category category0_ where category0_.id=? for update
15:27:39.980 [main] DEBUG org.hibernate.loader.plan.build.internal.spaces.QuerySpacesImpl - Adding QuerySpace : uid = &lt;gen:0&gt; -&gt; org.hibernate.loader.plan.build.internal.spaces.EntityQuerySpaceImpl@60222fd8]
15:27:39.980 [main] DEBUG org.hibernate.persister.walking.spi.MetamodelGraphWalker - Visiting attribute path : description
15:27:39.980 [main] DEBUG org.hibernate.persister.walking.spi.MetamodelGraphWalker - Visiting attribute path : name
15:27:39.980 [main] DEBUG org.hibernate.persister.walking.spi.MetamodelGraphWalker - Visiting attribute path : products
15:27:39.980 [main] DEBUG org.hibernate.loader.plan.build.internal.spaces.QuerySpacesImpl - Adding QuerySpace : uid = &lt;gen:1&gt; -&gt; org.hibernate.loader.plan.build.internal.spaces.CollectionQuerySpaceImpl@26f1249d]
15:27:39.980 [main] DEBUG org.hibernate.loader.plan.build.internal.spaces.QuerySpacesImpl - Adding QuerySpace : uid = &lt;gen:2&gt; -&gt; org.hibernate.loader.plan.build.internal.spaces.EntityQuerySpaceImpl@710b30ef]
15:27:39.981 [main] DEBUG org.hibernate.loader.plan.build.internal.FetchStyleLoadPlanBuildingAssociationVisitationStrategy - Building LoadPlan...
15:27:39.981 [main] DEBUG org.hibernate.loader.plan.exec.internal.LoadQueryJoinAndFetchProcessor - processing queryspace &lt;gen:0&gt;
15:27:39.981 [main] DEBUG org.hibernate.loader.plan.build.spi.LoadPlanTreePrinter - LoadPlan(entity=com.niit.model.Category)
    - Returns
       - EntityReturnImpl(entity=com.niit.model.Category, querySpaceUid=&lt;gen:0&gt;, path=com.niit.model.Category)
          - CollectionAttributeFetchImpl(collection=com.niit.model.Category.products, querySpaceUid=&lt;gen:1&gt;, path=com.niit.model.Category.products)
             - (collection element) CollectionFetchableElementEntityGraph(entity=com.niit.model.Product, querySpaceUid=&lt;gen:2&gt;, path=com.niit.model.Category.products.&lt;elements&gt;)
    - QuerySpaces
       - EntityQuerySpaceImpl(uid=&lt;gen:0&gt;, entity=com.niit.model.Category)
          - SQL table alias mapping - category0_
          - alias suffix - 0_
          - suffixed key columns - {id1_1_0_}

15:27:39.981 [main] DEBUG org.hibernate.loader.entity.plan.EntityLoader - Static select for entity com.niit.model.Category [OPTIMISTIC]: select category0_.id as id1_1_0_, category0_.description as descript2_1_0_, category0_.name as name3_1_0_ from Category category0_ where category0_.id=?
15:27:39.981 [main] DEBUG org.hibernate.loader.plan.build.internal.spaces.QuerySpacesImpl - Adding QuerySpace : uid = &lt;gen:0&gt; -&gt; org.hibernate.loader.plan.build.internal.spaces.EntityQuerySpaceImpl@a68df9]
15:27:39.981 [main] DEBUG org.hibernate.persister.walking.spi.MetamodelGraphWalker - Visiting attribute path : description
15:27:39.981 [main] DEBUG org.hibernate.persister.walking.spi.MetamodelGraphWalker - Visiting attribute path : name
15:27:39.981 [main] DEBUG org.hibernate.persister.walking.spi.MetamodelGraphWalker - Visiting attribute path : products
15:27:39.981 [main] DEBUG org.hibernate.loader.plan.build.internal.spaces.QuerySpacesImpl - Adding QuerySpace : uid = &lt;gen:1&gt; -&gt; org.hibernate.loader.plan.build.internal.spaces.CollectionQuerySpaceImpl@7cf7aee]
15:27:39.981 [main] DEBUG org.hibernate.loader.plan.build.internal.spaces.QuerySpacesImpl - Adding QuerySpace : uid = &lt;gen:2&gt; -&gt; org.hibernate.loader.plan.build.internal.spaces.EntityQuerySpaceImpl@2f6bbeb0]
15:27:39.982 [main] DEBUG org.hibernate.loader.plan.build.internal.FetchStyleLoadPlanBuildingAssociationVisitationStrategy - Building LoadPlan...
15:27:39.982 [main] DEBUG org.hibernate.loader.plan.exec.internal.LoadQueryJoinAndFetchProcessor - processing queryspace &lt;gen:0&gt;
15:27:39.982 [main] DEBUG org.hibernate.loader.plan.build.spi.LoadPlanTreePrinter - LoadPlan(entity=com.niit.model.Category)
    - Returns
       - EntityReturnImpl(entity=com.niit.model.Category, querySpaceUid=&lt;gen:0&gt;, path=com.niit.model.Category)
          - CollectionAttributeFetchImpl(collection=com.niit.model.Category.products, querySpaceUid=&lt;gen:1&gt;, path=com.niit.model.Category.products)
             - (collection element) CollectionFetchableElementEntityGraph(entity=com.niit.model.Product, querySpaceUid=&lt;gen:2&gt;, path=com.niit.model.Category.products.&lt;elements&gt;)
    - QuerySpaces
       - EntityQuerySpaceImpl(uid=&lt;gen:0&gt;, entity=com.niit.model.Category)
          - SQL table alias mapping - category0_
          - alias suffix - 0_
          - suffixed key columns - {id1_1_0_}

15:27:39.982 [main] DEBUG org.hibernate.loader.entity.plan.EntityLoader - Static select for entity com.niit.model.Category [OPTIMISTIC_FORCE_INCREMENT]: select category0_.id as id1_1_0_, category0_.description as descript2_1_0_, category0_.name as name3_1_0_ from Category category0_ where category0_.id=?
15:27:39.999 [main] DEBUG org.hibernate.loader.Loader - Static select for action ACTION_MERGE on entity com.niit.model.Category: select category0_.id as id1_1_0_, category0_.description as descript2_1_0_, category0_.name as name3_1_0_ from Category category0_ where category0_.id=?
15:27:40.000 [main] DEBUG org.hibernate.loader.Loader - Static select for action ACTION_REFRESH on entity com.niit.model.Category: select category0_.id as id1_1_0_, category0_.description as descript2_1_0_, category0_.name as name3_1_0_ from Category category0_ where category0_.id=?
15:27:40.000 [main] DEBUG org.hibernate.persister.entity.AbstractEntityPersister - Static SQL for entity: com.niit.model.User
15:27:40.001 [main] DEBUG org.hibernate.persister.entity.AbstractEntityPersister -  Version select: select emailID from User where emailID =?
15:27:40.001 [main] DEBUG org.hibernate.persister.entity.AbstractEntityPersister -  Snapshot select: select user_.emailID, user_.mobile as mobile2_4_, user_.name as name3_4_, user_.password as password4_4_, user_.registeredDate as register5_4_, user_.role as role6_4_ from User user_ where user_.emailID=?
15:27:40.001 [main] DEBUG org.hibernate.persister.entity.AbstractEntityPersister -  Insert 0: insert into User (mobile, name, password, registeredDate, role, emailID) values (?, ?, ?, ?, ?, ?)
15:27:40.001 [main] DEBUG org.hibernate.persister.entity.AbstractEntityPersister -  Update 0: update User set mobile=?, name=?, password=?, registeredDate=?, role=? where emailID=?
15:27:40.001 [main] DEBUG org.hibernate.persister.entity.AbstractEntityPersister -  Delete 0: delete from User where emailID=?
15:27:40.001 [main] DEBUG org.hibernate.loader.plan.build.internal.spaces.QuerySpacesImpl - Adding QuerySpace : uid = &lt;gen:0&gt; -&gt; org.hibernate.loader.plan.build.internal.spaces.EntityQuerySpaceImpl@5e63cad]
15:27:40.001 [main] DEBUG org.hibernate.persister.walking.spi.MetamodelGraphWalker - Visiting attribute path : mobile
15:27:40.001 [main] DEBUG org.hibernate.persister.walking.spi.MetamodelGraphWalker - Visiting attribute path : name
15:27:40.001 [main] DEBUG org.hibernate.persister.walking.spi.MetamodelGraphWalker - Visiting attribute path : pwd
15:27:40.001 [main] DEBUG org.hibernate.persister.walking.spi.MetamodelGraphWalker - Visiting attribute path : registeredDate
15:27:40.001 [main] DEBUG org.hibernate.persister.walking.spi.MetamodelGraphWalker - Visiting attribute path : role
15:27:40.001 [main] DEBUG org.hibernate.loader.plan.build.internal.FetchStyleLoadPlanBuildingAssociationVisitationStrategy - Building LoadPlan...
15:27:40.001 [main] DEBUG org.hibernate.loader.plan.exec.internal.LoadQueryJoinAndFetchProcessor - processing queryspace &lt;gen:0&gt;
15:27:40.002 [main] DEBUG org.hibernate.loader.plan.build.spi.LoadPlanTreePrinter - LoadPlan(entity=com.niit.model.User)
    - Returns
       - EntityReturnImpl(entity=com.niit.model.User, querySpaceUid=&lt;gen:0&gt;, path=com.niit.model.User)
    - QuerySpaces
       - EntityQuerySpaceImpl(uid=&lt;gen:0&gt;, entity=com.niit.model.User)
          - SQL table alias mapping - user0_
          - alias suffix - 0_
          - suffixed key columns - {emailID1_4_0_}

15:27:40.002 [main] DEBUG org.hibernate.loader.entity.plan.EntityLoader - Static select for entity com.niit.model.User [NONE]: select user0_.emailID as emailID1_4_0_, user0_.mobile as mobile2_4_0_, user0_.name as name3_4_0_, user0_.password as password4_4_0_, user0_.registeredDate as register5_4_0_, user0_.role as role6_4_0_ from User user0_ where user0_.emailID=?
15:27:40.002 [main] DEBUG org.hibernate.loader.plan.build.internal.spaces.QuerySpacesImpl - Adding QuerySpace : uid = &lt;gen:0&gt; -&gt; org.hibernate.loader.plan.build.internal.spaces.EntityQuerySpaceImpl@33a053d]
15:27:40.002 [main] DEBUG org.hibernate.persister.walking.spi.MetamodelGraphWalker - Visiting attribute path : mobile
15:27:40.002 [main] DEBUG org.hibernate.persister.walking.spi.MetamodelGraphWalker - Visiting attribute path : name
15:27:40.002 [main] DEBUG org.hibernate.persister.walking.spi.MetamodelGraphWalker - Visiting attribute path : pwd
15:27:40.002 [main] DEBUG org.hibernate.persister.walking.spi.MetamodelGraphWalker - Visiting attribute path : registeredDate
15:27:40.002 [main] DEBUG org.hibernate.persister.walking.spi.MetamodelGraphWalker - Visiting attribute path : role
15:27:40.002 [main] DEBUG org.hibernate.loader.plan.build.internal.FetchStyleLoadPlanBuildingAssociationVisitationStrategy - Building LoadPlan...
15:27:40.002 [main] DEBUG org.hibernate.loader.plan.exec.internal.LoadQueryJoinAndFetchProcessor - processing queryspace &lt;gen:0&gt;
15:27:40.003 [main] DEBUG org.hibernate.loader.plan.build.spi.LoadPlanTreePrinter - LoadPlan(entity=com.niit.model.User)
    - Returns
       - EntityReturnImpl(entity=com.niit.model.User, querySpaceUid=&lt;gen:0&gt;, path=com.niit.model.User)
    - QuerySpaces
       - EntityQuerySpaceImpl(uid=&lt;gen:0&gt;, entity=com.niit.model.User)
          - SQL table alias mapping - user0_
          - alias suffix - 0_
          - suffixed key columns - {emailID1_4_0_}

15:27:40.003 [main] DEBUG org.hibernate.loader.entity.plan.EntityLoader - Static select for entity com.niit.model.User [READ]: select user0_.emailID as emailID1_4_0_, user0_.mobile as mobile2_4_0_, user0_.name as name3_4_0_, user0_.password as password4_4_0_, user0_.registeredDate as register5_4_0_, user0_.role as role6_4_0_ from User user0_ where user0_.emailID=?
15:27:40.003 [main] DEBUG org.hibernate.loader.plan.build.internal.spaces.QuerySpacesImpl - Adding QuerySpace : uid = &lt;gen:0&gt; -&gt; org.hibernate.loader.plan.build.internal.spaces.EntityQuerySpaceImpl@20921b9b]
15:27:40.003 [main] DEBUG org.hibernate.persister.walking.spi.MetamodelGraphWalker - Visiting attribute path : mobile
15:27:40.003 [main] DEBUG org.hibernate.persister.walking.spi.MetamodelGraphWalker - Visiting attribute path : name
15:27:40.003 [main] DEBUG org.hibernate.persister.walking.spi.MetamodelGraphWalker - Visiting attribute path : pwd
15:27:40.003 [main] DEBUG org.hibernate.persister.walking.spi.MetamodelGraphWalker - Visiting attribute path : registeredDate
15:27:40.003 [main] DEBUG org.hibernate.persister.walking.spi.MetamodelGraphWalker - Visiting attribute path : role
15:27:40.003 [main] DEBUG org.hibernate.loader.plan.build.internal.FetchStyleLoadPlanBuildingAssociationVisitationStrategy - Building LoadPlan...
15:27:40.003 [main] DEBUG org.hibernate.loader.plan.exec.internal.LoadQueryJoinAndFetchProcessor - processing queryspace &lt;gen:0&gt;
15:27:40.003 [main] DEBUG org.hibernate.loader.plan.build.spi.LoadPlanTreePrinter - LoadPlan(entity=com.niit.model.User)
    - Returns
       - EntityReturnImpl(entity=com.niit.model.User, querySpaceUid=&lt;gen:0&gt;, path=com.niit.model.User)
    - QuerySpaces
       - EntityQuerySpaceImpl(uid=&lt;gen:0&gt;, entity=com.niit.model.User)
          - SQL table alias mapping - user0_
          - alias suffix - 0_
          - suffixed key columns - {emailID1_4_0_}

15:27:40.003 [main] DEBUG org.hibernate.loader.entity.plan.EntityLoader - Static select for entity com.niit.model.User [UPGRADE]: select user0_.emailID as emailID1_4_0_, user0_.mobile as mobile2_4_0_, user0_.name as name3_4_0_, user0_.password as password4_4_0_, user0_.registeredDate as register5_4_0_, user0_.role as role6_4_0_ from User user0_ where user0_.emailID=? for update
15:27:40.004 [main] DEBUG org.hibernate.loader.plan.build.internal.spaces.QuerySpacesImpl - Adding QuerySpace : uid = &lt;gen:0&gt; -&gt; org.hibernate.loader.plan.build.internal.spaces.EntityQuerySpaceImpl@5ba745bc]
15:27:40.004 [main] DEBUG org.hibernate.persister.walking.spi.MetamodelGraphWalker - Visiting attribute path : mobile
15:27:40.004 [main] DEBUG org.hibernate.persister.walking.spi.MetamodelGraphWalker - Visiting attribute path : name
15:27:40.004 [main] DEBUG org.hibernate.persister.walking.spi.MetamodelGraphWalker - Visiting attribute path : pwd
15:27:40.004 [main] DEBUG org.hibernate.persister.walking.spi.MetamodelGraphWalker - Visiting attribute path : registeredDate
15:27:40.004 [main] DEBUG org.hibernate.persister.walking.spi.MetamodelGraphWalker - Visiting attribute path : role
15:27:40.004 [main] DEBUG org.hibernate.loader.plan.build.internal.FetchStyleLoadPlanBuildingAssociationVisitationStrategy - Building LoadPlan...
15:27:40.004 [main] DEBUG org.hibernate.loader.plan.exec.internal.LoadQueryJoinAndFetchProcessor - processing queryspace &lt;gen:0&gt;
15:27:40.004 [main] DEBUG org.hibernate.loader.plan.build.spi.LoadPlanTreePrinter - LoadPlan(entity=com.niit.model.User)
    - Returns
       - EntityReturnImpl(entity=com.niit.model.User, querySpaceUid=&lt;gen:0&gt;, path=com.niit.model.User)
    - QuerySpaces
       - EntityQuerySpaceImpl(uid=&lt;gen:0&gt;, entity=com.niit.model.User)
          - SQL table alias mapping - user0_
          - alias suffix - 0_
          - suffixed key columns - {emailID1_4_0_}

15:27:40.004 [main] DEBUG org.hibernate.loader.entity.plan.EntityLoader - Static select for entity com.niit.model.User [UPGRADE_NOWAIT]: select user0_.emailID as emailID1_4_0_, user0_.mobile as mobile2_4_0_, user0_.name as name3_4_0_, user0_.password as password4_4_0_, user0_.registeredDate as register5_4_0_, user0_.role as role6_4_0_ from User user0_ where user0_.emailID=? for update
15:27:40.005 [main] DEBUG org.hibernate.loader.plan.build.internal.spaces.QuerySpacesImpl - Adding QuerySpace : uid = &lt;gen:0&gt; -&gt; org.hibernate.loader.plan.build.internal.spaces.EntityQuerySpaceImpl@55b5e331]
15:27:40.005 [main] DEBUG org.hibernate.persister.walking.spi.MetamodelGraphWalker - Visiting attribute path : mobile
15:27:40.005 [main] DEBUG org.hibernate.persister.walking.spi.MetamodelGraphWalker - Visiting attribute path : name
15:27:40.005 [main] DEBUG org.hibernate.persister.walking.spi.MetamodelGraphWalker - Visiting attribute path : pwd
15:27:40.005 [main] DEBUG org.hibernate.persister.walking.spi.MetamodelGraphWalker - Visiting attribute path : registeredDate
15:27:40.005 [main] DEBUG org.hibernate.persister.walking.spi.MetamodelGraphWalker - Visiting attribute path : role
15:27:40.005 [main] DEBUG org.hibernate.loader.plan.build.internal.FetchStyleLoadPlanBuildingAssociationVisitationStrategy - Building LoadPlan...
15:27:40.005 [main] DEBUG org.hibernate.loader.plan.exec.internal.LoadQueryJoinAndFetchProcessor - processing queryspace &lt;gen:0&gt;
15:27:40.005 [main] DEBUG org.hibernate.loader.plan.build.spi.LoadPlanTreePrinter - LoadPlan(entity=com.niit.model.User)
    - Returns
       - EntityReturnImpl(entity=com.niit.model.User, querySpaceUid=&lt;gen:0&gt;, path=com.niit.model.User)
    - QuerySpaces
       - EntityQuerySpaceImpl(uid=&lt;gen:0&gt;, entity=com.niit.model.User)
          - SQL table alias mapping - user0_
          - alias suffix - 0_
          - suffixed key columns - {emailID1_4_0_}

15:27:40.006 [main] DEBUG org.hibernate.loader.entity.plan.EntityLoader - Static select for entity com.niit.model.User [UPGRADE_SKIPLOCKED]: select user0_.emailID as emailID1_4_0_, user0_.mobile as mobile2_4_0_, user0_.name as name3_4_0_, user0_.password as password4_4_0_, user0_.registeredDate as register5_4_0_, user0_.role as role6_4_0_ from User user0_ where user0_.emailID=? for update
15:27:40.006 [main] DEBUG org.hibernate.loader.plan.build.internal.spaces.QuerySpacesImpl - Adding QuerySpace : uid = &lt;gen:0&gt; -&gt; org.hibernate.loader.plan.build.internal.spaces.EntityQuerySpaceImpl@15fc442]
15:27:40.006 [main] DEBUG org.hibernate.persister.walking.spi.MetamodelGraphWalker - Visiting attribute path : mobile
15:27:40.006 [main] DEBUG org.hibernate.persister.walking.spi.MetamodelGraphWalker - Visiting attribute path : name
15:27:40.006 [main] DEBUG org.hibernate.persister.walking.spi.MetamodelGraphWalker - Visiting attribute path : pwd
15:27:40.006 [main] DEBUG org.hibernate.persister.walking.spi.MetamodelGraphWalker - Visiting attribute path : registeredDate
15:27:40.006 [main] DEBUG org.hibernate.persister.walking.spi.MetamodelGraphWalker - Visiting attribute path : role
15:27:40.006 [main] DEBUG org.hibernate.loader.plan.build.internal.FetchStyleLoadPlanBuildingAssociationVisitationStrategy - Building LoadPlan...
15:27:40.006 [main] DEBUG org.hibernate.loader.plan.exec.internal.LoadQueryJoinAndFetchProcessor - processing queryspace &lt;gen:0&gt;
15:27:40.007 [main] DEBUG org.hibernate.loader.plan.build.spi.LoadPlanTreePrinter - LoadPlan(entity=com.niit.model.User)
    - Returns
       - EntityReturnImpl(entity=com.niit.model.User, querySpaceUid=&lt;gen:0&gt;, path=com.niit.model.User)
    - QuerySpaces
       - EntityQuerySpaceImpl(uid=&lt;gen:0&gt;, entity=com.niit.model.User)
          - SQL table alias mapping - user0_
          - alias suffix - 0_
          - suffixed key columns - {emailID1_4_0_}

15:27:40.007 [main] DEBUG org.hibernate.loader.entity.plan.EntityLoader - Static select for entity com.niit.model.User [FORCE]: select user0_.emailID as emailID1_4_0_, user0_.mobile as mobile2_4_0_, user0_.name as name3_4_0_, user0_.password as password4_4_0_, user0_.registeredDate as register5_4_0_, user0_.role as role6_4_0_ from User user0_ where user0_.emailID=? for update
15:27:40.007 [main] DEBUG org.hibernate.loader.plan.build.internal.spaces.QuerySpacesImpl - Adding QuerySpace : uid = &lt;gen:0&gt; -&gt; org.hibernate.loader.plan.build.internal.spaces.EntityQuerySpaceImpl@456abb66]
15:27:40.007 [main] DEBUG org.hibernate.persister.walking.spi.MetamodelGraphWalker - Visiting attribute path : mobile
15:27:40.007 [main] DEBUG org.hibernate.persister.walking.spi.MetamodelGraphWalker - Visiting attribute path : name
15:27:40.007 [main] DEBUG org.hibernate.persister.walking.spi.MetamodelGraphWalker - Visiting attribute path : pwd
15:27:40.007 [main] DEBUG org.hibernate.persister.walking.spi.MetamodelGraphWalker - Visiting attribute path : registeredDate
15:27:40.007 [main] DEBUG org.hibernate.persister.walking.spi.MetamodelGraphWalker - Visiting attribute path : role
15:27:40.007 [main] DEBUG org.hibernate.loader.plan.build.internal.FetchStyleLoadPlanBuildingAssociationVisitationStrategy - Building LoadPlan...
15:27:40.007 [main] DEBUG org.hibernate.loader.plan.exec.internal.LoadQueryJoinAndFetchProcessor - processing queryspace &lt;gen:0&gt;
15:27:40.007 [main] DEBUG org.hibernate.loader.plan.build.spi.LoadPlanTreePrinter - LoadPlan(entity=com.niit.model.User)
    - Returns
       - EntityReturnImpl(entity=com.niit.model.User, querySpaceUid=&lt;gen:0&gt;, path=com.niit.model.User)
    - QuerySpaces
       - EntityQuerySpaceImpl(uid=&lt;gen:0&gt;, entity=com.niit.model.User)
          - SQL table alias mapping - user0_
          - alias suffix - 0_
          - suffixed key columns - {emailID1_4_0_}

15:27:40.008 [main] DEBUG org.hibernate.loader.entity.plan.EntityLoader - Static select for entity com.niit.model.User [PESSIMISTIC_READ]: select user0_.emailID as emailID1_4_0_, user0_.mobile as mobile2_4_0_, user0_.name as name3_4_0_, user0_.password as password4_4_0_, user0_.registeredDate as register5_4_0_, user0_.role as role6_4_0_ from User user0_ where user0_.emailID=? for update
15:27:40.008 [main] DEBUG org.hibernate.loader.plan.build.internal.spaces.QuerySpacesImpl - Adding QuerySpace : uid = &lt;gen:0&gt; -&gt; org.hibernate.loader.plan.build.internal.spaces.EntityQuerySpaceImpl@7da10b5b]
15:27:40.008 [main] DEBUG org.hibernate.persister.walking.spi.MetamodelGraphWalker - Visiting attribute path : mobile
15:27:40.008 [main] DEBUG org.hibernate.persister.walking.spi.MetamodelGraphWalker - Visiting attribute path : name
15:27:40.008 [main] DEBUG org.hibernate.persister.walking.spi.MetamodelGraphWalker - Visiting attribute path : pwd
15:27:40.008 [main] DEBUG org.hibernate.persister.walking.spi.MetamodelGraphWalker - Visiting attribute path : registeredDate
15:27:40.008 [main] DEBUG org.hibernate.persister.walking.spi.MetamodelGraphWalker - Visiting attribute path : role
15:27:40.008 [main] DEBUG org.hibernate.loader.plan.build.internal.FetchStyleLoadPlanBuildingAssociationVisitationStrategy - Building LoadPlan...
15:27:40.008 [main] DEBUG org.hibernate.loader.plan.exec.internal.LoadQueryJoinAndFetchProcessor - processing queryspace &lt;gen:0&gt;
15:27:40.008 [main] DEBUG org.hibernate.loader.plan.build.spi.LoadPlanTreePrinter - LoadPlan(entity=com.niit.model.User)
    - Returns
       - EntityReturnImpl(entity=com.niit.model.User, querySpaceUid=&lt;gen:0&gt;, path=com.niit.model.User)
    - QuerySpaces
       - EntityQuerySpaceImpl(uid=&lt;gen:0&gt;, entity=com.niit.model.User)
          - SQL table alias mapping - user0_
          - alias suffix - 0_
          - suffixed key columns - {emailID1_4_0_}

15:27:40.009 [main] DEBUG org.hibernate.loader.entity.plan.EntityLoader - Static select for entity com.niit.model.User [PESSIMISTIC_WRITE]: select user0_.emailID as emailID1_4_0_, user0_.mobile as mobile2_4_0_, user0_.name as name3_4_0_, user0_.password as password4_4_0_, user0_.registeredDate as register5_4_0_, user0_.role as role6_4_0_ from User user0_ where user0_.emailID=? for update
15:27:40.009 [main] DEBUG org.hibernate.loader.plan.build.internal.spaces.QuerySpacesImpl - Adding QuerySpace : uid = &lt;gen:0&gt; -&gt; org.hibernate.loader.plan.build.internal.spaces.EntityQuerySpaceImpl@31be6b49]
15:27:40.009 [main] DEBUG org.hibernate.persister.walking.spi.MetamodelGraphWalker - Visiting attribute path : mobile
15:27:40.009 [main] DEBUG org.hibernate.persister.walking.spi.MetamodelGraphWalker - Visiting attribute path : name
15:27:40.009 [main] DEBUG org.hibernate.persister.walking.spi.MetamodelGraphWalker - Visiting attribute path : pwd
15:27:40.009 [main] DEBUG org.hibernate.persister.walking.spi.MetamodelGraphWalker - Visiting attribute path : registeredDate
15:27:40.009 [main] DEBUG org.hibernate.persister.walking.spi.MetamodelGraphWalker - Visiting attribute path : role
15:27:40.009 [main] DEBUG org.hibernate.loader.plan.build.internal.FetchStyleLoadPlanBuildingAssociationVisitationStrategy - Building LoadPlan...
15:27:40.009 [main] DEBUG org.hibernate.loader.plan.exec.internal.LoadQueryJoinAndFetchProcessor - processing queryspace &lt;gen:0&gt;
15:27:40.010 [main] DEBUG org.hibernate.loader.plan.build.spi.LoadPlanTreePrinter - LoadPlan(entity=com.niit.model.User)
    - Returns
       - EntityReturnImpl(entity=com.niit.model.User, querySpaceUid=&lt;gen:0&gt;, path=com.niit.model.User)
    - QuerySpaces
       - EntityQuerySpaceImpl(uid=&lt;gen:0&gt;, entity=com.niit.model.User)
          - SQL table alias mapping - user0_
          - alias suffix - 0_
          - suffixed key columns - {emailID1_4_0_}

15:27:40.010 [main] DEBUG org.hibernate.loader.entity.plan.EntityLoader - Static select for entity com.niit.model.User [PESSIMISTIC_FORCE_INCREMENT]: select user0_.emailID as emailID1_4_0_, user0_.mobile as mobile2_4_0_, user0_.name as name3_4_0_, user0_.password as password4_4_0_, user0_.registeredDate as register5_4_0_, user0_.role as role6_4_0_ from User user0_ where user0_.emailID=? for update
15:27:40.010 [main] DEBUG org.hibernate.loader.plan.build.internal.spaces.QuerySpacesImpl - Adding QuerySpace : uid = &lt;gen:0&gt; -&gt; org.hibernate.loader.plan.build.internal.spaces.EntityQuerySpaceImpl@5b989dc7]
15:27:40.010 [main] DEBUG org.hibernate.persister.walking.spi.MetamodelGraphWalker - Visiting attribute path : mobile
15:27:40.010 [main] DEBUG org.hibernate.persister.walking.spi.MetamodelGraphWalker - Visiting attribute path : name
15:27:40.010 [main] DEBUG org.hibernate.persister.walking.spi.MetamodelGraphWalker - Visiting attribute path : pwd
15:27:40.010 [main] DEBUG org.hibernate.persister.walking.spi.MetamodelGraphWalker - Visiting attribute path : registeredDate
15:27:40.010 [main] DEBUG org.hibernate.persister.walking.spi.MetamodelGraphWalker - Visiting attribute path : role
15:27:40.010 [main] DEBUG org.hibernate.loader.plan.build.internal.FetchStyleLoadPlanBuildingAssociationVisitationStrategy - Building LoadPlan...
15:27:40.010 [main] DEBUG org.hibernate.loader.plan.exec.internal.LoadQueryJoinAndFetchProcessor - processing queryspace &lt;gen:0&gt;
15:27:40.010 [main] DEBUG org.hibernate.loader.plan.build.spi.LoadPlanTreePrinter - LoadPlan(entity=com.niit.model.User)
    - Returns
       - EntityReturnImpl(entity=com.niit.model.User, querySpaceUid=&lt;gen:0&gt;, path=com.niit.model.User)
    - QuerySpaces
       - EntityQuerySpaceImpl(uid=&lt;gen:0&gt;, entity=com.niit.model.User)
          - SQL table alias mapping - user0_
          - alias suffix - 0_
          - suffixed key columns - {emailID1_4_0_}

15:27:40.011 [main] DEBUG org.hibernate.loader.entity.plan.EntityLoader - Static select for entity com.niit.model.User [OPTIMISTIC]: select user0_.emailID as emailID1_4_0_, user0_.mobile as mobile2_4_0_, user0_.name as name3_4_0_, user0_.password as password4_4_0_, user0_.registeredDate as register5_4_0_, user0_.role as role6_4_0_ from User user0_ where user0_.emailID=?
15:27:40.011 [main] DEBUG org.hibernate.loader.plan.build.internal.spaces.QuerySpacesImpl - Adding QuerySpace : uid = &lt;gen:0&gt; -&gt; org.hibernate.loader.plan.build.internal.spaces.EntityQuerySpaceImpl@42561fba]
15:27:40.011 [main] DEBUG org.hibernate.persister.walking.spi.MetamodelGraphWalker - Visiting attribute path : mobile
15:27:40.011 [main] DEBUG org.hibernate.persister.walking.spi.MetamodelGraphWalker - Visiting attribute path : name
15:27:40.011 [main] DEBUG org.hibernate.persister.walking.spi.MetamodelGraphWalker - Visiting attribute path : pwd
15:27:40.011 [main] DEBUG org.hibernate.persister.walking.spi.MetamodelGraphWalker - Visiting attribute path : registeredDate
15:27:40.011 [main] DEBUG org.hibernate.persister.walking.spi.MetamodelGraphWalker - Visiting attribute path : role
15:27:40.011 [main] DEBUG org.hibernate.loader.plan.build.internal.FetchStyleLoadPlanBuildingAssociationVisitationStrategy - Building LoadPlan...
15:27:40.011 [main] DEBUG org.hibernate.loader.plan.exec.internal.LoadQueryJoinAndFetchProcessor - processing queryspace &lt;gen:0&gt;
15:27:40.011 [main] DEBUG org.hibernate.loader.plan.build.spi.LoadPlanTreePrinter - LoadPlan(entity=com.niit.model.User)
    - Returns
       - EntityReturnImpl(entity=com.niit.model.User, querySpaceUid=&lt;gen:0&gt;, path=com.niit.model.User)
    - QuerySpaces
       - EntityQuerySpaceImpl(uid=&lt;gen:0&gt;, entity=com.niit.model.User)
          - SQL table alias mapping - user0_
          - alias suffix - 0_
          - suffixed key columns - {emailID1_4_0_}

15:27:40.012 [main] DEBUG org.hibernate.loader.entity.plan.EntityLoader - Static select for entity com.niit.model.User [OPTIMISTIC_FORCE_INCREMENT]: select user0_.emailID as emailID1_4_0_, user0_.mobile as mobile2_4_0_, user0_.name as name3_4_0_, user0_.password as password4_4_0_, user0_.registeredDate as register5_4_0_, user0_.role as role6_4_0_ from User user0_ where user0_.emailID=?
15:27:40.012 [main] DEBUG org.hibernate.loader.Loader - Static select for action ACTION_MERGE on entity com.niit.model.User: select user0_.emailID as emailID1_4_0_, user0_.mobile as mobile2_4_0_, user0_.name as name3_4_0_, user0_.password as password4_4_0_, user0_.registeredDate as register5_4_0_, user0_.role as role6_4_0_ from User user0_ where user0_.emailID=?
15:27:40.012 [main] DEBUG org.hibernate.loader.Loader - Static select for action ACTION_REFRESH on entity com.niit.model.User: select user0_.emailID as emailID1_4_0_, user0_.mobile as mobile2_4_0_, user0_.name as name3_4_0_, user0_.password as password4_4_0_, user0_.registeredDate as register5_4_0_, user0_.role as role6_4_0_ from User user0_ where user0_.emailID=?
15:27:40.013 [main] DEBUG org.hibernate.persister.entity.AbstractEntityPersister - Static SQL for entity: com.niit.model.Cart
15:27:40.013 [main] DEBUG org.hibernate.persister.entity.AbstractEntityPersister -  Version select: select id from Cart where id =?
15:27:40.013 [main] DEBUG org.hibernate.persister.entity.AbstractEntityPersister -  Snapshot select: select cart_.id, cart_.emailID as emailID2_0_, cart_.price as price3_0_, cart_.productID as productI4_0_, cart_.productName as productN5_0_, cart_.quantity as quantity6_0_ from Cart cart_ where cart_.id=?
15:27:40.013 [main] DEBUG org.hibernate.persister.entity.AbstractEntityPersister -  Insert 0: insert into Cart (emailID, price, productID, productName, quantity, id) values (?, ?, ?, ?, ?, ?)
15:27:40.013 [main] DEBUG org.hibernate.persister.entity.AbstractEntityPersister -  Update 0: update Cart set emailID=?, price=?, productID=?, productName=?, quantity=? where id=?
15:27:40.013 [main] DEBUG org.hibernate.persister.entity.AbstractEntityPersister -  Delete 0: delete from Cart where id=?
15:27:40.013 [main] DEBUG org.hibernate.loader.plan.build.internal.spaces.QuerySpacesImpl - Adding QuerySpace : uid = &lt;gen:0&gt; -&gt; org.hibernate.loader.plan.build.internal.spaces.EntityQuerySpaceImpl@46b695ec]
15:27:40.013 [main] DEBUG org.hibernate.persister.walking.spi.MetamodelGraphWalker - Visiting attribute path : emailID
15:27:40.013 [main] DEBUG org.hibernate.persister.walking.spi.MetamodelGraphWalker - Visiting attribute path : price
15:27:40.013 [main] DEBUG org.hibernate.persister.walking.spi.MetamodelGraphWalker - Visiting attribute path : productID
15:27:40.013 [main] DEBUG org.hibernate.persister.walking.spi.MetamodelGraphWalker - Visiting attribute path : productName
15:27:40.013 [main] DEBUG org.hibernate.persister.walking.spi.MetamodelGraphWalker - Visiting attribute path : quantity
15:27:40.013 [main] DEBUG org.hibernate.loader.plan.build.internal.FetchStyleLoadPlanBuildingAssociationVisitationStrategy - Building LoadPlan...
15:27:40.014 [main] DEBUG org.hibernate.loader.plan.exec.internal.LoadQueryJoinAndFetchProcessor - processing queryspace &lt;gen:0&gt;
15:27:40.014 [main] DEBUG org.hibernate.loader.plan.build.spi.LoadPlanTreePrinter - LoadPlan(entity=com.niit.model.Cart)
    - Returns
       - EntityReturnImpl(entity=com.niit.model.Cart, querySpaceUid=&lt;gen:0&gt;, path=com.niit.model.Cart)
    - QuerySpaces
       - EntityQuerySpaceImpl(uid=&lt;gen:0&gt;, entity=com.niit.model.Cart)
          - SQL table alias mapping - cart0_
          - alias suffix - 0_
          - suffixed key columns - {id1_0_0_}

15:27:40.014 [main] DEBUG org.hibernate.loader.entity.plan.EntityLoader - Static select for entity com.niit.model.Cart [NONE]: select cart0_.id as id1_0_0_, cart0_.emailID as emailID2_0_0_, cart0_.price as price3_0_0_, cart0_.productID as productI4_0_0_, cart0_.productName as productN5_0_0_, cart0_.quantity as quantity6_0_0_ from Cart cart0_ where cart0_.id=?
15:27:40.015 [main] DEBUG org.hibernate.loader.plan.build.internal.spaces.QuerySpacesImpl - Adding QuerySpace : uid = &lt;gen:0&gt; -&gt; org.hibernate.loader.plan.build.internal.spaces.EntityQuerySpaceImpl@325f7fa9]
15:27:40.015 [main] DEBUG org.hibernate.persister.walking.spi.MetamodelGraphWalker - Visiting attribute path : emailID
15:27:40.015 [main] DEBUG org.hibernate.persister.walking.spi.MetamodelGraphWalker - Visiting attribute path : price
15:27:40.015 [main] DEBUG org.hibernate.persister.walking.spi.MetamodelGraphWalker - Visiting attribute path : productID
15:27:40.015 [main] DEBUG org.hibernate.persister.walking.spi.MetamodelGraphWalker - Visiting attribute path : productName
15:27:40.015 [main] DEBUG org.hibernate.persister.walking.spi.MetamodelGraphWalker - Visiting attribute path : quantity
15:27:40.015 [main] DEBUG org.hibernate.loader.plan.build.internal.FetchStyleLoadPlanBuildingAssociationVisitationStrategy - Building LoadPlan...
15:27:40.015 [main] DEBUG org.hibernate.loader.plan.exec.internal.LoadQueryJoinAndFetchProcessor - processing queryspace &lt;gen:0&gt;
15:27:40.016 [main] DEBUG org.hibernate.loader.plan.build.spi.LoadPlanTreePrinter - LoadPlan(entity=com.niit.model.Cart)
    - Returns
       - EntityReturnImpl(entity=com.niit.model.Cart, querySpaceUid=&lt;gen:0&gt;, path=com.niit.model.Cart)
    - QuerySpaces
       - EntityQuerySpaceImpl(uid=&lt;gen:0&gt;, entity=com.niit.model.Cart)
          - SQL table alias mapping - cart0_
          - alias suffix - 0_
          - suffixed key columns - {id1_0_0_}

15:27:40.016 [main] DEBUG org.hibernate.loader.entity.plan.EntityLoader - Static select for entity com.niit.model.Cart [READ]: select cart0_.id as id1_0_0_, cart0_.emailID as emailID2_0_0_, cart0_.price as price3_0_0_, cart0_.productID as productI4_0_0_, cart0_.productName as productN5_0_0_, cart0_.quantity as quantity6_0_0_ from Cart cart0_ where cart0_.id=?
15:27:40.016 [main] DEBUG org.hibernate.loader.plan.build.internal.spaces.QuerySpacesImpl - Adding QuerySpace : uid = &lt;gen:0&gt; -&gt; org.hibernate.loader.plan.build.internal.spaces.EntityQuerySpaceImpl@63a5d002]
15:27:40.016 [main] DEBUG org.hibernate.persister.walking.spi.MetamodelGraphWalker - Visiting attribute path : emailID
15:27:40.016 [main] DEBUG org.hibernate.persister.walking.spi.MetamodelGraphWalker - Visiting attribute path : price
15:27:40.016 [main] DEBUG org.hibernate.persister.walking.spi.MetamodelGraphWalker - Visiting attribute path : productID
15:27:40.016 [main] DEBUG org.hibernate.persister.walking.spi.MetamodelGraphWalker - Visiting attribute path : productName
15:27:40.017 [main] DEBUG org.hibernate.persister.walking.spi.MetamodelGraphWalker - Visiting attribute path : quantity
15:27:40.017 [main] DEBUG org.hibernate.loader.plan.build.internal.FetchStyleLoadPlanBuildingAssociationVisitationStrategy - Building LoadPlan...
15:27:40.017 [main] DEBUG org.hibernate.loader.plan.exec.internal.LoadQueryJoinAndFetchProcessor - processing queryspace &lt;gen:0&gt;
15:27:40.017 [main] DEBUG org.hibernate.loader.plan.build.spi.LoadPlanTreePrinter - LoadPlan(entity=com.niit.model.Cart)
    - Returns
       - EntityReturnImpl(entity=com.niit.model.Cart, querySpaceUid=&lt;gen:0&gt;, path=com.niit.model.Cart)
    - QuerySpaces
       - EntityQuerySpaceImpl(uid=&lt;gen:0&gt;, entity=com.niit.model.Cart)
          - SQL table alias mapping - cart0_
          - alias suffix - 0_
          - suffixed key columns - {id1_0_0_}

15:27:40.017 [main] DEBUG org.hibernate.loader.entity.plan.EntityLoader - Static select for entity com.niit.model.Cart [UPGRADE]: select cart0_.id as id1_0_0_, cart0_.emailID as emailID2_0_0_, cart0_.price as price3_0_0_, cart0_.productID as productI4_0_0_, cart0_.productName as productN5_0_0_, cart0_.quantity as quantity6_0_0_ from Cart cart0_ where cart0_.id=? for update
15:27:40.017 [main] DEBUG org.hibernate.loader.plan.build.internal.spaces.QuerySpacesImpl - Adding QuerySpace : uid = &lt;gen:0&gt; -&gt; org.hibernate.loader.plan.build.internal.spaces.EntityQuerySpaceImpl@5aa6202e]
15:27:40.017 [main] DEBUG org.hibernate.persister.walking.spi.MetamodelGraphWalker - Visiting attribute path : emailID
15:27:40.017 [main] DEBUG org.hibernate.persister.walking.spi.MetamodelGraphWalker - Visiting attribute path : price
15:27:40.017 [main] DEBUG org.hibernate.persister.walking.spi.MetamodelGraphWalker - Visiting attribute path : productID
15:27:40.017 [main] DEBUG org.hibernate.persister.walking.spi.MetamodelGraphWalker - Visiting attribute path : productName
15:27:40.018 [main] DEBUG org.hibernate.persister.walking.spi.MetamodelGraphWalker - Visiting attribute path : quantity
15:27:40.018 [main] DEBUG org.hibernate.loader.plan.build.internal.FetchStyleLoadPlanBuildingAssociationVisitationStrategy - Building LoadPlan...
15:27:40.018 [main] DEBUG org.hibernate.loader.plan.exec.internal.LoadQueryJoinAndFetchProcessor - processing queryspace &lt;gen:0&gt;
15:27:40.018 [main] DEBUG org.hibernate.loader.plan.build.spi.LoadPlanTreePrinter - LoadPlan(entity=com.niit.model.Cart)
    - Returns
       - EntityReturnImpl(entity=com.niit.model.Cart, querySpaceUid=&lt;gen:0&gt;, path=com.niit.model.Cart)
    - QuerySpaces
       - EntityQuerySpaceImpl(uid=&lt;gen:0&gt;, entity=com.niit.model.Cart)
          - SQL table alias mapping - cart0_
          - alias suffix - 0_
          - suffixed key columns - {id1_0_0_}

15:27:40.018 [main] DEBUG org.hibernate.loader.entity.plan.EntityLoader - Static select for entity com.niit.model.Cart [UPGRADE_NOWAIT]: select cart0_.id as id1_0_0_, cart0_.emailID as emailID2_0_0_, cart0_.price as price3_0_0_, cart0_.productID as productI4_0_0_, cart0_.productName as productN5_0_0_, cart0_.quantity as quantity6_0_0_ from Cart cart0_ where cart0_.id=? for update
15:27:40.018 [main] DEBUG org.hibernate.loader.plan.build.internal.spaces.QuerySpacesImpl - Adding QuerySpace : uid = &lt;gen:0&gt; -&gt; org.hibernate.loader.plan.build.internal.spaces.EntityQuerySpaceImpl@771158fb]
15:27:40.018 [main] DEBUG org.hibernate.persister.walking.spi.MetamodelGraphWalker - Visiting attribute path : emailID
15:27:40.018 [main] DEBUG org.hibernate.persister.walking.spi.MetamodelGraphWalker - Visiting attribute path : price
15:27:40.018 [main] DEBUG org.hibernate.persister.walking.spi.MetamodelGraphWalker - Visiting attribute path : productID
15:27:40.018 [main] DEBUG org.hibernate.persister.walking.spi.MetamodelGraphWalker - Visiting attribute path : productName
15:27:40.018 [main] DEBUG org.hibernate.persister.walking.spi.MetamodelGraphWalker - Visiting attribute path : quantity
15:27:40.018 [main] DEBUG org.hibernate.loader.plan.build.internal.FetchStyleLoadPlanBuildingAssociationVisitationStrategy - Building LoadPlan...
15:27:40.019 [main] DEBUG org.hibernate.loader.plan.exec.internal.LoadQueryJoinAndFetchProcessor - processing queryspace &lt;gen:0&gt;
15:27:40.019 [main] DEBUG org.hibernate.loader.plan.build.spi.LoadPlanTreePrinter - LoadPlan(entity=com.niit.model.Cart)
    - Returns
       - EntityReturnImpl(entity=com.niit.model.Cart, querySpaceUid=&lt;gen:0&gt;, path=com.niit.model.Cart)
    - QuerySpaces
       - EntityQuerySpaceImpl(uid=&lt;gen:0&gt;, entity=com.niit.model.Cart)
          - SQL table alias mapping - cart0_
          - alias suffix - 0_
          - suffixed key columns - {id1_0_0_}

15:27:40.019 [main] DEBUG org.hibernate.loader.entity.plan.EntityLoader - Static select for entity com.niit.model.Cart [UPGRADE_SKIPLOCKED]: select cart0_.id as id1_0_0_, cart0_.emailID as emailID2_0_0_, cart0_.price as price3_0_0_, cart0_.productID as productI4_0_0_, cart0_.productName as productN5_0_0_, cart0_.quantity as quantity6_0_0_ from Cart cart0_ where cart0_.id=? for update
15:27:40.019 [main] DEBUG org.hibernate.loader.plan.build.internal.spaces.QuerySpacesImpl - Adding QuerySpace : uid = &lt;gen:0&gt; -&gt; org.hibernate.loader.plan.build.internal.spaces.EntityQuerySpaceImpl@62d0ac62]
15:27:40.019 [main] DEBUG org.hibernate.persister.walking.spi.MetamodelGraphWalker - Visiting attribute path : emailID
15:27:40.019 [main] DEBUG org.hibernate.persister.walking.spi.MetamodelGraphWalker - Visiting attribute path : price
15:27:40.019 [main] DEBUG org.hibernate.persister.walking.spi.MetamodelGraphWalker - Visiting attribute path : productID
15:27:40.019 [main] DEBUG org.hibernate.persister.walking.spi.MetamodelGraphWalker - Visiting attribute path : productName
15:27:40.019 [main] DEBUG org.hibernate.persister.walking.spi.MetamodelGraphWalker - Visiting attribute path : quantity
15:27:40.019 [main] DEBUG org.hibernate.loader.plan.build.internal.FetchStyleLoadPlanBuildingAssociationVisitationStrategy - Building LoadPlan...
15:27:40.020 [main] DEBUG org.hibernate.loader.plan.exec.internal.LoadQueryJoinAndFetchProcessor - processing queryspace &lt;gen:0&gt;
15:27:40.020 [main] DEBUG org.hibernate.loader.plan.build.spi.LoadPlanTreePrinter - LoadPlan(entity=com.niit.model.Cart)
    - Returns
       - EntityReturnImpl(entity=com.niit.model.Cart, querySpaceUid=&lt;gen:0&gt;, path=com.niit.model.Cart)
    - QuerySpaces
       - EntityQuerySpaceImpl(uid=&lt;gen:0&gt;, entity=com.niit.model.Cart)
          - SQL table alias mapping - cart0_
          - alias suffix - 0_
          - suffixed key columns - {id1_0_0_}

15:27:40.020 [main] DEBUG org.hibernate.loader.entity.plan.EntityLoader - Static select for entity com.niit.model.Cart [FORCE]: select cart0_.id as id1_0_0_, cart0_.emailID as emailID2_0_0_, cart0_.price as price3_0_0_, cart0_.productID as productI4_0_0_, cart0_.productName as productN5_0_0_, cart0_.quantity as quantity6_0_0_ from Cart cart0_ where cart0_.id=? for update
15:27:40.020 [main] DEBUG org.hibernate.loader.plan.build.internal.spaces.QuerySpacesImpl - Adding QuerySpace : uid = &lt;gen:0&gt; -&gt; org.hibernate.loader.plan.build.internal.spaces.EntityQuerySpaceImpl@6826c41e]
15:27:40.020 [main] DEBUG org.hibernate.persister.walking.spi.MetamodelGraphWalker - Visiting attribute path : emailID
15:27:40.020 [main] DEBUG org.hibernate.persister.walking.spi.MetamodelGraphWalker - Visiting attribute path : price
15:27:40.020 [main] DEBUG org.hibernate.persister.walking.spi.MetamodelGraphWalker - Visiting attribute path : productID
15:27:40.020 [main] DEBUG org.hibernate.persister.walking.spi.MetamodelGraphWalker - Visiting attribute path : productName
15:27:40.020 [main] DEBUG org.hibernate.persister.walking.spi.MetamodelGraphWalker - Visiting attribute path : quantity
15:27:40.020 [main] DEBUG org.hibernate.loader.plan.build.internal.FetchStyleLoadPlanBuildingAssociationVisitationStrategy - Building LoadPlan...
15:27:40.020 [main] DEBUG org.hibernate.loader.plan.exec.internal.LoadQueryJoinAndFetchProcessor - processing queryspace &lt;gen:0&gt;
15:27:40.020 [main] DEBUG org.hibernate.loader.plan.build.spi.LoadPlanTreePrinter - LoadPlan(entity=com.niit.model.Cart)
    - Returns
       - EntityReturnImpl(entity=com.niit.model.Cart, querySpaceUid=&lt;gen:0&gt;, path=com.niit.model.Cart)
    - QuerySpaces
       - EntityQuerySpaceImpl(uid=&lt;gen:0&gt;, entity=com.niit.model.Cart)
          - SQL table alias mapping - cart0_
          - alias suffix - 0_
          - suffixed key columns - {id1_0_0_}

15:27:40.021 [main] DEBUG org.hibernate.loader.entity.plan.EntityLoader - Static select for entity com.niit.model.Cart [PESSIMISTIC_READ]: select cart0_.id as id1_0_0_, cart0_.emailID as emailID2_0_0_, cart0_.price as price3_0_0_, cart0_.productID as productI4_0_0_, cart0_.productName as productN5_0_0_, cart0_.quantity as quantity6_0_0_ from Cart cart0_ where cart0_.id=? for update
15:27:40.021 [main] DEBUG org.hibernate.loader.plan.build.internal.spaces.QuerySpacesImpl - Adding QuerySpace : uid = &lt;gen:0&gt; -&gt; org.hibernate.loader.plan.build.internal.spaces.EntityQuerySpaceImpl@64d43929]
15:27:40.021 [main] DEBUG org.hibernate.persister.walking.spi.MetamodelGraphWalker - Visiting attribute path : emailID
15:27:40.021 [main] DEBUG org.hibernate.persister.walking.spi.MetamodelGraphWalker - Visiting attribute path : price
15:27:40.021 [main] DEBUG org.hibernate.persister.walking.spi.MetamodelGraphWalker - Visiting attribute path : productID
15:27:40.021 [main] DEBUG org.hibernate.persister.walking.spi.MetamodelGraphWalker - Visiting attribute path : productName
15:27:40.021 [main] DEBUG org.hibernate.persister.walking.spi.MetamodelGraphWalker - Visiting attribute path : quantity
15:27:40.021 [main] DEBUG org.hibernate.loader.plan.build.internal.FetchStyleLoadPlanBuildingAssociationVisitationStrategy - Building LoadPlan...
15:27:40.021 [main] DEBUG org.hibernate.loader.plan.exec.internal.LoadQueryJoinAndFetchProcessor - processing queryspace &lt;gen:0&gt;
15:27:40.021 [main] DEBUG org.hibernate.loader.plan.build.spi.LoadPlanTreePrinter - LoadPlan(entity=com.niit.model.Cart)
    - Returns
       - EntityReturnImpl(entity=com.niit.model.Cart, querySpaceUid=&lt;gen:0&gt;, path=com.niit.model.Cart)
    - QuerySpaces
       - EntityQuerySpaceImpl(uid=&lt;gen:0&gt;, entity=com.niit.model.Cart)
          - SQL table alias mapping - cart0_
          - alias suffix - 0_
          - suffixed key columns - {id1_0_0_}

15:27:40.021 [main] DEBUG org.hibernate.loader.entity.plan.EntityLoader - Static select for entity com.niit.model.Cart [PESSIMISTIC_WRITE]: select cart0_.id as id1_0_0_, cart0_.emailID as emailID2_0_0_, cart0_.price as price3_0_0_, cart0_.productID as productI4_0_0_, cart0_.productName as productN5_0_0_, cart0_.quantity as quantity6_0_0_ from Cart cart0_ where cart0_.id=? for update
15:27:40.021 [main] DEBUG org.hibernate.loader.plan.build.internal.spaces.QuerySpacesImpl - Adding QuerySpace : uid = &lt;gen:0&gt; -&gt; org.hibernate.loader.plan.build.internal.spaces.EntityQuerySpaceImpl@437ebf59]
15:27:40.021 [main] DEBUG org.hibernate.persister.walking.spi.MetamodelGraphWalker - Visiting attribute path : emailID
15:27:40.021 [main] DEBUG org.hibernate.persister.walking.spi.MetamodelGraphWalker - Visiting attribute path : price
15:27:40.021 [main] DEBUG org.hibernate.persister.walking.spi.MetamodelGraphWalker - Visiting attribute path : productID
15:27:40.021 [main] DEBUG org.hibernate.persister.walking.spi.MetamodelGraphWalker - Visiting attribute path : productName
15:27:40.021 [main] DEBUG org.hibernate.persister.walking.spi.MetamodelGraphWalker - Visiting attribute path : quantity
15:27:40.022 [main] DEBUG org.hibernate.loader.plan.build.internal.FetchStyleLoadPlanBuildingAssociationVisitationStrategy - Building LoadPlan...
15:27:40.022 [main] DEBUG org.hibernate.loader.plan.exec.internal.LoadQueryJoinAndFetchProcessor - processing queryspace &lt;gen:0&gt;
15:27:40.022 [main] DEBUG org.hibernate.loader.plan.build.spi.LoadPlanTreePrinter - LoadPlan(entity=com.niit.model.Cart)
    - Returns
       - EntityReturnImpl(entity=com.niit.model.Cart, querySpaceUid=&lt;gen:0&gt;, path=com.niit.model.Cart)
    - QuerySpaces
       - EntityQuerySpaceImpl(uid=&lt;gen:0&gt;, entity=com.niit.model.Cart)
          - SQL table alias mapping - cart0_
          - alias suffix - 0_
          - suffixed key columns - {id1_0_0_}

15:27:40.022 [main] DEBUG org.hibernate.loader.entity.plan.EntityLoader - Static select for entity com.niit.model.Cart [PESSIMISTIC_FORCE_INCREMENT]: select cart0_.id as id1_0_0_, cart0_.emailID as emailID2_0_0_, cart0_.price as price3_0_0_, cart0_.productID as productI4_0_0_, cart0_.productName as productN5_0_0_, cart0_.quantity as quantity6_0_0_ from Cart cart0_ where cart0_.id=? for update
15:27:40.022 [main] DEBUG org.hibernate.loader.plan.build.internal.spaces.QuerySpacesImpl - Adding QuerySpace : uid = &lt;gen:0&gt; -&gt; org.hibernate.loader.plan.build.internal.spaces.EntityQuerySpaceImpl@410e94e]
15:27:40.022 [main] DEBUG org.hibernate.persister.walking.spi.MetamodelGraphWalker - Visiting attribute path : emailID
15:27:40.022 [main] DEBUG org.hibernate.persister.walking.spi.MetamodelGraphWalker - Visiting attribute path : price
15:27:40.022 [main] DEBUG org.hibernate.persister.walking.spi.MetamodelGraphWalker - Visiting attribute path : productID
15:27:40.022 [main] DEBUG org.hibernate.persister.walking.spi.MetamodelGraphWalker - Visiting attribute path : productName
15:27:40.022 [main] DEBUG org.hibernate.persister.walking.spi.MetamodelGraphWalker - Visiting attribute path : quantity
15:27:40.022 [main] DEBUG org.hibernate.loader.plan.build.internal.FetchStyleLoadPlanBuildingAssociationVisitationStrategy - Building LoadPlan...
15:27:40.023 [main] DEBUG org.hibernate.loader.plan.exec.internal.LoadQueryJoinAndFetchProcessor - processing queryspace &lt;gen:0&gt;
15:27:40.023 [main] DEBUG org.hibernate.loader.plan.build.spi.LoadPlanTreePrinter - LoadPlan(entity=com.niit.model.Cart)
    - Returns
       - EntityReturnImpl(entity=com.niit.model.Cart, querySpaceUid=&lt;gen:0&gt;, path=com.niit.model.Cart)
    - QuerySpaces
       - EntityQuerySpaceImpl(uid=&lt;gen:0&gt;, entity=com.niit.model.Cart)
          - SQL table alias mapping - cart0_
          - alias suffix - 0_
          - suffixed key columns - {id1_0_0_}

15:27:40.023 [main] DEBUG org.hibernate.loader.entity.plan.EntityLoader - Static select for entity com.niit.model.Cart [OPTIMISTIC]: select cart0_.id as id1_0_0_, cart0_.emailID as emailID2_0_0_, cart0_.price as price3_0_0_, cart0_.productID as productI4_0_0_, cart0_.productName as productN5_0_0_, cart0_.quantity as quantity6_0_0_ from Cart cart0_ where cart0_.id=?
15:27:40.023 [main] DEBUG org.hibernate.loader.plan.build.internal.spaces.QuerySpacesImpl - Adding QuerySpace : uid = &lt;gen:0&gt; -&gt; org.hibernate.loader.plan.build.internal.spaces.EntityQuerySpaceImpl@1bdbf9be]
15:27:40.023 [main] DEBUG org.hibernate.persister.walking.spi.MetamodelGraphWalker - Visiting attribute path : emailID
15:27:40.023 [main] DEBUG org.hibernate.persister.walking.spi.MetamodelGraphWalker - Visiting attribute path : price
15:27:40.023 [main] DEBUG org.hibernate.persister.walking.spi.MetamodelGraphWalker - Visiting attribute path : productID
15:27:40.023 [main] DEBUG org.hibernate.persister.walking.spi.MetamodelGraphWalker - Visiting attribute path : productName
15:27:40.023 [main] DEBUG org.hibernate.persister.walking.spi.MetamodelGraphWalker - Visiting attribute path : quantity
15:27:40.023 [main] DEBUG org.hibernate.loader.plan.build.internal.FetchStyleLoadPlanBuildingAssociationVisitationStrategy - Building LoadPlan...
15:27:40.023 [main] DEBUG org.hibernate.loader.plan.exec.internal.LoadQueryJoinAndFetchProcessor - processing queryspace &lt;gen:0&gt;
15:27:40.024 [main] DEBUG org.hibernate.loader.plan.build.spi.LoadPlanTreePrinter - LoadPlan(entity=com.niit.model.Cart)
    - Returns
       - EntityReturnImpl(entity=com.niit.model.Cart, querySpaceUid=&lt;gen:0&gt;, path=com.niit.model.Cart)
    - QuerySpaces
       - EntityQuerySpaceImpl(uid=&lt;gen:0&gt;, entity=com.niit.model.Cart)
          - SQL table alias mapping - cart0_
          - alias suffix - 0_
          - suffixed key columns - {id1_0_0_}

15:27:40.024 [main] DEBUG org.hibernate.loader.entity.plan.EntityLoader - Static select for entity com.niit.model.Cart [OPTIMISTIC_FORCE_INCREMENT]: select cart0_.id as id1_0_0_, cart0_.emailID as emailID2_0_0_, cart0_.price as price3_0_0_, cart0_.productID as productI4_0_0_, cart0_.productName as productN5_0_0_, cart0_.quantity as quantity6_0_0_ from Cart cart0_ where cart0_.id=?
15:27:40.024 [main] DEBUG org.hibernate.loader.Loader - Static select for action ACTION_MERGE on entity com.niit.model.Cart: select cart0_.id as id1_0_0_, cart0_.emailID as emailID2_0_0_, cart0_.price as price3_0_0_, cart0_.productID as productI4_0_0_, cart0_.productName as productN5_0_0_, cart0_.quantity as quantity6_0_0_ from Cart cart0_ where cart0_.id=?
15:27:40.024 [main] DEBUG org.hibernate.loader.Loader - Static select for action ACTION_REFRESH on entity com.niit.model.Cart: select cart0_.id as id1_0_0_, cart0_.emailID as emailID2_0_0_, cart0_.price as price3_0_0_, cart0_.productID as productI4_0_0_, cart0_.productName as productN5_0_0_, cart0_.quantity as quantity6_0_0_ from Cart cart0_ where cart0_.id=?
15:27:40.024 [main] DEBUG org.hibernate.persister.entity.AbstractEntityPersister - Static SQL for entity: com.niit.model.Supplier
15:27:40.024 [main] DEBUG org.hibernate.persister.entity.AbstractEntityPersister -  Version select: select id from Supplier where id =?
15:27:40.024 [main] DEBUG org.hibernate.persister.entity.AbstractEntityPersister -  Snapshot select: select supplier_.id, supplier_.address as address2_3_, supplier_.name as name3_3_ from Supplier supplier_ where supplier_.id=?
15:27:40.024 [main] DEBUG org.hibernate.persister.entity.AbstractEntityPersister -  Insert 0: insert into Supplier (address, name, id) values (?, ?, ?)
15:27:40.024 [main] DEBUG org.hibernate.persister.entity.AbstractEntityPersister -  Update 0: update Supplier set address=?, name=? where id=?
15:27:40.024 [main] DEBUG org.hibernate.persister.entity.AbstractEntityPersister -  Delete 0: delete from Supplier where id=?
15:27:40.024 [main] DEBUG org.hibernate.loader.plan.build.internal.spaces.QuerySpacesImpl - Adding QuerySpace : uid = &lt;gen:0&gt; -&gt; org.hibernate.loader.plan.build.internal.spaces.EntityQuerySpaceImpl@1da6ee17]
15:27:40.025 [main] DEBUG org.hibernate.persister.walking.spi.MetamodelGraphWalker - Visiting attribute path : address
15:27:40.025 [main] DEBUG org.hibernate.persister.walking.spi.MetamodelGraphWalker - Visiting attribute path : name
15:27:40.025 [main] DEBUG org.hibernate.persister.walking.spi.MetamodelGraphWalker - Visiting attribute path : products
15:27:40.025 [main] DEBUG org.hibernate.loader.plan.build.internal.spaces.QuerySpacesImpl - Adding QuerySpace : uid = &lt;gen:1&gt; -&gt; org.hibernate.loader.plan.build.internal.spaces.CollectionQuerySpaceImpl@3c818ac4]
15:27:40.025 [main] DEBUG org.hibernate.loader.plan.build.internal.spaces.QuerySpacesImpl - Adding QuerySpace : uid = &lt;gen:2&gt; -&gt; org.hibernate.loader.plan.build.internal.spaces.EntityQuerySpaceImpl@5b69d40d]
15:27:40.025 [main] DEBUG org.hibernate.persister.walking.spi.MetamodelGraphWalker - Visiting attribute path : products.category
15:27:40.025 [main] DEBUG org.hibernate.loader.plan.build.internal.spaces.QuerySpacesImpl - Adding QuerySpace : uid = &lt;gen:3&gt; -&gt; org.hibernate.loader.plan.build.internal.spaces.EntityQuerySpaceImpl@2516fc68]
15:27:40.025 [main] DEBUG org.hibernate.persister.walking.spi.MetamodelGraphWalker - Visiting attribute path : products.category.description
15:27:40.025 [main] DEBUG org.hibernate.persister.walking.spi.MetamodelGraphWalker - Visiting attribute path : products.category.name
15:27:40.025 [main] DEBUG org.hibernate.persister.walking.spi.MetamodelGraphWalker - Visiting attribute path : products.category.products
15:27:40.025 [main] DEBUG org.hibernate.persister.walking.spi.MetamodelGraphWalker - Property path deemed to be circular : products.category.products
15:27:40.025 [main] DEBUG org.hibernate.persister.walking.spi.MetamodelGraphWalker - Visiting attribute path : products.categoryId
15:27:40.025 [main] DEBUG org.hibernate.persister.walking.spi.MetamodelGraphWalker - Visiting attribute path : products.description
15:27:40.025 [main] DEBUG org.hibernate.persister.walking.spi.MetamodelGraphWalker - Visiting attribute path : products.name
15:27:40.025 [main] DEBUG org.hibernate.persister.walking.spi.MetamodelGraphWalker - Visiting attribute path : products.price
15:27:40.025 [main] DEBUG org.hibernate.persister.walking.spi.MetamodelGraphWalker - Visiting attribute path : products.supplier
15:27:40.025 [main] DEBUG org.hibernate.persister.walking.spi.MetamodelGraphWalker - Property path deemed to be circular : products.supplier
15:27:40.025 [main] DEBUG org.hibernate.persister.walking.spi.MetamodelGraphWalker - Visiting attribute path : products.supplierId
15:27:40.026 [main] DEBUG org.hibernate.loader.plan.build.internal.FetchStyleLoadPlanBuildingAssociationVisitationStrategy - Building LoadPlan...
15:27:40.026 [main] DEBUG org.hibernate.loader.plan.exec.internal.LoadQueryJoinAndFetchProcessor - processing queryspace &lt;gen:0&gt;
15:27:40.026 [main] DEBUG org.hibernate.loader.plan.build.spi.LoadPlanTreePrinter - LoadPlan(entity=com.niit.model.Supplier)
    - Returns
       - EntityReturnImpl(entity=com.niit.model.Supplier, querySpaceUid=&lt;gen:0&gt;, path=com.niit.model.Supplier)
          - CollectionAttributeFetchImpl(collection=com.niit.model.Supplier.products, querySpaceUid=&lt;gen:1&gt;, path=com.niit.model.Supplier.products)
             - (collection element) CollectionFetchableElementEntityGraph(entity=com.niit.model.Product, querySpaceUid=&lt;gen:2&gt;, path=com.niit.model.Supplier.products.&lt;elements&gt;)
                - EntityAttributeFetchImpl(entity=com.niit.model.Category, querySpaceUid=&lt;gen:3&gt;, path=com.niit.model.Supplier.products.&lt;elements&gt;.category)
    - QuerySpaces
       - EntityQuerySpaceImpl(uid=&lt;gen:0&gt;, entity=com.niit.model.Supplier)
          - SQL table alias mapping - supplier0_
          - alias suffix - 0_
          - suffixed key columns - {id1_3_0_}
          - JOIN (JoinDefinedByMetadata(products)) : &lt;gen:0&gt; -&gt; &lt;gen:1&gt;
             - CollectionQuerySpaceImpl(uid=&lt;gen:1&gt;, collection=com.niit.model.Supplier.products)
                - SQL table alias mapping - products1_
                - alias suffix - 1_
                - suffixed key columns - {supplier6_2_1_}
                - entity-element alias suffix - 2_
                - 2_entity-element suffixed key columns - id1_2_2_
                - JOIN (JoinDefinedByMetadata(elements)) : &lt;gen:1&gt; -&gt; &lt;gen:2&gt;
                   - EntityQuerySpaceImpl(uid=&lt;gen:2&gt;, entity=com.niit.model.Product)
                      - SQL table alias mapping - products1_
                      - alias suffix - 2_
                      - suffixed key columns - {id1_2_2_}
                      - JOIN (JoinDefinedByMetadata(category)) : &lt;gen:2&gt; -&gt; &lt;gen:3&gt;
                         - EntityQuerySpaceImpl(uid=&lt;gen:3&gt;, entity=com.niit.model.Category)
                            - SQL table alias mapping - category2_
                            - alias suffix - 3_
                            - suffixed key columns - {id1_1_3_}

15:27:40.026 [main] DEBUG org.hibernate.loader.entity.plan.EntityLoader - Static select for entity com.niit.model.Supplier [NONE]: select supplier0_.id as id1_3_0_, supplier0_.address as address2_3_0_, supplier0_.name as name3_3_0_, products1_.supplierid as supplier6_2_1_, products1_.id as id1_2_1_, products1_.id as id1_2_2_, products1_.categoryId as category2_2_2_, products1_.description as descript3_2_2_, products1_.name as name4_2_2_, products1_.price as price5_2_2_, products1_.supplierid as supplier6_2_2_, category2_.id as id1_1_3_, category2_.description as descript2_1_3_, category2_.name as name3_1_3_ from Supplier supplier0_ left outer join Product products1_ on supplier0_.id=products1_.supplierid left outer join Category category2_ on products1_.categoryId=category2_.id where supplier0_.id=?
15:27:40.027 [main] DEBUG org.hibernate.loader.plan.build.internal.spaces.QuerySpacesImpl - Adding QuerySpace : uid = &lt;gen:0&gt; -&gt; org.hibernate.loader.plan.build.internal.spaces.EntityQuerySpaceImpl@6bfdb014]
15:27:40.027 [main] DEBUG org.hibernate.persister.walking.spi.MetamodelGraphWalker - Visiting attribute path : address
15:27:40.027 [main] DEBUG org.hibernate.persister.walking.spi.MetamodelGraphWalker - Visiting attribute path : name
15:27:40.027 [main] DEBUG org.hibernate.persister.walking.spi.MetamodelGraphWalker - Visiting attribute path : products
15:27:40.027 [main] DEBUG org.hibernate.loader.plan.build.internal.spaces.QuerySpacesImpl - Adding QuerySpace : uid = &lt;gen:1&gt; -&gt; org.hibernate.loader.plan.build.internal.spaces.CollectionQuerySpaceImpl@606fc505]
15:27:40.027 [main] DEBUG org.hibernate.loader.plan.build.internal.spaces.QuerySpacesImpl - Adding QuerySpace : uid = &lt;gen:2&gt; -&gt; org.hibernate.loader.plan.build.internal.spaces.EntityQuerySpaceImpl@4aa3d36]
15:27:40.027 [main] DEBUG org.hibernate.persister.walking.spi.MetamodelGraphWalker - Visiting attribute path : products.category
15:27:40.027 [main] DEBUG org.hibernate.loader.plan.build.internal.spaces.QuerySpacesImpl - Adding QuerySpace : uid = &lt;gen:3&gt; -&gt; org.hibernate.loader.plan.build.internal.spaces.EntityQuerySpaceImpl@2aa27288]
15:27:40.027 [main] DEBUG org.hibernate.persister.walking.spi.MetamodelGraphWalker - Visiting attribute path : products.category.description
15:27:40.027 [main] DEBUG org.hibernate.persister.walking.spi.MetamodelGraphWalker - Visiting attribute path : products.category.name
15:27:40.027 [main] DEBUG org.hibernate.persister.walking.spi.MetamodelGraphWalker - Visiting attribute path : products.category.products
15:27:40.027 [main] DEBUG org.hibernate.persister.walking.spi.MetamodelGraphWalker - Property path deemed to be circular : products.category.products
15:27:40.027 [main] DEBUG org.hibernate.persister.walking.spi.MetamodelGraphWalker - Visiting attribute path : products.categoryId
15:27:40.027 [main] DEBUG org.hibernate.persister.walking.spi.MetamodelGraphWalker - Visiting attribute path : products.description
15:27:40.027 [main] DEBUG org.hibernate.persister.walking.spi.MetamodelGraphWalker - Visiting attribute path : products.name
15:27:40.027 [main] DEBUG org.hibernate.persister.walking.spi.MetamodelGraphWalker - Visiting attribute path : products.price
15:27:40.027 [main] DEBUG org.hibernate.persister.walking.spi.MetamodelGraphWalker - Visiting attribute path : products.supplier
15:27:40.027 [main] DEBUG org.hibernate.persister.walking.spi.MetamodelGraphWalker - Property path deemed to be circular : products.supplier
15:27:40.027 [main] DEBUG org.hibernate.persister.walking.spi.MetamodelGraphWalker - Visiting attribute path : products.supplierId
15:27:40.027 [main] DEBUG org.hibernate.loader.plan.build.internal.FetchStyleLoadPlanBuildingAssociationVisitationStrategy - Building LoadPlan...
15:27:40.028 [main] DEBUG org.hibernate.loader.plan.exec.internal.LoadQueryJoinAndFetchProcessor - processing queryspace &lt;gen:0&gt;
15:27:40.028 [main] DEBUG org.hibernate.loader.plan.build.spi.LoadPlanTreePrinter - LoadPlan(entity=com.niit.model.Supplier)
    - Returns
       - EntityReturnImpl(entity=com.niit.model.Supplier, querySpaceUid=&lt;gen:0&gt;, path=com.niit.model.Supplier)
          - CollectionAttributeFetchImpl(collection=com.niit.model.Supplier.products, querySpaceUid=&lt;gen:1&gt;, path=com.niit.model.Supplier.products)
             - (collection element) CollectionFetchableElementEntityGraph(entity=com.niit.model.Product, querySpaceUid=&lt;gen:2&gt;, path=com.niit.model.Supplier.products.&lt;elements&gt;)
                - EntityAttributeFetchImpl(entity=com.niit.model.Category, querySpaceUid=&lt;gen:3&gt;, path=com.niit.model.Supplier.products.&lt;elements&gt;.category)
    - QuerySpaces
       - EntityQuerySpaceImpl(uid=&lt;gen:0&gt;, entity=com.niit.model.Supplier)
          - SQL table alias mapping - supplier0_
          - alias suffix - 0_
          - suffixed key columns - {id1_3_0_}
          - JOIN (JoinDefinedByMetadata(products)) : &lt;gen:0&gt; -&gt; &lt;gen:1&gt;
             - CollectionQuerySpaceImpl(uid=&lt;gen:1&gt;, collection=com.niit.model.Supplier.products)
                - SQL table alias mapping - products1_
                - alias suffix - 1_
                - suffixed key columns - {supplier6_2_1_}
                - entity-element alias suffix - 2_
                - 2_entity-element suffixed key columns - id1_2_2_
                - JOIN (JoinDefinedByMetadata(elements)) : &lt;gen:1&gt; -&gt; &lt;gen:2&gt;
                   - EntityQuerySpaceImpl(uid=&lt;gen:2&gt;, entity=com.niit.model.Product)
                      - SQL table alias mapping - products1_
                      - alias suffix - 2_
                      - suffixed key columns - {id1_2_2_}
                      - JOIN (JoinDefinedByMetadata(category)) : &lt;gen:2&gt; -&gt; &lt;gen:3&gt;
                         - EntityQuerySpaceImpl(uid=&lt;gen:3&gt;, entity=com.niit.model.Category)
                            - SQL table alias mapping - category2_
                            - alias suffix - 3_
                            - suffixed key columns - {id1_1_3_}

15:27:40.028 [main] DEBUG org.hibernate.loader.entity.plan.EntityLoader - Static select for entity com.niit.model.Supplier [READ]: select supplier0_.id as id1_3_0_, supplier0_.address as address2_3_0_, supplier0_.name as name3_3_0_, products1_.supplierid as supplier6_2_1_, products1_.id as id1_2_1_, products1_.id as id1_2_2_, products1_.categoryId as category2_2_2_, products1_.description as descript3_2_2_, products1_.name as name4_2_2_, products1_.price as price5_2_2_, products1_.supplierid as supplier6_2_2_, category2_.id as id1_1_3_, category2_.description as descript2_1_3_, category2_.name as name3_1_3_ from Supplier supplier0_ left outer join Product products1_ on supplier0_.id=products1_.supplierid left outer join Category category2_ on products1_.categoryId=category2_.id where supplier0_.id=?
15:27:40.029 [main] DEBUG org.hibernate.loader.plan.build.internal.spaces.QuerySpacesImpl - Adding QuerySpace : uid = &lt;gen:0&gt; -&gt; org.hibernate.loader.plan.build.internal.spaces.EntityQuerySpaceImpl@77e80a5e]
15:27:40.029 [main] DEBUG org.hibernate.persister.walking.spi.MetamodelGraphWalker - Visiting attribute path : address
15:27:40.029 [main] DEBUG org.hibernate.persister.walking.spi.MetamodelGraphWalker - Visiting attribute path : name
15:27:40.029 [main] DEBUG org.hibernate.persister.walking.spi.MetamodelGraphWalker - Visiting attribute path : products
15:27:40.029 [main] DEBUG org.hibernate.loader.plan.build.internal.spaces.QuerySpacesImpl - Adding QuerySpace : uid = &lt;gen:1&gt; -&gt; org.hibernate.loader.plan.build.internal.spaces.CollectionQuerySpaceImpl@240139e1]
15:27:40.029 [main] DEBUG org.hibernate.loader.plan.build.internal.spaces.QuerySpacesImpl - Adding QuerySpace : uid = &lt;gen:2&gt; -&gt; org.hibernate.loader.plan.build.internal.spaces.EntityQuerySpaceImpl@7ea4d397]
15:27:40.029 [main] DEBUG org.hibernate.loader.plan.build.internal.FetchStyleLoadPlanBuildingAssociationVisitationStrategy - Building LoadPlan...
15:27:40.029 [main] DEBUG org.hibernate.loader.plan.exec.internal.LoadQueryJoinAndFetchProcessor - processing queryspace &lt;gen:0&gt;
15:27:40.029 [main] DEBUG org.hibernate.loader.plan.build.spi.LoadPlanTreePrinter - LoadPlan(entity=com.niit.model.Supplier)
    - Returns
       - EntityReturnImpl(entity=com.niit.model.Supplier, querySpaceUid=&lt;gen:0&gt;, path=com.niit.model.Supplier)
          - CollectionAttributeFetchImpl(collection=com.niit.model.Supplier.products, querySpaceUid=&lt;gen:1&gt;, path=com.niit.model.Supplier.products)
             - (collection element) CollectionFetchableElementEntityGraph(entity=com.niit.model.Product, querySpaceUid=&lt;gen:2&gt;, path=com.niit.model.Supplier.products.&lt;elements&gt;)
    - QuerySpaces
       - EntityQuerySpaceImpl(uid=&lt;gen:0&gt;, entity=com.niit.model.Supplier)
          - SQL table alias mapping - supplier0_
          - alias suffix - 0_
          - suffixed key columns - {id1_3_0_}

15:27:40.029 [main] DEBUG org.hibernate.loader.entity.plan.EntityLoader - Static select for entity com.niit.model.Supplier [UPGRADE]: select supplier0_.id as id1_3_0_, supplier0_.address as address2_3_0_, supplier0_.name as name3_3_0_ from Supplier supplier0_ where supplier0_.id=? for update
15:27:40.029 [main] DEBUG org.hibernate.loader.plan.build.internal.spaces.QuerySpacesImpl - Adding QuerySpace : uid = &lt;gen:0&gt; -&gt; org.hibernate.loader.plan.build.internal.spaces.EntityQuerySpaceImpl@49298ce7]
15:27:40.029 [main] DEBUG org.hibernate.persister.walking.spi.MetamodelGraphWalker - Visiting attribute path : address
15:27:40.029 [main] DEBUG org.hibernate.persister.walking.spi.MetamodelGraphWalker - Visiting attribute path : name
15:27:40.029 [main] DEBUG org.hibernate.persister.walking.spi.MetamodelGraphWalker - Visiting attribute path : products
15:27:40.029 [main] DEBUG org.hibernate.loader.plan.build.internal.spaces.QuerySpacesImpl - Adding QuerySpace : uid = &lt;gen:1&gt; -&gt; org.hibernate.loader.plan.build.internal.spaces.CollectionQuerySpaceImpl@8dfe921]
15:27:40.030 [main] DEBUG org.hibernate.loader.plan.build.internal.spaces.QuerySpacesImpl - Adding QuerySpace : uid = &lt;gen:2&gt; -&gt; org.hibernate.loader.plan.build.internal.spaces.EntityQuerySpaceImpl@503fbbc6]
15:27:40.030 [main] DEBUG org.hibernate.loader.plan.build.internal.FetchStyleLoadPlanBuildingAssociationVisitationStrategy - Building LoadPlan...
15:27:40.030 [main] DEBUG org.hibernate.loader.plan.exec.internal.LoadQueryJoinAndFetchProcessor - processing queryspace &lt;gen:0&gt;
15:27:40.030 [main] DEBUG org.hibernate.loader.plan.build.spi.LoadPlanTreePrinter - LoadPlan(entity=com.niit.model.Supplier)
    - Returns
       - EntityReturnImpl(entity=com.niit.model.Supplier, querySpaceUid=&lt;gen:0&gt;, path=com.niit.model.Supplier)
          - CollectionAttributeFetchImpl(collection=com.niit.model.Supplier.products, querySpaceUid=&lt;gen:1&gt;, path=com.niit.model.Supplier.products)
             - (collection element) CollectionFetchableElementEntityGraph(entity=com.niit.model.Product, querySpaceUid=&lt;gen:2&gt;, path=com.niit.model.Supplier.products.&lt;elements&gt;)
    - QuerySpaces
       - EntityQuerySpaceImpl(uid=&lt;gen:0&gt;, entity=com.niit.model.Supplier)
          - SQL table alias mapping - supplier0_
          - alias suffix - 0_
          - suffixed key columns - {id1_3_0_}

15:27:40.030 [main] DEBUG org.hibernate.loader.entity.plan.EntityLoader - Static select for entity com.niit.model.Supplier [UPGRADE_NOWAIT]: select supplier0_.id as id1_3_0_, supplier0_.address as address2_3_0_, supplier0_.name as name3_3_0_ from Supplier supplier0_ where supplier0_.id=? for update
15:27:40.030 [main] DEBUG org.hibernate.loader.plan.build.internal.spaces.QuerySpacesImpl - Adding QuerySpace : uid = &lt;gen:0&gt; -&gt; org.hibernate.loader.plan.build.internal.spaces.EntityQuerySpaceImpl@55f45b92]
15:27:40.030 [main] DEBUG org.hibernate.persister.walking.spi.MetamodelGraphWalker - Visiting attribute path : address
15:27:40.030 [main] DEBUG org.hibernate.persister.walking.spi.MetamodelGraphWalker - Visiting attribute path : name
15:27:40.030 [main] DEBUG org.hibernate.persister.walking.spi.MetamodelGraphWalker - Visiting attribute path : products
15:27:40.030 [main] DEBUG org.hibernate.loader.plan.build.internal.spaces.QuerySpacesImpl - Adding QuerySpace : uid = &lt;gen:1&gt; -&gt; org.hibernate.loader.plan.build.internal.spaces.CollectionQuerySpaceImpl@67fe380b]
15:27:40.030 [main] DEBUG org.hibernate.loader.plan.build.internal.spaces.QuerySpacesImpl - Adding QuerySpace : uid = &lt;gen:2&gt; -&gt; org.hibernate.loader.plan.build.internal.spaces.EntityQuerySpaceImpl@4a325eb9]
15:27:40.031 [main] DEBUG org.hibernate.loader.plan.build.internal.FetchStyleLoadPlanBuildingAssociationVisitationStrategy - Building LoadPlan...
15:27:40.031 [main] DEBUG org.hibernate.loader.plan.exec.internal.LoadQueryJoinAndFetchProcessor - processing queryspace &lt;gen:0&gt;
15:27:40.031 [main] DEBUG org.hibernate.loader.plan.build.spi.LoadPlanTreePrinter - LoadPlan(entity=com.niit.model.Supplier)
    - Returns
       - EntityReturnImpl(entity=com.niit.model.Supplier, querySpaceUid=&lt;gen:0&gt;, path=com.niit.model.Supplier)
          - CollectionAttributeFetchImpl(collection=com.niit.model.Supplier.products, querySpaceUid=&lt;gen:1&gt;, path=com.niit.model.Supplier.products)
             - (collection element) CollectionFetchableElementEntityGraph(entity=com.niit.model.Product, querySpaceUid=&lt;gen:2&gt;, path=com.niit.model.Supplier.products.&lt;elements&gt;)
    - QuerySpaces
       - EntityQuerySpaceImpl(uid=&lt;gen:0&gt;, entity=com.niit.model.Supplier)
          - SQL table alias mapping - supplier0_
          - alias suffix - 0_
          - suffixed key columns - {id1_3_0_}

15:27:40.031 [main] DEBUG org.hibernate.loader.entity.plan.EntityLoader - Static select for entity com.niit.model.Supplier [UPGRADE_SKIPLOCKED]: select supplier0_.id as id1_3_0_, supplier0_.address as address2_3_0_, supplier0_.name as name3_3_0_ from Supplier supplier0_ where supplier0_.id=? for update
15:27:40.031 [main] DEBUG org.hibernate.loader.plan.build.internal.spaces.QuerySpacesImpl - Adding QuerySpace : uid = &lt;gen:0&gt; -&gt; org.hibernate.loader.plan.build.internal.spaces.EntityQuerySpaceImpl@3dedb4a6]
15:27:40.031 [main] DEBUG org.hibernate.persister.walking.spi.MetamodelGraphWalker - Visiting attribute path : address
15:27:40.031 [main] DEBUG org.hibernate.persister.walking.spi.MetamodelGraphWalker - Visiting attribute path : name
15:27:40.031 [main] DEBUG org.hibernate.persister.walking.spi.MetamodelGraphWalker - Visiting attribute path : products
15:27:40.031 [main] DEBUG org.hibernate.loader.plan.build.internal.spaces.QuerySpacesImpl - Adding QuerySpace : uid = &lt;gen:1&gt; -&gt; org.hibernate.loader.plan.build.internal.spaces.CollectionQuerySpaceImpl@415e0bcb]
15:27:40.031 [main] DEBUG org.hibernate.loader.plan.build.internal.spaces.QuerySpacesImpl - Adding QuerySpace : uid = &lt;gen:2&gt; -&gt; org.hibernate.loader.plan.build.internal.spaces.EntityQuerySpaceImpl@194152cf]
15:27:40.031 [main] DEBUG org.hibernate.loader.plan.build.internal.FetchStyleLoadPlanBuildingAssociationVisitationStrategy - Building LoadPlan...
15:27:40.031 [main] DEBUG org.hibernate.loader.plan.exec.internal.LoadQueryJoinAndFetchProcessor - processing queryspace &lt;gen:0&gt;
15:27:40.032 [main] DEBUG org.hibernate.loader.plan.build.spi.LoadPlanTreePrinter - LoadPlan(entity=com.niit.model.Supplier)
    - Returns
       - EntityReturnImpl(entity=com.niit.model.Supplier, querySpaceUid=&lt;gen:0&gt;, path=com.niit.model.Supplier)
          - CollectionAttributeFetchImpl(collection=com.niit.model.Supplier.products, querySpaceUid=&lt;gen:1&gt;, path=com.niit.model.Supplier.products)
             - (collection element) CollectionFetchableElementEntityGraph(entity=com.niit.model.Product, querySpaceUid=&lt;gen:2&gt;, path=com.niit.model.Supplier.products.&lt;elements&gt;)
    - QuerySpaces
       - EntityQuerySpaceImpl(uid=&lt;gen:0&gt;, entity=com.niit.model.Supplier)
          - SQL table alias mapping - supplier0_
          - alias suffix - 0_
          - suffixed key columns - {id1_3_0_}

15:27:40.032 [main] DEBUG org.hibernate.loader.entity.plan.EntityLoader - Static select for entity com.niit.model.Supplier [FORCE]: select supplier0_.id as id1_3_0_, supplier0_.address as address2_3_0_, supplier0_.name as name3_3_0_ from Supplier supplier0_ where supplier0_.id=? for update
15:27:40.032 [main] DEBUG org.hibernate.loader.plan.build.internal.spaces.QuerySpacesImpl - Adding QuerySpace : uid = &lt;gen:0&gt; -&gt; org.hibernate.loader.plan.build.internal.spaces.EntityQuerySpaceImpl@49d98dc5]
15:27:40.032 [main] DEBUG org.hibernate.persister.walking.spi.MetamodelGraphWalker - Visiting attribute path : address
15:27:40.032 [main] DEBUG org.hibernate.persister.walking.spi.MetamodelGraphWalker - Visiting attribute path : name
15:27:40.032 [main] DEBUG org.hibernate.persister.walking.spi.MetamodelGraphWalker - Visiting attribute path : products
15:27:40.032 [main] DEBUG org.hibernate.loader.plan.build.internal.spaces.QuerySpacesImpl - Adding QuerySpace : uid = &lt;gen:1&gt; -&gt; org.hibernate.loader.plan.build.internal.spaces.CollectionQuerySpaceImpl@1d81e101]
15:27:40.032 [main] DEBUG org.hibernate.loader.plan.build.internal.spaces.QuerySpacesImpl - Adding QuerySpace : uid = &lt;gen:2&gt; -&gt; org.hibernate.loader.plan.build.internal.spaces.EntityQuerySpaceImpl@ec50f54]
15:27:40.032 [main] DEBUG org.hibernate.loader.plan.build.internal.FetchStyleLoadPlanBuildingAssociationVisitationStrategy - Building LoadPlan...
15:27:40.032 [main] DEBUG org.hibernate.loader.plan.exec.internal.LoadQueryJoinAndFetchProcessor - processing queryspace &lt;gen:0&gt;
15:27:40.032 [main] DEBUG org.hibernate.loader.plan.build.spi.LoadPlanTreePrinter - LoadPlan(entity=com.niit.model.Supplier)
    - Returns
       - EntityReturnImpl(entity=com.niit.model.Supplier, querySpaceUid=&lt;gen:0&gt;, path=com.niit.model.Supplier)
          - CollectionAttributeFetchImpl(collection=com.niit.model.Supplier.products, querySpaceUid=&lt;gen:1&gt;, path=com.niit.model.Supplier.products)
             - (collection element) CollectionFetchableElementEntityGraph(entity=com.niit.model.Product, querySpaceUid=&lt;gen:2&gt;, path=com.niit.model.Supplier.products.&lt;elements&gt;)
    - QuerySpaces
       - EntityQuerySpaceImpl(uid=&lt;gen:0&gt;, entity=com.niit.model.Supplier)
          - SQL table alias mapping - supplier0_
          - alias suffix - 0_
          - suffixed key columns - {id1_3_0_}

15:27:40.033 [main] DEBUG org.hibernate.loader.entity.plan.EntityLoader - Static select for entity com.niit.model.Supplier [PESSIMISTIC_READ]: select supplier0_.id as id1_3_0_, supplier0_.address as address2_3_0_, supplier0_.name as name3_3_0_ from Supplier supplier0_ where supplier0_.id=? for update
15:27:40.033 [main] DEBUG org.hibernate.loader.plan.build.internal.spaces.QuerySpacesImpl - Adding QuerySpace : uid = &lt;gen:0&gt; -&gt; org.hibernate.loader.plan.build.internal.spaces.EntityQuerySpaceImpl@bf71cec]
15:27:40.033 [main] DEBUG org.hibernate.persister.walking.spi.MetamodelGraphWalker - Visiting attribute path : address
15:27:40.033 [main] DEBUG org.hibernate.persister.walking.spi.MetamodelGraphWalker - Visiting attribute path : name
15:27:40.033 [main] DEBUG org.hibernate.persister.walking.spi.MetamodelGraphWalker - Visiting attribute path : products
15:27:40.033 [main] DEBUG org.hibernate.loader.plan.build.internal.spaces.QuerySpacesImpl - Adding QuerySpace : uid = &lt;gen:1&gt; -&gt; org.hibernate.loader.plan.build.internal.spaces.CollectionQuerySpaceImpl@30cdae70]
15:27:40.033 [main] DEBUG org.hibernate.loader.plan.build.internal.spaces.QuerySpacesImpl - Adding QuerySpace : uid = &lt;gen:2&gt; -&gt; org.hibernate.loader.plan.build.internal.spaces.EntityQuerySpaceImpl@1654a892]
15:27:40.033 [main] DEBUG org.hibernate.loader.plan.build.internal.FetchStyleLoadPlanBuildingAssociationVisitationStrategy - Building LoadPlan...
15:27:40.033 [main] DEBUG org.hibernate.loader.plan.exec.internal.LoadQueryJoinAndFetchProcessor - processing queryspace &lt;gen:0&gt;
15:27:40.034 [main] DEBUG org.hibernate.loader.plan.build.spi.LoadPlanTreePrinter - LoadPlan(entity=com.niit.model.Supplier)
    - Returns
       - EntityReturnImpl(entity=com.niit.model.Supplier, querySpaceUid=&lt;gen:0&gt;, path=com.niit.model.Supplier)
          - CollectionAttributeFetchImpl(collection=com.niit.model.Supplier.products, querySpaceUid=&lt;gen:1&gt;, path=com.niit.model.Supplier.products)
             - (collection element) CollectionFetchableElementEntityGraph(entity=com.niit.model.Product, querySpaceUid=&lt;gen:2&gt;, path=com.niit.model.Supplier.products.&lt;elements&gt;)
    - QuerySpaces
       - EntityQuerySpaceImpl(uid=&lt;gen:0&gt;, entity=com.niit.model.Supplier)
          - SQL table alias mapping - supplier0_
          - alias suffix - 0_
          - suffixed key columns - {id1_3_0_}

15:27:40.034 [main] DEBUG org.hibernate.loader.entity.plan.EntityLoader - Static select for entity com.niit.model.Supplier [PESSIMISTIC_WRITE]: select supplier0_.id as id1_3_0_, supplier0_.address as address2_3_0_, supplier0_.name as name3_3_0_ from Supplier supplier0_ where supplier0_.id=? for update
15:27:40.034 [main] DEBUG org.hibernate.loader.plan.build.internal.spaces.QuerySpacesImpl - Adding QuerySpace : uid = &lt;gen:0&gt; -&gt; org.hibernate.loader.plan.build.internal.spaces.EntityQuerySpaceImpl@2577d6c8]
15:27:40.034 [main] DEBUG org.hibernate.persister.walking.spi.MetamodelGraphWalker - Visiting attribute path : address
15:27:40.034 [main] DEBUG org.hibernate.persister.walking.spi.MetamodelGraphWalker - Visiting attribute path : name
15:27:40.034 [main] DEBUG org.hibernate.persister.walking.spi.MetamodelGraphWalker - Visiting attribute path : products
15:27:40.034 [main] DEBUG org.hibernate.loader.plan.build.internal.spaces.QuerySpacesImpl - Adding QuerySpace : uid = &lt;gen:1&gt; -&gt; org.hibernate.loader.plan.build.internal.spaces.CollectionQuerySpaceImpl@6c000e0c]
15:27:40.034 [main] DEBUG org.hibernate.loader.plan.build.internal.spaces.QuerySpacesImpl - Adding QuerySpace : uid = &lt;gen:2&gt; -&gt; org.hibernate.loader.plan.build.internal.spaces.EntityQuerySpaceImpl@5f233b26]
15:27:40.034 [main] DEBUG org.hibernate.loader.plan.build.internal.FetchStyleLoadPlanBuildingAssociationVisitationStrategy - Building LoadPlan...
15:27:40.034 [main] DEBUG org.hibernate.loader.plan.exec.internal.LoadQueryJoinAndFetchProcessor - processing queryspace &lt;gen:0&gt;
15:27:40.034 [main] DEBUG org.hibernate.loader.plan.build.spi.LoadPlanTreePrinter - LoadPlan(entity=com.niit.model.Supplier)
    - Returns
       - EntityReturnImpl(entity=com.niit.model.Supplier, querySpaceUid=&lt;gen:0&gt;, path=com.niit.model.Supplier)
          - CollectionAttributeFetchImpl(collection=com.niit.model.Supplier.products, querySpaceUid=&lt;gen:1&gt;, path=com.niit.model.Supplier.products)
             - (collection element) CollectionFetchableElementEntityGraph(entity=com.niit.model.Product, querySpaceUid=&lt;gen:2&gt;, path=com.niit.model.Supplier.products.&lt;elements&gt;)
    - QuerySpaces
       - EntityQuerySpaceImpl(uid=&lt;gen:0&gt;, entity=com.niit.model.Supplier)
          - SQL table alias mapping - supplier0_
          - alias suffix - 0_
          - suffixed key columns - {id1_3_0_}

15:27:40.034 [main] DEBUG org.hibernate.loader.entity.plan.EntityLoader - Static select for entity com.niit.model.Supplier [PESSIMISTIC_FORCE_INCREMENT]: select supplier0_.id as id1_3_0_, supplier0_.address as address2_3_0_, supplier0_.name as name3_3_0_ from Supplier supplier0_ where supplier0_.id=? for update
15:27:40.035 [main] DEBUG org.hibernate.loader.plan.build.internal.spaces.QuerySpacesImpl - Adding QuerySpace : uid = &lt;gen:0&gt; -&gt; org.hibernate.loader.plan.build.internal.spaces.EntityQuerySpaceImpl@44f9779c]
15:27:40.035 [main] DEBUG org.hibernate.persister.walking.spi.MetamodelGraphWalker - Visiting attribute path : address
15:27:40.035 [main] DEBUG org.hibernate.persister.walking.spi.MetamodelGraphWalker - Visiting attribute path : name
15:27:40.035 [main] DEBUG org.hibernate.persister.walking.spi.MetamodelGraphWalker - Visiting attribute path : products
15:27:40.035 [main] DEBUG org.hibernate.loader.plan.build.internal.spaces.QuerySpacesImpl - Adding QuerySpace : uid = &lt;gen:1&gt; -&gt; org.hibernate.loader.plan.build.internal.spaces.CollectionQuerySpaceImpl@5e8a459]
15:27:40.035 [main] DEBUG org.hibernate.loader.plan.build.internal.spaces.QuerySpacesImpl - Adding QuerySpace : uid = &lt;gen:2&gt; -&gt; org.hibernate.loader.plan.build.internal.spaces.EntityQuerySpaceImpl@43d455c9]
15:27:40.035 [main] DEBUG org.hibernate.loader.plan.build.internal.FetchStyleLoadPlanBuildingAssociationVisitationStrategy - Building LoadPlan...
15:27:40.035 [main] DEBUG org.hibernate.loader.plan.exec.internal.LoadQueryJoinAndFetchProcessor - processing queryspace &lt;gen:0&gt;
15:27:40.035 [main] DEBUG org.hibernate.loader.plan.build.spi.LoadPlanTreePrinter - LoadPlan(entity=com.niit.model.Supplier)
    - Returns
       - EntityReturnImpl(entity=com.niit.model.Supplier, querySpaceUid=&lt;gen:0&gt;, path=com.niit.model.Supplier)
          - CollectionAttributeFetchImpl(collection=com.niit.model.Supplier.products, querySpaceUid=&lt;gen:1&gt;, path=com.niit.model.Supplier.products)
             - (collection element) CollectionFetchableElementEntityGraph(entity=com.niit.model.Product, querySpaceUid=&lt;gen:2&gt;, path=com.niit.model.Supplier.products.&lt;elements&gt;)
    - QuerySpaces
       - EntityQuerySpaceImpl(uid=&lt;gen:0&gt;, entity=com.niit.model.Supplier)
          - SQL table alias mapping - supplier0_
          - alias suffix - 0_
          - suffixed key columns - {id1_3_0_}

15:27:40.035 [main] DEBUG org.hibernate.loader.entity.plan.EntityLoader - Static select for entity com.niit.model.Supplier [OPTIMISTIC]: select supplier0_.id as id1_3_0_, supplier0_.address as address2_3_0_, supplier0_.name as name3_3_0_ from Supplier supplier0_ where supplier0_.id=?
15:27:40.036 [main] DEBUG org.hibernate.loader.plan.build.internal.spaces.QuerySpacesImpl - Adding QuerySpace : uid = &lt;gen:0&gt; -&gt; org.hibernate.loader.plan.build.internal.spaces.EntityQuerySpaceImpl@4c9e9fb8]
15:27:40.036 [main] DEBUG org.hibernate.persister.walking.spi.MetamodelGraphWalker - Visiting attribute path : address
15:27:40.036 [main] DEBUG org.hibernate.persister.walking.spi.MetamodelGraphWalker - Visiting attribute path : name
15:27:40.036 [main] DEBUG org.hibernate.persister.walking.spi.MetamodelGraphWalker - Visiting attribute path : products
15:27:40.036 [main] DEBUG org.hibernate.loader.plan.build.internal.spaces.QuerySpacesImpl - Adding QuerySpace : uid = &lt;gen:1&gt; -&gt; org.hibernate.loader.plan.build.internal.spaces.CollectionQuerySpaceImpl@40147317]
15:27:40.036 [main] DEBUG org.hibernate.loader.plan.build.internal.spaces.QuerySpacesImpl - Adding QuerySpace : uid = &lt;gen:2&gt; -&gt; org.hibernate.loader.plan.build.internal.spaces.EntityQuerySpaceImpl@210f0cc1]
15:27:40.036 [main] DEBUG org.hibernate.loader.plan.build.internal.FetchStyleLoadPlanBuildingAssociationVisitationStrategy - Building LoadPlan...
15:27:40.036 [main] DEBUG org.hibernate.loader.plan.exec.internal.LoadQueryJoinAndFetchProcessor - processing queryspace &lt;gen:0&gt;
15:27:40.037 [main] DEBUG org.hibernate.loader.plan.build.spi.LoadPlanTreePrinter - LoadPlan(entity=com.niit.model.Supplier)
    - Returns
       - EntityReturnImpl(entity=com.niit.model.Supplier, querySpaceUid=&lt;gen:0&gt;, path=com.niit.model.Supplier)
          - CollectionAttributeFetchImpl(collection=com.niit.model.Supplier.products, querySpaceUid=&lt;gen:1&gt;, path=com.niit.model.Supplier.products)
             - (collection element) CollectionFetchableElementEntityGraph(entity=com.niit.model.Product, querySpaceUid=&lt;gen:2&gt;, path=com.niit.model.Supplier.products.&lt;elements&gt;)
    - QuerySpaces
       - EntityQuerySpaceImpl(uid=&lt;gen:0&gt;, entity=com.niit.model.Supplier)
          - SQL table alias mapping - supplier0_
          - alias suffix - 0_
          - suffixed key columns - {id1_3_0_}

15:27:40.037 [main] DEBUG org.hibernate.loader.entity.plan.EntityLoader - Static select for entity com.niit.model.Supplier [OPTIMISTIC_FORCE_INCREMENT]: select supplier0_.id as id1_3_0_, supplier0_.address as address2_3_0_, supplier0_.name as name3_3_0_ from Supplier supplier0_ where supplier0_.id=?
15:27:40.037 [main] DEBUG org.hibernate.loader.Loader - Static select for action ACTION_MERGE on entity com.niit.model.Supplier: select supplier0_.id as id1_3_0_, supplier0_.address as address2_3_0_, supplier0_.name as name3_3_0_ from Supplier supplier0_ where supplier0_.id=?
15:27:40.037 [main] DEBUG org.hibernate.loader.Loader - Static select for action ACTION_REFRESH on entity com.niit.model.Supplier: select supplier0_.id as id1_3_0_, supplier0_.address as address2_3_0_, supplier0_.name as name3_3_0_ from Supplier supplier0_ where supplier0_.id=?
15:27:40.037 [main] DEBUG org.hibernate.persister.entity.AbstractEntityPersister - Static SQL for entity: com.niit.model.Product
15:27:40.037 [main] DEBUG org.hibernate.persister.entity.AbstractEntityPersister -  Version select: select id from Product where id =?
15:27:40.037 [main] DEBUG org.hibernate.persister.entity.AbstractEntityPersister -  Snapshot select: select product_.id, product_.categoryId as category2_2_, product_.description as descript3_2_, product_.name as name4_2_, product_.price as price5_2_, product_.supplierId as supplier6_2_ from Product product_ where product_.id=?
15:27:40.037 [main] DEBUG org.hibernate.persister.entity.AbstractEntityPersister -  Insert 0: insert into Product (categoryId, description, name, price, supplierId, id) values (?, ?, ?, ?, ?, ?)
15:27:40.037 [main] DEBUG org.hibernate.persister.entity.AbstractEntityPersister -  Update 0: update Product set categoryId=?, description=?, name=?, price=?, supplierId=? where id=?
15:27:40.038 [main] DEBUG org.hibernate.persister.entity.AbstractEntityPersister -  Delete 0: delete from Product where id=?
15:27:40.038 [main] DEBUG org.hibernate.loader.plan.build.internal.spaces.QuerySpacesImpl - Adding QuerySpace : uid = &lt;gen:0&gt; -&gt; org.hibernate.loader.plan.build.internal.spaces.EntityQuerySpaceImpl@19542407]
15:27:40.038 [main] DEBUG org.hibernate.persister.walking.spi.MetamodelGraphWalker - Visiting attribute path : category
15:27:40.038 [main] DEBUG org.hibernate.loader.plan.build.internal.spaces.QuerySpacesImpl - Adding QuerySpace : uid = &lt;gen:1&gt; -&gt; org.hibernate.loader.plan.build.internal.spaces.EntityQuerySpaceImpl@c7a977f]
15:27:40.038 [main] DEBUG org.hibernate.persister.walking.spi.MetamodelGraphWalker - Visiting attribute path : category.description
15:27:40.038 [main] DEBUG org.hibernate.persister.walking.spi.MetamodelGraphWalker - Visiting attribute path : category.name
15:27:40.038 [main] DEBUG org.hibernate.persister.walking.spi.MetamodelGraphWalker - Visiting attribute path : category.products
15:27:40.038 [main] DEBUG org.hibernate.persister.walking.spi.MetamodelGraphWalker - Property path deemed to be circular : category.products
15:27:40.038 [main] DEBUG org.hibernate.persister.walking.spi.MetamodelGraphWalker - Visiting attribute path : categoryId
15:27:40.038 [main] DEBUG org.hibernate.persister.walking.spi.MetamodelGraphWalker - Visiting attribute path : description
15:27:40.038 [main] DEBUG org.hibernate.persister.walking.spi.MetamodelGraphWalker - Visiting attribute path : name
15:27:40.038 [main] DEBUG org.hibernate.persister.walking.spi.MetamodelGraphWalker - Visiting attribute path : price
15:27:40.038 [main] DEBUG org.hibernate.persister.walking.spi.MetamodelGraphWalker - Visiting attribute path : supplier
15:27:40.038 [main] DEBUG org.hibernate.loader.plan.build.internal.spaces.QuerySpacesImpl - Adding QuerySpace : uid = &lt;gen:2&gt; -&gt; org.hibernate.loader.plan.build.internal.spaces.EntityQuerySpaceImpl@6d868997]
15:27:40.039 [main] DEBUG org.hibernate.persister.walking.spi.MetamodelGraphWalker - Visiting attribute path : supplier.address
15:27:40.039 [main] DEBUG org.hibernate.persister.walking.spi.MetamodelGraphWalker - Visiting attribute path : supplier.name
15:27:40.039 [main] DEBUG org.hibernate.persister.walking.spi.MetamodelGraphWalker - Visiting attribute path : supplier.products
15:27:40.039 [main] DEBUG org.hibernate.persister.walking.spi.MetamodelGraphWalker - Property path deemed to be circular : supplier.products
15:27:40.039 [main] DEBUG org.hibernate.persister.walking.spi.MetamodelGraphWalker - Visiting attribute path : supplierId
15:27:40.039 [main] DEBUG org.hibernate.loader.plan.build.internal.FetchStyleLoadPlanBuildingAssociationVisitationStrategy - Building LoadPlan...
15:27:40.039 [main] DEBUG org.hibernate.loader.plan.exec.internal.LoadQueryJoinAndFetchProcessor - processing queryspace &lt;gen:0&gt;
15:27:40.040 [main] DEBUG org.hibernate.loader.plan.build.spi.LoadPlanTreePrinter - LoadPlan(entity=com.niit.model.Product)
    - Returns
       - EntityReturnImpl(entity=com.niit.model.Product, querySpaceUid=&lt;gen:0&gt;, path=com.niit.model.Product)
          - EntityAttributeFetchImpl(entity=com.niit.model.Category, querySpaceUid=&lt;gen:1&gt;, path=com.niit.model.Product.category)
          - EntityAttributeFetchImpl(entity=com.niit.model.Supplier, querySpaceUid=&lt;gen:2&gt;, path=com.niit.model.Product.supplier)
    - QuerySpaces
       - EntityQuerySpaceImpl(uid=&lt;gen:0&gt;, entity=com.niit.model.Product)
          - SQL table alias mapping - product0_
          - alias suffix - 0_
          - suffixed key columns - {id1_2_0_}
          - JOIN (JoinDefinedByMetadata(category)) : &lt;gen:0&gt; -&gt; &lt;gen:1&gt;
             - EntityQuerySpaceImpl(uid=&lt;gen:1&gt;, entity=com.niit.model.Category)
                - SQL table alias mapping - category1_
                - alias suffix - 1_
                - suffixed key columns - {id1_1_1_}
          - JOIN (JoinDefinedByMetadata(supplier)) : &lt;gen:0&gt; -&gt; &lt;gen:2&gt;
             - EntityQuerySpaceImpl(uid=&lt;gen:2&gt;, entity=com.niit.model.Supplier)
                - SQL table alias mapping - supplier2_
                - alias suffix - 2_
                - suffixed key columns - {id1_3_2_}

15:27:40.040 [main] DEBUG org.hibernate.loader.entity.plan.EntityLoader - Static select for entity com.niit.model.Product [NONE]: select product0_.id as id1_2_0_, product0_.categoryId as category2_2_0_, product0_.description as descript3_2_0_, product0_.name as name4_2_0_, product0_.price as price5_2_0_, product0_.supplierid as supplier6_2_0_, category1_.id as id1_1_1_, category1_.description as descript2_1_1_, category1_.name as name3_1_1_, supplier2_.id as id1_3_2_, supplier2_.address as address2_3_2_, supplier2_.name as name3_3_2_ from Product product0_ inner join Category category1_ on product0_.categoryId=category1_.id inner join Supplier supplier2_ on product0_.supplierid=supplier2_.id where product0_.id=?
15:27:40.040 [main] DEBUG org.hibernate.loader.plan.build.internal.spaces.QuerySpacesImpl - Adding QuerySpace : uid = &lt;gen:0&gt; -&gt; org.hibernate.loader.plan.build.internal.spaces.EntityQuerySpaceImpl@74a195a4]
15:27:40.040 [main] DEBUG org.hibernate.persister.walking.spi.MetamodelGraphWalker - Visiting attribute path : category
15:27:40.040 [main] DEBUG org.hibernate.loader.plan.build.internal.spaces.QuerySpacesImpl - Adding QuerySpace : uid = &lt;gen:1&gt; -&gt; org.hibernate.loader.plan.build.internal.spaces.EntityQuerySpaceImpl@2fa3be26]
15:27:40.040 [main] DEBUG org.hibernate.persister.walking.spi.MetamodelGraphWalker - Visiting attribute path : category.description
15:27:40.040 [main] DEBUG org.hibernate.persister.walking.spi.MetamodelGraphWalker - Visiting attribute path : category.name
15:27:40.040 [main] DEBUG org.hibernate.persister.walking.spi.MetamodelGraphWalker - Visiting attribute path : category.products
15:27:40.040 [main] DEBUG org.hibernate.persister.walking.spi.MetamodelGraphWalker - Property path deemed to be circular : category.products
15:27:40.040 [main] DEBUG org.hibernate.persister.walking.spi.MetamodelGraphWalker - Visiting attribute path : categoryId
15:27:40.040 [main] DEBUG org.hibernate.persister.walking.spi.MetamodelGraphWalker - Visiting attribute path : description
15:27:40.040 [main] DEBUG org.hibernate.persister.walking.spi.MetamodelGraphWalker - Visiting attribute path : name
15:27:40.040 [main] DEBUG org.hibernate.persister.walking.spi.MetamodelGraphWalker - Visiting attribute path : price
15:27:40.040 [main] DEBUG org.hibernate.persister.walking.spi.MetamodelGraphWalker - Visiting attribute path : supplier
15:27:40.040 [main] DEBUG org.hibernate.loader.plan.build.internal.spaces.QuerySpacesImpl - Adding QuerySpace : uid = &lt;gen:2&gt; -&gt; org.hibernate.loader.plan.build.internal.spaces.EntityQuerySpaceImpl@3af37506]
15:27:40.040 [main] DEBUG org.hibernate.persister.walking.spi.MetamodelGraphWalker - Visiting attribute path : supplier.address
15:27:40.040 [main] DEBUG org.hibernate.persister.walking.spi.MetamodelGraphWalker - Visiting attribute path : supplier.name
15:27:40.040 [main] DEBUG org.hibernate.persister.walking.spi.MetamodelGraphWalker - Visiting attribute path : supplier.products
15:27:40.040 [main] DEBUG org.hibernate.persister.walking.spi.MetamodelGraphWalker - Property path deemed to be circular : supplier.products
15:27:40.040 [main] DEBUG org.hibernate.persister.walking.spi.MetamodelGraphWalker - Visiting attribute path : supplierId
15:27:40.041 [main] DEBUG org.hibernate.loader.plan.build.internal.FetchStyleLoadPlanBuildingAssociationVisitationStrategy - Building LoadPlan...
15:27:40.041 [main] DEBUG org.hibernate.loader.plan.exec.internal.LoadQueryJoinAndFetchProcessor - processing queryspace &lt;gen:0&gt;
15:27:40.041 [main] DEBUG org.hibernate.loader.plan.build.spi.LoadPlanTreePrinter - LoadPlan(entity=com.niit.model.Product)
    - Returns
       - EntityReturnImpl(entity=com.niit.model.Product, querySpaceUid=&lt;gen:0&gt;, path=com.niit.model.Product)
          - EntityAttributeFetchImpl(entity=com.niit.model.Category, querySpaceUid=&lt;gen:1&gt;, path=com.niit.model.Product.category)
          - EntityAttributeFetchImpl(entity=com.niit.model.Supplier, querySpaceUid=&lt;gen:2&gt;, path=com.niit.model.Product.supplier)
    - QuerySpaces
       - EntityQuerySpaceImpl(uid=&lt;gen:0&gt;, entity=com.niit.model.Product)
          - SQL table alias mapping - product0_
          - alias suffix - 0_
          - suffixed key columns - {id1_2_0_}
          - JOIN (JoinDefinedByMetadata(category)) : &lt;gen:0&gt; -&gt; &lt;gen:1&gt;
             - EntityQuerySpaceImpl(uid=&lt;gen:1&gt;, entity=com.niit.model.Category)
                - SQL table alias mapping - category1_
                - alias suffix - 1_
                - suffixed key columns - {id1_1_1_}
          - JOIN (JoinDefinedByMetadata(supplier)) : &lt;gen:0&gt; -&gt; &lt;gen:2&gt;
             - EntityQuerySpaceImpl(uid=&lt;gen:2&gt;, entity=com.niit.model.Supplier)
                - SQL table alias mapping - supplier2_
                - alias suffix - 2_
                - suffixed key columns - {id1_3_2_}

15:27:40.041 [main] DEBUG org.hibernate.loader.entity.plan.EntityLoader - Static select for entity com.niit.model.Product [READ]: select product0_.id as id1_2_0_, product0_.categoryId as category2_2_0_, product0_.description as descript3_2_0_, product0_.name as name4_2_0_, product0_.price as price5_2_0_, product0_.supplierid as supplier6_2_0_, category1_.id as id1_1_1_, category1_.description as descript2_1_1_, category1_.name as name3_1_1_, supplier2_.id as id1_3_2_, supplier2_.address as address2_3_2_, supplier2_.name as name3_3_2_ from Product product0_ inner join Category category1_ on product0_.categoryId=category1_.id inner join Supplier supplier2_ on product0_.supplierid=supplier2_.id where product0_.id=?
15:27:40.041 [main] DEBUG org.hibernate.loader.plan.build.internal.spaces.QuerySpacesImpl - Adding QuerySpace : uid = &lt;gen:0&gt; -&gt; org.hibernate.loader.plan.build.internal.spaces.EntityQuerySpaceImpl@7c0da600]
15:27:40.041 [main] DEBUG org.hibernate.persister.walking.spi.MetamodelGraphWalker - Visiting attribute path : category
15:27:40.042 [main] DEBUG org.hibernate.loader.plan.build.internal.spaces.QuerySpacesImpl - Adding QuerySpace : uid = &lt;gen:1&gt; -&gt; org.hibernate.loader.plan.build.internal.spaces.EntityQuerySpaceImpl@21ae6e73]
15:27:40.042 [main] DEBUG org.hibernate.persister.walking.spi.MetamodelGraphWalker - Visiting attribute path : categoryId
15:27:40.042 [main] DEBUG org.hibernate.persister.walking.spi.MetamodelGraphWalker - Visiting attribute path : description
15:27:40.042 [main] DEBUG org.hibernate.persister.walking.spi.MetamodelGraphWalker - Visiting attribute path : name
15:27:40.042 [main] DEBUG org.hibernate.persister.walking.spi.MetamodelGraphWalker - Visiting attribute path : price
15:27:40.042 [main] DEBUG org.hibernate.persister.walking.spi.MetamodelGraphWalker - Visiting attribute path : supplier
15:27:40.042 [main] DEBUG org.hibernate.loader.plan.build.internal.spaces.QuerySpacesImpl - Adding QuerySpace : uid = &lt;gen:2&gt; -&gt; org.hibernate.loader.plan.build.internal.spaces.EntityQuerySpaceImpl@47dd778]
15:27:40.042 [main] DEBUG org.hibernate.persister.walking.spi.MetamodelGraphWalker - Visiting attribute path : supplierId
15:27:40.042 [main] DEBUG org.hibernate.loader.plan.build.internal.FetchStyleLoadPlanBuildingAssociationVisitationStrategy - Building LoadPlan...
15:27:40.042 [main] DEBUG org.hibernate.loader.plan.exec.internal.LoadQueryJoinAndFetchProcessor - processing queryspace &lt;gen:0&gt;
15:27:40.042 [main] DEBUG org.hibernate.loader.plan.build.spi.LoadPlanTreePrinter - LoadPlan(entity=com.niit.model.Product)
    - Returns
       - EntityReturnImpl(entity=com.niit.model.Product, querySpaceUid=&lt;gen:0&gt;, path=com.niit.model.Product)
          - EntityAttributeFetchImpl(entity=com.niit.model.Category, querySpaceUid=&lt;gen:1&gt;, path=com.niit.model.Product.category)
          - EntityAttributeFetchImpl(entity=com.niit.model.Supplier, querySpaceUid=&lt;gen:2&gt;, path=com.niit.model.Product.supplier)
    - QuerySpaces
       - EntityQuerySpaceImpl(uid=&lt;gen:0&gt;, entity=com.niit.model.Product)
          - SQL table alias mapping - product0_
          - alias suffix - 0_
          - suffixed key columns - {id1_2_0_}

15:27:40.042 [main] DEBUG org.hibernate.loader.entity.plan.EntityLoader - Static select for entity com.niit.model.Product [UPGRADE]: select product0_.id as id1_2_0_, product0_.categoryId as category2_2_0_, product0_.description as descript3_2_0_, product0_.name as name4_2_0_, product0_.price as price5_2_0_, product0_.supplierid as supplier6_2_0_ from Product product0_ where product0_.id=? for update
15:27:40.042 [main] DEBUG org.hibernate.loader.plan.build.internal.spaces.QuerySpacesImpl - Adding QuerySpace : uid = &lt;gen:0&gt; -&gt; org.hibernate.loader.plan.build.internal.spaces.EntityQuerySpaceImpl@15515c51]
15:27:40.042 [main] DEBUG org.hibernate.persister.walking.spi.MetamodelGraphWalker - Visiting attribute path : category
15:27:40.042 [main] DEBUG org.hibernate.loader.plan.build.internal.spaces.QuerySpacesImpl - Adding QuerySpace : uid = &lt;gen:1&gt; -&gt; org.hibernate.loader.plan.build.internal.spaces.EntityQuerySpaceImpl@64a896b0]
15:27:40.042 [main] DEBUG org.hibernate.persister.walking.spi.MetamodelGraphWalker - Visiting attribute path : categoryId
15:27:40.042 [main] DEBUG org.hibernate.persister.walking.spi.MetamodelGraphWalker - Visiting attribute path : description
15:27:40.042 [main] DEBUG org.hibernate.persister.walking.spi.MetamodelGraphWalker - Visiting attribute path : name
15:27:40.042 [main] DEBUG org.hibernate.persister.walking.spi.MetamodelGraphWalker - Visiting attribute path : price
15:27:40.042 [main] DEBUG org.hibernate.persister.walking.spi.MetamodelGraphWalker - Visiting attribute path : supplier
15:27:40.043 [main] DEBUG org.hibernate.loader.plan.build.internal.spaces.QuerySpacesImpl - Adding QuerySpace : uid = &lt;gen:2&gt; -&gt; org.hibernate.loader.plan.build.internal.spaces.EntityQuerySpaceImpl@e044b4a]
15:27:40.043 [main] DEBUG org.hibernate.persister.walking.spi.MetamodelGraphWalker - Visiting attribute path : supplierId
15:27:40.043 [main] DEBUG org.hibernate.loader.plan.build.internal.FetchStyleLoadPlanBuildingAssociationVisitationStrategy - Building LoadPlan...
15:27:40.043 [main] DEBUG org.hibernate.loader.plan.exec.internal.LoadQueryJoinAndFetchProcessor - processing queryspace &lt;gen:0&gt;
15:27:40.043 [main] DEBUG org.hibernate.loader.plan.build.spi.LoadPlanTreePrinter - LoadPlan(entity=com.niit.model.Product)
    - Returns
       - EntityReturnImpl(entity=com.niit.model.Product, querySpaceUid=&lt;gen:0&gt;, path=com.niit.model.Product)
          - EntityAttributeFetchImpl(entity=com.niit.model.Category, querySpaceUid=&lt;gen:1&gt;, path=com.niit.model.Product.category)
          - EntityAttributeFetchImpl(entity=com.niit.model.Supplier, querySpaceUid=&lt;gen:2&gt;, path=com.niit.model.Product.supplier)
    - QuerySpaces
       - EntityQuerySpaceImpl(uid=&lt;gen:0&gt;, entity=com.niit.model.Product)
          - SQL table alias mapping - product0_
          - alias suffix - 0_
          - suffixed key columns - {id1_2_0_}

15:27:40.043 [main] DEBUG org.hibernate.loader.entity.plan.EntityLoader - Static select for entity com.niit.model.Product [UPGRADE_NOWAIT]: select product0_.id as id1_2_0_, product0_.categoryId as category2_2_0_, product0_.description as descript3_2_0_, product0_.name as name4_2_0_, product0_.price as price5_2_0_, product0_.supplierid as supplier6_2_0_ from Product product0_ where product0_.id=? for update
15:27:40.043 [main] DEBUG org.hibernate.loader.plan.build.internal.spaces.QuerySpacesImpl - Adding QuerySpace : uid = &lt;gen:0&gt; -&gt; org.hibernate.loader.plan.build.internal.spaces.EntityQuerySpaceImpl@11a82d0f]
15:27:40.043 [main] DEBUG org.hibernate.persister.walking.spi.MetamodelGraphWalker - Visiting attribute path : category
15:27:40.043 [main] DEBUG org.hibernate.loader.plan.build.internal.spaces.QuerySpacesImpl - Adding QuerySpace : uid = &lt;gen:1&gt; -&gt; org.hibernate.loader.plan.build.internal.spaces.EntityQuerySpaceImpl@3ae66c85]
15:27:40.043 [main] DEBUG org.hibernate.persister.walking.spi.MetamodelGraphWalker - Visiting attribute path : categoryId
15:27:40.043 [main] DEBUG org.hibernate.persister.walking.spi.MetamodelGraphWalker - Visiting attribute path : description
15:27:40.043 [main] DEBUG org.hibernate.persister.walking.spi.MetamodelGraphWalker - Visiting attribute path : name
15:27:40.043 [main] DEBUG org.hibernate.persister.walking.spi.MetamodelGraphWalker - Visiting attribute path : price
15:27:40.043 [main] DEBUG org.hibernate.persister.walking.spi.MetamodelGraphWalker - Visiting attribute path : supplier
15:27:40.044 [main] DEBUG org.hibernate.loader.plan.build.internal.spaces.QuerySpacesImpl - Adding QuerySpace : uid = &lt;gen:2&gt; -&gt; org.hibernate.loader.plan.build.internal.spaces.EntityQuerySpaceImpl@16943e88]
15:27:40.044 [main] DEBUG org.hibernate.persister.walking.spi.MetamodelGraphWalker - Visiting attribute path : supplierId
15:27:40.044 [main] DEBUG org.hibernate.loader.plan.build.internal.FetchStyleLoadPlanBuildingAssociationVisitationStrategy - Building LoadPlan...
15:27:40.044 [main] DEBUG org.hibernate.loader.plan.exec.internal.LoadQueryJoinAndFetchProcessor - processing queryspace &lt;gen:0&gt;
15:27:40.044 [main] DEBUG org.hibernate.loader.plan.build.spi.LoadPlanTreePrinter - LoadPlan(entity=com.niit.model.Product)
    - Returns
       - EntityReturnImpl(entity=com.niit.model.Product, querySpaceUid=&lt;gen:0&gt;, path=com.niit.model.Product)
          - EntityAttributeFetchImpl(entity=com.niit.model.Category, querySpaceUid=&lt;gen:1&gt;, path=com.niit.model.Product.category)
          - EntityAttributeFetchImpl(entity=com.niit.model.Supplier, querySpaceUid=&lt;gen:2&gt;, path=com.niit.model.Product.supplier)
    - QuerySpaces
       - EntityQuerySpaceImpl(uid=&lt;gen:0&gt;, entity=com.niit.model.Product)
          - SQL table alias mapping - product0_
          - alias suffix - 0_
          - suffixed key columns - {id1_2_0_}

15:27:40.044 [main] DEBUG org.hibernate.loader.entity.plan.EntityLoader - Static select for entity com.niit.model.Product [UPGRADE_SKIPLOCKED]: select product0_.id as id1_2_0_, product0_.categoryId as category2_2_0_, product0_.description as descript3_2_0_, product0_.name as name4_2_0_, product0_.price as price5_2_0_, product0_.supplierid as supplier6_2_0_ from Product product0_ where product0_.id=? for update
15:27:40.044 [main] DEBUG org.hibernate.loader.plan.build.internal.spaces.QuerySpacesImpl - Adding QuerySpace : uid = &lt;gen:0&gt; -&gt; org.hibernate.loader.plan.build.internal.spaces.EntityQuerySpaceImpl@4604b900]
15:27:40.044 [main] DEBUG org.hibernate.persister.walking.spi.MetamodelGraphWalker - Visiting attribute path : category
15:27:40.044 [main] DEBUG org.hibernate.loader.plan.build.internal.spaces.QuerySpacesImpl - Adding QuerySpace : uid = &lt;gen:1&gt; -&gt; org.hibernate.loader.plan.build.internal.spaces.EntityQuerySpaceImpl@e36bb2a]
15:27:40.044 [main] DEBUG org.hibernate.persister.walking.spi.MetamodelGraphWalker - Visiting attribute path : categoryId
15:27:40.044 [main] DEBUG org.hibernate.persister.walking.spi.MetamodelGraphWalker - Visiting attribute path : description
15:27:40.044 [main] DEBUG org.hibernate.persister.walking.spi.MetamodelGraphWalker - Visiting attribute path : name
15:27:40.044 [main] DEBUG org.hibernate.persister.walking.spi.MetamodelGraphWalker - Visiting attribute path : price
15:27:40.044 [main] DEBUG org.hibernate.persister.walking.spi.MetamodelGraphWalker - Visiting attribute path : supplier
15:27:40.045 [main] DEBUG org.hibernate.loader.plan.build.internal.spaces.QuerySpacesImpl - Adding QuerySpace : uid = &lt;gen:2&gt; -&gt; org.hibernate.loader.plan.build.internal.spaces.EntityQuerySpaceImpl@3961a41a]
15:27:40.045 [main] DEBUG org.hibernate.persister.walking.spi.MetamodelGraphWalker - Visiting attribute path : supplierId
15:27:40.045 [main] DEBUG org.hibernate.loader.plan.build.internal.FetchStyleLoadPlanBuildingAssociationVisitationStrategy - Building LoadPlan...
15:27:40.045 [main] DEBUG org.hibernate.loader.plan.exec.internal.LoadQueryJoinAndFetchProcessor - processing queryspace &lt;gen:0&gt;
15:27:40.045 [main] DEBUG org.hibernate.loader.plan.build.spi.LoadPlanTreePrinter - LoadPlan(entity=com.niit.model.Product)
    - Returns
       - EntityReturnImpl(entity=com.niit.model.Product, querySpaceUid=&lt;gen:0&gt;, path=com.niit.model.Product)
          - EntityAttributeFetchImpl(entity=com.niit.model.Category, querySpaceUid=&lt;gen:1&gt;, path=com.niit.model.Product.category)
          - EntityAttributeFetchImpl(entity=com.niit.model.Supplier, querySpaceUid=&lt;gen:2&gt;, path=com.niit.model.Product.supplier)
    - QuerySpaces
       - EntityQuerySpaceImpl(uid=&lt;gen:0&gt;, entity=com.niit.model.Product)
          - SQL table alias mapping - product0_
          - alias suffix - 0_
          - suffixed key columns - {id1_2_0_}

15:27:40.045 [main] DEBUG org.hibernate.loader.entity.plan.EntityLoader - Static select for entity com.niit.model.Product [FORCE]: select product0_.id as id1_2_0_, product0_.categoryId as category2_2_0_, product0_.description as descript3_2_0_, product0_.name as name4_2_0_, product0_.price as price5_2_0_, product0_.supplierid as supplier6_2_0_ from Product product0_ where product0_.id=? for update
15:27:40.045 [main] DEBUG org.hibernate.loader.plan.build.internal.spaces.QuerySpacesImpl - Adding QuerySpace : uid = &lt;gen:0&gt; -&gt; org.hibernate.loader.plan.build.internal.spaces.EntityQuerySpaceImpl@5a4ed68f]
15:27:40.046 [main] DEBUG org.hibernate.persister.walking.spi.MetamodelGraphWalker - Visiting attribute path : category
15:27:40.046 [main] DEBUG org.hibernate.loader.plan.build.internal.spaces.QuerySpacesImpl - Adding QuerySpace : uid = &lt;gen:1&gt; -&gt; org.hibernate.loader.plan.build.internal.spaces.EntityQuerySpaceImpl@d2387c8]
15:27:40.046 [main] DEBUG org.hibernate.persister.walking.spi.MetamodelGraphWalker - Visiting attribute path : categoryId
15:27:40.046 [main] DEBUG org.hibernate.persister.walking.spi.MetamodelGraphWalker - Visiting attribute path : description
15:27:40.046 [main] DEBUG org.hibernate.persister.walking.spi.MetamodelGraphWalker - Visiting attribute path : name
15:27:40.046 [main] DEBUG org.hibernate.persister.walking.spi.MetamodelGraphWalker - Visiting attribute path : price
15:27:40.046 [main] DEBUG org.hibernate.persister.walking.spi.MetamodelGraphWalker - Visiting attribute path : supplier
15:27:40.046 [main] DEBUG org.hibernate.loader.plan.build.internal.spaces.QuerySpacesImpl - Adding QuerySpace : uid = &lt;gen:2&gt; -&gt; org.hibernate.loader.plan.build.internal.spaces.EntityQuerySpaceImpl@3956b302]
15:27:40.046 [main] DEBUG org.hibernate.persister.walking.spi.MetamodelGraphWalker - Visiting attribute path : supplierId
15:27:40.046 [main] DEBUG org.hibernate.loader.plan.build.internal.FetchStyleLoadPlanBuildingAssociationVisitationStrategy - Building LoadPlan...
15:27:40.046 [main] DEBUG org.hibernate.loader.plan.exec.internal.LoadQueryJoinAndFetchProcessor - processing queryspace &lt;gen:0&gt;
15:27:40.047 [main] DEBUG org.hibernate.loader.plan.build.spi.LoadPlanTreePrinter - LoadPlan(entity=com.niit.model.Product)
    - Returns
       - EntityReturnImpl(entity=com.niit.model.Product, querySpaceUid=&lt;gen:0&gt;, path=com.niit.model.Product)
          - EntityAttributeFetchImpl(entity=com.niit.model.Category, querySpaceUid=&lt;gen:1&gt;, path=com.niit.model.Product.category)
          - EntityAttributeFetchImpl(entity=com.niit.model.Supplier, querySpaceUid=&lt;gen:2&gt;, path=com.niit.model.Product.supplier)
    - QuerySpaces
       - EntityQuerySpaceImpl(uid=&lt;gen:0&gt;, entity=com.niit.model.Product)
          - SQL table alias mapping - product0_
          - alias suffix - 0_
          - suffixed key columns - {id1_2_0_}

15:27:40.047 [main] DEBUG org.hibernate.loader.entity.plan.EntityLoader - Static select for entity com.niit.model.Product [PESSIMISTIC_READ]: select product0_.id as id1_2_0_, product0_.categoryId as category2_2_0_, product0_.description as descript3_2_0_, product0_.name as name4_2_0_, product0_.price as price5_2_0_, product0_.supplierid as supplier6_2_0_ from Product product0_ where product0_.id=? for update
15:27:40.047 [main] DEBUG org.hibernate.loader.plan.build.internal.spaces.QuerySpacesImpl - Adding QuerySpace : uid = &lt;gen:0&gt; -&gt; org.hibernate.loader.plan.build.internal.spaces.EntityQuerySpaceImpl@1500e009]
15:27:40.047 [main] DEBUG org.hibernate.persister.walking.spi.MetamodelGraphWalker - Visiting attribute path : category
15:27:40.047 [main] DEBUG org.hibernate.loader.plan.build.internal.spaces.QuerySpacesImpl - Adding QuerySpace : uid = &lt;gen:1&gt; -&gt; org.hibernate.loader.plan.build.internal.spaces.EntityQuerySpaceImpl@edf4f36]
15:27:40.047 [main] DEBUG org.hibernate.persister.walking.spi.MetamodelGraphWalker - Visiting attribute path : categoryId
15:27:40.047 [main] DEBUG org.hibernate.persister.walking.spi.MetamodelGraphWalker - Visiting attribute path : description
15:27:40.047 [main] DEBUG org.hibernate.persister.walking.spi.MetamodelGraphWalker - Visiting attribute path : name
15:27:40.047 [main] DEBUG org.hibernate.persister.walking.spi.MetamodelGraphWalker - Visiting attribute path : price
15:27:40.047 [main] DEBUG org.hibernate.persister.walking.spi.MetamodelGraphWalker - Visiting attribute path : supplier
15:27:40.047 [main] DEBUG org.hibernate.loader.plan.build.internal.spaces.QuerySpacesImpl - Adding QuerySpace : uid = &lt;gen:2&gt; -&gt; org.hibernate.loader.plan.build.internal.spaces.EntityQuerySpaceImpl@29d334c]
15:27:40.047 [main] DEBUG org.hibernate.persister.walking.spi.MetamodelGraphWalker - Visiting attribute path : supplierId
15:27:40.048 [main] DEBUG org.hibernate.loader.plan.build.internal.FetchStyleLoadPlanBuildingAssociationVisitationStrategy - Building LoadPlan...
15:27:40.048 [main] DEBUG org.hibernate.loader.plan.exec.internal.LoadQueryJoinAndFetchProcessor - processing queryspace &lt;gen:0&gt;
15:27:40.048 [main] DEBUG org.hibernate.loader.plan.build.spi.LoadPlanTreePrinter - LoadPlan(entity=com.niit.model.Product)
    - Returns
       - EntityReturnImpl(entity=com.niit.model.Product, querySpaceUid=&lt;gen:0&gt;, path=com.niit.model.Product)
          - EntityAttributeFetchImpl(entity=com.niit.model.Category, querySpaceUid=&lt;gen:1&gt;, path=com.niit.model.Product.category)
          - EntityAttributeFetchImpl(entity=com.niit.model.Supplier, querySpaceUid=&lt;gen:2&gt;, path=com.niit.model.Product.supplier)
    - QuerySpaces
       - EntityQuerySpaceImpl(uid=&lt;gen:0&gt;, entity=com.niit.model.Product)
          - SQL table alias mapping - product0_
          - alias suffix - 0_
          - suffixed key columns - {id1_2_0_}

15:27:40.048 [main] DEBUG org.hibernate.loader.entity.plan.EntityLoader - Static select for entity com.niit.model.Product [PESSIMISTIC_WRITE]: select product0_.id as id1_2_0_, product0_.categoryId as category2_2_0_, product0_.description as descript3_2_0_, product0_.name as name4_2_0_, product0_.price as price5_2_0_, product0_.supplierid as supplier6_2_0_ from Product product0_ where product0_.id=? for update
15:27:40.048 [main] DEBUG org.hibernate.loader.plan.build.internal.spaces.QuerySpacesImpl - Adding QuerySpace : uid = &lt;gen:0&gt; -&gt; org.hibernate.loader.plan.build.internal.spaces.EntityQuerySpaceImpl@100f9bbe]
15:27:40.048 [main] DEBUG org.hibernate.persister.walking.spi.MetamodelGraphWalker - Visiting attribute path : category
15:27:40.048 [main] DEBUG org.hibernate.loader.plan.build.internal.spaces.QuerySpacesImpl - Adding QuerySpace : uid = &lt;gen:1&gt; -&gt; org.hibernate.loader.plan.build.internal.spaces.EntityQuerySpaceImpl@673bb956]
15:27:40.048 [main] DEBUG org.hibernate.persister.walking.spi.MetamodelGraphWalker - Visiting attribute path : categoryId
15:27:40.048 [main] DEBUG org.hibernate.persister.walking.spi.MetamodelGraphWalker - Visiting attribute path : description
15:27:40.049 [main] DEBUG org.hibernate.persister.walking.spi.MetamodelGraphWalker - Visiting attribute path : name
15:27:40.049 [main] DEBUG org.hibernate.persister.walking.spi.MetamodelGraphWalker - Visiting attribute path : price
15:27:40.049 [main] DEBUG org.hibernate.persister.walking.spi.MetamodelGraphWalker - Visiting attribute path : supplier
15:27:40.049 [main] DEBUG org.hibernate.loader.plan.build.internal.spaces.QuerySpacesImpl - Adding QuerySpace : uid = &lt;gen:2&gt; -&gt; org.hibernate.loader.plan.build.internal.spaces.EntityQuerySpaceImpl@cd7f1ae]
15:27:40.049 [main] DEBUG org.hibernate.persister.walking.spi.MetamodelGraphWalker - Visiting attribute path : supplierId
15:27:40.049 [main] DEBUG org.hibernate.loader.plan.build.internal.FetchStyleLoadPlanBuildingAssociationVisitationStrategy - Building LoadPlan...
15:27:40.049 [main] DEBUG org.hibernate.loader.plan.exec.internal.LoadQueryJoinAndFetchProcessor - processing queryspace &lt;gen:0&gt;
15:27:40.049 [main] DEBUG org.hibernate.loader.plan.build.spi.LoadPlanTreePrinter - LoadPlan(entity=com.niit.model.Product)
    - Returns
       - EntityReturnImpl(entity=com.niit.model.Product, querySpaceUid=&lt;gen:0&gt;, path=com.niit.model.Product)
          - EntityAttributeFetchImpl(entity=com.niit.model.Category, querySpaceUid=&lt;gen:1&gt;, path=com.niit.model.Product.category)
          - EntityAttributeFetchImpl(entity=com.niit.model.Supplier, querySpaceUid=&lt;gen:2&gt;, path=com.niit.model.Product.supplier)
    - QuerySpaces
       - EntityQuerySpaceImpl(uid=&lt;gen:0&gt;, entity=com.niit.model.Product)
          - SQL table alias mapping - product0_
          - alias suffix - 0_
          - suffixed key columns - {id1_2_0_}

15:27:40.049 [main] DEBUG org.hibernate.loader.entity.plan.EntityLoader - Static select for entity com.niit.model.Product [PESSIMISTIC_FORCE_INCREMENT]: select product0_.id as id1_2_0_, product0_.categoryId as category2_2_0_, product0_.description as descript3_2_0_, product0_.name as name4_2_0_, product0_.price as price5_2_0_, product0_.supplierid as supplier6_2_0_ from Product product0_ where product0_.id=? for update
15:27:40.050 [main] DEBUG org.hibernate.loader.plan.build.internal.spaces.QuerySpacesImpl - Adding QuerySpace : uid = &lt;gen:0&gt; -&gt; org.hibernate.loader.plan.build.internal.spaces.EntityQuerySpaceImpl@60e949e1]
15:27:40.050 [main] DEBUG org.hibernate.persister.walking.spi.MetamodelGraphWalker - Visiting attribute path : category
15:27:40.050 [main] DEBUG org.hibernate.loader.plan.build.internal.spaces.QuerySpacesImpl - Adding QuerySpace : uid = &lt;gen:1&gt; -&gt; org.hibernate.loader.plan.build.internal.spaces.EntityQuerySpaceImpl@680362a]
15:27:40.050 [main] DEBUG org.hibernate.persister.walking.spi.MetamodelGraphWalker - Visiting attribute path : categoryId
15:27:40.050 [main] DEBUG org.hibernate.persister.walking.spi.MetamodelGraphWalker - Visiting attribute path : description
15:27:40.050 [main] DEBUG org.hibernate.persister.walking.spi.MetamodelGraphWalker - Visiting attribute path : name
15:27:40.050 [main] DEBUG org.hibernate.persister.walking.spi.MetamodelGraphWalker - Visiting attribute path : price
15:27:40.050 [main] DEBUG org.hibernate.persister.walking.spi.MetamodelGraphWalker - Visiting attribute path : supplier
15:27:40.050 [main] DEBUG org.hibernate.loader.plan.build.internal.spaces.QuerySpacesImpl - Adding QuerySpace : uid = &lt;gen:2&gt; -&gt; org.hibernate.loader.plan.build.internal.spaces.EntityQuerySpaceImpl@3569edd5]
15:27:40.050 [main] DEBUG org.hibernate.persister.walking.spi.MetamodelGraphWalker - Visiting attribute path : supplierId
15:27:40.050 [main] DEBUG org.hibernate.loader.plan.build.internal.FetchStyleLoadPlanBuildingAssociationVisitationStrategy - Building LoadPlan...
15:27:40.050 [main] DEBUG org.hibernate.loader.plan.exec.internal.LoadQueryJoinAndFetchProcessor - processing queryspace &lt;gen:0&gt;
15:27:40.051 [main] DEBUG org.hibernate.loader.plan.build.spi.LoadPlanTreePrinter - LoadPlan(entity=com.niit.model.Product)
    - Returns
       - EntityReturnImpl(entity=com.niit.model.Product, querySpaceUid=&lt;gen:0&gt;, path=com.niit.model.Product)
          - EntityAttributeFetchImpl(entity=com.niit.model.Category, querySpaceUid=&lt;gen:1&gt;, path=com.niit.model.Product.category)
          - EntityAttributeFetchImpl(entity=com.niit.model.Supplier, querySpaceUid=&lt;gen:2&gt;, path=com.niit.model.Product.supplier)
    - QuerySpaces
       - EntityQuerySpaceImpl(uid=&lt;gen:0&gt;, entity=com.niit.model.Product)
          - SQL table alias mapping - product0_
          - alias suffix - 0_
          - suffixed key columns - {id1_2_0_}

15:27:40.051 [main] DEBUG org.hibernate.loader.entity.plan.EntityLoader - Static select for entity com.niit.model.Product [OPTIMISTIC]: select product0_.id as id1_2_0_, product0_.categoryId as category2_2_0_, product0_.description as descript3_2_0_, product0_.name as name4_2_0_, product0_.price as price5_2_0_, product0_.supplierid as supplier6_2_0_ from Product product0_ where product0_.id=?
15:27:40.051 [main] DEBUG org.hibernate.loader.plan.build.internal.spaces.QuerySpacesImpl - Adding QuerySpace : uid = &lt;gen:0&gt; -&gt; org.hibernate.loader.plan.build.internal.spaces.EntityQuerySpaceImpl@1f651cd8]
15:27:40.051 [main] DEBUG org.hibernate.persister.walking.spi.MetamodelGraphWalker - Visiting attribute path : category
15:27:40.051 [main] DEBUG org.hibernate.loader.plan.build.internal.spaces.QuerySpacesImpl - Adding QuerySpace : uid = &lt;gen:1&gt; -&gt; org.hibernate.loader.plan.build.internal.spaces.EntityQuerySpaceImpl@7a356a0d]
15:27:40.051 [main] DEBUG org.hibernate.persister.walking.spi.MetamodelGraphWalker - Visiting attribute path : categoryId
15:27:40.051 [main] DEBUG org.hibernate.persister.walking.spi.MetamodelGraphWalker - Visiting attribute path : description
15:27:40.051 [main] DEBUG org.hibernate.persister.walking.spi.MetamodelGraphWalker - Visiting attribute path : name
15:27:40.051 [main] DEBUG org.hibernate.persister.walking.spi.MetamodelGraphWalker - Visiting attribute path : price
15:27:40.051 [main] DEBUG org.hibernate.persister.walking.spi.MetamodelGraphWalker - Visiting attribute path : supplier
15:27:40.051 [main] DEBUG org.hibernate.loader.plan.build.internal.spaces.QuerySpacesImpl - Adding QuerySpace : uid = &lt;gen:2&gt; -&gt; org.hibernate.loader.plan.build.internal.spaces.EntityQuerySpaceImpl@c827db]
15:27:40.051 [main] DEBUG org.hibernate.persister.walking.spi.MetamodelGraphWalker - Visiting attribute path : supplierId
15:27:40.051 [main] DEBUG org.hibernate.loader.plan.build.internal.FetchStyleLoadPlanBuildingAssociationVisitationStrategy - Building LoadPlan...
15:27:40.051 [main] DEBUG org.hibernate.loader.plan.exec.internal.LoadQueryJoinAndFetchProcessor - processing queryspace &lt;gen:0&gt;
15:27:40.052 [main] DEBUG org.hibernate.loader.plan.build.spi.LoadPlanTreePrinter - LoadPlan(entity=com.niit.model.Product)
    - Returns
       - EntityReturnImpl(entity=com.niit.model.Product, querySpaceUid=&lt;gen:0&gt;, path=com.niit.model.Product)
          - EntityAttributeFetchImpl(entity=com.niit.model.Category, querySpaceUid=&lt;gen:1&gt;, path=com.niit.model.Product.category)
          - EntityAttributeFetchImpl(entity=com.niit.model.Supplier, querySpaceUid=&lt;gen:2&gt;, path=com.niit.model.Product.supplier)
    - QuerySpaces
       - EntityQuerySpaceImpl(uid=&lt;gen:0&gt;, entity=com.niit.model.Product)
          - SQL table alias mapping - product0_
          - alias suffix - 0_
          - suffixed key columns - {id1_2_0_}

15:27:40.052 [main] DEBUG org.hibernate.loader.entity.plan.EntityLoader - Static select for entity com.niit.model.Product [OPTIMISTIC_FORCE_INCREMENT]: select product0_.id as id1_2_0_, product0_.categoryId as category2_2_0_, product0_.description as descript3_2_0_, product0_.name as name4_2_0_, product0_.price as price5_2_0_, product0_.supplierid as supplier6_2_0_ from Product product0_ where product0_.id=?
15:27:40.052 [main] DEBUG org.hibernate.loader.Loader - Static select for action ACTION_MERGE on entity com.niit.model.Product: select product0_.id as id1_2_0_, product0_.categoryId as category2_2_0_, product0_.description as descript3_2_0_, product0_.name as name4_2_0_, product0_.price as price5_2_0_, product0_.supplierid as supplier6_2_0_ from Product product0_ where product0_.id=?
15:27:40.052 [main] DEBUG org.hibernate.loader.Loader - Static select for action ACTION_REFRESH on entity com.niit.model.Product: select product0_.id as id1_2_0_, product0_.categoryId as category2_2_0_, product0_.description as descript3_2_0_, product0_.name as name4_2_0_, product0_.price as price5_2_0_, product0_.supplierid as supplier6_2_0_ from Product product0_ where product0_.id=?
15:27:40.058 [main] DEBUG org.hibernate.loader.plan.build.internal.spaces.QuerySpacesImpl - Adding QuerySpace : uid = &lt;gen:0&gt; -&gt; org.hibernate.loader.plan.build.internal.spaces.CollectionQuerySpaceImpl@34448e6c]
15:27:40.058 [main] DEBUG org.hibernate.loader.plan.build.internal.spaces.QuerySpacesImpl - Adding QuerySpace : uid = &lt;gen:1&gt; -&gt; org.hibernate.loader.plan.build.internal.spaces.EntityQuerySpaceImpl@60e9df3c]
15:27:40.058 [main] DEBUG org.hibernate.persister.walking.spi.MetamodelGraphWalker - Visiting attribute path : category
15:27:40.058 [main] DEBUG org.hibernate.loader.plan.build.internal.spaces.QuerySpacesImpl - Adding QuerySpace : uid = &lt;gen:2&gt; -&gt; org.hibernate.loader.plan.build.internal.spaces.EntityQuerySpaceImpl@537b32ef]
15:27:40.058 [main] DEBUG org.hibernate.persister.walking.spi.MetamodelGraphWalker - Visiting attribute path : category.description
15:27:40.058 [main] DEBUG org.hibernate.persister.walking.spi.MetamodelGraphWalker - Visiting attribute path : category.name
15:27:40.059 [main] DEBUG org.hibernate.persister.walking.spi.MetamodelGraphWalker - Visiting attribute path : category.products
15:27:40.059 [main] DEBUG org.hibernate.persister.walking.spi.MetamodelGraphWalker - Property path deemed to be circular : category.products
15:27:40.059 [main] DEBUG org.hibernate.persister.walking.spi.MetamodelGraphWalker - Visiting attribute path : categoryId
15:27:40.059 [main] DEBUG org.hibernate.persister.walking.spi.MetamodelGraphWalker - Visiting attribute path : description
15:27:40.059 [main] DEBUG org.hibernate.persister.walking.spi.MetamodelGraphWalker - Visiting attribute path : name
15:27:40.059 [main] DEBUG org.hibernate.persister.walking.spi.MetamodelGraphWalker - Visiting attribute path : price
15:27:40.059 [main] DEBUG org.hibernate.persister.walking.spi.MetamodelGraphWalker - Visiting attribute path : supplier
15:27:40.059 [main] DEBUG org.hibernate.persister.walking.spi.MetamodelGraphWalker - Property path deemed to be circular : supplier
15:27:40.059 [main] DEBUG org.hibernate.persister.walking.spi.MetamodelGraphWalker - Visiting attribute path : supplierId
15:27:40.059 [main] DEBUG org.hibernate.loader.plan.build.internal.FetchStyleLoadPlanBuildingAssociationVisitationStrategy - Building LoadPlan...
15:27:40.061 [main] DEBUG org.hibernate.loader.plan.exec.internal.LoadQueryJoinAndFetchProcessor - processing queryspace &lt;gen:0&gt;
15:27:40.062 [main] DEBUG org.hibernate.loader.plan.build.spi.LoadPlanTreePrinter - LoadPlan(collection=com.niit.model.Supplier.products)
    - Returns
       - CollectionReturnImpl(collection=com.niit.model.Supplier.products, querySpaceUid=&lt;gen:0&gt;, path=[com.niit.model.Supplier.products])
          - (collection element) CollectionFetchableElementEntityGraph(entity=com.niit.model.Product, querySpaceUid=&lt;gen:1&gt;, path=[com.niit.model.Supplier.products].&lt;elements&gt;)
             - EntityAttributeFetchImpl(entity=com.niit.model.Category, querySpaceUid=&lt;gen:2&gt;, path=[com.niit.model.Supplier.products].&lt;elements&gt;.category)
    - QuerySpaces
       - CollectionQuerySpaceImpl(uid=&lt;gen:0&gt;, collection=com.niit.model.Supplier.products)
          - SQL table alias mapping - products0_
          - alias suffix - 0_
          - suffixed key columns - {supplier6_2_0_}
          - entity-element alias suffix - 1_
          - 1_entity-element suffixed key columns - id1_2_1_
          - JOIN (JoinDefinedByMetadata(elements)) : &lt;gen:0&gt; -&gt; &lt;gen:1&gt;
             - EntityQuerySpaceImpl(uid=&lt;gen:1&gt;, entity=com.niit.model.Product)
                - SQL table alias mapping - products0_
                - alias suffix - 1_
                - suffixed key columns - {id1_2_1_}
                - JOIN (JoinDefinedByMetadata(category)) : &lt;gen:1&gt; -&gt; &lt;gen:2&gt;
                   - EntityQuerySpaceImpl(uid=&lt;gen:2&gt;, entity=com.niit.model.Category)
                      - SQL table alias mapping - category1_
                      - alias suffix - 2_
                      - suffixed key columns - {id1_1_2_}

15:27:40.063 [main] DEBUG org.hibernate.loader.collection.plan.CollectionLoader - Static select for collection com.niit.model.Supplier.products: select products0_.supplierid as supplier6_2_0_, products0_.id as id1_2_0_, products0_.id as id1_2_1_, products0_.categoryId as category2_2_1_, products0_.description as descript3_2_1_, products0_.name as name4_2_1_, products0_.price as price5_2_1_, products0_.supplierid as supplier6_2_1_, category1_.id as id1_1_2_, category1_.description as descript2_1_2_, category1_.name as name3_1_2_ from Product products0_ inner join Category category1_ on products0_.categoryId=category1_.id where products0_.supplierid=?
15:27:40.063 [main] DEBUG org.hibernate.loader.plan.build.internal.spaces.QuerySpacesImpl - Adding QuerySpace : uid = &lt;gen:0&gt; -&gt; org.hibernate.loader.plan.build.internal.spaces.CollectionQuerySpaceImpl@62315f22]
15:27:40.063 [main] DEBUG org.hibernate.loader.plan.build.internal.spaces.QuerySpacesImpl - Adding QuerySpace : uid = &lt;gen:1&gt; -&gt; org.hibernate.loader.plan.build.internal.spaces.EntityQuerySpaceImpl@6e4ea0bd]
15:27:40.063 [main] DEBUG org.hibernate.persister.walking.spi.MetamodelGraphWalker - Visiting attribute path : category
15:27:40.063 [main] DEBUG org.hibernate.persister.walking.spi.MetamodelGraphWalker - Property path deemed to be circular : category
15:27:40.063 [main] DEBUG org.hibernate.persister.walking.spi.MetamodelGraphWalker - Visiting attribute path : categoryId
15:27:40.063 [main] DEBUG org.hibernate.persister.walking.spi.MetamodelGraphWalker - Visiting attribute path : description
15:27:40.063 [main] DEBUG org.hibernate.persister.walking.spi.MetamodelGraphWalker - Visiting attribute path : name
15:27:40.063 [main] DEBUG org.hibernate.persister.walking.spi.MetamodelGraphWalker - Visiting attribute path : price
15:27:40.063 [main] DEBUG org.hibernate.persister.walking.spi.MetamodelGraphWalker - Visiting attribute path : supplier
15:27:40.063 [main] DEBUG org.hibernate.loader.plan.build.internal.spaces.QuerySpacesImpl - Adding QuerySpace : uid = &lt;gen:2&gt; -&gt; org.hibernate.loader.plan.build.internal.spaces.EntityQuerySpaceImpl@1059754c]
15:27:40.063 [main] DEBUG org.hibernate.persister.walking.spi.MetamodelGraphWalker - Visiting attribute path : supplier.address
15:27:40.063 [main] DEBUG org.hibernate.persister.walking.spi.MetamodelGraphWalker - Visiting attribute path : supplier.name
15:27:40.064 [main] DEBUG org.hibernate.persister.walking.spi.MetamodelGraphWalker - Visiting attribute path : supplier.products
15:27:40.064 [main] DEBUG org.hibernate.persister.walking.spi.MetamodelGraphWalker - Property path deemed to be circular : supplier.products
15:27:40.064 [main] DEBUG org.hibernate.persister.walking.spi.MetamodelGraphWalker - Visiting attribute path : supplierId
15:27:40.064 [main] DEBUG org.hibernate.loader.plan.build.internal.FetchStyleLoadPlanBuildingAssociationVisitationStrategy - Building LoadPlan...
15:27:40.064 [main] DEBUG org.hibernate.loader.plan.exec.internal.LoadQueryJoinAndFetchProcessor - processing queryspace &lt;gen:0&gt;
15:27:40.065 [main] DEBUG org.hibernate.loader.plan.build.spi.LoadPlanTreePrinter - LoadPlan(collection=com.niit.model.Category.products)
    - Returns
       - CollectionReturnImpl(collection=com.niit.model.Category.products, querySpaceUid=&lt;gen:0&gt;, path=[com.niit.model.Category.products])
          - (collection element) CollectionFetchableElementEntityGraph(entity=com.niit.model.Product, querySpaceUid=&lt;gen:1&gt;, path=[com.niit.model.Category.products].&lt;elements&gt;)
             - EntityAttributeFetchImpl(entity=com.niit.model.Supplier, querySpaceUid=&lt;gen:2&gt;, path=[com.niit.model.Category.products].&lt;elements&gt;.supplier)
    - QuerySpaces
       - CollectionQuerySpaceImpl(uid=&lt;gen:0&gt;, collection=com.niit.model.Category.products)
          - SQL table alias mapping - products0_
          - alias suffix - 0_
          - suffixed key columns - {category2_2_0_}
          - entity-element alias suffix - 1_
          - 1_entity-element suffixed key columns - id1_2_1_
          - JOIN (JoinDefinedByMetadata(elements)) : &lt;gen:0&gt; -&gt; &lt;gen:1&gt;
             - EntityQuerySpaceImpl(uid=&lt;gen:1&gt;, entity=com.niit.model.Product)
                - SQL table alias mapping - products0_
                - alias suffix - 1_
                - suffixed key columns - {id1_2_1_}
                - JOIN (JoinDefinedByMetadata(supplier)) : &lt;gen:1&gt; -&gt; &lt;gen:2&gt;
                   - EntityQuerySpaceImpl(uid=&lt;gen:2&gt;, entity=com.niit.model.Supplier)
                      - SQL table alias mapping - supplier1_
                      - alias suffix - 2_
                      - suffixed key columns - {id1_3_2_}

15:27:40.065 [main] DEBUG org.hibernate.loader.collection.plan.CollectionLoader - Static select for collection com.niit.model.Category.products: select products0_.categoryId as category2_2_0_, products0_.id as id1_2_0_, products0_.id as id1_2_1_, products0_.categoryId as category2_2_1_, products0_.description as descript3_2_1_, products0_.name as name4_2_1_, products0_.price as price5_2_1_, products0_.supplierid as supplier6_2_1_, supplier1_.id as id1_3_2_, supplier1_.address as address2_3_2_, supplier1_.name as name3_3_2_ from Product products0_ inner join Supplier supplier1_ on products0_.supplierid=supplier1_.id where products0_.categoryId=?
15:27:40.100 [main] DEBUG org.hibernate.tool.schema.spi.SchemaManagementToolCoordinator - No actions specified; doing nothing
15:27:40.101 [main] DEBUG org.hibernate.engine.transaction.jta.platform.internal.JtaPlatformInitiator - No JtaPlatform was specified, checking resolver
15:27:40.101 [main] DEBUG org.hibernate.engine.transaction.jta.platform.internal.JtaPlatformResolverInitiator - No JtaPlatformResolver was specified, using default [org.hibernate.engine.transaction.jta.platform.internal.StandardJtaPlatformResolver]
15:27:40.106 [main] DEBUG org.hibernate.engine.transaction.jta.platform.internal.StandardJtaPlatformResolver - Could not resolve JtaPlatform, using default [org.hibernate.engine.transaction.jta.platform.internal.NoJtaPlatform]
15:27:40.107 [main] DEBUG org.hibernate.query.spi.NamedQueryRepository - Checking 0 named HQL queries
15:27:40.107 [main] DEBUG org.hibernate.query.spi.NamedQueryRepository - Checking 0 named SQL queries
15:27:40.108 [main] DEBUG org.hibernate.internal.SessionFactoryRegistry - Initializing SessionFactoryRegistry : org.hibernate.internal.SessionFactoryRegistry@f2c488
15:27:40.108 [main] DEBUG org.hibernate.internal.SessionFactoryRegistry - Registering SessionFactory: 4c4fe51d-467d-4ea6-bb62-e60caadb2994 (&lt;unnamed&gt;)
15:27:40.108 [main] DEBUG org.hibernate.internal.SessionFactoryRegistry - Not binding SessionFactory to JNDI, no JNDI name configured
15:27:40.123 [main] DEBUG org.springframework.beans.factory.support.DefaultListableBeanFactory - Eagerly caching bean &apos;sessionFactory&apos; to allow for resolving potential circular references
15:27:40.130 [main] DEBUG org.springframework.beans.factory.support.DefaultListableBeanFactory - Returning cached instance of singleton bean &apos;org.springframework.transaction.config.internalTransactionAdvisor&apos;
15:27:40.153 [main] DEBUG org.springframework.beans.factory.support.DefaultListableBeanFactory - Finished creating instance of bean &apos;sessionFactory&apos;
15:27:40.154 [main] DEBUG org.springframework.beans.factory.annotation.AutowiredAnnotationBeanPostProcessor - Autowiring by type from bean name &apos;cartDAO&apos; to bean named &apos;sessionFactory&apos;
15:27:40.154 [main] DEBUG org.springframework.beans.factory.annotation.InjectionMetadata - Processing injected element of bean &apos;cartDAO&apos;: AutowiredFieldElement for private com.niit.model.Cart com.niit.daoimpl.CartDAOImpl.cart
15:27:40.154 [main] DEBUG org.springframework.core.annotation.AnnotationUtils - Failed to meta-introspect annotation [interface org.springframework.beans.factory.annotation.Autowired]: java.lang.NullPointerException
15:27:40.154 [main] DEBUG org.springframework.beans.factory.support.DefaultListableBeanFactory - Creating shared instance of singleton bean &apos;cart&apos;
15:27:40.154 [main] DEBUG org.springframework.beans.factory.support.DefaultListableBeanFactory - Creating instance of bean &apos;cart&apos;
15:27:40.155 [main] DEBUG org.springframework.beans.factory.support.DefaultListableBeanFactory - Eagerly caching bean &apos;cart&apos; to allow for resolving potential circular references
15:27:40.157 [main] DEBUG org.springframework.beans.factory.support.DefaultListableBeanFactory - Returning cached instance of singleton bean &apos;org.springframework.transaction.config.internalTransactionAdvisor&apos;
15:27:40.159 [main] DEBUG org.springframework.beans.factory.support.DefaultListableBeanFactory - Finished creating instance of bean &apos;cart&apos;
15:27:40.159 [main] DEBUG org.springframework.beans.factory.annotation.AutowiredAnnotationBeanPostProcessor - Autowiring by type from bean name &apos;cartDAO&apos; to bean named &apos;cart&apos;
15:27:40.159 [main] DEBUG org.springframework.beans.factory.support.DefaultListableBeanFactory - Returning cached instance of singleton bean &apos;org.springframework.transaction.config.internalTransactionAdvisor&apos;
15:27:40.166 [main] DEBUG org.springframework.transaction.annotation.AnnotationTransactionAttributeSource - Adding transactional method &apos;com.niit.daoimpl.CartDAOImpl.get&apos; with attribute: PROPAGATION_REQUIRED,ISOLATION_DEFAULT
15:27:40.171 [main] DEBUG org.springframework.aop.framework.autoproxy.InfrastructureAdvisorAutoProxyCreator - Creating implicit proxy for bean &apos;cartDAO&apos; with 0 common interceptors and 1 specific interceptors
15:27:40.172 [main] DEBUG org.springframework.aop.framework.JdkDynamicAopProxy - Creating JDK dynamic proxy: target source is SingletonTargetSource for target object [com.niit.daoimpl.CartDAOImpl@40226788]
15:27:40.177 [main] DEBUG org.springframework.beans.factory.support.DefaultListableBeanFactory - Finished creating instance of bean &apos;cartDAO&apos;
15:27:40.177 [main] DEBUG org.springframework.beans.factory.support.DefaultListableBeanFactory - Creating shared instance of singleton bean &apos;categoryDAO&apos;
15:27:40.177 [main] DEBUG org.springframework.beans.factory.support.DefaultListableBeanFactory - Creating instance of bean &apos;categoryDAO&apos;
15:27:40.178 [main] DEBUG org.springframework.beans.factory.annotation.InjectionMetadata - Registered injected element on class [com.niit.daoimpl.CategoryDAOImpl]: AutowiredFieldElement for private org.hibernate.SessionFactory com.niit.daoimpl.CategoryDAOImpl.sessionFactory
15:27:40.178 [main] DEBUG org.springframework.beans.factory.annotation.InjectionMetadata - Registered injected element on class [com.niit.daoimpl.CategoryDAOImpl]: AutowiredFieldElement for private com.niit.model.Category com.niit.daoimpl.CategoryDAOImpl.category
15:27:40.178 [main] DEBUG org.springframework.beans.factory.support.DefaultListableBeanFactory - Eagerly caching bean &apos;categoryDAO&apos; to allow for resolving potential circular references
15:27:40.180 [main] DEBUG org.springframework.beans.factory.annotation.InjectionMetadata - Processing injected element of bean &apos;categoryDAO&apos;: AutowiredFieldElement for private org.hibernate.SessionFactory com.niit.daoimpl.CategoryDAOImpl.sessionFactory
15:27:40.180 [main] DEBUG org.springframework.core.annotation.AnnotationUtils - Failed to meta-introspect annotation [interface org.springframework.beans.factory.annotation.Autowired]: java.lang.NullPointerException
15:27:40.181 [main] DEBUG org.springframework.beans.factory.support.DefaultListableBeanFactory - Returning cached instance of singleton bean &apos;sessionFactory&apos;
15:27:40.181 [main] DEBUG org.springframework.beans.factory.annotation.AutowiredAnnotationBeanPostProcessor - Autowiring by type from bean name &apos;categoryDAO&apos; to bean named &apos;sessionFactory&apos;
15:27:40.181 [main] DEBUG org.springframework.beans.factory.annotation.InjectionMetadata - Processing injected element of bean &apos;categoryDAO&apos;: AutowiredFieldElement for private com.niit.model.Category com.niit.daoimpl.CategoryDAOImpl.category
15:27:40.181 [main] DEBUG org.springframework.core.annotation.AnnotationUtils - Failed to meta-introspect annotation [interface org.springframework.beans.factory.annotation.Autowired]: java.lang.NullPointerException
15:27:40.181 [main] DEBUG org.springframework.beans.factory.support.DefaultListableBeanFactory - Creating shared instance of singleton bean &apos;category&apos;
15:27:40.181 [main] DEBUG org.springframework.beans.factory.support.DefaultListableBeanFactory - Creating instance of bean &apos;category&apos;
15:27:40.181 [main] DEBUG org.springframework.beans.factory.support.DefaultListableBeanFactory - Eagerly caching bean &apos;category&apos; to allow for resolving potential circular references
15:27:40.183 [main] DEBUG org.springframework.beans.factory.support.DefaultListableBeanFactory - Returning cached instance of singleton bean &apos;org.springframework.transaction.config.internalTransactionAdvisor&apos;
15:27:40.184 [main] DEBUG org.springframework.beans.factory.support.DefaultListableBeanFactory - Finished creating instance of bean &apos;category&apos;
15:27:40.184 [main] DEBUG org.springframework.beans.factory.annotation.AutowiredAnnotationBeanPostProcessor - Autowiring by type from bean name &apos;categoryDAO&apos; to bean named &apos;category&apos;
15:27:40.184 [main] DEBUG org.springframework.beans.factory.support.DefaultListableBeanFactory - Returning cached instance of singleton bean &apos;org.springframework.transaction.config.internalTransactionAdvisor&apos;
15:27:40.184 [main] DEBUG org.springframework.transaction.annotation.AnnotationTransactionAttributeSource - Adding transactional method &apos;com.niit.daoimpl.CategoryDAOImpl.get&apos; with attribute: PROPAGATION_REQUIRED,ISOLATION_DEFAULT
15:27:40.184 [main] DEBUG org.springframework.aop.framework.autoproxy.InfrastructureAdvisorAutoProxyCreator - Creating implicit proxy for bean &apos;categoryDAO&apos; with 0 common interceptors and 1 specific interceptors
15:27:40.184 [main] DEBUG org.springframework.aop.framework.JdkDynamicAopProxy - Creating JDK dynamic proxy: target source is SingletonTargetSource for target object [com.niit.daoimpl.CategoryDAOImpl@d400943]
15:27:40.187 [main] DEBUG org.springframework.beans.factory.support.DefaultListableBeanFactory - Finished creating instance of bean &apos;categoryDAO&apos;
15:27:40.187 [main] DEBUG org.springframework.beans.factory.support.DefaultListableBeanFactory - Creating shared instance of singleton bean &apos;productDAO&apos;
15:27:40.187 [main] DEBUG org.springframework.beans.factory.support.DefaultListableBeanFactory - Creating instance of bean &apos;productDAO&apos;
15:27:40.188 [main] DEBUG org.springframework.beans.factory.annotation.InjectionMetadata - Registered injected element on class [com.niit.daoimpl.ProductDAOImpl]: AutowiredFieldElement for private org.hibernate.SessionFactory com.niit.daoimpl.ProductDAOImpl.sessionFactory
15:27:40.188 [main] DEBUG org.springframework.beans.factory.annotation.InjectionMetadata - Registered injected element on class [com.niit.daoimpl.ProductDAOImpl]: AutowiredFieldElement for private com.niit.model.Product com.niit.daoimpl.ProductDAOImpl.product
15:27:40.188 [main] DEBUG org.springframework.beans.factory.support.DefaultListableBeanFactory - Eagerly caching bean &apos;productDAO&apos; to allow for resolving potential circular references
15:27:40.190 [main] DEBUG org.springframework.beans.factory.annotation.InjectionMetadata - Processing injected element of bean &apos;productDAO&apos;: AutowiredFieldElement for private org.hibernate.SessionFactory com.niit.daoimpl.ProductDAOImpl.sessionFactory
15:27:40.190 [main] DEBUG org.springframework.core.annotation.AnnotationUtils - Failed to meta-introspect annotation [interface org.springframework.beans.factory.annotation.Autowired]: java.lang.NullPointerException
15:27:40.190 [main] DEBUG org.springframework.beans.factory.support.DefaultListableBeanFactory - Returning cached instance of singleton bean &apos;sessionFactory&apos;
15:27:40.190 [main] DEBUG org.springframework.beans.factory.annotation.AutowiredAnnotationBeanPostProcessor - Autowiring by type from bean name &apos;productDAO&apos; to bean named &apos;sessionFactory&apos;
15:27:40.190 [main] DEBUG org.springframework.beans.factory.annotation.InjectionMetadata - Processing injected element of bean &apos;productDAO&apos;: AutowiredFieldElement for private com.niit.model.Product com.niit.daoimpl.ProductDAOImpl.product
15:27:40.191 [main] DEBUG org.springframework.core.annotation.AnnotationUtils - Failed to meta-introspect annotation [interface org.springframework.beans.factory.annotation.Autowired]: java.lang.NullPointerException
15:27:40.191 [main] DEBUG org.springframework.beans.factory.support.DefaultListableBeanFactory - Creating shared instance of singleton bean &apos;product&apos;
15:27:40.191 [main] DEBUG org.springframework.beans.factory.support.DefaultListableBeanFactory - Creating instance of bean &apos;product&apos;
15:27:40.191 [main] DEBUG org.springframework.beans.factory.support.DefaultListableBeanFactory - Eagerly caching bean &apos;product&apos; to allow for resolving potential circular references
15:27:40.193 [main] DEBUG org.springframework.beans.factory.support.DefaultListableBeanFactory - Returning cached instance of singleton bean &apos;org.springframework.transaction.config.internalTransactionAdvisor&apos;
15:27:40.194 [main] DEBUG org.springframework.beans.factory.support.DefaultListableBeanFactory - Finished creating instance of bean &apos;product&apos;
15:27:40.194 [main] DEBUG org.springframework.beans.factory.annotation.AutowiredAnnotationBeanPostProcessor - Autowiring by type from bean name &apos;productDAO&apos; to bean named &apos;product&apos;
15:27:40.194 [main] DEBUG org.springframework.beans.factory.support.DefaultListableBeanFactory - Returning cached instance of singleton bean &apos;org.springframework.transaction.config.internalTransactionAdvisor&apos;
15:27:40.195 [main] DEBUG org.springframework.transaction.annotation.AnnotationTransactionAttributeSource - Adding transactional method &apos;com.niit.daoimpl.ProductDAOImpl.get&apos; with attribute: PROPAGATION_REQUIRED,ISOLATION_DEFAULT
15:27:40.195 [main] DEBUG org.springframework.aop.framework.autoproxy.InfrastructureAdvisorAutoProxyCreator - Creating implicit proxy for bean &apos;productDAO&apos; with 0 common interceptors and 1 specific interceptors
15:27:40.195 [main] DEBUG org.springframework.aop.framework.JdkDynamicAopProxy - Creating JDK dynamic proxy: target source is SingletonTargetSource for target object [com.niit.daoimpl.ProductDAOImpl@13e698c7]
15:27:40.198 [main] DEBUG org.springframework.beans.factory.support.DefaultListableBeanFactory - Finished creating instance of bean &apos;productDAO&apos;
15:27:40.198 [main] DEBUG org.springframework.beans.factory.support.DefaultListableBeanFactory - Creating shared instance of singleton bean &apos;supplierDAO&apos;
15:27:40.198 [main] DEBUG org.springframework.beans.factory.support.DefaultListableBeanFactory - Creating instance of bean &apos;supplierDAO&apos;
15:27:40.199 [main] DEBUG org.springframework.beans.factory.annotation.InjectionMetadata - Registered injected element on class [com.niit.daoimpl.SupplierDAOImpl]: AutowiredFieldElement for private org.hibernate.SessionFactory com.niit.daoimpl.SupplierDAOImpl.sessionFactory
15:27:40.199 [main] DEBUG org.springframework.beans.factory.annotation.InjectionMetadata - Registered injected element on class [com.niit.daoimpl.SupplierDAOImpl]: AutowiredFieldElement for private com.niit.model.Supplier com.niit.daoimpl.SupplierDAOImpl.supplier
15:27:40.199 [main] DEBUG org.springframework.beans.factory.support.DefaultListableBeanFactory - Eagerly caching bean &apos;supplierDAO&apos; to allow for resolving potential circular references
15:27:40.200 [main] DEBUG org.springframework.beans.factory.annotation.InjectionMetadata - Processing injected element of bean &apos;supplierDAO&apos;: AutowiredFieldElement for private org.hibernate.SessionFactory com.niit.daoimpl.SupplierDAOImpl.sessionFactory
15:27:40.201 [main] DEBUG org.springframework.core.annotation.AnnotationUtils - Failed to meta-introspect annotation [interface org.springframework.beans.factory.annotation.Autowired]: java.lang.NullPointerException
15:27:40.201 [main] DEBUG org.springframework.beans.factory.support.DefaultListableBeanFactory - Returning cached instance of singleton bean &apos;sessionFactory&apos;
15:27:40.201 [main] DEBUG org.springframework.beans.factory.annotation.AutowiredAnnotationBeanPostProcessor - Autowiring by type from bean name &apos;supplierDAO&apos; to bean named &apos;sessionFactory&apos;
15:27:40.201 [main] DEBUG org.springframework.beans.factory.annotation.InjectionMetadata - Processing injected element of bean &apos;supplierDAO&apos;: AutowiredFieldElement for private com.niit.model.Supplier com.niit.daoimpl.SupplierDAOImpl.supplier
15:27:40.201 [main] DEBUG org.springframework.core.annotation.AnnotationUtils - Failed to meta-introspect annotation [interface org.springframework.beans.factory.annotation.Autowired]: java.lang.NullPointerException
15:27:40.201 [main] DEBUG org.springframework.beans.factory.support.DefaultListableBeanFactory - Creating shared instance of singleton bean &apos;supplier&apos;
15:27:40.201 [main] DEBUG org.springframework.beans.factory.support.DefaultListableBeanFactory - Creating instance of bean &apos;supplier&apos;
15:27:40.202 [main] DEBUG org.springframework.beans.factory.support.DefaultListableBeanFactory - Eagerly caching bean &apos;supplier&apos; to allow for resolving potential circular references
15:27:40.204 [main] DEBUG org.springframework.beans.factory.support.DefaultListableBeanFactory - Returning cached instance of singleton bean &apos;org.springframework.transaction.config.internalTransactionAdvisor&apos;
15:27:40.204 [main] DEBUG org.springframework.beans.factory.support.DefaultListableBeanFactory - Finished creating instance of bean &apos;supplier&apos;
15:27:40.205 [main] DEBUG org.springframework.beans.factory.annotation.AutowiredAnnotationBeanPostProcessor - Autowiring by type from bean name &apos;supplierDAO&apos; to bean named &apos;supplier&apos;
15:27:40.205 [main] DEBUG org.springframework.beans.factory.support.DefaultListableBeanFactory - Returning cached instance of singleton bean &apos;org.springframework.transaction.config.internalTransactionAdvisor&apos;
15:27:40.205 [main] DEBUG org.springframework.transaction.annotation.AnnotationTransactionAttributeSource - Adding transactional method &apos;com.niit.daoimpl.SupplierDAOImpl.get&apos; with attribute: PROPAGATION_REQUIRED,ISOLATION_DEFAULT
15:27:40.205 [main] DEBUG org.springframework.aop.framework.autoproxy.InfrastructureAdvisorAutoProxyCreator - Creating implicit proxy for bean &apos;supplierDAO&apos; with 0 common interceptors and 1 specific interceptors
15:27:40.205 [main] DEBUG org.springframework.aop.framework.JdkDynamicAopProxy - Creating JDK dynamic proxy: target source is SingletonTargetSource for target object [com.niit.daoimpl.SupplierDAOImpl@2160e52a]
15:27:40.208 [main] DEBUG org.springframework.beans.factory.support.DefaultListableBeanFactory - Finished creating instance of bean &apos;supplierDAO&apos;
15:27:40.209 [main] DEBUG org.springframework.beans.factory.support.DefaultListableBeanFactory - Creating shared instance of singleton bean &apos;userDAO&apos;
15:27:40.209 [main] DEBUG org.springframework.beans.factory.support.DefaultListableBeanFactory - Creating instance of bean &apos;userDAO&apos;
15:27:40.210 [main] DEBUG org.springframework.beans.factory.annotation.InjectionMetadata - Registered injected element on class [com.niit.daoimpl.UserDAOImpl]: AutowiredFieldElement for private org.hibernate.SessionFactory com.niit.daoimpl.UserDAOImpl.sessionFactory
15:27:40.210 [main] DEBUG org.springframework.beans.factory.annotation.InjectionMetadata - Registered injected element on class [com.niit.daoimpl.UserDAOImpl]: AutowiredFieldElement for private com.niit.model.User com.niit.daoimpl.UserDAOImpl.user
15:27:40.210 [main] DEBUG org.springframework.beans.factory.support.DefaultListableBeanFactory - Eagerly caching bean &apos;userDAO&apos; to allow for resolving potential circular references
15:27:40.212 [main] DEBUG org.springframework.beans.factory.annotation.InjectionMetadata - Processing injected element of bean &apos;userDAO&apos;: AutowiredFieldElement for private org.hibernate.SessionFactory com.niit.daoimpl.UserDAOImpl.sessionFactory
15:27:40.212 [main] DEBUG org.springframework.core.annotation.AnnotationUtils - Failed to meta-introspect annotation [interface org.springframework.beans.factory.annotation.Autowired]: java.lang.NullPointerException
15:27:40.213 [main] DEBUG org.springframework.beans.factory.support.DefaultListableBeanFactory - Returning cached instance of singleton bean &apos;sessionFactory&apos;
15:27:40.213 [main] DEBUG org.springframework.beans.factory.annotation.AutowiredAnnotationBeanPostProcessor - Autowiring by type from bean name &apos;userDAO&apos; to bean named &apos;sessionFactory&apos;
15:27:40.213 [main] DEBUG org.springframework.beans.factory.annotation.InjectionMetadata - Processing injected element of bean &apos;userDAO&apos;: AutowiredFieldElement for private com.niit.model.User com.niit.daoimpl.UserDAOImpl.user
15:27:40.213 [main] DEBUG org.springframework.core.annotation.AnnotationUtils - Failed to meta-introspect annotation [interface org.springframework.beans.factory.annotation.Autowired]: java.lang.NullPointerException
15:27:40.213 [main] DEBUG org.springframework.beans.factory.support.DefaultListableBeanFactory - Creating shared instance of singleton bean &apos;user&apos;
15:27:40.213 [main] DEBUG org.springframework.beans.factory.support.DefaultListableBeanFactory - Creating instance of bean &apos;user&apos;
15:27:40.214 [main] DEBUG org.springframework.beans.factory.support.DefaultListableBeanFactory - Eagerly caching bean &apos;user&apos; to allow for resolving potential circular references
15:27:40.216 [main] DEBUG org.springframework.beans.factory.support.DefaultListableBeanFactory - Returning cached instance of singleton bean &apos;org.springframework.transaction.config.internalTransactionAdvisor&apos;
15:27:40.216 [main] DEBUG org.springframework.beans.factory.support.DefaultListableBeanFactory - Finished creating instance of bean &apos;user&apos;
15:27:40.216 [main] DEBUG org.springframework.beans.factory.annotation.AutowiredAnnotationBeanPostProcessor - Autowiring by type from bean name &apos;userDAO&apos; to bean named &apos;user&apos;
15:27:40.217 [main] DEBUG org.springframework.beans.factory.support.DefaultListableBeanFactory - Returning cached instance of singleton bean &apos;org.springframework.transaction.config.internalTransactionAdvisor&apos;
15:27:40.217 [main] DEBUG org.springframework.transaction.annotation.AnnotationTransactionAttributeSource - Adding transactional method &apos;com.niit.daoimpl.UserDAOImpl.get&apos; with attribute: PROPAGATION_REQUIRED,ISOLATION_DEFAULT
15:27:40.217 [main] DEBUG org.springframework.aop.framework.autoproxy.InfrastructureAdvisorAutoProxyCreator - Creating implicit proxy for bean &apos;userDAO&apos; with 0 common interceptors and 1 specific interceptors
15:27:40.217 [main] DEBUG org.springframework.aop.framework.JdkDynamicAopProxy - Creating JDK dynamic proxy: target source is SingletonTargetSource for target object [com.niit.daoimpl.UserDAOImpl@203dd56b]
15:27:40.220 [main] DEBUG org.springframework.beans.factory.support.DefaultListableBeanFactory - Finished creating instance of bean &apos;userDAO&apos;
15:27:40.220 [main] DEBUG org.springframework.beans.factory.support.DefaultListableBeanFactory - Returning cached instance of singleton bean &apos;cart&apos;
15:27:40.220 [main] DEBUG org.springframework.beans.factory.support.DefaultListableBeanFactory - Returning cached instance of singleton bean &apos;category&apos;
15:27:40.220 [main] DEBUG org.springframework.beans.factory.support.DefaultListableBeanFactory - Returning cached instance of singleton bean &apos;product&apos;
15:27:40.220 [main] DEBUG org.springframework.beans.factory.support.DefaultListableBeanFactory - Returning cached instance of singleton bean &apos;supplier&apos;
15:27:40.220 [main] DEBUG org.springframework.beans.factory.support.DefaultListableBeanFactory - Returning cached instance of singleton bean &apos;user&apos;
15:27:40.220 [main] DEBUG org.springframework.beans.factory.support.DefaultListableBeanFactory - Returning cached instance of singleton bean &apos;org.springframework.transaction.annotation.ProxyTransactionManagementConfiguration&apos;
15:27:40.220 [main] DEBUG org.springframework.beans.factory.support.DefaultListableBeanFactory - Returning cached instance of singleton bean &apos;org.springframework.transaction.config.internalTransactionAdvisor&apos;
15:27:40.220 [main] DEBUG org.springframework.beans.factory.support.DefaultListableBeanFactory - Returning cached instance of singleton bean &apos;transactionAttributeSource&apos;
15:27:40.220 [main] DEBUG org.springframework.beans.factory.support.DefaultListableBeanFactory - Returning cached instance of singleton bean &apos;transactionInterceptor&apos;
15:27:40.220 [main] DEBUG org.springframework.beans.factory.support.DefaultListableBeanFactory - Creating shared instance of singleton bean &apos;org.springframework.transaction.config.internalTransactionalEventListenerFactory&apos;
15:27:40.220 [main] DEBUG org.springframework.beans.factory.support.DefaultListableBeanFactory - Creating instance of bean &apos;org.springframework.transaction.config.internalTransactionalEventListenerFactory&apos;
15:27:40.221 [main] DEBUG org.springframework.beans.factory.support.DefaultListableBeanFactory - Returning cached instance of singleton bean &apos;org.springframework.transaction.annotation.ProxyTransactionManagementConfiguration&apos;
15:27:40.223 [main] DEBUG org.springframework.beans.factory.support.DefaultListableBeanFactory - Eagerly caching bean &apos;org.springframework.transaction.config.internalTransactionalEventListenerFactory&apos; to allow for resolving potential circular references
15:27:40.226 [main] DEBUG org.springframework.beans.factory.support.DefaultListableBeanFactory - Returning cached instance of singleton bean &apos;org.springframework.transaction.config.internalTransactionAdvisor&apos;
15:27:40.227 [main] DEBUG org.springframework.beans.factory.support.DefaultListableBeanFactory - Finished creating instance of bean &apos;org.springframework.transaction.config.internalTransactionalEventListenerFactory&apos;
15:27:40.227 [main] DEBUG org.springframework.beans.factory.support.DefaultListableBeanFactory - Returning cached instance of singleton bean &apos;dataSource&apos;
15:27:40.227 [main] DEBUG org.springframework.beans.factory.support.DefaultListableBeanFactory - Returning cached instance of singleton bean &apos;sessionFactory&apos;
15:27:40.227 [main] DEBUG org.springframework.beans.factory.support.DefaultListableBeanFactory - Creating shared instance of singleton bean &apos;transactionManager&apos;
15:27:40.227 [main] DEBUG org.springframework.beans.factory.support.DefaultListableBeanFactory - Creating instance of bean &apos;transactionManager&apos;
15:27:40.227 [main] DEBUG org.springframework.beans.factory.support.DefaultListableBeanFactory - Returning cached instance of singleton bean &apos;applicationContextConfig&apos;
15:27:40.227 [main] DEBUG org.springframework.beans.factory.support.DefaultListableBeanFactory - Returning cached instance of singleton bean &apos;sessionFactory&apos;
15:27:40.227 [main] DEBUG org.springframework.beans.factory.support.DefaultListableBeanFactory - Autowiring by type from bean name &apos;transactionManager&apos; via factory method to bean named &apos;sessionFactory&apos;
15:27:40.242 [main] INFO org.springframework.orm.hibernate5.HibernateTransactionManager - Using DataSource [org.springframework.jdbc.datasource.DriverManagerDataSource@2cdd0d4b] of Hibernate SessionFactory for HibernateTransactionManager
15:27:40.246 [main] DEBUG org.springframework.beans.factory.support.DefaultListableBeanFactory - Eagerly caching bean &apos;transactionManager&apos; to allow for resolving potential circular references
15:27:40.253 [main] DEBUG org.springframework.beans.factory.support.DefaultListableBeanFactory - Invoking afterPropertiesSet() on bean with name &apos;transactionManager&apos;
15:27:40.253 [main] DEBUG org.springframework.beans.factory.support.DefaultListableBeanFactory - Returning cached instance of singleton bean &apos;org.springframework.transaction.config.internalTransactionAdvisor&apos;
15:27:40.256 [main] DEBUG org.springframework.beans.factory.support.DefaultListableBeanFactory - Finished creating instance of bean &apos;transactionManager&apos;
15:27:40.257 [main] DEBUG org.springframework.beans.factory.support.DefaultListableBeanFactory - Returning cached instance of singleton bean &apos;org.springframework.aop.config.internalAutoProxyCreator&apos;
15:27:40.257 [main] DEBUG org.springframework.beans.factory.support.DefaultListableBeanFactory - Returning cached instance of singleton bean &apos;org.springframework.context.event.internalEventListenerFactory&apos;
15:27:40.257 [main] DEBUG org.springframework.beans.factory.support.DefaultListableBeanFactory - Returning cached instance of singleton bean &apos;org.springframework.transaction.config.internalTransactionalEventListenerFactory&apos;
15:27:40.294 [main] DEBUG org.springframework.context.annotation.AnnotationConfigApplicationContext - Unable to locate LifecycleProcessor with name &apos;lifecycleProcessor&apos;: using default [org.springframework.context.support.DefaultLifecycleProcessor@4905c46b]
15:27:40.294 [main] DEBUG org.springframework.beans.factory.support.DefaultListableBeanFactory - Returning cached instance of singleton bean &apos;lifecycleProcessor&apos;
15:27:40.298 [main] DEBUG org.springframework.core.env.PropertySourcesPropertyResolver - Could not find key &apos;spring.liveBeansView.mbeanDomain&apos; in any property source
15:27:40.299 [main] DEBUG org.springframework.beans.factory.support.DefaultListableBeanFactory - Returning cached instance of singleton bean &apos;supplierDAO&apos;
15:27:40.300 [main] DEBUG org.springframework.beans.factory.support.DefaultListableBeanFactory - Returning cached instance of singleton bean &apos;supplier&apos;
</system-out>
  </testcase>
  <testcase classname="com.niit.testcases.SupplierDAOTestCase" name="deleteSupplierFailureTestCase" time="2.235">
    <skipped/>
  </testcase>
  <testcase classname="com.niit.testcases.SupplierDAOTestCase" name="deleteSupplierSuccessTestCase" time="2.236">
    <skipped/>
  </testcase>
  <testcase classname="com.niit.testcases.SupplierDAOTestCase" name="updateSupplierTestCase" time="2.236">
    <skipped/>
  </testcase>
  <testcase classname="com.niit.testcases.SupplierDAOTestCase" name="getAllSuppliersTestCase" time="2.236">
    <skipped/>
  </testcase>
  <testcase classname="com.niit.testcases.SupplierDAOTestCase" name="saveSupplierTestCase" time="0.152">
    <error message="could not prepare statement; SQL [insert into Supplier (address, name, id) values (?, ?, ?)]; nested exception is org.hibernate.exception.SQLGrammarException: could not prepare statement" type="org.springframework.dao.InvalidDataAccessResourceUsageException">org.springframework.dao.InvalidDataAccessResourceUsageException: could not prepare statement; SQL [insert into Supplier (address, name, id) values (?, ?, ?)]; nested exception is org.hibernate.exception.SQLGrammarException: could not prepare statement
	at org.springframework.orm.hibernate5.SessionFactoryUtils.convertHibernateAccessException(SessionFactoryUtils.java:230)
	at org.springframework.orm.hibernate5.HibernateTransactionManager.convertHibernateAccessException(HibernateTransactionManager.java:785)
	at org.springframework.orm.hibernate5.HibernateTransactionManager.doCommit(HibernateTransactionManager.java:621)
	at org.springframework.transaction.support.AbstractPlatformTransactionManager.processCommit(AbstractPlatformTransactionManager.java:746)
	at org.springframework.transaction.support.AbstractPlatformTransactionManager.commit(AbstractPlatformTransactionManager.java:714)
	at org.springframework.transaction.interceptor.TransactionAspectSupport.commitTransactionAfterReturning(TransactionAspectSupport.java:532)
	at org.springframework.transaction.interceptor.TransactionAspectSupport.invokeWithinTransaction(TransactionAspectSupport.java:304)
	at org.springframework.transaction.interceptor.TransactionInterceptor.invoke(TransactionInterceptor.java:98)
	at org.springframework.aop.framework.ReflectiveMethodInvocation.proceed(ReflectiveMethodInvocation.java:185)
	at org.springframework.aop.framework.JdkDynamicAopProxy.invoke(JdkDynamicAopProxy.java:212)
	at com.sun.proxy.$Proxy39.save(Unknown Source)
	at com.niit.testcases.SupplierDAOTestCase.saveSupplierTestCase(SupplierDAOTestCase.java:50)
	at sun.reflect.NativeMethodAccessorImpl.invoke0(Native Method)
	at sun.reflect.NativeMethodAccessorImpl.invoke(NativeMethodAccessorImpl.java:62)
	at sun.reflect.DelegatingMethodAccessorImpl.invoke(DelegatingMethodAccessorImpl.java:43)
	at java.lang.reflect.Method.invoke(Method.java:498)
	at org.junit.runners.model.FrameworkMethod$1.runReflectiveCall(FrameworkMethod.java:50)
	at org.junit.internal.runners.model.ReflectiveCallable.run(ReflectiveCallable.java:12)
	at org.junit.runners.model.FrameworkMethod.invokeExplosively(FrameworkMethod.java:47)
	at org.junit.internal.runners.statements.InvokeMethod.evaluate(InvokeMethod.java:17)
	at org.junit.runners.ParentRunner.runLeaf(ParentRunner.java:325)
	at org.junit.runners.BlockJUnit4ClassRunner.runChild(BlockJUnit4ClassRunner.java:78)
	at org.junit.runners.BlockJUnit4ClassRunner.runChild(BlockJUnit4ClassRunner.java:57)
	at org.junit.runners.ParentRunner$3.run(ParentRunner.java:290)
	at org.junit.runners.ParentRunner$1.schedule(ParentRunner.java:71)
	at org.junit.runners.ParentRunner.runChildren(ParentRunner.java:288)
	at org.junit.runners.ParentRunner.access$000(ParentRunner.java:58)
	at org.junit.runners.ParentRunner$2.evaluate(ParentRunner.java:268)
	at org.junit.internal.runners.statements.RunBefores.evaluate(RunBefores.java:26)
	at org.junit.runners.ParentRunner.run(ParentRunner.java:363)
	at org.apache.maven.surefire.junit4.JUnit4Provider.execute(JUnit4Provider.java:252)
	at org.apache.maven.surefire.junit4.JUnit4Provider.executeTestSet(JUnit4Provider.java:141)
	at org.apache.maven.surefire.junit4.JUnit4Provider.invoke(JUnit4Provider.java:112)
	at sun.reflect.NativeMethodAccessorImpl.invoke0(Native Method)
	at sun.reflect.NativeMethodAccessorImpl.invoke(NativeMethodAccessorImpl.java:62)
	at sun.reflect.DelegatingMethodAccessorImpl.invoke(DelegatingMethodAccessorImpl.java:43)
	at java.lang.reflect.Method.invoke(Method.java:498)
	at org.apache.maven.surefire.util.ReflectionUtils.invokeMethodWithArray(ReflectionUtils.java:189)
	at org.apache.maven.surefire.booter.ProviderFactory$ProviderProxy.invoke(ProviderFactory.java:165)
	at org.apache.maven.surefire.booter.ProviderFactory.invokeProvider(ProviderFactory.java:85)
	at org.apache.maven.surefire.booter.ForkedBooter.runSuitesInProcess(ForkedBooter.java:115)
	at org.apache.maven.surefire.booter.ForkedBooter.main(ForkedBooter.java:75)
Caused by: org.hibernate.exception.SQLGrammarException: could not prepare statement
	at org.hibernate.exception.internal.SQLStateConversionDelegate.convert(SQLStateConversionDelegate.java:106)
	at org.hibernate.exception.internal.StandardSQLExceptionConverter.convert(StandardSQLExceptionConverter.java:42)
	at org.hibernate.engine.jdbc.spi.SqlExceptionHelper.convert(SqlExceptionHelper.java:111)
	at org.hibernate.engine.jdbc.internal.StatementPreparerImpl$StatementPreparationTemplate.prepareStatement(StatementPreparerImpl.java:182)
	at org.hibernate.engine.jdbc.internal.StatementPreparerImpl.prepareStatement(StatementPreparerImpl.java:78)
	at org.hibernate.engine.jdbc.batch.internal.AbstractBatchImpl.buildBatchStatement(AbstractBatchImpl.java:136)
	at org.hibernate.engine.jdbc.batch.internal.AbstractBatchImpl.getBatchStatement(AbstractBatchImpl.java:125)
	at org.hibernate.persister.entity.AbstractEntityPersister.insert(AbstractEntityPersister.java:2994)
	at org.hibernate.persister.entity.AbstractEntityPersister.insert(AbstractEntityPersister.java:3513)
	at org.hibernate.action.internal.EntityInsertAction.execute(EntityInsertAction.java:89)
	at org.hibernate.engine.spi.ActionQueue.executeActions(ActionQueue.java:589)
	at org.hibernate.engine.spi.ActionQueue.executeActions(ActionQueue.java:463)
	at org.hibernate.event.internal.AbstractFlushingEventListener.performExecutions(AbstractFlushingEventListener.java:337)
	at org.hibernate.event.internal.DefaultFlushEventListener.onFlush(DefaultFlushEventListener.java:39)
	at org.hibernate.internal.SessionImpl.doFlush(SessionImpl.java:1437)
	at org.hibernate.internal.SessionImpl.managedFlush(SessionImpl.java:493)
	at org.hibernate.internal.SessionImpl.flushBeforeTransactionCompletion(SessionImpl.java:3207)
	at org.hibernate.internal.SessionImpl.beforeTransactionCompletion(SessionImpl.java:2413)
	at org.hibernate.engine.jdbc.internal.JdbcCoordinatorImpl.beforeTransactionCompletion(JdbcCoordinatorImpl.java:473)
	at org.hibernate.resource.transaction.backend.jdbc.internal.JdbcResourceLocalTransactionCoordinatorImpl.beforeCompletionCallback(JdbcResourceLocalTransactionCoordinatorImpl.java:156)
	at org.hibernate.resource.transaction.backend.jdbc.internal.JdbcResourceLocalTransactionCoordinatorImpl.access$100(JdbcResourceLocalTransactionCoordinatorImpl.java:38)
	at org.hibernate.resource.transaction.backend.jdbc.internal.JdbcResourceLocalTransactionCoordinatorImpl$TransactionDriverControlImpl.commit(JdbcResourceLocalTransactionCoordinatorImpl.java:231)
	at org.hibernate.engine.transaction.internal.TransactionImpl.commit(TransactionImpl.java:68)
	at org.springframework.orm.hibernate5.HibernateTransactionManager.doCommit(HibernateTransactionManager.java:609)
	... 39 more
Caused by: org.h2.jdbc.JdbcSQLException: Table &quot;SUPPLIER&quot; not found; SQL statement:
insert into Supplier (address, name, id) values (?, ?, ?) [42102-197]
	at org.h2.message.DbException.getJdbcSQLException(DbException.java:357)
	at org.h2.message.DbException.get(DbException.java:179)
	at org.h2.message.DbException.get(DbException.java:155)
	at org.h2.command.Parser.readTableOrView(Parser.java:5920)
	at org.h2.command.Parser.readTableOrView(Parser.java:5897)
	at org.h2.command.Parser.parseInsert(Parser.java:1220)
	at org.h2.command.Parser.parsePrepared(Parser.java:431)
	at org.h2.command.Parser.parse(Parser.java:335)
	at org.h2.command.Parser.parse(Parser.java:307)
	at org.h2.command.Parser.prepareCommand(Parser.java:278)
	at org.h2.engine.Session.prepareLocal(Session.java:611)
	at org.h2.server.TcpServerThread.process(TcpServerThread.java:271)
	at org.h2.server.TcpServerThread.run(TcpServerThread.java:165)
	at java.lang.Thread.run(Unknown Source)

	at org.h2.engine.SessionRemote.done(SessionRemote.java:623)
	at org.h2.command.CommandRemote.prepare(CommandRemote.java:85)
	at org.h2.command.CommandRemote.&lt;init&gt;(CommandRemote.java:51)
	at org.h2.engine.SessionRemote.prepareCommand(SessionRemote.java:493)
	at org.h2.jdbc.JdbcConnection.prepareCommand(JdbcConnection.java:1247)
	at org.h2.jdbc.JdbcPreparedStatement.&lt;init&gt;(JdbcPreparedStatement.java:76)
	at org.h2.jdbc.JdbcConnection.prepareStatement(JdbcConnection.java:304)
	at org.hibernate.engine.jdbc.internal.StatementPreparerImpl$1.doPrepare(StatementPreparerImpl.java:87)
	at org.hibernate.engine.jdbc.internal.StatementPreparerImpl$StatementPreparationTemplate.prepareStatement(StatementPreparerImpl.java:172)
	... 59 more
</error>
    <system-out>15:27:40.306 [main] DEBUG org.springframework.transaction.annotation.AnnotationTransactionAttributeSource - Adding transactional method &apos;com.niit.daoimpl.SupplierDAOImpl.save&apos; with attribute: PROPAGATION_REQUIRED,ISOLATION_DEFAULT
15:27:40.312 [main] DEBUG org.springframework.beans.factory.support.DefaultListableBeanFactory - Returning cached instance of singleton bean &apos;transactionManager&apos;
15:27:40.320 [main] DEBUG org.springframework.orm.hibernate5.HibernateTransactionManager - Creating new transaction with name [com.niit.daoimpl.SupplierDAOImpl.save]: PROPAGATION_REQUIRED,ISOLATION_DEFAULT
15:27:40.401 [main] DEBUG org.hibernate.stat.internal.StatisticsInitiator - Statistics initialized [enabled=false]
15:27:40.407 [main] DEBUG org.springframework.orm.hibernate5.HibernateTransactionManager - Opened new Session [SessionImpl(PersistenceContext[entityKeys=[],collectionKeys=[]];ActionQueue[insertions=ExecutableList{size=0} updates=ExecutableList{size=0} deletions=ExecutableList{size=0} orphanRemovals=ExecutableList{size=0} collectionCreations=ExecutableList{size=0} collectionRemovals=ExecutableList{size=0} collectionUpdates=ExecutableList{size=0} collectionQueuedOps=ExecutableList{size=0} unresolvedInsertDependencies=null])] for Hibernate transaction
15:27:40.408 [main] DEBUG org.springframework.orm.hibernate5.HibernateTransactionManager - Preparing JDBC Connection of Hibernate Session [SessionImpl(PersistenceContext[entityKeys=[],collectionKeys=[]];ActionQueue[insertions=ExecutableList{size=0} updates=ExecutableList{size=0} deletions=ExecutableList{size=0} orphanRemovals=ExecutableList{size=0} collectionCreations=ExecutableList{size=0} collectionRemovals=ExecutableList{size=0} collectionUpdates=ExecutableList{size=0} collectionQueuedOps=ExecutableList{size=0} unresolvedInsertDependencies=null])]
15:27:40.409 [main] DEBUG org.springframework.jdbc.datasource.DriverManagerDataSource - Creating new JDBC DriverManager Connection to [jdbc:h2:tcp://localhost/~/s190127]
15:27:40.413 [main] DEBUG org.hibernate.engine.transaction.internal.TransactionImpl - begin
15:27:40.415 [main] DEBUG org.springframework.orm.hibernate5.HibernateTransactionManager - Exposing Hibernate transaction as JDBC transaction [conn1: url=jdbc:h2:tcp://localhost/~/s190127 user=SA]
15:27:40.420 [main] DEBUG org.hibernate.event.internal.AbstractSaveEventListener - Generated identifier: SUP-001, using strategy: org.hibernate.id.Assigned
15:27:40.433 [main] DEBUG org.springframework.orm.hibernate5.HibernateTransactionManager - Initiating transaction commit
15:27:40.434 [main] DEBUG org.springframework.orm.hibernate5.HibernateTransactionManager - Committing Hibernate transaction on Session [SessionImpl(PersistenceContext[entityKeys=[EntityKey[com.niit.model.Supplier#SUP-001]],collectionKeys=[]];ActionQueue[insertions=ExecutableList{size=1} updates=ExecutableList{size=0} deletions=ExecutableList{size=0} orphanRemovals=ExecutableList{size=0} collectionCreations=ExecutableList{size=0} collectionRemovals=ExecutableList{size=0} collectionUpdates=ExecutableList{size=0} collectionQueuedOps=ExecutableList{size=0} unresolvedInsertDependencies=null])]
15:27:40.434 [main] DEBUG org.hibernate.engine.transaction.internal.TransactionImpl - committing
15:27:40.435 [main] DEBUG org.hibernate.event.internal.AbstractFlushingEventListener - Processing flush-time cascades
15:27:40.435 [main] DEBUG org.hibernate.event.internal.AbstractFlushingEventListener - Dirty checking collections
15:27:40.437 [main] DEBUG org.hibernate.event.internal.AbstractFlushingEventListener - Flushed: 1 insertions, 0 updates, 0 deletions to 1 objects
15:27:40.437 [main] DEBUG org.hibernate.event.internal.AbstractFlushingEventListener - Flushed: 0 (re)creations, 0 updates, 0 removals to 0 collections
15:27:40.438 [main] DEBUG org.hibernate.internal.util.EntityPrinter - Listing entities:
15:27:40.438 [main] DEBUG org.hibernate.internal.util.EntityPrinter - com.niit.model.Supplier{address=NH33 , Chennai, name=BigC, id=SUP-001, products=null}
15:27:40.448 [main] DEBUG org.hibernate.SQL - insert into Supplier (address, name, id) values (?, ?, ?)
Hibernate: insert into Supplier (address, name, id) values (?, ?, ?)
15:27:40.452 [main] DEBUG org.hibernate.engine.jdbc.spi.SqlExceptionHelper - could not prepare statement [insert into Supplier (address, name, id) values (?, ?, ?)]
org.h2.jdbc.JdbcSQLException: Table &quot;SUPPLIER&quot; not found; SQL statement:
insert into Supplier (address, name, id) values (?, ?, ?) [42102-197]
	at org.h2.engine.SessionRemote.done(SessionRemote.java:623)
	at org.h2.command.CommandRemote.prepare(CommandRemote.java:85)
	at org.h2.command.CommandRemote.&lt;init&gt;(CommandRemote.java:51)
	at org.h2.engine.SessionRemote.prepareCommand(SessionRemote.java:493)
	at org.h2.jdbc.JdbcConnection.prepareCommand(JdbcConnection.java:1247)
	at org.h2.jdbc.JdbcPreparedStatement.&lt;init&gt;(JdbcPreparedStatement.java:76)
	at org.h2.jdbc.JdbcConnection.prepareStatement(JdbcConnection.java:304)
	at org.hibernate.engine.jdbc.internal.StatementPreparerImpl$1.doPrepare(StatementPreparerImpl.java:87)
	at org.hibernate.engine.jdbc.internal.StatementPreparerImpl$StatementPreparationTemplate.prepareStatement(StatementPreparerImpl.java:172)
	at org.hibernate.engine.jdbc.internal.StatementPreparerImpl.prepareStatement(StatementPreparerImpl.java:78)
	at org.hibernate.engine.jdbc.batch.internal.AbstractBatchImpl.buildBatchStatement(AbstractBatchImpl.java:136)
	at org.hibernate.engine.jdbc.batch.internal.AbstractBatchImpl.getBatchStatement(AbstractBatchImpl.java:125)
	at org.hibernate.persister.entity.AbstractEntityPersister.insert(AbstractEntityPersister.java:2994)
	at org.hibernate.persister.entity.AbstractEntityPersister.insert(AbstractEntityPersister.java:3513)
	at org.hibernate.action.internal.EntityInsertAction.execute(EntityInsertAction.java:89)
	at org.hibernate.engine.spi.ActionQueue.executeActions(ActionQueue.java:589)
	at org.hibernate.engine.spi.ActionQueue.executeActions(ActionQueue.java:463)
	at org.hibernate.event.internal.AbstractFlushingEventListener.performExecutions(AbstractFlushingEventListener.java:337)
	at org.hibernate.event.internal.DefaultFlushEventListener.onFlush(DefaultFlushEventListener.java:39)
	at org.hibernate.internal.SessionImpl.doFlush(SessionImpl.java:1437)
	at org.hibernate.internal.SessionImpl.managedFlush(SessionImpl.java:493)
	at org.hibernate.internal.SessionImpl.flushBeforeTransactionCompletion(SessionImpl.java:3207)
	at org.hibernate.internal.SessionImpl.beforeTransactionCompletion(SessionImpl.java:2413)
	at org.hibernate.engine.jdbc.internal.JdbcCoordinatorImpl.beforeTransactionCompletion(JdbcCoordinatorImpl.java:473)
	at org.hibernate.resource.transaction.backend.jdbc.internal.JdbcResourceLocalTransactionCoordinatorImpl.beforeCompletionCallback(JdbcResourceLocalTransactionCoordinatorImpl.java:156)
	at org.hibernate.resource.transaction.backend.jdbc.internal.JdbcResourceLocalTransactionCoordinatorImpl.access$100(JdbcResourceLocalTransactionCoordinatorImpl.java:38)
	at org.hibernate.resource.transaction.backend.jdbc.internal.JdbcResourceLocalTransactionCoordinatorImpl$TransactionDriverControlImpl.commit(JdbcResourceLocalTransactionCoordinatorImpl.java:231)
	at org.hibernate.engine.transaction.internal.TransactionImpl.commit(TransactionImpl.java:68)
	at org.springframework.orm.hibernate5.HibernateTransactionManager.doCommit(HibernateTransactionManager.java:609)
	at org.springframework.transaction.support.AbstractPlatformTransactionManager.processCommit(AbstractPlatformTransactionManager.java:746)
	at org.springframework.transaction.support.AbstractPlatformTransactionManager.commit(AbstractPlatformTransactionManager.java:714)
	at org.springframework.transaction.interceptor.TransactionAspectSupport.commitTransactionAfterReturning(TransactionAspectSupport.java:532)
	at org.springframework.transaction.interceptor.TransactionAspectSupport.invokeWithinTransaction(TransactionAspectSupport.java:304)
	at org.springframework.transaction.interceptor.TransactionInterceptor.invoke(TransactionInterceptor.java:98)
	at org.springframework.aop.framework.ReflectiveMethodInvocation.proceed(ReflectiveMethodInvocation.java:185)
	at org.springframework.aop.framework.JdkDynamicAopProxy.invoke(JdkDynamicAopProxy.java:212)
	at com.sun.proxy.$Proxy39.save(Unknown Source)
	at com.niit.testcases.SupplierDAOTestCase.saveSupplierTestCase(SupplierDAOTestCase.java:50)
	at sun.reflect.NativeMethodAccessorImpl.invoke0(Native Method)
	at sun.reflect.NativeMethodAccessorImpl.invoke(NativeMethodAccessorImpl.java:62)
	at sun.reflect.DelegatingMethodAccessorImpl.invoke(DelegatingMethodAccessorImpl.java:43)
	at java.lang.reflect.Method.invoke(Method.java:498)
	at org.junit.runners.model.FrameworkMethod$1.runReflectiveCall(FrameworkMethod.java:50)
	at org.junit.internal.runners.model.ReflectiveCallable.run(ReflectiveCallable.java:12)
	at org.junit.runners.model.FrameworkMethod.invokeExplosively(FrameworkMethod.java:47)
	at org.junit.internal.runners.statements.InvokeMethod.evaluate(InvokeMethod.java:17)
	at org.junit.runners.ParentRunner.runLeaf(ParentRunner.java:325)
	at org.junit.runners.BlockJUnit4ClassRunner.runChild(BlockJUnit4ClassRunner.java:78)
	at org.junit.runners.BlockJUnit4ClassRunner.runChild(BlockJUnit4ClassRunner.java:57)
	at org.junit.runners.ParentRunner$3.run(ParentRunner.java:290)
	at org.junit.runners.ParentRunner$1.schedule(ParentRunner.java:71)
	at org.junit.runners.ParentRunner.runChildren(ParentRunner.java:288)
	at org.junit.runners.ParentRunner.access$000(ParentRunner.java:58)
	at org.junit.runners.ParentRunner$2.evaluate(ParentRunner.java:268)
	at org.junit.internal.runners.statements.RunBefores.evaluate(RunBefores.java:26)
	at org.junit.runners.ParentRunner.run(ParentRunner.java:363)
	at org.apache.maven.surefire.junit4.JUnit4Provider.execute(JUnit4Provider.java:252)
	at org.apache.maven.surefire.junit4.JUnit4Provider.executeTestSet(JUnit4Provider.java:141)
	at org.apache.maven.surefire.junit4.JUnit4Provider.invoke(JUnit4Provider.java:112)
	at sun.reflect.NativeMethodAccessorImpl.invoke0(Native Method)
	at sun.reflect.NativeMethodAccessorImpl.invoke(NativeMethodAccessorImpl.java:62)
	at sun.reflect.DelegatingMethodAccessorImpl.invoke(DelegatingMethodAccessorImpl.java:43)
	at java.lang.reflect.Method.invoke(Method.java:498)
	at org.apache.maven.surefire.util.ReflectionUtils.invokeMethodWithArray(ReflectionUtils.java:189)
	at org.apache.maven.surefire.booter.ProviderFactory$ProviderProxy.invoke(ProviderFactory.java:165)
	at org.apache.maven.surefire.booter.ProviderFactory.invokeProvider(ProviderFactory.java:85)
	at org.apache.maven.surefire.booter.ForkedBooter.runSuitesInProcess(ForkedBooter.java:115)
	at org.apache.maven.surefire.booter.ForkedBooter.main(ForkedBooter.java:75)
15:27:40.453 [main] WARN org.hibernate.engine.jdbc.spi.SqlExceptionHelper - SQL Error: 42102, SQLState: 42S02
15:27:40.453 [main] ERROR org.hibernate.engine.jdbc.spi.SqlExceptionHelper - Table &quot;SUPPLIER&quot; not found; SQL statement:
insert into Supplier (address, name, id) values (?, ?, ?) [42102-197]
15:27:40.456 [main] DEBUG org.hibernate.resource.transaction.backend.jdbc.internal.JdbcResourceLocalTransactionCoordinatorImpl - JDBC transaction marked for rollback-only (exception provided for stack trace)
java.lang.Exception: exception just for purpose of providing stack trace
	at org.hibernate.resource.transaction.backend.jdbc.internal.JdbcResourceLocalTransactionCoordinatorImpl$TransactionDriverControlImpl.markRollbackOnly(JdbcResourceLocalTransactionCoordinatorImpl.java:266)
	at org.hibernate.engine.transaction.internal.TransactionImpl.setRollbackOnly(TransactionImpl.java:143)
	at org.hibernate.Transaction.markRollbackOnly(Transaction.java:68)
	at org.hibernate.internal.AbstractSharedSessionContract.markForRollbackOnly(AbstractSharedSessionContract.java:364)
	at org.hibernate.internal.ExceptionConverterImpl.handlePersistenceException(ExceptionConverterImpl.java:273)
	at org.hibernate.internal.ExceptionConverterImpl.convert(ExceptionConverterImpl.java:150)
	at org.hibernate.internal.ExceptionConverterImpl.convert(ExceptionConverterImpl.java:157)
	at org.hibernate.internal.ExceptionConverterImpl.convert(ExceptionConverterImpl.java:164)
	at org.hibernate.internal.SessionImpl.doFlush(SessionImpl.java:1443)
	at org.hibernate.internal.SessionImpl.managedFlush(SessionImpl.java:493)
	at org.hibernate.internal.SessionImpl.flushBeforeTransactionCompletion(SessionImpl.java:3207)
	at org.hibernate.internal.SessionImpl.beforeTransactionCompletion(SessionImpl.java:2413)
	at org.hibernate.engine.jdbc.internal.JdbcCoordinatorImpl.beforeTransactionCompletion(JdbcCoordinatorImpl.java:473)
	at org.hibernate.resource.transaction.backend.jdbc.internal.JdbcResourceLocalTransactionCoordinatorImpl.beforeCompletionCallback(JdbcResourceLocalTransactionCoordinatorImpl.java:156)
	at org.hibernate.resource.transaction.backend.jdbc.internal.JdbcResourceLocalTransactionCoordinatorImpl.access$100(JdbcResourceLocalTransactionCoordinatorImpl.java:38)
	at org.hibernate.resource.transaction.backend.jdbc.internal.JdbcResourceLocalTransactionCoordinatorImpl$TransactionDriverControlImpl.commit(JdbcResourceLocalTransactionCoordinatorImpl.java:231)
	at org.hibernate.engine.transaction.internal.TransactionImpl.commit(TransactionImpl.java:68)
	at org.springframework.orm.hibernate5.HibernateTransactionManager.doCommit(HibernateTransactionManager.java:609)
	at org.springframework.transaction.support.AbstractPlatformTransactionManager.processCommit(AbstractPlatformTransactionManager.java:746)
	at org.springframework.transaction.support.AbstractPlatformTransactionManager.commit(AbstractPlatformTransactionManager.java:714)
	at org.springframework.transaction.interceptor.TransactionAspectSupport.commitTransactionAfterReturning(TransactionAspectSupport.java:532)
	at org.springframework.transaction.interceptor.TransactionAspectSupport.invokeWithinTransaction(TransactionAspectSupport.java:304)
	at org.springframework.transaction.interceptor.TransactionInterceptor.invoke(TransactionInterceptor.java:98)
	at org.springframework.aop.framework.ReflectiveMethodInvocation.proceed(ReflectiveMethodInvocation.java:185)
	at org.springframework.aop.framework.JdkDynamicAopProxy.invoke(JdkDynamicAopProxy.java:212)
	at com.sun.proxy.$Proxy39.save(Unknown Source)
	at com.niit.testcases.SupplierDAOTestCase.saveSupplierTestCase(SupplierDAOTestCase.java:50)
	at sun.reflect.NativeMethodAccessorImpl.invoke0(Native Method)
	at sun.reflect.NativeMethodAccessorImpl.invoke(NativeMethodAccessorImpl.java:62)
	at sun.reflect.DelegatingMethodAccessorImpl.invoke(DelegatingMethodAccessorImpl.java:43)
	at java.lang.reflect.Method.invoke(Method.java:498)
	at org.junit.runners.model.FrameworkMethod$1.runReflectiveCall(FrameworkMethod.java:50)
	at org.junit.internal.runners.model.ReflectiveCallable.run(ReflectiveCallable.java:12)
	at org.junit.runners.model.FrameworkMethod.invokeExplosively(FrameworkMethod.java:47)
	at org.junit.internal.runners.statements.InvokeMethod.evaluate(InvokeMethod.java:17)
	at org.junit.runners.ParentRunner.runLeaf(ParentRunner.java:325)
	at org.junit.runners.BlockJUnit4ClassRunner.runChild(BlockJUnit4ClassRunner.java:78)
	at org.junit.runners.BlockJUnit4ClassRunner.runChild(BlockJUnit4ClassRunner.java:57)
	at org.junit.runners.ParentRunner$3.run(ParentRunner.java:290)
	at org.junit.runners.ParentRunner$1.schedule(ParentRunner.java:71)
	at org.junit.runners.ParentRunner.runChildren(ParentRunner.java:288)
	at org.junit.runners.ParentRunner.access$000(ParentRunner.java:58)
	at org.junit.runners.ParentRunner$2.evaluate(ParentRunner.java:268)
	at org.junit.internal.runners.statements.RunBefores.evaluate(RunBefores.java:26)
	at org.junit.runners.ParentRunner.run(ParentRunner.java:363)
	at org.apache.maven.surefire.junit4.JUnit4Provider.execute(JUnit4Provider.java:252)
	at org.apache.maven.surefire.junit4.JUnit4Provider.executeTestSet(JUnit4Provider.java:141)
	at org.apache.maven.surefire.junit4.JUnit4Provider.invoke(JUnit4Provider.java:112)
	at sun.reflect.NativeMethodAccessorImpl.invoke0(Native Method)
	at sun.reflect.NativeMethodAccessorImpl.invoke(NativeMethodAccessorImpl.java:62)
	at sun.reflect.DelegatingMethodAccessorImpl.invoke(DelegatingMethodAccessorImpl.java:43)
	at java.lang.reflect.Method.invoke(Method.java:498)
	at org.apache.maven.surefire.util.ReflectionUtils.invokeMethodWithArray(ReflectionUtils.java:189)
	at org.apache.maven.surefire.booter.ProviderFactory$ProviderProxy.invoke(ProviderFactory.java:165)
	at org.apache.maven.surefire.booter.ProviderFactory.invokeProvider(ProviderFactory.java:85)
	at org.apache.maven.surefire.booter.ForkedBooter.runSuitesInProcess(ForkedBooter.java:115)
	at org.apache.maven.surefire.booter.ForkedBooter.main(ForkedBooter.java:75)
15:27:40.457 [main] ERROR org.hibernate.internal.ExceptionMapperStandardImpl - HHH000346: Error during managed flush [org.hibernate.exception.SQLGrammarException: could not prepare statement]
15:27:40.457 [main] DEBUG org.hibernate.resource.transaction.backend.jdbc.internal.JdbcResourceLocalTransactionCoordinatorImpl - JDBC transaction marked for rollback-only (exception provided for stack trace)
java.lang.Exception: exception just for purpose of providing stack trace
	at org.hibernate.resource.transaction.backend.jdbc.internal.JdbcResourceLocalTransactionCoordinatorImpl$TransactionDriverControlImpl.markRollbackOnly(JdbcResourceLocalTransactionCoordinatorImpl.java:266)
	at org.hibernate.resource.transaction.backend.jdbc.internal.JdbcResourceLocalTransactionCoordinatorImpl.beforeCompletionCallback(JdbcResourceLocalTransactionCoordinatorImpl.java:165)
	at org.hibernate.resource.transaction.backend.jdbc.internal.JdbcResourceLocalTransactionCoordinatorImpl.access$100(JdbcResourceLocalTransactionCoordinatorImpl.java:38)
	at org.hibernate.resource.transaction.backend.jdbc.internal.JdbcResourceLocalTransactionCoordinatorImpl$TransactionDriverControlImpl.commit(JdbcResourceLocalTransactionCoordinatorImpl.java:231)
	at org.hibernate.engine.transaction.internal.TransactionImpl.commit(TransactionImpl.java:68)
	at org.springframework.orm.hibernate5.HibernateTransactionManager.doCommit(HibernateTransactionManager.java:609)
	at org.springframework.transaction.support.AbstractPlatformTransactionManager.processCommit(AbstractPlatformTransactionManager.java:746)
	at org.springframework.transaction.support.AbstractPlatformTransactionManager.commit(AbstractPlatformTransactionManager.java:714)
	at org.springframework.transaction.interceptor.TransactionAspectSupport.commitTransactionAfterReturning(TransactionAspectSupport.java:532)
	at org.springframework.transaction.interceptor.TransactionAspectSupport.invokeWithinTransaction(TransactionAspectSupport.java:304)
	at org.springframework.transaction.interceptor.TransactionInterceptor.invoke(TransactionInterceptor.java:98)
	at org.springframework.aop.framework.ReflectiveMethodInvocation.proceed(ReflectiveMethodInvocation.java:185)
	at org.springframework.aop.framework.JdkDynamicAopProxy.invoke(JdkDynamicAopProxy.java:212)
	at com.sun.proxy.$Proxy39.save(Unknown Source)
	at com.niit.testcases.SupplierDAOTestCase.saveSupplierTestCase(SupplierDAOTestCase.java:50)
	at sun.reflect.NativeMethodAccessorImpl.invoke0(Native Method)
	at sun.reflect.NativeMethodAccessorImpl.invoke(NativeMethodAccessorImpl.java:62)
	at sun.reflect.DelegatingMethodAccessorImpl.invoke(DelegatingMethodAccessorImpl.java:43)
	at java.lang.reflect.Method.invoke(Method.java:498)
	at org.junit.runners.model.FrameworkMethod$1.runReflectiveCall(FrameworkMethod.java:50)
	at org.junit.internal.runners.model.ReflectiveCallable.run(ReflectiveCallable.java:12)
	at org.junit.runners.model.FrameworkMethod.invokeExplosively(FrameworkMethod.java:47)
	at org.junit.internal.runners.statements.InvokeMethod.evaluate(InvokeMethod.java:17)
	at org.junit.runners.ParentRunner.runLeaf(ParentRunner.java:325)
	at org.junit.runners.BlockJUnit4ClassRunner.runChild(BlockJUnit4ClassRunner.java:78)
	at org.junit.runners.BlockJUnit4ClassRunner.runChild(BlockJUnit4ClassRunner.java:57)
	at org.junit.runners.ParentRunner$3.run(ParentRunner.java:290)
	at org.junit.runners.ParentRunner$1.schedule(ParentRunner.java:71)
	at org.junit.runners.ParentRunner.runChildren(ParentRunner.java:288)
	at org.junit.runners.ParentRunner.access$000(ParentRunner.java:58)
	at org.junit.runners.ParentRunner$2.evaluate(ParentRunner.java:268)
	at org.junit.internal.runners.statements.RunBefores.evaluate(RunBefores.java:26)
	at org.junit.runners.ParentRunner.run(ParentRunner.java:363)
	at org.apache.maven.surefire.junit4.JUnit4Provider.execute(JUnit4Provider.java:252)
	at org.apache.maven.surefire.junit4.JUnit4Provider.executeTestSet(JUnit4Provider.java:141)
	at org.apache.maven.surefire.junit4.JUnit4Provider.invoke(JUnit4Provider.java:112)
	at sun.reflect.NativeMethodAccessorImpl.invoke0(Native Method)
	at sun.reflect.NativeMethodAccessorImpl.invoke(NativeMethodAccessorImpl.java:62)
	at sun.reflect.DelegatingMethodAccessorImpl.invoke(DelegatingMethodAccessorImpl.java:43)
	at java.lang.reflect.Method.invoke(Method.java:498)
	at org.apache.maven.surefire.util.ReflectionUtils.invokeMethodWithArray(ReflectionUtils.java:189)
	at org.apache.maven.surefire.booter.ProviderFactory$ProviderProxy.invoke(ProviderFactory.java:165)
	at org.apache.maven.surefire.booter.ProviderFactory.invokeProvider(ProviderFactory.java:85)
	at org.apache.maven.surefire.booter.ForkedBooter.runSuitesInProcess(ForkedBooter.java:115)
	at org.apache.maven.surefire.booter.ForkedBooter.main(ForkedBooter.java:75)
15:27:40.461 [main] DEBUG org.springframework.orm.hibernate5.HibernateTransactionManager - Initiating transaction rollback after commit exception
org.springframework.dao.InvalidDataAccessResourceUsageException: could not prepare statement; SQL [insert into Supplier (address, name, id) values (?, ?, ?)]; nested exception is org.hibernate.exception.SQLGrammarException: could not prepare statement
	at org.springframework.orm.hibernate5.SessionFactoryUtils.convertHibernateAccessException(SessionFactoryUtils.java:230)
	at org.springframework.orm.hibernate5.HibernateTransactionManager.convertHibernateAccessException(HibernateTransactionManager.java:785)
	at org.springframework.orm.hibernate5.HibernateTransactionManager.doCommit(HibernateTransactionManager.java:621)
	at org.springframework.transaction.support.AbstractPlatformTransactionManager.processCommit(AbstractPlatformTransactionManager.java:746)
	at org.springframework.transaction.support.AbstractPlatformTransactionManager.commit(AbstractPlatformTransactionManager.java:714)
	at org.springframework.transaction.interceptor.TransactionAspectSupport.commitTransactionAfterReturning(TransactionAspectSupport.java:532)
	at org.springframework.transaction.interceptor.TransactionAspectSupport.invokeWithinTransaction(TransactionAspectSupport.java:304)
	at org.springframework.transaction.interceptor.TransactionInterceptor.invoke(TransactionInterceptor.java:98)
	at org.springframework.aop.framework.ReflectiveMethodInvocation.proceed(ReflectiveMethodInvocation.java:185)
	at org.springframework.aop.framework.JdkDynamicAopProxy.invoke(JdkDynamicAopProxy.java:212)
	at com.sun.proxy.$Proxy39.save(Unknown Source)
	at com.niit.testcases.SupplierDAOTestCase.saveSupplierTestCase(SupplierDAOTestCase.java:50)
	at sun.reflect.NativeMethodAccessorImpl.invoke0(Native Method)
	at sun.reflect.NativeMethodAccessorImpl.invoke(NativeMethodAccessorImpl.java:62)
	at sun.reflect.DelegatingMethodAccessorImpl.invoke(DelegatingMethodAccessorImpl.java:43)
	at java.lang.reflect.Method.invoke(Method.java:498)
	at org.junit.runners.model.FrameworkMethod$1.runReflectiveCall(FrameworkMethod.java:50)
	at org.junit.internal.runners.model.ReflectiveCallable.run(ReflectiveCallable.java:12)
	at org.junit.runners.model.FrameworkMethod.invokeExplosively(FrameworkMethod.java:47)
	at org.junit.internal.runners.statements.InvokeMethod.evaluate(InvokeMethod.java:17)
	at org.junit.runners.ParentRunner.runLeaf(ParentRunner.java:325)
	at org.junit.runners.BlockJUnit4ClassRunner.runChild(BlockJUnit4ClassRunner.java:78)
	at org.junit.runners.BlockJUnit4ClassRunner.runChild(BlockJUnit4ClassRunner.java:57)
	at org.junit.runners.ParentRunner$3.run(ParentRunner.java:290)
	at org.junit.runners.ParentRunner$1.schedule(ParentRunner.java:71)
	at org.junit.runners.ParentRunner.runChildren(ParentRunner.java:288)
	at org.junit.runners.ParentRunner.access$000(ParentRunner.java:58)
	at org.junit.runners.ParentRunner$2.evaluate(ParentRunner.java:268)
	at org.junit.internal.runners.statements.RunBefores.evaluate(RunBefores.java:26)
	at org.junit.runners.ParentRunner.run(ParentRunner.java:363)
	at org.apache.maven.surefire.junit4.JUnit4Provider.execute(JUnit4Provider.java:252)
	at org.apache.maven.surefire.junit4.JUnit4Provider.executeTestSet(JUnit4Provider.java:141)
	at org.apache.maven.surefire.junit4.JUnit4Provider.invoke(JUnit4Provider.java:112)
	at sun.reflect.NativeMethodAccessorImpl.invoke0(Native Method)
	at sun.reflect.NativeMethodAccessorImpl.invoke(NativeMethodAccessorImpl.java:62)
	at sun.reflect.DelegatingMethodAccessorImpl.invoke(DelegatingMethodAccessorImpl.java:43)
	at java.lang.reflect.Method.invoke(Method.java:498)
	at org.apache.maven.surefire.util.ReflectionUtils.invokeMethodWithArray(ReflectionUtils.java:189)
	at org.apache.maven.surefire.booter.ProviderFactory$ProviderProxy.invoke(ProviderFactory.java:165)
	at org.apache.maven.surefire.booter.ProviderFactory.invokeProvider(ProviderFactory.java:85)
	at org.apache.maven.surefire.booter.ForkedBooter.runSuitesInProcess(ForkedBooter.java:115)
	at org.apache.maven.surefire.booter.ForkedBooter.main(ForkedBooter.java:75)
Caused by: org.hibernate.exception.SQLGrammarException: could not prepare statement
	at org.hibernate.exception.internal.SQLStateConversionDelegate.convert(SQLStateConversionDelegate.java:106)
	at org.hibernate.exception.internal.StandardSQLExceptionConverter.convert(StandardSQLExceptionConverter.java:42)
	at org.hibernate.engine.jdbc.spi.SqlExceptionHelper.convert(SqlExceptionHelper.java:111)
	at org.hibernate.engine.jdbc.internal.StatementPreparerImpl$StatementPreparationTemplate.prepareStatement(StatementPreparerImpl.java:182)
	at org.hibernate.engine.jdbc.internal.StatementPreparerImpl.prepareStatement(StatementPreparerImpl.java:78)
	at org.hibernate.engine.jdbc.batch.internal.AbstractBatchImpl.buildBatchStatement(AbstractBatchImpl.java:136)
	at org.hibernate.engine.jdbc.batch.internal.AbstractBatchImpl.getBatchStatement(AbstractBatchImpl.java:125)
	at org.hibernate.persister.entity.AbstractEntityPersister.insert(AbstractEntityPersister.java:2994)
	at org.hibernate.persister.entity.AbstractEntityPersister.insert(AbstractEntityPersister.java:3513)
	at org.hibernate.action.internal.EntityInsertAction.execute(EntityInsertAction.java:89)
	at org.hibernate.engine.spi.ActionQueue.executeActions(ActionQueue.java:589)
	at org.hibernate.engine.spi.ActionQueue.executeActions(ActionQueue.java:463)
	at org.hibernate.event.internal.AbstractFlushingEventListener.performExecutions(AbstractFlushingEventListener.java:337)
	at org.hibernate.event.internal.DefaultFlushEventListener.onFlush(DefaultFlushEventListener.java:39)
	at org.hibernate.internal.SessionImpl.doFlush(SessionImpl.java:1437)
	at org.hibernate.internal.SessionImpl.managedFlush(SessionImpl.java:493)
	at org.hibernate.internal.SessionImpl.flushBeforeTransactionCompletion(SessionImpl.java:3207)
	at org.hibernate.internal.SessionImpl.beforeTransactionCompletion(SessionImpl.java:2413)
	at org.hibernate.engine.jdbc.internal.JdbcCoordinatorImpl.beforeTransactionCompletion(JdbcCoordinatorImpl.java:473)
	at org.hibernate.resource.transaction.backend.jdbc.internal.JdbcResourceLocalTransactionCoordinatorImpl.beforeCompletionCallback(JdbcResourceLocalTransactionCoordinatorImpl.java:156)
	at org.hibernate.resource.transaction.backend.jdbc.internal.JdbcResourceLocalTransactionCoordinatorImpl.access$100(JdbcResourceLocalTransactionCoordinatorImpl.java:38)
	at org.hibernate.resource.transaction.backend.jdbc.internal.JdbcResourceLocalTransactionCoordinatorImpl$TransactionDriverControlImpl.commit(JdbcResourceLocalTransactionCoordinatorImpl.java:231)
	at org.hibernate.engine.transaction.internal.TransactionImpl.commit(TransactionImpl.java:68)
	at org.springframework.orm.hibernate5.HibernateTransactionManager.doCommit(HibernateTransactionManager.java:609)
	... 39 common frames omitted
Caused by: org.h2.jdbc.JdbcSQLException: Table &quot;SUPPLIER&quot; not found; SQL statement:
insert into Supplier (address, name, id) values (?, ?, ?) [42102-197]
	at org.h2.engine.SessionRemote.done(SessionRemote.java:623)
	at org.h2.command.CommandRemote.prepare(CommandRemote.java:85)
	at org.h2.command.CommandRemote.&lt;init&gt;(CommandRemote.java:51)
	at org.h2.engine.SessionRemote.prepareCommand(SessionRemote.java:493)
	at org.h2.jdbc.JdbcConnection.prepareCommand(JdbcConnection.java:1247)
	at org.h2.jdbc.JdbcPreparedStatement.&lt;init&gt;(JdbcPreparedStatement.java:76)
	at org.h2.jdbc.JdbcConnection.prepareStatement(JdbcConnection.java:304)
	at org.hibernate.engine.jdbc.internal.StatementPreparerImpl$1.doPrepare(StatementPreparerImpl.java:87)
	at org.hibernate.engine.jdbc.internal.StatementPreparerImpl$StatementPreparationTemplate.prepareStatement(StatementPreparerImpl.java:172)
	... 59 common frames omitted
15:27:40.461 [main] DEBUG org.springframework.orm.hibernate5.HibernateTransactionManager - Rolling back Hibernate transaction on Session [SessionImpl(PersistenceContext[entityKeys=[],collectionKeys=[]];ActionQueue[insertions=ExecutableList{size=0} updates=ExecutableList{size=0} deletions=ExecutableList{size=0} orphanRemovals=ExecutableList{size=0} collectionCreations=ExecutableList{size=0} collectionRemovals=ExecutableList{size=0} collectionUpdates=ExecutableList{size=0} collectionQueuedOps=ExecutableList{size=0} unresolvedInsertDependencies=null])]
15:27:40.462 [main] DEBUG org.hibernate.engine.transaction.internal.TransactionImpl - rollback() called on an inactive transaction
15:27:40.462 [main] DEBUG org.springframework.orm.hibernate5.HibernateTransactionManager - Closing Hibernate Session [SessionImpl(PersistenceContext[entityKeys=[],collectionKeys=[]];ActionQueue[insertions=ExecutableList{size=0} updates=ExecutableList{size=0} deletions=ExecutableList{size=0} orphanRemovals=ExecutableList{size=0} collectionCreations=ExecutableList{size=0} collectionRemovals=ExecutableList{size=0} collectionUpdates=ExecutableList{size=0} collectionQueuedOps=ExecutableList{size=0} unresolvedInsertDependencies=null])] after transaction
15:27:40.462 [main] DEBUG org.hibernate.engine.jdbc.internal.JdbcCoordinatorImpl - HHH000420: Closing un-released batch
</system-out>
  </testcase>
  <testcase classname="com.niit.testcases.SupplierDAOTestCase" name="getSupplierFailureTestCase" time="0.153">
    <skipped/>
  </testcase>
</testsuite>